
SQL*Loader: Release 19.0.0.0.0 - Production on Thu Jun 8 05:02:15 2023
Version 19.3.0.0.0

Copyright (c) 1982, 2019, Oracle and/or its affiliates.  All rights reserved.

Control File:   /pdt/CAPGEMINI/OUTIL_CHARGEMENT_IMS/outil_V2/DL1/DMT/DL1/REL/PF1/tmp/PF1D.ctl
Character Set F8EBCDIC297 specified for all input.

Data File:      PF1D.DR32.BR2.net
  File processing option string: "fix 110"
  Bad File:     /pdt/CAPGEMINI/OUTIL_CHARGEMENT_IMS/outil_V2/DL1/DMT/DL1/REL/PF1/tmp/charge_PF1D322.bad
  Discard File:  none specified
 
 (Allow all discards)

Number to load: ALL
Number to skip: 0
Errors allowed: 10
Continuation:    none specified
Path used:      Direct

Table PF1D, subpartition PF1D_DR_32_BR2_PART, loaded from every logical record.
Insert option in effect for this subpartition: REPLACE
TRAILING NULLCOLS option in effect

   Column Name                  Position   Len  Term Encl Datatype
------------------------------ ---------- ----- ---- ---- ---------------------
DR                                    1:2     2           CHARACTER            
BR                                                        CONSTANT
    Value is '2'
PF1A_CCINDT                          4:11     8           CHARACTER            
PF1B_NSPMT                          12:23    12           CHARACTER            
PF1C_DASAM                          24:29     6           CHARACTER            
PF1D_NSDETP                         30:31     2           ZONED DECIMAL (2, 0) 
PF1D_CSPEP                          32:33     2           CHARACTER            
PF1D_QSJPE                          34:37     4           ZONED DECIMAL (4, 0) 
PF1D_CSAADP                         38:42     5           ZONED DECIMAL (5, 0) 
PF1D_QMJBL                          43:51     9           ZONED DECIMAL (9, 2) 
PF1D_QMJCR                          52:60     9           ZONED DECIMAL (9, 2) 
PF1D_QMJCS                          61:69     9           ZONED DECIMAL (9, 2) 
PF1D_CSTCHP                         70:70     1           CHARACTER            
PF1D_QMJNL                          71:79     9           ZONED DECIMAL (9, 2) 
PF1D_QMJPS                          80:88     9           ZONED DECIMAL (9, 2) 
PF1D_FILLER                         89:89     1           ZONED DECIMAL (1, 0) 
PF1D_FILLER_1                       90:99    10           ZONED DECIMAL (10, 0)
PF1D_FILLER_2                     100:109    10           ZONED DECIMAL (10, 0)
TMST_SOURCE                          NEXT     1           CHARACTER            
    SQL string for column : "CURRENT_TIMESTAMP"
TMST_CIBLE                           NEXT     1           CHARACTER            
    SQL string for column : "CURRENT_TIMESTAMP"

The following index(es) on table PF1D were processed:
index RSOV0200.PK_PF1D partition PF1D_DR_32_BR2_PART loaded successfully with 23264025 keys

Table PF1D, subpartition PF1D_DR_32_BR2_PART:
  23264025 Rows successfully loaded.
  0 Rows not loaded due to data errors.
  0 Rows not loaded because all WHEN clauses were failed.
  0 Rows not loaded because all fields were null.

Bind array size not used in direct path.
Column array  rows :    5000
Stream buffer bytes:  256000
Read   buffer bytes: 1048576

Total logical records skipped:          0
Total logical records read:      23264025
Total logical records rejected:         0
Total logical records discarded:        0
Total stream buffers loaded by SQL*Loader main thread:     4882
Total stream buffers loaded by SQL*Loader load thread:     4881

Run began on Thu Jun 08 05:02:15 2023
Run ended on Thu Jun 08 05:21:06 2023

Elapsed time was:     00:18:51.18
CPU time was:         00:01:19.57
----------------------------------------------------

   Execution report of /pdt/CAPGEMINI/OUTIL_CHARGEMENT_IMS/outil_V2/DL1/DMT/DL1/REL/bin/RunSqlLoader.sh

----------------------------------------------------

SQL*Loader: Release 19.0.0.0.0 - Production on Thu Jun 8 05:02:15 2023
Version 19.3.0.0.0

Copyright (c) 1982, 2019, Oracle and/or its affiliates.  All rights reserved.

Path used:      Direct

Load completed - logical record count 23264025.

Table PF1D, subpartition PF1D_DR_32_BR2_PART:
  23264025 Rows successfully loaded.

Check the log file:
  /pdt/CAPGEMINI/OUTIL_CHARGEMENT_IMS/outil_V2/DL1/DMT/DL1/REL/PF1/log/charge_PF1D322.log
for more information about the load.

 number of rows inserted not checked 