
SQL*Loader: Release 19.0.0.0.0 - Production on Wed Jun 7 12:32:29 2023
Version 19.3.0.0.0

Copyright (c) 1982, 2019, Oracle and/or its affiliates.  All rights reserved.

Control File:   /pdt/CAPGEMINI/OUTIL_CHARGEMENT_IMS/outil_V2/DL1/DMT/DL1/REL/PF1/tmp/PF1G.ctl
Character Set F8EBCDIC297 specified for all input.

Data File:      PF1G.DR65.BR2.net
  File processing option string: "fix 64"
  Bad File:     /pdt/CAPGEMINI/OUTIL_CHARGEMENT_IMS/outil_V2/DL1/DMT/DL1/REL/PF1/tmp/charge_PF1G652.bad
  Discard File:  none specified
 
 (Allow all discards)

Number to load: ALL
Number to skip: 0
Errors allowed: 10
Continuation:    none specified
Path used:      Direct

Table PF1G, subpartition PF1G_DR_65_BR2_PART, loaded from every logical record.
Insert option in effect for this subpartition: REPLACE
TRAILING NULLCOLS option in effect

   Column Name                  Position   Len  Term Encl Datatype
------------------------------ ---------- ----- ---- ---- ---------------------
DR                                    1:2     2           CHARACTER            
BR                                                        CONSTANT
    Value is '2'
PF1A_CCINDT                          4:11     8           CHARACTER            
PF1B_NSPMT                          12:23    12           CHARACTER            
PF1G_NSPLV                          24:25     2           ZONED DECIMAL (2, 0) 
PF1G_CSPLV                          26:27     2           CHARACTER            
PF1G_RLPLV                          28:38    11           CHARACTER            
PF1G_QMPLV                          39:47     9           ZONED DECIMAL (9, 2) 
PF1G_RSTINP                         48:55     8           CHARACTER            
PF1G_FILLER                         56:63     8           ZONED DECIMAL (8, 0) 
TMST_SOURCE                          NEXT     1           CHARACTER            
    SQL string for column : "CURRENT_TIMESTAMP"
TMST_CIBLE                           NEXT     1           CHARACTER            
    SQL string for column : "CURRENT_TIMESTAMP"

The following index(es) on table PF1G were processed:
index RSOV0200.PK_PF1G partition PF1G_DR_65_BR2_PART loaded successfully with 78958 keys

Table PF1G, subpartition PF1G_DR_65_BR2_PART:
  78958 Rows successfully loaded.
  0 Rows not loaded due to data errors.
  0 Rows not loaded because all WHEN clauses were failed.
  0 Rows not loaded because all fields were null.

Bind array size not used in direct path.
Column array  rows :    5000
Stream buffer bytes:  256000
Read   buffer bytes: 1048576

Total logical records skipped:          0
Total logical records read:         78958
Total logical records rejected:         0
Total logical records discarded:        0
Total stream buffers loaded by SQL*Loader main thread:       19
Total stream buffers loaded by SQL*Loader load thread:       14

Run began on Wed Jun 07 12:32:29 2023
Run ended on Wed Jun 07 12:32:32 2023

Elapsed time was:     00:00:03.43
CPU time was:         00:00:00.20
----------------------------------------------------

   Execution report of /pdt/CAPGEMINI/OUTIL_CHARGEMENT_IMS/outil_V2/DL1/DMT/DL1/REL/bin/RunSqlLoader.sh

----------------------------------------------------

SQL*Loader: Release 19.0.0.0.0 - Production on Wed Jun 7 12:32:29 2023
Version 19.3.0.0.0

Copyright (c) 1982, 2019, Oracle and/or its affiliates.  All rights reserved.

Path used:      Direct

Load completed - logical record count 78958.

Table PF1G, subpartition PF1G_DR_65_BR2_PART:
  78958 Rows successfully loaded.

Check the log file:
  /pdt/CAPGEMINI/OUTIL_CHARGEMENT_IMS/outil_V2/DL1/DMT/DL1/REL/PF1/log/charge_PF1G652.log
for more information about the load.

 number of rows inserted not checked 