
SQL*Loader: Release 19.0.0.0.0 - Production on Thu Jun 1 01:44:12 2023
Version 19.3.0.0.0

Copyright (c) 1982, 2019, Oracle and/or its affiliates.  All rights reserved.

Control File:   /pdt/CAPGEMINI/OUTIL_CHARGEMENT_IMS/outil_V2/DB2/DMT/DB2/common/load/tmp/P1299C_30108.ctl
Data File:      Tab.U.P1299C.DR00.del
  File processing option string: "str '@%@!
'"
  Bad File:     /pdt/CAPGEMINI/OUTIL_CHARGEMENT_IMS/outil_V2/DB2/DMT/DB2/common/load/tmp/charge_P1299C_DECISION00.bad
  Discard File:  none specified
 
 (Allow all discards)

Number to load: ALL
Number to skip: 0
Errors allowed: 10
Continuation:    none specified
Path used:      Direct

Table P1299C_DECISION, loaded from every logical record.
Insert option in effect for this table: REPLACE

   Column Name                  Position   Len  Term Encl Datatype
------------------------------ ---------- ----- ---- ---- ---------------------
CXASS                               FIRST     3   ;  O(") CHARACTER            
CXALAF                               NEXT     *   ;  O(") CHARACTER            
CXNUM                                NEXT     *   ;  O(") CHARACTER            
DFCTO                                NEXT     *   ;  O(") DATE YYYYMMDD        
DFCTN                                NEXT     *   ;  O(") DATE YYYYMMDD        
DEODN                                NEXT     *   ;  O(") DATE YYYYMMDD        
DIPDN                                NEXT     *   ;  O(") DATE YYYYMMDD        
PZAFB                                NEXT     *   ;  O(") CHARACTER            
PZAFA                                NEXT     *   ;  O(") CHARACTER            
TSP                                  NEXT     *   ;  O(") DATETIME YYYYMMDDHH24MISSFF6
CDEXA                                NEXT     1   ;  O(") CHARACTER            
CMRJN                                NEXT     *   ;  O(") CHARACTER            
CSODN                                NEXT     2   ;  O(") CHARACTER            
CRCLA                                NEXT     2   ;  O(") CHARACTER            
REFEX                                NEXT     7   ;  O(") CHARACTER            
CDCAD                                NEXT     2   ;  O(") CHARACTER            
CIVAN                                NEXT     1   ;  O(") CHARACTER            
DIVAL                                NEXT     *   ;  O(") DATE YYYYMMDD        
CIVCO                                NEXT     1   ;  O(") CHARACTER            
CPROD                                NEXT    12   ;  O(") CHARACTER            
CXDEN                                NEXT    17   ;  O(") CHARACTER            
CDTDC                                NEXT     *   ;  O(") CHARACTER            
FILEN                                NEXT     1   ;  O(") CHARACTER            
CUAFB                                NEXT     1   ;  O(") CHARACTER            
CUAFA                                NEXT     1   ;  O(") CHARACTER            
DIEXA                                NEXT     *   ;  O(") DATE YYYYMMDD        
PJAPP                                NEXT     *   ;  O(") CHARACTER            
CSPMCA                               NEXT     *   ;  O(") CHARACTER            
DFPMCA                               NEXT     *   ;  O(") DATE YYYYMMDD        
CDEXA1                               NEXT     3   ;  O(") CHARACTER            
PSASMA                               NEXT     *   ;  O(") CHARACTER            
CDSPN                                NEXT     1   ;  O(") CHARACTER            
CDSPR                                NEXT     2   ;  O(") CHARACTER            
PHTRF                                NEXT     *   ;  O(") CHARACTER            
PHTRG                                NEXT     *   ;  O(") CHARACTER            
PHTRI                                NEXT     *   ;  O(") CHARACTER            
PHTRJ                                NEXT     *   ;  O(") CHARACTER            
PHTRK                                NEXT     *   ;  O(") CHARACTER            
DDRAG                                NEXT     *   ;  O(") DATE YYYYMMDD        
DFRAG                                NEXT     *   ;  O(") DATE YYYYMMDD        
CUAFD                                NEXT     1   ;  O(") CHARACTER            
CUAFE                                NEXT     1   ;  O(") CHARACTER            
PSRAD                                NEXT     *   ;  O(") CHARACTER            
PZAFD                                NEXT     *   ;  O(") CHARACTER            
PZAFE                                NEXT     *   ;  O(") CHARACTER            
DFDENA                               NEXT     *   ;  O(") DATE YYYYMMDD        
CCOGE2                               NEXT    10   ;  O(") CHARACTER            
CXISP                                NEXT    15   ;  O(") CHARACTER            
DDSUA                                NEXT     *   ;  O(") DATE YYYYMMDD        
DFSUA                                NEXT     *   ;  O(") DATE YYYYMMDD        
PSJAN                                NEXT     *   ;  O(") CHARACTER            
FIPNI                                NEXT     1   ;  O(") CHARACTER            
CSTYL                                NEXT     1   ;  O(") CHARACTER            
CDSPRJ                               NEXT     2   ;  O(") CHARACTER            

The following index(es) on table P1299C_DECISION were processed:
index RSOV0200.IP1299C1 partition P1299C_DECISION_DR_17_PART loaded successfully with 3655961 keys
index RSOV0200.IP1299C1 partition P1299C_DECISION_DR_32_PART loaded successfully with 5147556 keys
index RSOV0200.IP1299C1 partition P1299C_DECISION_DR_51_PART loaded successfully with 2787365 keys
index RSOV0200.IP1299C1 partition P1299C_DECISION_DR_65_PART loaded successfully with 699088 keys
index RSOV0200.UP1299C1 partition P1299C_DECISION_DR_17_PART loaded successfully with 3655961 keys
index RSOV0200.UP1299C1 partition P1299C_DECISION_DR_32_PART loaded successfully with 5147556 keys
index RSOV0200.UP1299C1 partition P1299C_DECISION_DR_51_PART loaded successfully with 2787365 keys
index RSOV0200.UP1299C1 partition P1299C_DECISION_DR_65_PART loaded successfully with 699088 keys

Table P1299C_DECISION:
  12289970 Rows successfully loaded.
  0 Rows not loaded due to data errors.
  0 Rows not loaded because all WHEN clauses were failed.
  0 Rows not loaded because all fields were null.

  Date conversion cache disabled due to overflow (default size: 1000)

  Partition P1299C_DECISION_DR_17_PART: 3655961 Rows loaded.
  Partition P1299C_DECISION_DR_32_PART: 5147556 Rows loaded.
  Partition P1299C_DECISION_DR_51_PART: 2787365 Rows loaded.
  Partition P1299C_DECISION_DR_65_PART: 699088 Rows loaded.

Bind array size not used in direct path.
Column array  rows :    5000
Stream buffer bytes:  256000
Read   buffer bytes: 1048576

Total logical records skipped:          0
Total logical records read:      12289970
Total logical records rejected:         0
Total logical records discarded:        0
Total stream buffers loaded by SQL*Loader main thread:     3657
Total stream buffers loaded by SQL*Loader load thread:     7314

Run began on Thu Jun 01 01:44:12 2023
Run ended on Thu Jun 01 01:50:52 2023

Elapsed time was:     00:06:39.96
CPU time was:         00:01:16.61
----------------------------------------------------

   Execution report of /pdt/CAPGEMINI/OUTIL_CHARGEMENT_IMS/outil_V2/DB2/DMT/DB2/common/load/RunSqlLoader.sh

----------------------------------------------------

SQL*Loader: Release 19.0.0.0.0 - Production on Thu Jun 1 01:44:12 2023
Version 19.3.0.0.0

Copyright (c) 1982, 2019, Oracle and/or its affiliates.  All rights reserved.

Path used:      Direct

Load completed - logical record count 12289970.

Table P1299C_DECISION:
  12289970 Rows successfully loaded.

Check the log file:
  /pdt/CAPGEMINI/OUTIL_CHARGEMENT_IMS/outil_V2/DB2/DMT/DB2/common/load/log/charge_P1299C_DECISION00.log
for more information about the load.

 number of rows inserted not checked 