
SQL*Loader: Release 19.0.0.0.0 - Production on Thu Jun 1 07:09:11 2023
Version 19.3.0.0.0

Copyright (c) 1982, 2019, Oracle and/or its affiliates.  All rights reserved.

Control File:   /pdt/CAPGEMINI/OUTIL_CHARGEMENT_IMS/outil_V2/DB2/DMT/DB2/common/load/tmp/P9001N_30108.ctl
Data File:      Tab.U.P9001N.DR00.del
  File processing option string: "str '@%@!
'"
  Bad File:     /pdt/CAPGEMINI/OUTIL_CHARGEMENT_IMS/outil_V2/DB2/DMT/DB2/common/load/tmp/charge_P9001N00.bad
  Discard File:  none specified
 
 (Allow all discards)

Number to load: ALL
Number to skip: 0
Errors allowed: 10
Continuation:    none specified
Path used:      Direct

Table P9001N, loaded from every logical record.
Insert option in effect for this table: REPLACE

   Column Name                  Position   Len  Term Encl Datatype
------------------------------ ---------- ----- ---- ---- ---------------------
CXASS                               FIRST     3   ;  O(") CHARACTER            
CXALA                                NEXT     *   ;  O(") CHARACTER            
DIEVT                                NEXT     *   ;  O(") DATETIME YYYYMMDDHH24MISSFF6
CDOFX                                NEXT     8   ;  O(") CHARACTER            
NZOEN                                NEXT     *   ;  O(") CHARACTER            
CDTRK                                NEXT     1   ;  O(") CHARACTER            
TSP                                  NEXT     *   ;  O(") DATETIME YYYYMMDDHH24MISSFF6
NUP                                  NEXT     *   ;  O(") CHARACTER            
CXIN                                 NEXT     8   ;  O(") CHARACTER            
CDFLX                                NEXT     6   ;  O(") CHARACTER            
CDDOE                                NEXT     3   ;  O(") CHARACTER            
CDDOD                                NEXT     3   ;  O(") CHARACTER            
CDAVI1                               NEXT     5   ;  O(") CHARACTER            
DIEVTT                               NEXT     *   ;  O(") DATETIME YYYYMMDDHH24MISSFF6
CXPTR                                NEXT    62   ;  O(") CHARACTER            
CXOTR                                NEXT    62   ;  O(") CHARACTER            

The following index(es) on table P9001N were processed:
index RSOV0200.JP9001N1 partition P9001N_DR_17_PART loaded successfully with 1039253 keys
index RSOV0200.JP9001N1 partition P9001N_DR_32_PART loaded successfully with 1308179 keys
index RSOV0200.JP9001N1 partition P9001N_DR_51_PART loaded successfully with 757100 keys
index RSOV0200.JP9001N1 partition P9001N_DR_65_PART loaded successfully with 138370 keys

Table P9001N:
  3242902 Rows successfully loaded.
  0 Rows not loaded due to data errors.
  0 Rows not loaded because all WHEN clauses were failed.
  0 Rows not loaded because all fields were null.

  Date conversion cache disabled due to overflow (default size: 1000)

  Partition P9001N_DR_17_PART: 1039253 Rows loaded.
  Partition P9001N_DR_32_PART: 1308179 Rows loaded.
  Partition P9001N_DR_51_PART: 757100 Rows loaded.
  Partition P9001N_DR_65_PART: 138370 Rows loaded.

Bind array size not used in direct path.
Column array  rows :    5000
Stream buffer bytes:  256000
Read   buffer bytes: 1048576

Total logical records skipped:          0
Total logical records read:       3242902
Total logical records rejected:         0
Total logical records discarded:        0
Total stream buffers loaded by SQL*Loader main thread:      826
Total stream buffers loaded by SQL*Loader load thread:     2477

Run began on Thu Jun 01 07:09:11 2023
Run ended on Thu Jun 01 07:10:53 2023

Elapsed time was:     00:01:42.50
CPU time was:         00:00:08.49
----------------------------------------------------

   Execution report of /pdt/CAPGEMINI/OUTIL_CHARGEMENT_IMS/outil_V2/DB2/DMT/DB2/common/load/RunSqlLoader.sh

----------------------------------------------------

SQL*Loader: Release 19.0.0.0.0 - Production on Thu Jun 1 07:09:11 2023
Version 19.3.0.0.0

Copyright (c) 1982, 2019, Oracle and/or its affiliates.  All rights reserved.

Path used:      Direct

Load completed - logical record count 3242902.

Table P9001N:
  3242902 Rows successfully loaded.

Check the log file:
  /pdt/CAPGEMINI/OUTIL_CHARGEMENT_IMS/outil_V2/DB2/DMT/DB2/common/load/log/charge_P9001N00.log
for more information about the load.

 number of rows inserted not checked 