
SQL*Loader: Release 19.0.0.0.0 - Production on Wed May 31 22:55:36 2023
Version 19.3.0.0.0

Copyright (c) 1982, 2019, Oracle and/or its affiliates.  All rights reserved.

Control File:   /pdt/CAPGEMINI/OUTIL_CHARGEMENT_IMS/outil_V2/DB2/DMT/DB2/common/load/tmp/P0404V_30108.ctl
Data File:      Tab.U.P0404V.DR00.del
  File processing option string: "str '@%@!
'"
  Bad File:     /pdt/CAPGEMINI/OUTIL_CHARGEMENT_IMS/outil_V2/DB2/DMT/DB2/common/load/tmp/charge_P0404V00.bad
  Discard File:  none specified
 
 (Allow all discards)

Number to load: ALL
Number to skip: 0
Errors allowed: 10
Continuation:    none specified
Path used:      Direct

Table P0404V, loaded from every logical record.
Insert option in effect for this table: REPLACE

   Column Name                  Position   Len  Term Encl Datatype
------------------------------ ---------- ----- ---- ---- ---------------------
TSP04V                              FIRST     *   ;  O(") DATETIME YYYYMMDDHH24MISSFF6
NUP04V                               NEXT     *   ;  O(") CHARACTER            
CXHPO                                NEXT     6   ;  O(") CHARACTER            
CXHVI                                NEXT     8   ;  O(") CHARACTER            
CDCICB                               NEXT     5   ;  O(") CHARACTER            
CDCICA                               NEXT     5   ;  O(") CHARACTER            
ALLG4D                               NEXT    20   ;  O(") CHARACTER            
ALLG4A                               NEXT    27   ;  O(") CHARACTER            
ALLG4B                               NEXT    32   ;  O(") CHARACTER            
AKVOIA                               NEXT     4   ;  O(") CHARACTER            
FSSTD                                NEXT     *   ;  O(") CHARACTER            
FSSCI                                NEXT     *   ;  O(") CHARACTER            
AOCPCB                               NEXT     5   ;  O(") CHARACTER            
NIBII                                NEXT     *   ;  O(") CHARACTER            
AVEXTA                               NEXT     1   ;  O(") CHARACTER            
NIBIS                                NEXT     *   ;  O(") CHARACTER            
AVEXTB                               NEXT     1   ;  O(") CHARACTER            
NIBPI                                NEXT     *   ;  O(") CHARACTER            
AVEXTC                               NEXT     1   ;  O(") CHARACTER            
NIBPS                                NEXT     *   ;  O(") CHARACTER            
AVEXTD                               NEXT     1   ;  O(") CHARACTER            
LJPHOA                               NEXT    40   ;  O(") CHARACTER            
CDMAJA                               NEXT     1   ;  O(") CHARACTER            
DIMVTA                               NEXT     *   ;  O(") DATE YYYYMMDD        
DICRE                                NEXT     *   ;  O(") DATE YYYYMMDD        
CXAGC                                NEXT    10   ;  O(") CHARACTER            
DIMAJ                                NEXT     *   ;  O(") DATE YYYYMMDD        
CXAGM                                NEXT    10   ;  O(") CHARACTER            
CDACR                                NEXT     3   ;  O(") CHARACTER            
CDAMJ                                NEXT     3   ;  O(") CHARACTER            

The following index(es) on table P0404V were processed:
index RSOV0200.IP0404V1 loaded successfully with 2800993 keys
index RSOV0200.XP0404VA loaded successfully with 2800993 keys
index RSOV0200.XP0404VB loaded successfully with 2800993 keys

Table P0404V:
  2800993 Rows successfully loaded.
  0 Rows not loaded due to data errors.
  0 Rows not loaded because all WHEN clauses were failed.
  0 Rows not loaded because all fields were null.

  Date conversion cache disabled due to overflow (default size: 1000)

Bind array size not used in direct path.
Column array  rows :    5000
Stream buffer bytes:  256000
Read   buffer bytes: 1048576

Total logical records skipped:          0
Total logical records read:       2800993
Total logical records rejected:         0
Total logical records discarded:        0
Total stream buffers loaded by SQL*Loader main thread:      741
Total stream buffers loaded by SQL*Loader load thread:     2222

Run began on Wed May 31 22:55:36 2023
Run ended on Wed May 31 22:58:55 2023

Elapsed time was:     00:03:19.81
CPU time was:         00:00:09.33
----------------------------------------------------

   Execution report of /pdt/CAPGEMINI/OUTIL_CHARGEMENT_IMS/outil_V2/DB2/DMT/DB2/common/load/RunSqlLoader.sh

----------------------------------------------------

SQL*Loader: Release 19.0.0.0.0 - Production on Wed May 31 22:55:36 2023
Version 19.3.0.0.0

Copyright (c) 1982, 2019, Oracle and/or its affiliates.  All rights reserved.

Path used:      Direct

Load completed - logical record count 2800993.

Table P0404V:
  2800993 Rows successfully loaded.

Check the log file:
  /pdt/CAPGEMINI/OUTIL_CHARGEMENT_IMS/outil_V2/DB2/DMT/DB2/common/load/log/charge_P0404V00.log
for more information about the load.

 number of rows inserted not checked 