
SQL*Loader: Release 19.0.0.0.0 - Production on Thu Jun 1 08:48:14 2023
Version 19.3.0.0.0

Copyright (c) 1982, 2019, Oracle and/or its affiliates.  All rights reserved.

Control File:   /pdt/CAPGEMINI/OUTIL_CHARGEMENT_IMS/outil_V2/DB2/DMT/DB2/common/load/tmp/PD2M21_30108.ctl
Data File:      Tab.U.PD2M21.DR00.del
  File processing option string: "str '@%@!
'"
  Bad File:     /pdt/CAPGEMINI/OUTIL_CHARGEMENT_IMS/outil_V2/DB2/DMT/DB2/common/load/tmp/charge_PD2M2100.bad
  Discard File:  none specified
 
 (Allow all discards)

Number to load: ALL
Number to skip: 0
Errors allowed: 10
Continuation:    none specified
Path used:      Direct

Table PD2M21, loaded from every logical record.
Insert option in effect for this table: REPLACE

   Column Name                  Position   Len  Term Encl Datatype
------------------------------ ---------- ----- ---- ---- ---------------------
SH2M21                              FIRST     *   ;  O(") DATETIME YYYYMMDDHH24MISSFF6
CSORG9                               NEXT     *   ;  O(") CHARACTER            
IDCOU                                NEXT    10   ;  O(") CHARACTER            
CCMES                                NEXT     4   ;  O(") CHARACTER            
DSTRTG                               NEXT     *   ;  O(") DATE YYYYMMDD        
HSTRT9                               NEXT     8   ;  O(") CHARACTER            
CTYIDC                               NEXT     2   ;  O(") CHARACTER            
CCIND                                NEXT     8   ;  O(") CHARACTER            
CXALAF                               NEXT     *   ;  O(") CHARACTER            
NSFICN                               NEXT     *   ;  O(") CHARACTER            
CCTYM                                NEXT     3   ;  O(") CHARACTER            
CCBAL9                               NEXT     *   ;  O(") CHARACTER            
QSMES9                               NEXT     *   ;  O(") CHARACTER            
NSMOD                                NEXT     4   ;  O(") CHARACTER            
CCTEX                                NEXT     2   ;  O(") CHARACTER            
CCMDL                                NEXT     8   ;  O(") CHARACTER            
CCUTIS                               NEXT     8   ;  O(") CHARACTER            
CSNAEC                               NEXT     *   ;  O(") CHARACTER            
CSCHA                                NEXT     5   ;  O(") CHARACTER            
LGZVA                                NEXT     *   ;  O(") CHARACTER            
GCMSC                                NEXT  6000   ;  O(") CHARACTER            

The following index(es) on table PD2M21 were processed:
index RSOV0200.IPD2M211 partition PD2M21_DR_17_PART loaded successfully with 11898 keys
index RSOV0200.IPD2M211 partition PD2M21_DR_32_PART loaded successfully with 17916 keys
index RSOV0200.IPD2M211 partition PD2M21_DR_51_PART loaded successfully with 8465 keys
index RSOV0200.IPD2M211 partition PD2M21_DR_65_PART loaded successfully with 2494 keys
index RSOV0200.XPD2M21A partition PD2M21_DR_17_PART loaded successfully with 11898 keys
index RSOV0200.XPD2M21A partition PD2M21_DR_32_PART loaded successfully with 17916 keys
index RSOV0200.XPD2M21A partition PD2M21_DR_51_PART loaded successfully with 8465 keys
index RSOV0200.XPD2M21A partition PD2M21_DR_65_PART loaded successfully with 2494 keys
index RSOV0200.XPD2M21B partition PD2M21_DR_17_PART loaded successfully with 11898 keys
index RSOV0200.XPD2M21B partition PD2M21_DR_32_PART loaded successfully with 17916 keys
index RSOV0200.XPD2M21B partition PD2M21_DR_51_PART loaded successfully with 8465 keys
index RSOV0200.XPD2M21B partition PD2M21_DR_65_PART loaded successfully with 2494 keys

Table PD2M21:
  40773 Rows successfully loaded.
  0 Rows not loaded due to data errors.
  0 Rows not loaded because all WHEN clauses were failed.
  0 Rows not loaded because all fields were null.

  Date conversion cache disabled due to overflow (default size: 1000)

  Partition PD2M21_DR_17_PART: 11898 Rows loaded.
  Partition PD2M21_DR_32_PART: 17916 Rows loaded.
  Partition PD2M21_DR_51_PART: 8465 Rows loaded.
  Partition PD2M21_DR_65_PART: 2494 Rows loaded.

Bind array size not used in direct path.
Column array  rows :    5000
Stream buffer bytes:  256000
Read   buffer bytes: 1048576

Total logical records skipped:          0
Total logical records read:         40773
Total logical records rejected:         0
Total logical records discarded:        0
Total stream buffers loaded by SQL*Loader main thread:      138
Total stream buffers loaded by SQL*Loader load thread:      549

Run began on Thu Jun 01 08:48:14 2023
Run ended on Thu Jun 01 08:48:29 2023

Elapsed time was:     00:00:14.74
CPU time was:         00:00:00.65
----------------------------------------------------

   Execution report of /pdt/CAPGEMINI/OUTIL_CHARGEMENT_IMS/outil_V2/DB2/DMT/DB2/common/load/RunSqlLoader.sh

----------------------------------------------------

SQL*Loader: Release 19.0.0.0.0 - Production on Thu Jun 1 08:48:14 2023
Version 19.3.0.0.0

Copyright (c) 1982, 2019, Oracle and/or its affiliates.  All rights reserved.

Path used:      Direct

Load completed - logical record count 40773.

Table PD2M21:
  40773 Rows successfully loaded.

Check the log file:
  /pdt/CAPGEMINI/OUTIL_CHARGEMENT_IMS/outil_V2/DB2/DMT/DB2/common/load/log/charge_PD2M2100.log
for more information about the load.

 number of rows inserted not checked 