
SQL*Loader: Release 19.0.0.0.0 - Production on Wed May 31 23:16:29 2023
Version 19.3.0.0.0

Copyright (c) 1982, 2019, Oracle and/or its affiliates.  All rights reserved.

Control File:   /pdt/CAPGEMINI/OUTIL_CHARGEMENT_IMS/outil_V2/DB2/DMT/DB2/common/load/tmp/PD2U5A_30108.ctl
Data File:      Tab.U.PD2U5A.DR00.del
  File processing option string: "str '@%@!
'"
  Bad File:     /pdt/CAPGEMINI/OUTIL_CHARGEMENT_IMS/outil_V2/DB2/DMT/DB2/common/load/tmp/charge_PD2U5A00.bad
  Discard File:  none specified
 
 (Allow all discards)

Number to load: ALL
Number to skip: 0
Errors allowed: 10
Continuation:    none specified
Path used:      Direct

Table PD2U5A, loaded from every logical record.
Insert option in effect for this table: REPLACE

   Column Name                  Position   Len  Term Encl Datatype
------------------------------ ---------- ----- ---- ---- ---------------------
SH2U5A                              FIRST     *   ;  O(") DATETIME YYYYMMDDHH24MISSFF6
SH2U5Z                               NEXT     *   ;  O(") DATETIME YYYYMMDDHH24MISSFF6
RSTI                                 NEXT     8   ;  O(") CHARACTER            
CSTIE                                NEXT     2   ;  O(") CHARACTER            
NSTI                                 NEXT     6   ;  O(") CHARACTER            
CSCIV1                               NEXT     5   ;  O(") CHARACTER            
LNTIN1                               NEXT    10   ;  O(") CHARACTER            
LNTIE                                NEXT    27   ;  O(") CHARACTER            
NSDTP                                NEXT    11   ;  O(") CHARACTER            
CSAN3                                NEXT     3   ;  O(") CHARACTER            
DIJU4G                               NEXT     *   ;  O(") DATE YYYYMMDD        
CSASTD                               NEXT     *   ;  O(") CHARACTER            
CSAS9D                               NEXT     *   ;  O(") CHARACTER            
NSTI0                                NEXT     5   ;  O(") CHARACTER            
CSSORF                               NEXT     3   ;  O(") CHARACTER            
NSJUS3                               NEXT     *   ;  O(") CHARACTER            
LNENC                                NEXT    49   ;  O(") CHARACTER            
CNASD                                NEXT     *   ;  O(") CHARACTER            
QSACUD                               NEXT     *   ;  O(") CHARACTER            

The following index(es) on table PD2U5A were processed:
index RSOV0200.IPD2U5A1 loaded successfully with 1364 keys
index RSOV0200.XPD2U5AA loaded successfully with 1364 keys
index RSOV0200.XPD2U5AB loaded successfully with 1364 keys
index RSOV0200.XPD2U5AC loaded successfully with 1364 keys

Table PD2U5A:
  1364 Rows successfully loaded.
  0 Rows not loaded due to data errors.
  0 Rows not loaded because all WHEN clauses were failed.
  0 Rows not loaded because all fields were null.

  Date conversion cache disabled due to overflow (default size: 1000)

Bind array size not used in direct path.
Column array  rows :    5000
Stream buffer bytes:  256000
Read   buffer bytes: 1048576

Total logical records skipped:          0
Total logical records read:          1364
Total logical records rejected:         0
Total logical records discarded:        0
Total stream buffers loaded by SQL*Loader main thread:        1
Total stream buffers loaded by SQL*Loader load thread:        0

Run began on Wed May 31 23:16:29 2023
Run ended on Wed May 31 23:16:30 2023

Elapsed time was:     00:00:00.54
CPU time was:         00:00:00.05
----------------------------------------------------

   Execution report of /pdt/CAPGEMINI/OUTIL_CHARGEMENT_IMS/outil_V2/DB2/DMT/DB2/common/load/RunSqlLoader.sh

----------------------------------------------------

SQL*Loader: Release 19.0.0.0.0 - Production on Wed May 31 23:16:29 2023
Version 19.3.0.0.0

Copyright (c) 1982, 2019, Oracle and/or its affiliates.  All rights reserved.

Path used:      Direct

Load completed - logical record count 1364.

Table PD2U5A:
  1364 Rows successfully loaded.

Check the log file:
  /pdt/CAPGEMINI/OUTIL_CHARGEMENT_IMS/outil_V2/DB2/DMT/DB2/common/load/log/charge_PD2U5A00.log
for more information about the load.

 number of rows inserted not checked 