
SQL*Loader: Release 19.0.0.0.0 - Production on Wed May 31 22:55:23 2023
Version 19.3.0.0.0

Copyright (c) 1982, 2019, Oracle and/or its affiliates.  All rights reserved.

Control File:   /pdt/CAPGEMINI/OUTIL_CHARGEMENT_IMS/outil_V2/DB2/DMT/DB2/common/load/tmp/P0404P_30108.ctl
Data File:      Tab.U.P0404P.DR00.del
  File processing option string: "str '@%@!
'"
  Bad File:     /pdt/CAPGEMINI/OUTIL_CHARGEMENT_IMS/outil_V2/DB2/DMT/DB2/common/load/tmp/charge_P0404P00.bad
  Discard File:  none specified
 
 (Allow all discards)

Number to load: ALL
Number to skip: 0
Errors allowed: 10
Continuation:    none specified
Path used:      Direct

Table P0404P, loaded from every logical record.
Insert option in effect for this table: REPLACE

   Column Name                  Position   Len  Term Encl Datatype
------------------------------ ---------- ----- ---- ---- ---------------------
TSP04P                              FIRST     *   ;  O(") DATETIME YYYYMMDDHH24MISSFF6
NUP04P                               NEXT     *   ;  O(") CHARACTER            
CXHPO                                NEXT     6   ;  O(") CHARACTER            
CDCICB                               NEXT     5   ;  O(") CHARACTER            
ADLCOG                               NEXT    32   ;  O(") CHARACTER            
ADLCOH                               NEXT    38   ;  O(") CHARACTER            
FSPDI                                NEXT     *   ;  O(") CHARACTER            
CDTPO                                NEXT     1   ;  O(") CHARACTER            
ADLG51                               NEXT    32   ;  O(") CHARACTER            
ADLG52                               NEXT    38   ;  O(") CHARACTER            
AOCPCA                               NEXT     5   ;  O(") CHARACTER            
LLACHA                               NEXT    26   ;  O(") CHARACTER            
LLACHB                               NEXT    32   ;  O(") CHARACTER            
CDCICC                               NEXT     5   ;  O(") CHARACTER            
CDMAJA                               NEXT     1   ;  O(") CHARACTER            
DIMVTA                               NEXT     *   ;  O(") DATE YYYYMMDD        
DICRE                                NEXT     *   ;  O(") DATE YYYYMMDD        
CXAGC                                NEXT    10   ;  O(") CHARACTER            
DIMAJ                                NEXT     *   ;  O(") DATE YYYYMMDD        
CXAGM                                NEXT    10   ;  O(") CHARACTER            
CDACR                                NEXT     3   ;  O(") CHARACTER            
CDAMJ                                NEXT     3   ;  O(") CHARACTER            
ASGEOL                               NEXT     *   ;  O(") CHARACTER            
ASGEOG                               NEXT     *   ;  O(") CHARACTER            

The following index(es) on table P0404P were processed:
index RSOV0200.IP0404P1 loaded successfully with 91188 keys
index RSOV0200.XP0404PA loaded successfully with 91188 keys
index RSOV0200.XP0404PB loaded successfully with 91188 keys
index RSOV0200.XP0404PC loaded successfully with 91188 keys
index RSOV0200.XP0404PD loaded successfully with 91188 keys

Table P0404P:
  91188 Rows successfully loaded.
  0 Rows not loaded due to data errors.
  0 Rows not loaded because all WHEN clauses were failed.
  0 Rows not loaded because all fields were null.

  Date cache:
   Max Size:      1000
   Entries :       337
   Hits    :    357396
   Misses  :         0

Bind array size not used in direct path.
Column array  rows :    5000
Stream buffer bytes:  256000
Read   buffer bytes: 1048576

Total logical records skipped:          0
Total logical records read:         91188
Total logical records rejected:         0
Total logical records discarded:        0
Total stream buffers loaded by SQL*Loader main thread:       28
Total stream buffers loaded by SQL*Loader load thread:       83

Run began on Wed May 31 22:55:23 2023
Run ended on Wed May 31 22:55:32 2023

Elapsed time was:     00:00:08.85
CPU time was:         00:00:00.29
----------------------------------------------------

   Execution report of /pdt/CAPGEMINI/OUTIL_CHARGEMENT_IMS/outil_V2/DB2/DMT/DB2/common/load/RunSqlLoader.sh

----------------------------------------------------

SQL*Loader: Release 19.0.0.0.0 - Production on Wed May 31 22:55:23 2023
Version 19.3.0.0.0

Copyright (c) 1982, 2019, Oracle and/or its affiliates.  All rights reserved.

Path used:      Direct

Load completed - logical record count 91188.

Table P0404P:
  91188 Rows successfully loaded.

Check the log file:
  /pdt/CAPGEMINI/OUTIL_CHARGEMENT_IMS/outil_V2/DB2/DMT/DB2/common/load/log/charge_P0404P00.log
for more information about the load.

 number of rows inserted not checked 