
SQL*Loader: Release 19.0.0.0.0 - Production on Wed May 31 23:16:28 2023
Version 19.3.0.0.0

Copyright (c) 1982, 2019, Oracle and/or its affiliates.  All rights reserved.

Control File:   /pdt/CAPGEMINI/OUTIL_CHARGEMENT_IMS/outil_V2/DB2/DMT/DB2/common/load/tmp/PD2S07_30108.ctl
Data File:      Tab.U.PD2S07.DR00.del
  File processing option string: "str '@%@!
'"
  Bad File:     /pdt/CAPGEMINI/OUTIL_CHARGEMENT_IMS/outil_V2/DB2/DMT/DB2/common/load/tmp/charge_PD2S0700.bad
  Discard File:  none specified
 
 (Allow all discards)

Number to load: ALL
Number to skip: 0
Errors allowed: 10
Continuation:    none specified
Path used:      Direct

Table PD2S07, loaded from every logical record.
Insert option in effect for this table: REPLACE

   Column Name                  Position   Len  Term Encl Datatype
------------------------------ ---------- ----- ---- ---- ---------------------
SH2S07                              FIRST     *   ;  O(") DATETIME YYYYMMDDHH24MISSFF6
SHEVTC                               NEXT     *   ;  O(") DATETIME YYYYMMDDHH24MISSFF6
NUORE8                               NEXT     *   ;  O(") CHARACTER            
CDREJT                               NEXT     *   ;  O(") CHARACTER            
CSACTK                               NEXT     1   ;  O(") CHARACTER            
CXALAC                               NEXT     *   ;  O(") CHARACTER            
CSORGS                               NEXT     *   ;  O(") CHARACTER            
NSFICN                               NEXT     *   ;  O(") CHARACTER            
RSIN                                 NEXT     8   ;  O(") CHARACTER            
DEDPDG                               NEXT     *   ;  O(") DATE YYYYMMDD        
CSTPI                                NEXT     3   ;  O(") CHARACTER            
CSRPD                                NEXT     3   ;  O(") CHARACTER            
RLOBP                                NEXT     1   ;  O(") CHARACTER            
DSDRD9                               NEXT     *   ;  O(") DATE YYYYMMDD        
CSOFS                                NEXT     2   ;  O(") CHARACTER            
CSAPD                                NEXT     1   ;  O(") CHARACTER            
DEPRCG                               NEXT     *   ;  O(") DATE YYYYMMDD        
CSNROE                               NEXT     5   ;  O(") CHARACTER            
DEPRT9                               NEXT     *   ;  O(") DATE YYYYMMDD        
CDROM1                               NEXT     5   ;  O(") CHARACTER            
DDPRTG                               NEXT     *   ;  O(") DATE YYYYMMDD        
DFPRTG                               NEXT     *   ;  O(") DATE YYYYMMDD        
CSPAP                                NEXT     1   ;  O(") CHARACTER            
FIRIC                                NEXT     1   ;  O(") CHARACTER            
FSPATN                               NEXT     1   ;  O(") CHARACTER            
ISGUP                                NEXT    10   ;  O(") CHARACTER            
LSLPD                                NEXT    30   ;  O(") CHARACTER            
CSOF                                 NEXT     1   ;  O(") CHARACTER            
RSBNH                                NEXT     1   ;  O(") CHARACTER            
CDPSC                                NEXT     2   ;  O(") CHARACTER            
RSAGE                                NEXT     8   ;  O(") CHARACTER            
CDMOCA                               NEXT     1   ;  O(") CHARACTER            
LLEXO                                NEXT    36   ;  O(") CHARACTER            
LIBMP1                               NEXT    45   ;  O(") CHARACTER            
LIBMP2                               NEXT    45   ;  O(") CHARACTER            
LIBMP3                               NEXT    45   ;  O(") CHARACTER            
LIBMP4                               NEXT    45   ;  O(") CHARACTER            
CSOBM1                               NEXT     1   ;  O(") CHARACTER            
CDORIS                               NEXT     1   ;  O(") CHARACTER            
CDRM3M                               NEXT     5   ;  O(") CHARACTER            
CDAR3M                               NEXT     6   ;  O(") CHARACTER            
DANNUG                               NEXT     *   ;  O(") DATE YYYYMMDD        
CSPHC                                NEXT     5   ;  O(") CHARACTER            
CSJOB                                NEXT     8   ;  O(") CHARACTER            
CSADP                                NEXT     3   ;  O(") CHARACTER            
DEPRP9                               NEXT     *   ;  O(") DATE YYYYMMDD        
DDCVMG                               NEXT     *   ;  O(") DATE YYYYMMDD        
DFCVMG                               NEXT     *   ;  O(") DATE YYYYMMDD        
CICCF                                NEXT     1   ;  O(") CHARACTER            
RSOCP                                NEXT     8   ;  O(") CHARACTER            
CSCEP                                NEXT     2   ;  O(") CHARACTER            


Table PD2S07:
  0 Rows successfully loaded.
  0 Rows not loaded due to data errors.
  0 Rows not loaded because all WHEN clauses were failed.
  0 Rows not loaded because all fields were null.

Bind array size not used in direct path.
Column array  rows :    5000
Stream buffer bytes:  256000
Read   buffer bytes: 1048576

Total logical records skipped:          0
Total logical records read:             0
Total logical records rejected:         0
Total logical records discarded:        0
Total stream buffers loaded by SQL*Loader main thread:        0
Total stream buffers loaded by SQL*Loader load thread:        0

Run began on Wed May 31 23:16:28 2023
Run ended on Wed May 31 23:16:28 2023

Elapsed time was:     00:00:00.22
CPU time was:         00:00:00.05
----------------------------------------------------

   Execution report of /pdt/CAPGEMINI/OUTIL_CHARGEMENT_IMS/outil_V2/DB2/DMT/DB2/common/load/RunSqlLoader.sh

----------------------------------------------------

SQL*Loader: Release 19.0.0.0.0 - Production on Wed May 31 23:16:28 2023
Version 19.3.0.0.0

Copyright (c) 1982, 2019, Oracle and/or its affiliates.  All rights reserved.

Path used:      Direct

Load completed - logical record count 0.

Table PD2S07:
  0 Rows successfully loaded.

Check the log file:
  /pdt/CAPGEMINI/OUTIL_CHARGEMENT_IMS/outil_V2/DB2/DMT/DB2/common/load/log/charge_PD2S0700.log
for more information about the load.

 number of rows inserted not checked 