
SQL*Loader: Release 19.0.0.0.0 - Production on Thu Jun 1 01:50:52 2023
Version 19.3.0.0.0

Copyright (c) 1982, 2019, Oracle and/or its affiliates.  All rights reserved.

Control File:   /pdt/CAPGEMINI/OUTIL_CHARGEMENT_IMS/outil_V2/DB2/DMT/DB2/common/load/tmp/P1299D_30108.ctl
Data File:      Tab.U.P1299D.DR00.del
  File processing option string: "str '@%@!
'"
  Bad File:     /pdt/CAPGEMINI/OUTIL_CHARGEMENT_IMS/outil_V2/DB2/DMT/DB2/common/load/tmp/charge_P1299D_AIDESG00.bad
  Discard File:  none specified
 
 (Allow all discards)

Number to load: ALL
Number to skip: 0
Errors allowed: 10
Continuation:    none specified
Path used:      Direct

Table P1299D_AIDESG, loaded from every logical record.
Insert option in effect for this table: REPLACE

   Column Name                  Position   Len  Term Encl Datatype
------------------------------ ---------- ----- ---- ---- ---------------------
CXASS                               FIRST     3   ;  O(") CHARACTER            
CXALAF                               NEXT     *   ;  O(") CHARACTER            
CXNUM                                NEXT     *   ;  O(") CHARACTER            
QSAPN                                NEXT     *   ;  O(") CHARACTER            
CXCAN                                NEXT     8   ;  O(") CHARACTER            
QSARN                                NEXT     *   ;  O(") CHARACTER            
QSATN                                NEXT     *   ;  O(") CHARACTER            
DIVAG                                NEXT     *   ;  O(") DATE YYYYMMDD        
CXAFN                                NEXT     *   ;  O(") CHARACTER            
DSAAA                                NEXT     *   ;  O(") CHARACTER            
TSP                                  NEXT     *   ;  O(") DATETIME YYYYMMDDHH24MISSFF6
CSBPN                                NEXT     1   ;  O(") CHARACTER            
QSSPN                                NEXT     *   ;  O(") CHARACTER            
QKFPN                                NEXT     *   ;  O(") CHARACTER            
CDAIN                                NEXT     *   ;  O(") CHARACTER            
DIVSG                                NEXT     *   ;  O(") DATE YYYYMMDD        
QSAHN                                NEXT     *   ;  O(") CHARACTER            
QKATP                                NEXT     *   ;  O(") CHARACTER            
QSFPN                                NEXT     *   ;  O(") CHARACTER            
NSAIN                                NEXT     *   ;  O(") CHARACTER            
CIAIN                                NEXT     1   ;  O(") CHARACTER            
CDNDA                                NEXT     3   ;  O(") CHARACTER            
CDSIM                                NEXT     2   ;  O(") CHARACTER            
CDTAI                                NEXT     2   ;  O(") CHARACTER            
CITAI                                NEXT     1   ;  O(") CHARACTER            
CMRJN                                NEXT     *   ;  O(") CHARACTER            
CPROD                                NEXT    12   ;  O(") CHARACTER            
DDACR                                NEXT     *   ;  O(") DATE YYYYMMDD        
DFACR                                NEXT     *   ;  O(") DATE YYYYMMDD        
DFLIA                                NEXT     *   ;  O(") DATE YYYYMMDD        
LSNAI                                NEXT    25   ;  O(") CHARACTER            
QMADR                                NEXT     *   ;  O(") CHARACTER            
QMBTR                                NEXT     *   ;  O(") CHARACTER            
QMPLD                                NEXT     *   ;  O(") CHARACTER            
QMPLF                                NEXT     *   ;  O(") CHARACTER            
REFEX                                NEXT     7   ;  O(") CHARACTER            
CDTYB                                NEXT     1   ;  O(") CHARACTER            
CSTAQ                                NEXT     5   ;  O(") CHARACTER            
NSBDN                                NEXT    15   ;  O(") CHARACTER            
QMATL                                NEXT    80   ;  O(") CHARACTER            
CDPAO                                NEXT     *   ;  O(") CHARACTER            
FITYD                                NEXT     1   ;  O(") CHARACTER            
LGARA                                NEXT    50   ;  O(") CHARACTER            
LGARD                                NEXT    50   ;  O(") CHARACTER            
FSAWN                                NEXT     1   ;  O(") CHARACTER            
FSBAN                                NEXT     1   ;  O(") CHARACTER            
FSRWC                                NEXT     1   ;  O(") CHARACTER            
FSRWD                                NEXT     1   ;  O(") CHARACTER            
FSRWH                                NEXT     1   ;  O(") CHARACTER            
FSWAA                                NEXT     1   ;  O(") CHARACTER            
FSWAC                                NEXT     1   ;  O(") CHARACTER            
FSWAP                                NEXT     1   ;  O(") CHARACTER            

The following index(es) on table P1299D_AIDESG were processed:
index RSOV0200.IP1299D1 partition P1299D_AIDESG_DR_17_PART loaded successfully with 185939 keys
index RSOV0200.IP1299D1 partition P1299D_AIDESG_DR_32_PART loaded successfully with 175292 keys
index RSOV0200.IP1299D1 partition P1299D_AIDESG_DR_51_PART loaded successfully with 164037 keys
index RSOV0200.IP1299D1 partition P1299D_AIDESG_DR_65_PART loaded successfully with 64641 keys

Table P1299D_AIDESG:
  589909 Rows successfully loaded.
  0 Rows not loaded due to data errors.
  0 Rows not loaded because all WHEN clauses were failed.
  0 Rows not loaded because all fields were null.

  Date conversion cache disabled due to overflow (default size: 1000)

  Partition P1299D_AIDESG_DR_17_PART: 185939 Rows loaded.
  Partition P1299D_AIDESG_DR_32_PART: 175292 Rows loaded.
  Partition P1299D_AIDESG_DR_51_PART: 164037 Rows loaded.
  Partition P1299D_AIDESG_DR_65_PART: 64641 Rows loaded.

Bind array size not used in direct path.
Column array  rows :    5000
Stream buffer bytes:  256000
Read   buffer bytes: 1048576

Total logical records skipped:          0
Total logical records read:        589909
Total logical records rejected:         0
Total logical records discarded:        0
Total stream buffers loaded by SQL*Loader main thread:      202
Total stream buffers loaded by SQL*Loader load thread:      229

Run began on Thu Jun 01 01:50:52 2023
Run ended on Thu Jun 01 01:51:06 2023

Elapsed time was:     00:00:13.18
CPU time was:         00:00:02.81
----------------------------------------------------

   Execution report of /pdt/CAPGEMINI/OUTIL_CHARGEMENT_IMS/outil_V2/DB2/DMT/DB2/common/load/RunSqlLoader.sh

----------------------------------------------------

SQL*Loader: Release 19.0.0.0.0 - Production on Thu Jun 1 01:50:52 2023
Version 19.3.0.0.0

Copyright (c) 1982, 2019, Oracle and/or its affiliates.  All rights reserved.

Path used:      Direct

Load completed - logical record count 589909.

Table P1299D_AIDESG:
  589909 Rows successfully loaded.

Check the log file:
  /pdt/CAPGEMINI/OUTIL_CHARGEMENT_IMS/outil_V2/DB2/DMT/DB2/common/load/log/charge_P1299D_AIDESG00.log
for more information about the load.

 number of rows inserted not checked 