
SQL*Loader: Release 19.0.0.0.0 - Production on Wed May 31 22:58:56 2023
Version 19.3.0.0.0

Copyright (c) 1982, 2019, Oracle and/or its affiliates.  All rights reserved.

Control File:   /pdt/CAPGEMINI/OUTIL_CHARGEMENT_IMS/outil_V2/DB2/DMT/DB2/common/load/tmp/P0404X_30108.ctl
Data File:      Tab.U.P0404X.DR00.del
  File processing option string: "str '@%@!
'"
  Bad File:     /pdt/CAPGEMINI/OUTIL_CHARGEMENT_IMS/outil_V2/DB2/DMT/DB2/common/load/tmp/charge_P0404X00.bad
  Discard File:  none specified
 
 (Allow all discards)

Number to load: ALL
Number to skip: 0
Errors allowed: 10
Continuation:    none specified
Path used:      Direct

Table P0404X, loaded from every logical record.
Insert option in effect for this table: REPLACE

   Column Name                  Position   Len  Term Encl Datatype
------------------------------ ---------- ----- ---- ---- ---------------------
TSP04X                              FIRST     *   ;  O(") DATETIME YYYYMMDDHH24MISSFF6
NUP04X                               NEXT     *   ;  O(") CHARACTER            
CDPAYI                               NEXT     2   ;  O(") CHARACTER            
CDIBA                                NEXT    15   ;  O(") CHARACTER            
CDBIC                                NEXT    11   ;  O(") CHARACTER            

The following index(es) on table P0404X were processed:
index RSOV0200.IP0404X1 loaded successfully with 44952 keys

Table P0404X:
  44952 Rows successfully loaded.
  0 Rows not loaded due to data errors.
  0 Rows not loaded because all WHEN clauses were failed.
  0 Rows not loaded because all fields were null.

  Date cache:
   Max Size:      1000
   Entries :         1
   Hits    :     44951
   Misses  :         0

Bind array size not used in direct path.
Column array  rows :    5000
Stream buffer bytes:  256000
Read   buffer bytes: 1048576

Total logical records skipped:          0
Total logical records read:         44952
Total logical records rejected:         0
Total logical records discarded:        0
Total stream buffers loaded by SQL*Loader main thread:       11
Total stream buffers loaded by SQL*Loader load thread:        0

Run began on Wed May 31 22:58:56 2023
Run ended on Wed May 31 22:58:57 2023

Elapsed time was:     00:00:01.35
CPU time was:         00:00:00.06
----------------------------------------------------

   Execution report of /pdt/CAPGEMINI/OUTIL_CHARGEMENT_IMS/outil_V2/DB2/DMT/DB2/common/load/RunSqlLoader.sh

----------------------------------------------------

SQL*Loader: Release 19.0.0.0.0 - Production on Wed May 31 22:58:56 2023
Version 19.3.0.0.0

Copyright (c) 1982, 2019, Oracle and/or its affiliates.  All rights reserved.

Path used:      Direct

Load completed - logical record count 44952.

Table P0404X:
  44952 Rows successfully loaded.

Check the log file:
  /pdt/CAPGEMINI/OUTIL_CHARGEMENT_IMS/outil_V2/DB2/DMT/DB2/common/load/log/charge_P0404X00.log
for more information about the load.

 number of rows inserted not checked 