
SQL*Loader: Release 19.0.0.0.0 - Production on Wed May 31 23:16:47 2023
Version 19.3.0.0.0

Copyright (c) 1982, 2019, Oracle and/or its affiliates.  All rights reserved.

Control File:   /pdt/CAPGEMINI/OUTIL_CHARGEMENT_IMS/outil_V2/DB2/DMT/DB2/common/load/tmp/P0101N_30108.ctl
Data File:      Tab.U.P0101N.DR00.del
  File processing option string: "str '@%@!
'"
  Bad File:     /pdt/CAPGEMINI/OUTIL_CHARGEMENT_IMS/outil_V2/DB2/DMT/DB2/common/load/tmp/charge_P0101N00.bad
  Discard File:  none specified
 
 (Allow all discards)

Number to load: ALL
Number to skip: 0
Errors allowed: 10
Continuation:    none specified
Path used:      Direct

Table P0101N, loaded from every logical record.
Insert option in effect for this table: REPLACE

   Column Name                  Position   Len  Term Encl Datatype
------------------------------ ---------- ----- ---- ---- ---------------------
TSP01N                              FIRST     *   ;  O(") DATETIME YYYYMMDDHH24MISSFF6
NUP01N                               NEXT     *   ;  O(") CHARACTER            
CXAS3                                NEXT     3   ;  O(") CHARACTER            
CXASS                                NEXT     3   ;  O(") CHARACTER            
CXALA                                NEXT     *   ;  O(") CHARACTER            
DIEVT                                NEXT     *   ;  O(") DATETIME YYYYMMDDHH24MISSFF6
CDOFX                                NEXT     8   ;  O(") CHARACTER            
NZOEN                                NEXT     *   ;  O(") CHARACTER            
CDTRK                                NEXT     1   ;  O(") CHARACTER            
CXIN                                 NEXT     8   ;  O(") CHARACTER            
CDFLX                                NEXT     6   ;  O(") CHARACTER            
CDDOE                                NEXT     3   ;  O(") CHARACTER            
CDDOD                                NEXT     3   ;  O(") CHARACTER            
CDAVI1                               NEXT     5   ;  O(") CHARACTER            
DIEVTT                               NEXT     *   ;  O(") DATETIME YYYYMMDDHH24MISSFF6
CXPTR                                NEXT    62   ;  O(") CHARACTER            
CXOTR                                NEXT    62   ;  O(") CHARACTER            

The following index(es) on table P0101N were processed:
index RSOV0200.IP0101N1 loaded successfully with 295833 keys

Table P0101N:
  295833 Rows successfully loaded.
  0 Rows not loaded due to data errors.
  0 Rows not loaded because all WHEN clauses were failed.
  0 Rows not loaded because all fields were null.

  Date conversion cache disabled due to overflow (default size: 1000)

  Partition P0101N_DR_01_PART: 127 Rows loaded.
  Partition P0101N_DR_12_PART: 14 Rows loaded.
  Partition P0101N_DR_13_PART: 80 Rows loaded.
  Partition P0101N_DR_16_PART: 138 Rows loaded.
  Partition P0101N_DR_17_PART: 95164 Rows loaded.
  Partition P0101N_DR_20_PART: 75 Rows loaded.
  Partition P0101N_DR_24_PART: 133 Rows loaded.
  Partition P0101N_DR_25_PART: 100 Rows loaded.
  Partition P0101N_DR_26_PART: 26 Rows loaded.
  Partition P0101N_DR_27_PART: 84 Rows loaded.
  Partition P0101N_DR_31_PART: 182 Rows loaded.
  Partition P0101N_DR_32_PART: 113982 Rows loaded.
  Partition P0101N_DR_34_PART: 380 Rows loaded.
  Partition P0101N_DR_35_PART: 84 Rows loaded.
  Partition P0101N_DR_39_PART: 19 Rows loaded.
  Partition P0101N_DR_40_PART: 20 Rows loaded.
  Partition P0101N_DR_41_PART: 49 Rows loaded.
  Partition P0101N_DR_44_PART: 26 Rows loaded.
  Partition P0101N_DR_46_PART: 144 Rows loaded.
  Partition P0101N_DR_48_PART: 111 Rows loaded.
  Partition P0101N_DR_49_PART: 87 Rows loaded.
  Partition P0101N_DR_50_PART: 81 Rows loaded.
  Partition P0101N_DR_51_PART: 74829 Rows loaded.
  Partition P0101N_DR_56_PART: 134 Rows loaded.
  Partition P0101N_DR_57_PART: 178 Rows loaded.
  Partition P0101N_DR_61_PART: 140 Rows loaded.
  Partition P0101N_DR_63_PART: 198 Rows loaded.
  Partition P0101N_DR_65_PART: 9150 Rows loaded.
  Partition P0101N_DR_66_PART: 19 Rows loaded.
  Partition P0101N_DR_67_PART: 19 Rows loaded.
  Partition P0101N_DR_68_PART: 28 Rows loaded.
  Partition P0101N_DR_69_PART: 18 Rows loaded.
  Partition P0101N_DR_71_PART: 14 Rows loaded.

Bind array size not used in direct path.
Column array  rows :    5000
Stream buffer bytes:  256000
Read   buffer bytes: 1048576

Total logical records skipped:          0
Total logical records read:        295833
Total logical records rejected:         0
Total logical records discarded:        0
Total stream buffers loaded by SQL*Loader main thread:       76
Total stream buffers loaded by SQL*Loader load thread:      225

Run began on Wed May 31 23:16:47 2023
Run ended on Wed May 31 23:16:58 2023

Elapsed time was:     00:00:10.79
CPU time was:         00:00:00.77
----------------------------------------------------

   Execution report of /pdt/CAPGEMINI/OUTIL_CHARGEMENT_IMS/outil_V2/DB2/DMT/DB2/common/load/RunSqlLoader.sh

----------------------------------------------------

SQL*Loader: Release 19.0.0.0.0 - Production on Wed May 31 23:16:47 2023
Version 19.3.0.0.0

Copyright (c) 1982, 2019, Oracle and/or its affiliates.  All rights reserved.

Path used:      Direct

Load completed - logical record count 295833.

Table P0101N:
  295833 Rows successfully loaded.

Check the log file:
  /pdt/CAPGEMINI/OUTIL_CHARGEMENT_IMS/outil_V2/DB2/DMT/DB2/common/load/log/charge_P0101N00.log
for more information about the load.

 number of rows inserted not checked 