
SQL*Loader: Release 19.0.0.0.0 - Production on Thu Jun 1 07:50:22 2023
Version 19.3.0.0.0

Copyright (c) 1982, 2019, Oracle and/or its affiliates.  All rights reserved.

Control File:   /pdt/CAPGEMINI/OUTIL_CHARGEMENT_IMS/outil_V2/DB2/DMT/DB2/common/load/tmp/PD2I2P_30108.ctl
Data File:      Tab.U.PD2I2P.DR00.del
  File processing option string: "str '@%@!
'"
  Bad File:     /pdt/CAPGEMINI/OUTIL_CHARGEMENT_IMS/outil_V2/DB2/DMT/DB2/common/load/tmp/charge_PD2I2P00.bad
  Discard File:  none specified
 
 (Allow all discards)

Number to load: ALL
Number to skip: 0
Errors allowed: 10
Continuation:    none specified
Path used:      Direct

Table PD2I2P, loaded from every logical record.
Insert option in effect for this table: REPLACE

   Column Name                  Position   Len  Term Encl Datatype
------------------------------ ---------- ----- ---- ---- ---------------------
SH2I2P                              FIRST     *   ;  O(") DATETIME YYYYMMDDHH24MISSFF6
CSORGS                               NEXT     *   ;  O(") CHARACTER            
NSFICN                               NEXT     *   ;  O(") CHARACTER            
RSIN                                 NEXT     8   ;  O(") CHARACTER            
RSF3C                                NEXT     *   ;  O(") CHARACTER            
CSTFR                                NEXT     1   ;  O(") CHARACTER            
CSCFR                                NEXT     1   ;  O(") CHARACTER            
CSROF                                NEXT     5   ;  O(") CHARACTER            
CSNVF2                               NEXT     *   ;  O(") CHARACTER            
CSCFF3                               NEXT     *   ;  O(") CHARACTER            
FSFSE3                               NEXT     *   ;  O(") CHARACTER            
QSTAG2                               NEXT     *   ;  O(") CHARACTER            
CSOF4                                NEXT     1   ;  O(") CHARACTER            
CSVAF                                NEXT     1   ;  O(") CHARACTER            
CSVAT                                NEXT     1   ;  O(") CHARACTER            
CSZAF                                NEXT     3   ;  O(") CHARACTER            
CSTFM                                NEXT     1   ;  O(") CHARACTER            
DDPLAG                               NEXT     *   ;  O(") DATE YYYYMMDD        
DFPLAG                               NEXT     *   ;  O(") DATE YYYYMMDD        
DMPLAG                               NEXT     *   ;  O(") DATE YYYYMMDD        
LNCOR                                NEXT    20   ;  O(") CHARACTER            
NSTL7A                               NEXT     *   ;  O(") CHARACTER            
RSEQ14                               NEXT     *   ;  O(") CHARACTER            
CSNDD4                               NEXT     2   ;  O(") CHARACTER            
QSTAR2                               NEXT     *   ;  O(") CHARACTER            
CSSTS2                               NEXT    10   ;  O(") CHARACTER            
CSOSF1                               NEXT     1   ;  O(") CHARACTER            
NSSTAA                               NEXT     *   ;  O(") CHARACTER            
NSSTAB                               NEXT     *   ;  O(") CHARACTER            
QLA2P2                               NEXT     *   ;  O(") CHARACTER            
NSCV                                 NEXT    16   ;  O(") CHARACTER            
CIAIS                                NEXT     1   ;  O(") CHARACTER            
CIFTH                                NEXT     1   ;  O(") CHARACTER            
FFAFF                                NEXT     1   ;  O(") CHARACTER            
DEDPDU                               NEXT     *   ;  O(") DATE YYYYMMDD        
CSRPDA                               NEXT     3   ;  O(") CHARACTER            
RLOBPA                               NEXT     1   ;  O(") CHARACTER            
FSSUE                                NEXT     1   ;  O(") CHARACTER            
DSEFAG                               NEXT     *   ;  O(") DATE YYYYMMDD        
CSAIS                                NEXT     2   ;  O(") CHARACTER            
DSAISG                               NEXT     *   ;  O(") DATE YYYYMMDD        
CSOROF                               NEXT     1   ;  O(") CHARACTER            
CSORMC                               NEXT     1   ;  O(") CHARACTER            
FFRSA                                NEXT     1   ;  O(") CHARACTER            
DSAAD2                               NEXT     *   ;  O(") CHARACTER            
FFPOEP                               NEXT     1   ;  O(") CHARACTER            
DIAISG                               NEXT     *   ;  O(") DATE YYYYMMDD        
FICPF                                NEXT     1   ;  O(") CHARACTER            
DICPFG                               NEXT     *   ;  O(") DATE YYYYMMDD        
CXCPF                                NEXT    10   ;  O(") CHARACTER            
PHCPF3                               NEXT     *   ;  O(") CHARACTER            
PHCPF4                               NEXT     *   ;  O(") CHARACTER            
CDPFO                                NEXT     3   ;  O(") CHARACTER            


Table PD2I2P:
  0 Rows successfully loaded.
  0 Rows not loaded due to data errors.
  0 Rows not loaded because all WHEN clauses were failed.
  0 Rows not loaded because all fields were null.

Bind array size not used in direct path.
Column array  rows :    5000
Stream buffer bytes:  256000
Read   buffer bytes: 1048576

Total logical records skipped:          0
Total logical records read:             0
Total logical records rejected:         0
Total logical records discarded:        0
Total stream buffers loaded by SQL*Loader main thread:        0
Total stream buffers loaded by SQL*Loader load thread:        0

Run began on Thu Jun 01 07:50:22 2023
Run ended on Thu Jun 01 07:50:23 2023

Elapsed time was:     00:00:00.30
CPU time was:         00:00:00.07
----------------------------------------------------

   Execution report of /pdt/CAPGEMINI/OUTIL_CHARGEMENT_IMS/outil_V2/DB2/DMT/DB2/common/load/RunSqlLoader.sh

----------------------------------------------------

SQL*Loader: Release 19.0.0.0.0 - Production on Thu Jun 1 07:50:22 2023
Version 19.3.0.0.0

Copyright (c) 1982, 2019, Oracle and/or its affiliates.  All rights reserved.

Path used:      Direct

Load completed - logical record count 0.

Table PD2I2P:
  0 Rows successfully loaded.

Check the log file:
  /pdt/CAPGEMINI/OUTIL_CHARGEMENT_IMS/outil_V2/DB2/DMT/DB2/common/load/log/charge_PD2I2P00.log
for more information about the load.

 number of rows inserted not checked 