
SQL*Loader: Release 19.0.0.0.0 - Production on Thu Jun 1 01:51:11 2023
Version 19.3.0.0.0

Copyright (c) 1982, 2019, Oracle and/or its affiliates.  All rights reserved.

Control File:   /pdt/CAPGEMINI/OUTIL_CHARGEMENT_IMS/outil_V2/DB2/DMT/DB2/common/load/tmp/P2701A_30108.ctl
Data File:      Tab.U.P2701A.DR00.del
  File processing option string: "str '@%@!
'"
  Bad File:     /pdt/CAPGEMINI/OUTIL_CHARGEMENT_IMS/outil_V2/DB2/DMT/DB2/common/load/tmp/charge_P2701A00.bad
  Discard File:  none specified
 
 (Allow all discards)

Number to load: ALL
Number to skip: 0
Errors allowed: 10
Continuation:    none specified
Path used:      Direct

Table P2701A, loaded from every logical record.
Insert option in effect for this table: REPLACE

   Column Name                  Position   Len  Term Encl Datatype
------------------------------ ---------- ----- ---- ---- ---------------------
TSP01A                              FIRST     *   ;  O(") DATETIME YYYYMMDDHH24MISSFF6
NUP01A                               NEXT     *   ;  O(") CHARACTER            
DPARA                                NEXT     *   ;  O(") CHARACTER            
DICREC                               NEXT     *   ;  O(") DATE YYYYMMDD        
CXALA                                NEXT     *   ;  O(") CHARACTER            
CXMODC                               NEXT     4   ;  O(") CHARACTER            
HICREC                               NEXT     *   ;  O(") CHARACTER            
CIREEM                               NEXT     *   ;  O(") CHARACTER            
CETATC                               NEXT     1   ;  O(") CHARACTER            
CEMEDI                               NEXT     2   ;  O(") CHARACTER            
DEDITC                               NEXT     *   ;  O(") DATE YYYYMMDD        
HSEDIC                               NEXT     *   ;  O(") CHARACTER            
CXDRC                                NEXT     2   ;  O(") CHARACTER            
LNDRC                                NEXT    27   ;  O(") CHARACTER            
CXASAC                               NEXT     2   ;  O(") CHARACTER            
LNASAC                               NEXT    27   ;  O(") CHARACTER            
CXSITE                               NEXT     3   ;  O(") CHARACTER            
LNSITE                               NEXT    27   ;  O(") CHARACTER            
CXALEC                               NEXT     5   ;  O(") CHARACTER            
LNALEC                               NEXT    27   ;  O(") CHARACTER            
DEREJC                               NEXT     *   ;  O(") DATE YYYYMMDD        
HIREJC                               NEXT     *   ;  O(") CHARACTER            
CMREJC                               NEXT     4   ;  O(") CHARACTER            
DASUPC                               NEXT     *   ;  O(") DATE YYYYMMDD        
HASUPC                               NEXT     *   ;  O(") CHARACTER            
CMSUPC                               NEXT     2   ;  O(") CHARACTER            
DEDISC                               NEXT     *   ;  O(") DATE YYYYMMDD        
HIDISC                               NEXT     *   ;  O(") CHARACTER            
DENDIC                               NEXT     *   ;  O(") DATE YYYYMMDD        
HINDIC                               NEXT     *   ;  O(") CHARACTER            
CMNDIC                               NEXT     2   ;  O(") CHARACTER            
DDATTC                               NEXT     *   ;  O(") DATE YYYYMMDD        
HDATTC                               NEXT     *   ;  O(") CHARACTER            
CDRECO                               NEXT     1   ;  O(") CHARACTER            
NIRECO                               NEXT    16   ;  O(") CHARACTER            
CXALAO                               NEXT     *   ;  O(") CHARACTER            
CXGED                                NEXT    16   ;  O(") CHARACTER            
CXTSCE                               NEXT    17   ;  O(") CHARACTER            
CCMESC                               NEXT     4   ;  O(") CHARACTER            


Table P2701A:
  0 Rows successfully loaded.
  0 Rows not loaded due to data errors.
  0 Rows not loaded because all WHEN clauses were failed.
  0 Rows not loaded because all fields were null.

Bind array size not used in direct path.
Column array  rows :    5000
Stream buffer bytes:  256000
Read   buffer bytes: 1048576

Total logical records skipped:          0
Total logical records read:             0
Total logical records rejected:         0
Total logical records discarded:        0
Total stream buffers loaded by SQL*Loader main thread:        0
Total stream buffers loaded by SQL*Loader load thread:        0

Run began on Thu Jun 01 01:51:11 2023
Run ended on Thu Jun 01 01:51:11 2023

Elapsed time was:     00:00:00.20
CPU time was:         00:00:00.05
----------------------------------------------------

   Execution report of /pdt/CAPGEMINI/OUTIL_CHARGEMENT_IMS/outil_V2/DB2/DMT/DB2/common/load/RunSqlLoader.sh

----------------------------------------------------

SQL*Loader: Release 19.0.0.0.0 - Production on Thu Jun 1 01:51:11 2023
Version 19.3.0.0.0

Copyright (c) 1982, 2019, Oracle and/or its affiliates.  All rights reserved.

Path used:      Direct

Load completed - logical record count 0.

Table P2701A:
  0 Rows successfully loaded.

Check the log file:
  /pdt/CAPGEMINI/OUTIL_CHARGEMENT_IMS/outil_V2/DB2/DMT/DB2/common/load/log/charge_P2701A00.log
for more information about the load.

 number of rows inserted not checked 