
SQL*Loader: Release 19.0.0.0.0 - Production on Wed May 31 20:35:24 2023
Version 19.3.0.0.0

Copyright (c) 1982, 2019, Oracle and/or its affiliates.  All rights reserved.

Control File:   /pdt/CAPGEMINI/OUTIL_CHARGEMENT_IMS/outil_V2/DB2/DMT/DB2/common/load/tmp/P0101B_30108.ctl
Data File:      Tab.U.P0101B.DR00.del
  File processing option string: "str '@%@!
'"
  Bad File:     /pdt/CAPGEMINI/OUTIL_CHARGEMENT_IMS/outil_V2/DB2/DMT/DB2/common/load/tmp/charge_P0101B00.bad
  Discard File:  none specified
 
 (Allow all discards)

Number to load: ALL
Number to skip: 0
Errors allowed: 10
Continuation:    none specified
Path used:      Direct

Table P0101B, loaded from every logical record.
Insert option in effect for this table: REPLACE

   Column Name                  Position   Len  Term Encl Datatype
------------------------------ ---------- ----- ---- ---- ---------------------
TSP01B                              FIRST     *   ;  O(") DATETIME YYYYMMDDHH24MISSFF6
NUP01B                               NEXT     *   ;  O(") CHARACTER            
CXALA                                NEXT     *   ;  O(") CHARACTER            
CXALAE                               NEXT     *   ;  O(") CHARACTER            
CDSRT                                NEXT    14   ;  O(") CHARACTER            
CISRT                                NEXT     1   ;  O(") CHARACTER            
CZAPE                                NEXT     4   ;  O(") CHARACTER            
CIAPE                                NEXT     1   ;  O(") CHARACTER            
CDMSA                                NEXT    20   ;  O(") CHARACTER            
CDURS                                NEXT    18   ;  O(") CHARACTER            
CDENS                                NEXT    40   ;  O(") CHARACTER            
DIETB                                NEXT     *   ;  O(") DATE YYYYMMDD        
DFETB                                NEXT     *   ;  O(") DATE YYYYMMDD        
CMCES                                NEXT     2   ;  O(") CHARACTER            
CMSCE                                NEXT     2   ;  O(") CHARACTER            
FISSO                                NEXT     1   ;  O(") CHARACTER            
CZETA                                NEXT     1   ;  O(") CHARACTER            
CDPSD                                NEXT     2   ;  O(") CHARACTER            
DEAPE                                NEXT     *   ;  O(") DATE YYYYMMDD        
CZFON                                NEXT     1   ;  O(") CHARACTER            
DIMAJ                                NEXT     *   ;  O(") DATE YYYYMMDD        
CXAGM                                NEXT    10   ;  O(") CHARACTER            
DICRE                                NEXT     *   ;  O(") DATE YYYYMMDD        
CXAGC                                NEXT    10   ;  O(") CHARACTER            
CDACR                                NEXT     3   ;  O(") CHARACTER            
CDAMJ                                NEXT     3   ;  O(") CHARACTER            
CDENSP                               NEXT    40   ;  O(") CHARACTER            
CZNAE                                NEXT     5   ;  O(") CHARACTER            

The following index(es) on table P0101B were processed:
index RSOV0200.IP0101B1 loaded successfully with 10850214 keys
index RSOV0200.XP0101BY loaded successfully with 6970681 keys
index RSOV0200.XP0101BZ loaded successfully with 10850214 keys

Table P0101B:
  10850214 Rows successfully loaded.
  0 Rows not loaded due to data errors.
  0 Rows not loaded because all WHEN clauses were failed.
  0 Rows not loaded because all fields were null.

  Date conversion cache disabled due to overflow (default size: 1000)

Bind array size not used in direct path.
Column array  rows :    5000
Stream buffer bytes:  256000
Read   buffer bytes: 1048576

Total logical records skipped:          0
Total logical records read:      10850214
Total logical records rejected:         0
Total logical records discarded:        0
Total stream buffers loaded by SQL*Loader main thread:     2998
Total stream buffers loaded by SQL*Loader load thread:     8476

Run began on Wed May 31 20:35:24 2023
Run ended on Wed May 31 20:47:55 2023

Elapsed time was:     00:12:31.87
CPU time was:         00:00:42.66
----------------------------------------------------

   Execution report of /pdt/CAPGEMINI/OUTIL_CHARGEMENT_IMS/outil_V2/DB2/DMT/DB2/common/load/RunSqlLoader.sh

----------------------------------------------------

SQL*Loader: Release 19.0.0.0.0 - Production on Wed May 31 20:35:24 2023
Version 19.3.0.0.0

Copyright (c) 1982, 2019, Oracle and/or its affiliates.  All rights reserved.

Path used:      Direct

Load completed - logical record count 10850214.

Table P0101B:
  10850214 Rows successfully loaded.

Check the log file:
  /pdt/CAPGEMINI/OUTIL_CHARGEMENT_IMS/outil_V2/DB2/DMT/DB2/common/load/log/charge_P0101B00.log
for more information about the load.

 number of rows inserted not checked 