
SQL*Loader: Release 19.0.0.0.0 - Production on Wed May 31 23:08:01 2023
Version 19.3.0.0.0

Copyright (c) 1982, 2019, Oracle and/or its affiliates.  All rights reserved.

Control File:   /pdt/CAPGEMINI/OUTIL_CHARGEMENT_IMS/outil_V2/DB2/DMT/DB2/common/load/tmp/P3302A_30108.ctl
Data File:      Tab.U.P3302A.DR00.del
  File processing option string: "str '@%@!
'"
  Bad File:     /pdt/CAPGEMINI/OUTIL_CHARGEMENT_IMS/outil_V2/DB2/DMT/DB2/common/load/tmp/charge_P3302A00.bad
  Discard File:  none specified
 
 (Allow all discards)

Number to load: ALL
Number to skip: 0
Errors allowed: 10
Continuation:    none specified
Path used:      Direct

Table P3302A, loaded from every logical record.
Insert option in effect for this table: REPLACE

   Column Name                  Position   Len  Term Encl Datatype
------------------------------ ---------- ----- ---- ---- ---------------------
TSP02A                              FIRST     *   ;  O(") DATETIME YYYYMMDDHH24MISSFF6
NUP02A                               NEXT     *   ;  O(") CHARACTER            
CXCVG                                NEXT     *   ;  O(") CHARACTER            
DECVG                                NEXT     *   ;  O(") DATE YYYYMMDD        
LNCVG                                NEXT    81   ;  O(") CHARACTER            
CDSIR                                NEXT     9   ;  O(") CHARACTER            
CZNAE                                NEXT     5   ;  O(") CHARACTER            
CKETAG                               NEXT     *   ;  O(") CHARACTER            
CMETAG                               NEXT     2   ;  O(") CHARACTER            
DFCVG                                NEXT     *   ;  O(") DATE YYYYMMDD        
DESAI1                               NEXT     *   ;  O(") DATE YYYYMMDD        
DFSAI1                               NEXT     *   ;  O(") DATE YYYYMMDD        
DESAI2                               NEXT     *   ;  O(") DATE YYYYMMDD        
DFSAI2                               NEXT     *   ;  O(") DATE YYYYMMDD        
DECES1                               NEXT     *   ;  O(") DATE YYYYMMDD        
DFCES1                               NEXT     *   ;  O(") DATE YYYYMMDD        
DECES2                               NEXT     *   ;  O(") DATE YYYYMMDD        
DFCES2                               NEXT     *   ;  O(") DATE YYYYMMDD        
DEAFR1                               NEXT     *   ;  O(") DATE YYYYMMDD        
DFAFR1                               NEXT     *   ;  O(") DATE YYYYMMDD        
DEAFR2                               NEXT     *   ;  O(") DATE YYYYMMDD        
DFAFR2                               NEXT     *   ;  O(") DATE YYYYMMDD        
DERTR1                               NEXT     *   ;  O(") DATE YYYYMMDD        
DFRTR1                               NEXT     *   ;  O(") DATE YYYYMMDD        
DERTR2                               NEXT     *   ;  O(") DATE YYYYMMDD        
DFRTR2                               NEXT     *   ;  O(") DATE YYYYMMDD        
DICRE                                NEXT     *   ;  O(") DATE YYYYMMDD        
CXAGC                                NEXT    10   ;  O(") CHARACTER            
CXASS1                               NEXT     3   ;  O(") CHARACTER            
DIMAJ                                NEXT     *   ;  O(") DATE YYYYMMDD        
CXAGM                                NEXT    10   ;  O(") CHARACTER            
CXASS2                               NEXT     3   ;  O(") CHARACTER            

The following index(es) on table P3302A were processed:
index RSOV0200.IP3302A1 loaded successfully with 114 keys
index RSOV0200.XP3302AA loaded successfully with 114 keys

Table P3302A:
  114 Rows successfully loaded.
  0 Rows not loaded due to data errors.
  0 Rows not loaded because all WHEN clauses were failed.
  0 Rows not loaded because all fields were null.

  Date cache:
   Max Size:      1000
   Entries :       285
   Hits    :       360
   Misses  :         0

Bind array size not used in direct path.
Column array  rows :    5000
Stream buffer bytes:  256000
Read   buffer bytes: 1048576

Total logical records skipped:          0
Total logical records read:           114
Total logical records rejected:         0
Total logical records discarded:        0
Total stream buffers loaded by SQL*Loader main thread:        1
Total stream buffers loaded by SQL*Loader load thread:        0

Run began on Wed May 31 23:08:01 2023
Run ended on Wed May 31 23:08:02 2023

Elapsed time was:     00:00:00.51
CPU time was:         00:00:00.06
----------------------------------------------------

   Execution report of /pdt/CAPGEMINI/OUTIL_CHARGEMENT_IMS/outil_V2/DB2/DMT/DB2/common/load/RunSqlLoader.sh

----------------------------------------------------

SQL*Loader: Release 19.0.0.0.0 - Production on Wed May 31 23:08:01 2023
Version 19.3.0.0.0

Copyright (c) 1982, 2019, Oracle and/or its affiliates.  All rights reserved.

Path used:      Direct

Load completed - logical record count 114.

Table P3302A:
  114 Rows successfully loaded.

Check the log file:
  /pdt/CAPGEMINI/OUTIL_CHARGEMENT_IMS/outil_V2/DB2/DMT/DB2/common/load/log/charge_P3302A00.log
for more information about the load.

 number of rows inserted not checked 