
SQL*Loader: Release 19.0.0.0.0 - Production on Thu Jun 1 00:42:16 2023
Version 19.3.0.0.0

Copyright (c) 1982, 2019, Oracle and/or its affiliates.  All rights reserved.

Control File:   /pdt/CAPGEMINI/OUTIL_CHARGEMENT_IMS/outil_V2/DB2/DMT/DB2/common/load/tmp/P1140A_30108.ctl
Data File:      Tab.U.P1140A.DR00.del
  File processing option string: "str '@%@!
'"
  Bad File:     /pdt/CAPGEMINI/OUTIL_CHARGEMENT_IMS/outil_V2/DB2/DMT/DB2/common/load/tmp/charge_P1140A_ACTIVITE00.bad
  Discard File:  none specified
 
 (Allow all discards)

Number to load: ALL
Number to skip: 0
Errors allowed: 10
Continuation:    none specified
Path used:      Direct

Table P1140A_ACTIVITE, loaded from every logical record.
Insert option in effect for this table: REPLACE

   Column Name                  Position   Len  Term Encl Datatype
------------------------------ ---------- ----- ---- ---- ---------------------
CXASS                               FIRST     3   ;  O(") CHARACTER            
CXALAF                               NEXT     *   ;  O(") CHARACTER            
CXNUM                                NEXT     *   ;  O(") CHARACTER            
DSAAN                                NEXT     *   ;  O(") CHARACTER            
CSMMN                                NEXT     *   ;  O(") CHARACTER            
DIAME                                NEXT     *   ;  O(") DATE YYYYMMDD        
TSP                                  NEXT     *   ;  O(") DATETIME YYYYMMDDHH24MISSFF6
FSDSM                                NEXT     *   ;  O(") CHARACTER            
PSJDN                                NEXT     *   ;  O(") CHARACTER            
PSJDM                                NEXT     *   ;  O(") CHARACTER            
QMBPN                                NEXT     *   ;  O(") CHARACTER            
CSINO                                NEXT     1   ;  O(") CHARACTER            
CSINN                                NEXT     1   ;  O(") CHARACTER            
CSINM                                NEXT     1   ;  O(") CHARACTER            
DMARM                                NEXT     *   ;  O(") DATE YYYYMMDD        
PSHAN                                NEXT     *   ;  O(") CHARACTER            
QMBAJ                                NEXT     *   ;  O(") CHARACTER            
PSHAJ                                NEXT     *   ;  O(") CHARACTER            
FSMAN                                NEXT     1   ;  O(") CHARACTER            
DSMAN                                NEXT     *   ;  O(") CHARACTER            
QMBAE                                NEXT     *   ;  O(") CHARACTER            
PSDEN                                NEXT     *   ;  O(") CHARACTER            
QMBAD                                NEXT     *   ;  O(") CHARACTER            
QMJSN                                NEXT     *   ;  O(") CHARACTER            
PSDEM                                NEXT     *   ;  O(") CHARACTER            
PSHAD                                NEXT     *   ;  O(") CHARACTER            
FSINTA                               NEXT     *   ;  O(") CHARACTER            
FSPNJ                                NEXT     1   ;  O(") CHARACTER            
PSTAR                                NEXT     *   ;  O(") CHARACTER            
QMNAR                                NEXT     *   ;  O(") CHARACTER            
FSRFO                                NEXT     1   ;  O(") CHARACTER            
QMMRP                                NEXT     *   ;  O(") CHARACTER            

The following index(es) on table P1140A_ACTIVITE were processed:
index RSOV0200.IP1140A1 partition P1140A_ACTIVITE_DR_17_PART loaded successfully with 9841629 keys
index RSOV0200.IP1140A1 partition P1140A_ACTIVITE_DR_32_PART loaded successfully with 12273874 keys
index RSOV0200.IP1140A1 partition P1140A_ACTIVITE_DR_51_PART loaded successfully with 8187059 keys
index RSOV0200.IP1140A1 partition P1140A_ACTIVITE_DR_65_PART loaded successfully with 1041274 keys
index RSOV0200.UP1140A1 partition P1140A_ACTIVITE_DR_17_PART loaded successfully with 9841629 keys
index RSOV0200.UP1140A1 partition P1140A_ACTIVITE_DR_32_PART loaded successfully with 12273874 keys
index RSOV0200.UP1140A1 partition P1140A_ACTIVITE_DR_51_PART loaded successfully with 8187059 keys
index RSOV0200.UP1140A1 partition P1140A_ACTIVITE_DR_65_PART loaded successfully with 1041274 keys

Table P1140A_ACTIVITE:
  31343836 Rows successfully loaded.
  0 Rows not loaded due to data errors.
  0 Rows not loaded because all WHEN clauses were failed.
  0 Rows not loaded because all fields were null.

  Date conversion cache disabled due to overflow (default size: 1000)

  Partition P1140A_ACTIVITE_DR_17_PART: 9841629 Rows loaded.
  Partition P1140A_ACTIVITE_DR_32_PART: 12273874 Rows loaded.
  Partition P1140A_ACTIVITE_DR_51_PART: 8187059 Rows loaded.
  Partition P1140A_ACTIVITE_DR_65_PART: 1041274 Rows loaded.

Bind array size not used in direct path.
Column array  rows :    5000
Stream buffer bytes:  256000
Read   buffer bytes: 1048576

Total logical records skipped:          0
Total logical records read:      31343836
Total logical records rejected:         0
Total logical records discarded:        0
Total stream buffers loaded by SQL*Loader main thread:    12070
Total stream buffers loaded by SQL*Loader load thread:    12138

Run began on Thu Jun 01 00:42:16 2023
Run ended on Thu Jun 01 00:56:02 2023

Elapsed time was:     00:13:46.09
CPU time was:         00:02:13.47
----------------------------------------------------

   Execution report of /pdt/CAPGEMINI/OUTIL_CHARGEMENT_IMS/outil_V2/DB2/DMT/DB2/common/load/RunSqlLoader.sh

----------------------------------------------------

SQL*Loader: Release 19.0.0.0.0 - Production on Thu Jun 1 00:42:16 2023
Version 19.3.0.0.0

Copyright (c) 1982, 2019, Oracle and/or its affiliates.  All rights reserved.

Path used:      Direct

Load completed - logical record count 31343836.

Table P1140A_ACTIVITE:
  31343836 Rows successfully loaded.

Check the log file:
  /pdt/CAPGEMINI/OUTIL_CHARGEMENT_IMS/outil_V2/DB2/DMT/DB2/common/load/log/charge_P1140A_ACTIVITE00.log
for more information about the load.

 number of rows inserted not checked 