
SQL*Loader: Release 19.0.0.0.0 - Production on Wed May 31 22:03:50 2023
Version 19.3.0.0.0

Copyright (c) 1982, 2019, Oracle and/or its affiliates.  All rights reserved.

Control File:   /pdt/CAPGEMINI/OUTIL_CHARGEMENT_IMS/outil_V2/DB2/DMT/DB2/common/load/tmp/P0161F_30108.ctl
Data File:      Tab.U.P0161F.DR00.del
  File processing option string: "str '@%@!
'"
  Bad File:     /pdt/CAPGEMINI/OUTIL_CHARGEMENT_IMS/outil_V2/DB2/DMT/DB2/common/load/tmp/charge_P0161F00.bad
  Discard File:  none specified
 
 (Allow all discards)

Number to load: ALL
Number to skip: 0
Errors allowed: 10
Continuation:    none specified
Path used:      Direct

Table P0161F, loaded from every logical record.
Insert option in effect for this table: REPLACE

   Column Name                  Position   Len  Term Encl Datatype
------------------------------ ---------- ----- ---- ---- ---------------------
TSP61F                              FIRST     *   ;  O(") DATETIME YYYYMMDDHH24MISSFF6
NUP61F                               NEXT     *   ;  O(") CHARACTER            
CXALA                                NEXT     *   ;  O(") CHARACTER            
CDCIV                                NEXT     5   ;  O(") CHARACTER            
CMUSU                                NEXT     *   ;  O(") CHARACTER            
LNIND1                               NEXT    30   ;  O(") CHARACTER            
LNPIN                                NEXT    25   ;  O(") CHARACTER            
LNIND2                               NEXT    30   ;  O(") CHARACTER            
LNIND3                               NEXT    30   ;  O(") CHARACTER            
DDNAI                                NEXT     *   ;  O(") DATE YYYYMMDD        
DFIND                                NEXT     *   ;  O(") DATE YYYYMMDD        
ISNIR                                NEXT    15   ;  O(") CHARACTER            
CKNIR                                NEXT     *   ;  O(") CHARACTER            
CDURS                                NEXT    18   ;  O(") CHARACTER            
QKDSF                                NEXT     *   ;  O(") CHARACTER            
CMSF                                 NEXT     *   ;  O(") CHARACTER            
CZNIN                                NEXT     *   ;  O(") CHARACTER            
DFSEJ                                NEXT     *   ;  O(") DATE YYYYMMDD        
LJGLOP                               NEXT    40   ;  O(") CHARACTER            
LJGLOM                               NEXT    40   ;  O(") CHARACTER            
LJGLOS                               NEXT    40   ;  O(") CHARACTER            
DIMAJ                                NEXT     *   ;  O(") DATE YYYYMMDD        
CXAGM                                NEXT    10   ;  O(") CHARACTER            
DICRE                                NEXT     *   ;  O(") DATE YYYYMMDD        
CXAGC                                NEXT    10   ;  O(") CHARACTER            
CDACR                                NEXT     3   ;  O(") CHARACTER            
CDAMJ                                NEXT     3   ;  O(") CHARACTER            
CDDPTN                               NEXT     3   ;  O(") CHARACTER            
ADLCON                               NEXT    40   ;  O(") CHARACTER            
CDCMNN                               NEXT     5   ;  O(") CHARACTER            
CDPAYN                               NEXT     3   ;  O(") CHARACTER            
FIRTR                                NEXT     1   ;  O(") CHARACTER            
FIFON                                NEXT     1   ;  O(") CHARACTER            
DFPRT                                NEXT     *   ;  O(") DATE YYYYMMDD        
CMCES                                NEXT     2   ;  O(") CHARACTER            
CINAI                                NEXT     1   ;  O(") CHARACTER            

The following index(es) on table P0161F were processed:
index RSOV0200.IP0161F1 loaded successfully with 1180512 keys

Table P0161F:
  1180512 Rows successfully loaded.
  0 Rows not loaded due to data errors.
  0 Rows not loaded because all WHEN clauses were failed.
  0 Rows not loaded because all fields were null.

  Date cache:
   Max Size:      1000
   Entries :        89
   Hits    :   2360935
   Misses  :         0

Bind array size not used in direct path.
Column array  rows :    5000
Stream buffer bytes:  256000
Read   buffer bytes: 1048576

Total logical records skipped:          0
Total logical records read:       1180512
Total logical records rejected:         0
Total logical records discarded:        0
Total stream buffers loaded by SQL*Loader main thread:      445
Total stream buffers loaded by SQL*Loader load thread:      667

Run began on Wed May 31 22:03:50 2023
Run ended on Wed May 31 22:04:35 2023

Elapsed time was:     00:00:44.50
CPU time was:         00:00:03.06
----------------------------------------------------

   Execution report of /pdt/CAPGEMINI/OUTIL_CHARGEMENT_IMS/outil_V2/DB2/DMT/DB2/common/load/RunSqlLoader.sh

----------------------------------------------------

SQL*Loader: Release 19.0.0.0.0 - Production on Wed May 31 22:03:50 2023
Version 19.3.0.0.0

Copyright (c) 1982, 2019, Oracle and/or its affiliates.  All rights reserved.

Path used:      Direct

Load completed - logical record count 1180512.

Table P0161F:
  1180512 Rows successfully loaded.

Check the log file:
  /pdt/CAPGEMINI/OUTIL_CHARGEMENT_IMS/outil_V2/DB2/DMT/DB2/common/load/log/charge_P0161F00.log
for more information about the load.

 number of rows inserted not checked 