
SQL*Loader: Release 19.0.0.0.0 - Production on Thu Jun 1 07:10:56 2023
Version 19.3.0.0.0

Copyright (c) 1982, 2019, Oracle and/or its affiliates.  All rights reserved.

Control File:   /pdt/CAPGEMINI/OUTIL_CHARGEMENT_IMS/outil_V2/DB2/DMT/DB2/common/load/tmp/PD2A03_30108.ctl
Data File:      Tab.U.PD2A03.DR00.del
  File processing option string: "str '@%@!
'"
  Bad File:     /pdt/CAPGEMINI/OUTIL_CHARGEMENT_IMS/outil_V2/DB2/DMT/DB2/common/load/tmp/charge_PD2A0300.bad
  Discard File:  none specified
 
 (Allow all discards)

Number to load: ALL
Number to skip: 0
Errors allowed: 10
Continuation:    none specified
Path used:      Direct

Table PD2A03, loaded from every logical record.
Insert option in effect for this table: REPLACE

   Column Name                  Position   Len  Term Encl Datatype
------------------------------ ---------- ----- ---- ---- ---------------------
SH2A03                              FIRST     *   ;  O(") DATETIME YYYYMMDDHH24MISSFF6
CSORG9                               NEXT     *   ;  O(") CHARACTER            
CSPHC                                NEXT     5   ;  O(") CHARACTER            
DSTRTG                               NEXT     *   ;  O(") DATE YYYYMMDD        
HSTRT9                               NEXT     8   ;  O(") CHARACTER            
CSJOB                                NEXT     8   ;  O(") CHARACTER            
CSPRG                                NEXT     8   ;  O(") CHARACTER            
CBSGM                                NEXT     4   ;  O(") CHARACTER            
CDTYA1                               NEXT     4   ;  O(") CHARACTER            
CTYACS                               NEXT     1   ;  O(") CHARACTER            
CBDPF                                NEXT     2   ;  O(") CHARACTER            
RSAG1                                NEXT     8   ;  O(") CHARACTER            
RSIN0                                NEXT     8   ;  O(") CHARACTER            
LBL79A                               NEXT    79   ;  O(") CHARACTER            
LBL79B                               NEXT    79   ;  O(") CHARACTER            
CDFAE                                NEXT    16   ;  O(") CHARACTER            
CDECE                                NEXT     8   ;  O(") CHARACTER            
CCZSG                                NEXT  2968   ;  O(") CHARACTER            


Table PD2A03:
  0 Rows successfully loaded.
  0 Rows not loaded due to data errors.
  0 Rows not loaded because all WHEN clauses were failed.
  0 Rows not loaded because all fields were null.

Bind array size not used in direct path.
Column array  rows :    5000
Stream buffer bytes:  256000
Read   buffer bytes: 1048576

Total logical records skipped:          0
Total logical records read:             0
Total logical records rejected:         0
Total logical records discarded:        0
Total stream buffers loaded by SQL*Loader main thread:        0
Total stream buffers loaded by SQL*Loader load thread:        0

Run began on Thu Jun 01 07:10:56 2023
Run ended on Thu Jun 01 07:10:57 2023

Elapsed time was:     00:00:00.22
CPU time was:         00:00:00.05
----------------------------------------------------

   Execution report of /pdt/CAPGEMINI/OUTIL_CHARGEMENT_IMS/outil_V2/DB2/DMT/DB2/common/load/RunSqlLoader.sh

----------------------------------------------------

SQL*Loader: Release 19.0.0.0.0 - Production on Thu Jun 1 07:10:56 2023
Version 19.3.0.0.0

Copyright (c) 1982, 2019, Oracle and/or its affiliates.  All rights reserved.

Path used:      Direct

Load completed - logical record count 0.

Table PD2A03:
  0 Rows successfully loaded.

Check the log file:
  /pdt/CAPGEMINI/OUTIL_CHARGEMENT_IMS/outil_V2/DB2/DMT/DB2/common/load/log/charge_PD2A0300.log
for more information about the load.

 number of rows inserted not checked 