
SQL*Loader: Release 19.0.0.0.0 - Production on Thu Jun 1 00:12:23 2023
Version 19.3.0.0.0

Copyright (c) 1982, 2019, Oracle and/or its affiliates.  All rights reserved.

Control File:   /pdt/CAPGEMINI/OUTIL_CHARGEMENT_IMS/outil_V2/DB2/DMT/DB2/common/load/tmp/P0151F_30108.ctl
Data File:      Tab.U.P0151F.DR00.del
  File processing option string: "str '@%@!
'"
  Bad File:     /pdt/CAPGEMINI/OUTIL_CHARGEMENT_IMS/outil_V2/DB2/DMT/DB2/common/load/tmp/charge_P0151F00.bad
  Discard File:  none specified
 
 (Allow all discards)

Number to load: ALL
Number to skip: 0
Errors allowed: 10
Continuation:    none specified
Path used:      Direct

Table P0151F, loaded from every logical record.
Insert option in effect for this table: REPLACE

   Column Name                  Position   Len  Term Encl Datatype
------------------------------ ---------- ----- ---- ---- ---------------------
TSP51F                              FIRST     *   ;  O(") DATETIME YYYYMMDDHH24MISSFF6
NUP51F                               NEXT     *   ;  O(") CHARACTER            
CXAS3                                NEXT     3   ;  O(") CHARACTER            
CXALA                                NEXT     *   ;  O(") CHARACTER            
CDCIV                                NEXT     5   ;  O(") CHARACTER            
CMUSU                                NEXT     *   ;  O(") CHARACTER            
LNIND1                               NEXT    30   ;  O(") CHARACTER            
LNPIN                                NEXT    25   ;  O(") CHARACTER            
LNIND2                               NEXT    30   ;  O(") CHARACTER            
LNIND3                               NEXT    30   ;  O(") CHARACTER            
DDNAI                                NEXT     *   ;  O(") DATE YYYYMMDD        
DFIND                                NEXT     *   ;  O(") DATE YYYYMMDD        
ISNIR                                NEXT    15   ;  O(") CHARACTER            
CKNIR                                NEXT     *   ;  O(") CHARACTER            
CDURS                                NEXT    18   ;  O(") CHARACTER            
QKDSF                                NEXT     *   ;  O(") CHARACTER            
CMSF                                 NEXT     *   ;  O(") CHARACTER            
CZNIN                                NEXT     *   ;  O(") CHARACTER            
DFSEJ                                NEXT     *   ;  O(") DATE YYYYMMDD        
LJGLOP                               NEXT    40   ;  O(") CHARACTER            
LJGLOM                               NEXT    40   ;  O(") CHARACTER            
LJGLOS                               NEXT    40   ;  O(") CHARACTER            
DIMAJ                                NEXT     *   ;  O(") DATE YYYYMMDD        
CXAGM                                NEXT    10   ;  O(") CHARACTER            
DICRE                                NEXT     *   ;  O(") DATE YYYYMMDD        
CXAGC                                NEXT    10   ;  O(") CHARACTER            
CDACR                                NEXT     3   ;  O(") CHARACTER            
CDAMJ                                NEXT     3   ;  O(") CHARACTER            
CDDPTN                               NEXT     3   ;  O(") CHARACTER            
ADLCON                               NEXT    40   ;  O(") CHARACTER            
CDCMNN                               NEXT     5   ;  O(") CHARACTER            
CDPAYN                               NEXT     3   ;  O(") CHARACTER            
FIRTR                                NEXT     1   ;  O(") CHARACTER            
FIFON                                NEXT     1   ;  O(") CHARACTER            
DFPRT                                NEXT     *   ;  O(") DATE YYYYMMDD        
CMCES                                NEXT     2   ;  O(") CHARACTER            
CINAI                                NEXT     1   ;  O(") CHARACTER            
DDNAIP                               NEXT     6   ;  O(") CHARACTER            
CDSEX                                NEXT     1   ;  O(") CHARACTER            
CDRGS                                NEXT     2   ;  O(") CHARACTER            
CDONI                                NEXT     *   ;  O(") CHARACTER            
CDSTN                                NEXT     *   ;  O(") CHARACTER            
ISRGS                                NEXT    15   ;  O(") CHARACTER            
CKCNI                                NEXT     2   ;  O(") CHARACTER            
DICNI                                NEXT     *   ;  O(") DATE YYYYMMDD        
LZOCN                                NEXT     5   ;  O(") CHARACTER            
LZOCR                                NEXT     6   ;  O(") CHARACTER            
CKABO                                NEXT     1   ;  O(") CHARACTER            
DIABO                                NEXT     *   ;  O(") DATE YYYYMMDD        
DFINDC                               NEXT     *   ;  O(") DATE YYYYMMDD        
CFINDC                               NEXT     1   ;  O(") CHARACTER            
LNNAIC                               NEXT    63   ;  O(") CHARACTER            
LRNAIC                               NEXT    54   ;  O(") CHARACTER            
LNCOR                                NEXT    30   ;  O(") CHARACTER            
LRCOR                                NEXT    25   ;  O(") CHARACTER            
LJGLOR                               NEXT    40   ;  O(") CHARACTER            
CDFISC                               NEXT     1   ;  O(") CHARACTER            
DEFISC                               NEXT     *   ;  O(") DATE YYYYMMDD        
DETRFR                               NEXT     *   ;  O(") DATE YYYYMMDD        
DVENAA                               NEXT     *   ;  O(") DATE YYYYMMDD        

The following index(es) on table P0151F were processed:
index RSOV0200.IP0151F1 loaded successfully with 3467702 keys
index RSOV0200.TP0151F1 partition P0151F_DR_01_PART loaded successfully with 24 keys
index RSOV0200.TP0151F1 partition P0151F_DR_12_PART loaded successfully with 3 keys
index RSOV0200.TP0151F1 partition P0151F_DR_13_PART loaded successfully with 18 keys
index RSOV0200.TP0151F1 partition P0151F_DR_16_PART loaded successfully with 53 keys
index RSOV0200.TP0151F1 partition P0151F_DR_17_PART loaded successfully with 1077852 keys
index RSOV0200.TP0151F1 partition P0151F_DR_20_PART loaded successfully with 14 keys
index RSOV0200.TP0151F1 partition P0151F_DR_24_PART loaded successfully with 60 keys
index RSOV0200.TP0151F1 partition P0151F_DR_25_PART loaded successfully with 35 keys
index RSOV0200.TP0151F1 partition P0151F_DR_26_PART loaded successfully with 16 keys
index RSOV0200.TP0151F1 partition P0151F_DR_27_PART loaded successfully with 13 keys
index RSOV0200.TP0151F1 partition P0151F_DR_31_PART loaded successfully with 38 keys
index RSOV0200.TP0151F1 partition P0151F_DR_32_PART loaded successfully with 1448178 keys
index RSOV0200.TP0151F1 partition P0151F_DR_34_PART loaded successfully with 91 keys
index RSOV0200.TP0151F1 partition P0151F_DR_35_PART loaded successfully with 25 keys
index RSOV0200.TP0151F1 partition P0151F_DR_39_PART loaded successfully with 14 keys
index RSOV0200.TP0151F1 partition P0151F_DR_40_PART loaded successfully with 12 keys
index RSOV0200.TP0151F1 partition P0151F_DR_41_PART loaded successfully with 25 keys
index RSOV0200.TP0151F1 partition P0151F_DR_44_PART loaded successfully with 23 keys
index RSOV0200.TP0151F1 partition P0151F_DR_46_PART loaded successfully with 40 keys
index RSOV0200.TP0151F1 partition P0151F_DR_48_PART loaded successfully with 28 keys
index RSOV0200.TP0151F1 partition P0151F_DR_49_PART loaded successfully with 49 keys
index RSOV0200.TP0151F1 partition P0151F_DR_50_PART loaded successfully with 55 keys
index RSOV0200.TP0151F1 partition P0151F_DR_51_PART loaded successfully with 757840 keys
index RSOV0200.TP0151F1 partition P0151F_DR_56_PART loaded successfully with 49 keys
index RSOV0200.TP0151F1 partition P0151F_DR_57_PART loaded successfully with 115 keys
index RSOV0200.TP0151F1 partition P0151F_DR_61_PART loaded successfully with 80 keys
index RSOV0200.TP0151F1 partition P0151F_DR_63_PART loaded successfully with 109 keys
index RSOV0200.TP0151F1 partition P0151F_DR_65_PART loaded successfully with 182796 keys
index RSOV0200.TP0151F1 partition P0151F_DR_66_PART loaded successfully with 7 keys
index RSOV0200.TP0151F1 partition P0151F_DR_67_PART loaded successfully with 11 keys
index RSOV0200.TP0151F1 partition P0151F_DR_68_PART loaded successfully with 12 keys
index RSOV0200.TP0151F1 partition P0151F_DR_69_PART loaded successfully with 4 keys
index RSOV0200.TP0151F1 partition P0151F_DR_71_PART loaded successfully with 13 keys
index RSOV0200.XP0151FA partition P0151F_DR_01_PART loaded successfully with 24 keys
index RSOV0200.XP0151FA partition P0151F_DR_12_PART loaded successfully with 3 keys
index RSOV0200.XP0151FA partition P0151F_DR_13_PART loaded successfully with 18 keys
index RSOV0200.XP0151FA partition P0151F_DR_16_PART loaded successfully with 53 keys
index RSOV0200.XP0151FA partition P0151F_DR_17_PART loaded successfully with 895929 keys
index RSOV0200.XP0151FA partition P0151F_DR_20_PART loaded successfully with 14 keys
index RSOV0200.XP0151FA partition P0151F_DR_24_PART loaded successfully with 60 keys
index RSOV0200.XP0151FA partition P0151F_DR_25_PART loaded successfully with 35 keys
index RSOV0200.XP0151FA partition P0151F_DR_26_PART loaded successfully with 16 keys
index RSOV0200.XP0151FA partition P0151F_DR_27_PART loaded successfully with 13 keys
index RSOV0200.XP0151FA partition P0151F_DR_31_PART loaded successfully with 38 keys
index RSOV0200.XP0151FA partition P0151F_DR_32_PART loaded successfully with 1188003 keys
index RSOV0200.XP0151FA partition P0151F_DR_34_PART loaded successfully with 91 keys
index RSOV0200.XP0151FA partition P0151F_DR_35_PART loaded successfully with 25 keys
index RSOV0200.XP0151FA partition P0151F_DR_39_PART loaded successfully with 14 keys
index RSOV0200.XP0151FA partition P0151F_DR_40_PART loaded successfully with 12 keys
index RSOV0200.XP0151FA partition P0151F_DR_41_PART loaded successfully with 25 keys
index RSOV0200.XP0151FA partition P0151F_DR_44_PART loaded successfully with 23 keys
index RSOV0200.XP0151FA partition P0151F_DR_46_PART loaded successfully with 40 keys
index RSOV0200.XP0151FA partition P0151F_DR_48_PART loaded successfully with 28 keys
index RSOV0200.XP0151FA partition P0151F_DR_49_PART loaded successfully with 49 keys
index RSOV0200.XP0151FA partition P0151F_DR_50_PART loaded successfully with 55 keys
index RSOV0200.XP0151FA partition P0151F_DR_51_PART loaded successfully with 622440 keys
index RSOV0200.XP0151FA partition P0151F_DR_56_PART loaded successfully with 49 keys
index RSOV0200.XP0151FA partition P0151F_DR_57_PART loaded successfully with 115 keys
index RSOV0200.XP0151FA partition P0151F_DR_61_PART loaded successfully with 80 keys
index RSOV0200.XP0151FA partition P0151F_DR_63_PART loaded successfully with 109 keys
index RSOV0200.XP0151FA partition P0151F_DR_65_PART loaded successfully with 151487 keys
index RSOV0200.XP0151FA partition P0151F_DR_66_PART loaded successfully with 7 keys
index RSOV0200.XP0151FA partition P0151F_DR_67_PART loaded successfully with 11 keys
index RSOV0200.XP0151FA partition P0151F_DR_68_PART loaded successfully with 12 keys
index RSOV0200.XP0151FA partition P0151F_DR_69_PART loaded successfully with 4 keys
index RSOV0200.XP0151FA partition P0151F_DR_71_PART loaded successfully with 13 keys
index RSOV0200.XP0151FD partition P0151F_DR_01_PART loaded successfully with 9 keys
index RSOV0200.XP0151FD partition P0151F_DR_12_PART loaded successfully with 2 keys
index RSOV0200.XP0151FD partition P0151F_DR_13_PART loaded successfully with 11 keys
index RSOV0200.XP0151FD partition P0151F_DR_16_PART loaded successfully with 27 keys
index RSOV0200.XP0151FD partition P0151F_DR_17_PART loaded successfully with 579319 keys
index RSOV0200.XP0151FD partition P0151F_DR_20_PART loaded successfully with 9 keys
index RSOV0200.XP0151FD partition P0151F_DR_24_PART loaded successfully with 27 keys
index RSOV0200.XP0151FD partition P0151F_DR_25_PART loaded successfully with 15 keys
index RSOV0200.XP0151FD partition P0151F_DR_26_PART loaded successfully with 10 keys
index RSOV0200.XP0151FD partition P0151F_DR_27_PART loaded successfully with 7 keys
index RSOV0200.XP0151FD partition P0151F_DR_31_PART loaded successfully with 21 keys
index RSOV0200.XP0151FD partition P0151F_DR_32_PART loaded successfully with 762312 keys
index RSOV0200.XP0151FD partition P0151F_DR_34_PART loaded successfully with 47 keys
index RSOV0200.XP0151FD partition P0151F_DR_35_PART loaded successfully with 14 keys
index RSOV0200.XP0151FD partition P0151F_DR_39_PART loaded successfully with 5 keys
index RSOV0200.XP0151FD partition P0151F_DR_40_PART loaded successfully with 8 keys
index RSOV0200.XP0151FD partition P0151F_DR_41_PART loaded successfully with 7 keys
index RSOV0200.XP0151FD partition P0151F_DR_44_PART loaded successfully with 12 keys
index RSOV0200.XP0151FD partition P0151F_DR_46_PART loaded successfully with 19 keys
index RSOV0200.XP0151FD partition P0151F_DR_48_PART loaded successfully with 10 keys
index RSOV0200.XP0151FD partition P0151F_DR_49_PART loaded successfully with 25 keys
index RSOV0200.XP0151FD partition P0151F_DR_50_PART loaded successfully with 25 keys
index RSOV0200.XP0151FD partition P0151F_DR_51_PART loaded successfully with 392638 keys
index RSOV0200.XP0151FD partition P0151F_DR_56_PART loaded successfully with 21 keys
index RSOV0200.XP0151FD partition P0151F_DR_57_PART loaded successfully with 71 keys
index RSOV0200.XP0151FD partition P0151F_DR_61_PART loaded successfully with 33 keys
index RSOV0200.XP0151FD partition P0151F_DR_63_PART loaded successfully with 54 keys
index RSOV0200.XP0151FD partition P0151F_DR_65_PART loaded successfully with 95556 keys
index RSOV0200.XP0151FD partition P0151F_DR_66_PART loaded successfully with 6 keys
index RSOV0200.XP0151FD partition P0151F_DR_67_PART loaded successfully with 5 keys
index RSOV0200.XP0151FD partition P0151F_DR_68_PART loaded successfully with 5 keys
index RSOV0200.XP0151FD partition P0151F_DR_69_PART loaded successfully with 4 keys
index RSOV0200.XP0151FD partition P0151F_DR_71_PART loaded successfully with 11 keys
index RSOV0200.XP0151FE partition P0151F_DR_01_PART loaded successfully with 24 keys
index RSOV0200.XP0151FE partition P0151F_DR_12_PART loaded successfully with 3 keys
index RSOV0200.XP0151FE partition P0151F_DR_13_PART loaded successfully with 18 keys
index RSOV0200.XP0151FE partition P0151F_DR_16_PART loaded successfully with 53 keys
index RSOV0200.XP0151FE partition P0151F_DR_17_PART loaded successfully with 1077852 keys
index RSOV0200.XP0151FE partition P0151F_DR_20_PART loaded successfully with 14 keys
index RSOV0200.XP0151FE partition P0151F_DR_24_PART loaded successfully with 60 keys
index RSOV0200.XP0151FE partition P0151F_DR_25_PART loaded successfully with 35 keys
index RSOV0200.XP0151FE partition P0151F_DR_26_PART loaded successfully with 16 keys
index RSOV0200.XP0151FE partition P0151F_DR_27_PART loaded successfully with 13 keys
index RSOV0200.XP0151FE partition P0151F_DR_31_PART loaded successfully with 38 keys
index RSOV0200.XP0151FE partition P0151F_DR_32_PART loaded successfully with 1448178 keys
index RSOV0200.XP0151FE partition P0151F_DR_34_PART loaded successfully with 91 keys
index RSOV0200.XP0151FE partition P0151F_DR_35_PART loaded successfully with 25 keys
index RSOV0200.XP0151FE partition P0151F_DR_39_PART loaded successfully with 14 keys
index RSOV0200.XP0151FE partition P0151F_DR_40_PART loaded successfully with 12 keys
index RSOV0200.XP0151FE partition P0151F_DR_41_PART loaded successfully with 25 keys
index RSOV0200.XP0151FE partition P0151F_DR_44_PART loaded successfully with 23 keys
index RSOV0200.XP0151FE partition P0151F_DR_46_PART loaded successfully with 40 keys
index RSOV0200.XP0151FE partition P0151F_DR_48_PART loaded successfully with 28 keys
index RSOV0200.XP0151FE partition P0151F_DR_49_PART loaded successfully with 49 keys
index RSOV0200.XP0151FE partition P0151F_DR_50_PART loaded successfully with 55 keys
index RSOV0200.XP0151FE partition P0151F_DR_51_PART loaded successfully with 757840 keys
index RSOV0200.XP0151FE partition P0151F_DR_56_PART loaded successfully with 49 keys
index RSOV0200.XP0151FE partition P0151F_DR_57_PART loaded successfully with 115 keys
index RSOV0200.XP0151FE partition P0151F_DR_61_PART loaded successfully with 80 keys
index RSOV0200.XP0151FE partition P0151F_DR_63_PART loaded successfully with 109 keys
index RSOV0200.XP0151FE partition P0151F_DR_65_PART loaded successfully with 182796 keys
index RSOV0200.XP0151FE partition P0151F_DR_66_PART loaded successfully with 7 keys
index RSOV0200.XP0151FE partition P0151F_DR_67_PART loaded successfully with 11 keys
index RSOV0200.XP0151FE partition P0151F_DR_68_PART loaded successfully with 12 keys
index RSOV0200.XP0151FE partition P0151F_DR_69_PART loaded successfully with 4 keys
index RSOV0200.XP0151FE partition P0151F_DR_71_PART loaded successfully with 13 keys

Table P0151F:
  3467702 Rows successfully loaded.
  0 Rows not loaded due to data errors.
  0 Rows not loaded because all WHEN clauses were failed.
  0 Rows not loaded because all fields were null.

  Date conversion cache disabled due to overflow (default size: 1000)

  Partition P0151F_DR_01_PART: 24 Rows loaded.
  Partition P0151F_DR_12_PART: 3 Rows loaded.
  Partition P0151F_DR_13_PART: 18 Rows loaded.
  Partition P0151F_DR_16_PART: 53 Rows loaded.
  Partition P0151F_DR_17_PART: 1077852 Rows loaded.
  Partition P0151F_DR_20_PART: 14 Rows loaded.
  Partition P0151F_DR_24_PART: 60 Rows loaded.
  Partition P0151F_DR_25_PART: 35 Rows loaded.
  Partition P0151F_DR_26_PART: 16 Rows loaded.
  Partition P0151F_DR_27_PART: 13 Rows loaded.
  Partition P0151F_DR_31_PART: 38 Rows loaded.
  Partition P0151F_DR_32_PART: 1448178 Rows loaded.
  Partition P0151F_DR_34_PART: 91 Rows loaded.
  Partition P0151F_DR_35_PART: 25 Rows loaded.
  Partition P0151F_DR_39_PART: 14 Rows loaded.
  Partition P0151F_DR_40_PART: 12 Rows loaded.
  Partition P0151F_DR_41_PART: 25 Rows loaded.
  Partition P0151F_DR_44_PART: 23 Rows loaded.
  Partition P0151F_DR_46_PART: 40 Rows loaded.
  Partition P0151F_DR_48_PART: 28 Rows loaded.
  Partition P0151F_DR_49_PART: 49 Rows loaded.
  Partition P0151F_DR_50_PART: 55 Rows loaded.
  Partition P0151F_DR_51_PART: 757840 Rows loaded.
  Partition P0151F_DR_56_PART: 49 Rows loaded.
  Partition P0151F_DR_57_PART: 115 Rows loaded.
  Partition P0151F_DR_61_PART: 80 Rows loaded.
  Partition P0151F_DR_63_PART: 109 Rows loaded.
  Partition P0151F_DR_65_PART: 182796 Rows loaded.
  Partition P0151F_DR_66_PART: 7 Rows loaded.
  Partition P0151F_DR_67_PART: 11 Rows loaded.
  Partition P0151F_DR_68_PART: 12 Rows loaded.
  Partition P0151F_DR_69_PART: 4 Rows loaded.
  Partition P0151F_DR_71_PART: 13 Rows loaded.

Bind array size not used in direct path.
Column array  rows :    5000
Stream buffer bytes:  256000
Read   buffer bytes: 1048576

Total logical records skipped:          0
Total logical records read:       3467702
Total logical records rejected:         0
Total logical records discarded:        0
Total stream buffers loaded by SQL*Loader main thread:     2210
Total stream buffers loaded by SQL*Loader load thread:     6629

Run began on Thu Jun 01 00:12:23 2023
Run ended on Thu Jun 01 00:22:37 2023

Elapsed time was:     00:10:13.58
CPU time was:         00:00:26.24
----------------------------------------------------

   Execution report of /pdt/CAPGEMINI/OUTIL_CHARGEMENT_IMS/outil_V2/DB2/DMT/DB2/common/load/RunSqlLoader.sh

----------------------------------------------------

SQL*Loader: Release 19.0.0.0.0 - Production on Thu Jun 1 00:12:23 2023
Version 19.3.0.0.0

Copyright (c) 1982, 2019, Oracle and/or its affiliates.  All rights reserved.

Path used:      Direct

Load completed - logical record count 3467702.

Table P0151F:
  3467702 Rows successfully loaded.

Check the log file:
  /pdt/CAPGEMINI/OUTIL_CHARGEMENT_IMS/outil_V2/DB2/DMT/DB2/common/load/log/charge_P0151F00.log
for more information about the load.

 number of rows inserted not checked 