
SQL*Loader: Release 19.0.0.0.0 - Production on Wed May 31 23:16:27 2023
Version 19.3.0.0.0

Copyright (c) 1982, 2019, Oracle and/or its affiliates.  All rights reserved.

Control File:   /pdt/CAPGEMINI/OUTIL_CHARGEMENT_IMS/outil_V2/DB2/DMT/DB2/common/load/tmp/PD2G04_30108.ctl
Data File:      Tab.U.PD2G04.DR00.del
  File processing option string: "str '@%@!
'"
  Bad File:     /pdt/CAPGEMINI/OUTIL_CHARGEMENT_IMS/outil_V2/DB2/DMT/DB2/common/load/tmp/charge_PD2G0400.bad
  Discard File:  none specified
 
 (Allow all discards)

Number to load: ALL
Number to skip: 0
Errors allowed: 10
Continuation:    none specified
Path used:      Direct

Table PD2G04, loaded from every logical record.
Insert option in effect for this table: REPLACE

   Column Name                  Position   Len  Term Encl Datatype
------------------------------ ---------- ----- ---- ---- ---------------------
SH2G04                              FIRST     *   ;  O(") DATETIME YYYYMMDDHH24MISSFF6
CXASS7                               NEXT     2   ;  O(") CHARACTER            
CSPJR                                NEXT     3   ;  O(") CHARACTER            
CDTYPR                               NEXT     3   ;  O(") CHARACTER            
CSSTYP                               NEXT     3   ;  O(") CHARACTER            
LSLPDI                               NEXT    30   ;  O(") CHARACTER            
LSLPDL                               NEXT    63   ;  O(") CHARACTER            
CSCPNR                               NEXT     1   ;  O(") CHARACTER            
CSFACR                               NEXT     1   ;  O(") CHARACTER            
QMFPNR                               NEXT     *   ;  O(") CHARACTER            
CSPCPA                               NEXT     1   ;  O(") CHARACTER            
CSCPRE                               NEXT     1   ;  O(") CHARACTER            
CSCOPP                               NEXT     1   ;  O(") CHARACTER            
CSCPNI                               NEXT     1   ;  O(") CHARACTER            
CSCINT                               NEXT     1   ;  O(") CHARACTER            
CSCCOT                               NEXT     1   ;  O(") CHARACTER            
CSINSD                               NEXT     1   ;  O(") CHARACTER            
CSLIAP                               NEXT     1   ;  O(") CHARACTER            
CSEQIS                               NEXT     1   ;  O(") CHARACTER            
CSSDUD                               NEXT     1   ;  O(") CHARACTER            
CSSMAS                               NEXT     1   ;  O(") CHARACTER            
NSCVA                                NEXT    11   ;  O(") CHARACTER            

The following index(es) on table PD2G04 were processed:
index RSOV0200.IPD2G041 loaded successfully with 1659 keys

Table PD2G04:
  1659 Rows successfully loaded.
  0 Rows not loaded due to data errors.
  0 Rows not loaded because all WHEN clauses were failed.
  0 Rows not loaded because all fields were null.

  Date conversion cache disabled due to overflow (default size: 1000)

Bind array size not used in direct path.
Column array  rows :    5000
Stream buffer bytes:  256000
Read   buffer bytes: 1048576

Total logical records skipped:          0
Total logical records read:          1659
Total logical records rejected:         0
Total logical records discarded:        0
Total stream buffers loaded by SQL*Loader main thread:        1
Total stream buffers loaded by SQL*Loader load thread:        1

Run began on Wed May 31 23:16:27 2023
Run ended on Wed May 31 23:16:27 2023

Elapsed time was:     00:00:00.42
CPU time was:         00:00:00.04
----------------------------------------------------

   Execution report of /pdt/CAPGEMINI/OUTIL_CHARGEMENT_IMS/outil_V2/DB2/DMT/DB2/common/load/RunSqlLoader.sh

----------------------------------------------------

SQL*Loader: Release 19.0.0.0.0 - Production on Wed May 31 23:16:27 2023
Version 19.3.0.0.0

Copyright (c) 1982, 2019, Oracle and/or its affiliates.  All rights reserved.

Path used:      Direct

Load completed - logical record count 1659.

Table PD2G04:
  1659 Rows successfully loaded.

Check the log file:
  /pdt/CAPGEMINI/OUTIL_CHARGEMENT_IMS/outil_V2/DB2/DMT/DB2/common/load/log/charge_PD2G0400.log
for more information about the load.

 number of rows inserted not checked 