
SQL*Loader: Release 19.0.0.0.0 - Production on Wed May 31 21:55:25 2023
Version 19.3.0.0.0

Copyright (c) 1982, 2019, Oracle and/or its affiliates.  All rights reserved.

Control File:   /pdt/CAPGEMINI/OUTIL_CHARGEMENT_IMS/outil_V2/DB2/DMT/DB2/common/load/tmp/P0161C_30108.ctl
Data File:      Tab.U.P0161C.DR00.del
  File processing option string: "str '@%@!
'"
  Bad File:     /pdt/CAPGEMINI/OUTIL_CHARGEMENT_IMS/outil_V2/DB2/DMT/DB2/common/load/tmp/charge_P0161C00.bad
  Discard File:  none specified
 
 (Allow all discards)

Number to load: ALL
Number to skip: 0
Errors allowed: 10
Continuation:    none specified
Path used:      Direct

Table P0161C, loaded from every logical record.
Insert option in effect for this table: REPLACE

   Column Name                  Position   Len  Term Encl Datatype
------------------------------ ---------- ----- ---- ---- ---------------------
TSP61C                              FIRST     *   ;  O(") DATETIME YYYYMMDDHH24MISSFF6
NUP61C                               NEXT     *   ;  O(") CHARACTER            
CXALA                                NEXT     *   ;  O(") CHARACTER            
CXADR                                NEXT     *   ;  O(") CHARACTER            
AZTYP                                NEXT     1   ;  O(") CHARACTER            
DEADR                                NEXT     *   ;  O(") DATE YYYYMMDD        
DFADR                                NEXT     *   ;  O(") DATE YYYYMMDD        
AMDST                                NEXT    40   ;  O(") CHARACTER            
AMCPL                                NEXT    40   ;  O(") CHARACTER            
AHNRU                                NEXT     5   ;  O(") CHARACTER            
AVRUE                                NEXT    32   ;  O(") CHARACTER            
CXVOI                                NEXT     8   ;  O(") CHARACTER            
AIDIS                                NEXT    40   ;  O(") CHARACTER            
AOPOS                                NEXT     5   ;  O(") CHARACTER            
AOPOX                                NEXT     5   ;  O(") CHARACTER            
CDDPTA                               NEXT     3   ;  O(") CHARACTER            
CDCMN                                NEXT     5   ;  O(") CHARACTER            
ADBDIS                               NEXT    40   ;  O(") CHARACTER            
CDMSD                                NEXT     5   ;  O(") CHARACTER            
CDPAY                                NEXT     3   ;  O(") CHARACTER            
CDNPAI                               NEXT     1   ;  O(") CHARACTER            
CDTEL1                               NEXT    10   ;  O(") CHARACTER            
CDTEL2                               NEXT    10   ;  O(") CHARACTER            
CDFAX                                NEXT    10   ;  O(") CHARACTER            
CDEMA                                NEXT    60   ;  O(") CHARACTER            
DICRE                                NEXT     *   ;  O(") DATE YYYYMMDD        
CXAGC                                NEXT    10   ;  O(") CHARACTER            
DIMAJ                                NEXT     *   ;  O(") DATE YYYYMMDD        
CXAGM                                NEXT    10   ;  O(") CHARACTER            
CDACR                                NEXT     3   ;  O(") CHARACTER            
CDAMJ                                NEXT     3   ;  O(") CHARACTER            
CXADRC                               NEXT     *   ;  O(") CHARACTER            
CXASSG                               NEXT     3   ;  O(") CHARACTER            

The following index(es) on table P0161C were processed:
index RSOV0200.IP0161C1 loaded successfully with 8072847 keys

Table P0161C:
  8072847 Rows successfully loaded.
  0 Rows not loaded due to data errors.
  0 Rows not loaded because all WHEN clauses were failed.
  0 Rows not loaded because all fields were null.

  Date conversion cache disabled due to overflow (default size: 1000)

Bind array size not used in direct path.
Column array  rows :    5000
Stream buffer bytes:  256000
Read   buffer bytes: 1048576

Total logical records skipped:          0
Total logical records read:       8072847
Total logical records rejected:         0
Total logical records discarded:        0
Total stream buffers loaded by SQL*Loader main thread:     2985
Total stream buffers loaded by SQL*Loader load thread:     3702

Run began on Wed May 31 21:55:25 2023
Run ended on Wed May 31 22:00:39 2023

Elapsed time was:     00:05:14.30
CPU time was:         00:00:27.36
----------------------------------------------------

   Execution report of /pdt/CAPGEMINI/OUTIL_CHARGEMENT_IMS/outil_V2/DB2/DMT/DB2/common/load/RunSqlLoader.sh

----------------------------------------------------

SQL*Loader: Release 19.0.0.0.0 - Production on Wed May 31 21:55:25 2023
Version 19.3.0.0.0

Copyright (c) 1982, 2019, Oracle and/or its affiliates.  All rights reserved.

Path used:      Direct

Load completed - logical record count 8072847.

Table P0161C:
  8072847 Rows successfully loaded.

Check the log file:
  /pdt/CAPGEMINI/OUTIL_CHARGEMENT_IMS/outil_V2/DB2/DMT/DB2/common/load/log/charge_P0161C00.log
for more information about the load.

 number of rows inserted not checked 