
SQL*Loader: Release 19.0.0.0.0 - Production on Thu Jun 1 07:50:23 2023
Version 19.3.0.0.0

Copyright (c) 1982, 2019, Oracle and/or its affiliates.  All rights reserved.

Control File:   /pdt/CAPGEMINI/OUTIL_CHARGEMENT_IMS/outil_V2/DB2/DMT/DB2/common/load/tmp/PD2I2S_30108.ctl
Data File:      Tab.U.PD2I2S.DR00.del
  File processing option string: "str '@%@!
'"
  Bad File:     /pdt/CAPGEMINI/OUTIL_CHARGEMENT_IMS/outil_V2/DB2/DMT/DB2/common/load/tmp/charge_PD2I2S00.bad
  Discard File:  none specified
 
 (Allow all discards)

Number to load: ALL
Number to skip: 0
Errors allowed: 10
Continuation:    none specified
Path used:      Direct

Table PD2I2S, loaded from every logical record.
Insert option in effect for this table: REPLACE

   Column Name                  Position   Len  Term Encl Datatype
------------------------------ ---------- ----- ---- ---- ---------------------
SH2I2S                              FIRST     *   ;  O(") DATETIME YYYYMMDDHH24MISSFF6
CSORGS                               NEXT     *   ;  O(") CHARACTER            
NSFICN                               NEXT     *   ;  O(") CHARACTER            
RSIN                                 NEXT     8   ;  O(") CHARACTER            
RSA2S                                NEXT     2   ;  O(") CHARACTER            
DERENG                               NEXT     *   ;  O(") DATE YYYYMMDD        
FSAPPA                               NEXT     1   ;  O(") CHARACTER            
FIBMA                                NEXT     1   ;  O(") CHARACTER            
NSAID5                               NEXT     *   ;  O(") CHARACTER            
FSDBA                                NEXT     1   ;  O(") CHARACTER            
FSTRF                                NEXT     1   ;  O(") CHARACTER            
FSEPP                                NEXT     1   ;  O(") CHARACTER            
FSABJ                                NEXT     1   ;  O(") CHARACTER            
LSCNAG                               NEXT    32   ;  O(") CHARACTER            
DDORK9                               NEXT     *   ;  O(") DATE YYYYMMDD        
DEMIGG                               NEXT     *   ;  O(") DATE YYYYMMDD        
HEKLQ                                NEXT     *   ;  O(") CHARACTER            
FSBRR                                NEXT     1   ;  O(") CHARACTER            
DEMNRG                               NEXT     *   ;  O(") DATE YYYYMMDD        
DDPPMG                               NEXT     *   ;  O(") DATE YYYYMMDD        
RSPECM                               NEXT     *   ;  O(") CHARACTER            
CSNAC                                NEXT     3   ;  O(") CHARACTER            
DDPFMG                               NEXT     *   ;  O(") DATE YYYYMMDD        
DEKLIG                               NEXT     *   ;  O(") DATE YYYYMMDD        
CSP1MA                               NEXT     1   ;  O(") CHARACTER            
FFCTP                                NEXT     1   ;  O(") CHARACTER            
DSTGAG                               NEXT     *   ;  O(") DATE YYYYMMDD        
DDEMIG                               NEXT     *   ;  O(") DATE YYYYMMDD        
DEFLWG                               NEXT     *   ;  O(") DATE YYYYMMDD        
DSDRFG                               NEXT     *   ;  O(") DATE YYYYMMDD        
DEDCOG                               NEXT     *   ;  O(") DATE YYYYMMDD        
FSINE                                NEXT     1   ;  O(") CHARACTER            
QMBPN2                               NEXT     *   ;  O(") CHARACTER            
DDDRVG                               NEXT     *   ;  O(") DATE YYYYMMDD        
QMRSQ8                               NEXT     *   ;  O(") CHARACTER            
PSRELW                               NEXT     *   ;  O(") CHARACTER            
DDVRLG                               NEXT     *   ;  O(") DATE YYYYMMDD        
DFDECG                               NEXT     *   ;  O(") DATE YYYYMMDD        
DDAIDG                               NEXT     *   ;  O(") DATE YYYYMMDD        
DFAIDG                               NEXT     *   ;  O(") DATE YYYYMMDD        
DSFDTG                               NEXT     *   ;  O(") DATE YYYYMMDD        
PSALF2                               NEXT     *   ;  O(") CHARACTER            
DACTUG                               NEXT     *   ;  O(") DATE YYYYMMDD        
DDRE1G                               NEXT     *   ;  O(") DATE YYYYMMDD        
QSNMQ3                               NEXT     *   ;  O(") CHARACTER            
DDRE2G                               NEXT     *   ;  O(") DATE YYYYMMDD        
QSNMQ4                               NEXT     *   ;  O(") CHARACTER            
DDREPG                               NEXT     *   ;  O(") DATE YYYYMMDD        
QSNMQ6                               NEXT     *   ;  O(") CHARACTER            


Table PD2I2S:
  0 Rows successfully loaded.
  0 Rows not loaded due to data errors.
  0 Rows not loaded because all WHEN clauses were failed.
  0 Rows not loaded because all fields were null.

Bind array size not used in direct path.
Column array  rows :    5000
Stream buffer bytes:  256000
Read   buffer bytes: 1048576

Total logical records skipped:          0
Total logical records read:             0
Total logical records rejected:         0
Total logical records discarded:        0
Total stream buffers loaded by SQL*Loader main thread:        0
Total stream buffers loaded by SQL*Loader load thread:        0

Run began on Thu Jun 01 07:50:23 2023
Run ended on Thu Jun 01 07:50:24 2023

Elapsed time was:     00:00:00.30
CPU time was:         00:00:00.08
----------------------------------------------------

   Execution report of /pdt/CAPGEMINI/OUTIL_CHARGEMENT_IMS/outil_V2/DB2/DMT/DB2/common/load/RunSqlLoader.sh

----------------------------------------------------

SQL*Loader: Release 19.0.0.0.0 - Production on Thu Jun 1 07:50:23 2023
Version 19.3.0.0.0

Copyright (c) 1982, 2019, Oracle and/or its affiliates.  All rights reserved.

Path used:      Direct

Load completed - logical record count 0.

Table PD2I2S:
  0 Rows successfully loaded.

Check the log file:
  /pdt/CAPGEMINI/OUTIL_CHARGEMENT_IMS/outil_V2/DB2/DMT/DB2/common/load/log/charge_PD2I2S00.log
for more information about the load.

 number of rows inserted not checked 