
SQL*Loader: Release 19.0.0.0.0 - Production on Thu Jun 1 10:22:34 2023
Version 19.3.0.0.0

Copyright (c) 1982, 2019, Oracle and/or its affiliates.  All rights reserved.

Control File:   /pdt/CAPGEMINI/OUTIL_CHARGEMENT_IMS/outil_V2/DB2/DMT/DB2/common/load/tmp/PD2S01_30108.ctl
Data File:      Tab.U.PD2S01.DR00.del
  File processing option string: "str '@%@!
'"
  Bad File:     /pdt/CAPGEMINI/OUTIL_CHARGEMENT_IMS/outil_V2/DB2/DMT/DB2/common/load/tmp/charge_PD2S0100.bad
  Discard File:  none specified
 
 (Allow all discards)

Number to load: ALL
Number to skip: 0
Errors allowed: 10
Continuation:    none specified
Path used:      Direct

Table PD2S01, loaded from every logical record.
Insert option in effect for this table: REPLACE

   Column Name                  Position   Len  Term Encl Datatype
------------------------------ ---------- ----- ---- ---- ---------------------
SH2S01                              FIRST     *   ;  O(") DATETIME YYYYMMDDHH24MISSFF6
CSORG9                               NEXT     *   ;  O(") CHARACTER            
DSTRTG                               NEXT     *   ;  O(") DATE YYYYMMDD        
HSTRT9                               NEXT     8   ;  O(") CHARACTER            
CSPHC                                NEXT     5   ;  O(") CHARACTER            
CSJOBT                               NEXT     8   ;  O(") CHARACTER            
NUORE8                               NEXT     *   ;  O(") CHARACTER            
RSAG1                                NEXT     8   ;  O(") CHARACTER            
ZGEVT                                NEXT  8000   ;  O(") CHARACTER            

The following index(es) on table PD2S01 were processed:
index RSOV0200.JPD2S011 partition PD2S01_DR_32_PART loaded successfully with 17 keys
index RSOV0200.JPD2S011 partition PD2S01_DR_65_PART loaded successfully with 30 keys

Table PD2S01:
  47 Rows successfully loaded.
  0 Rows not loaded due to data errors.
  0 Rows not loaded because all WHEN clauses were failed.
  0 Rows not loaded because all fields were null.

  Date cache:
   Max Size:      1000
   Entries :        64
   Hits    :        30
   Misses  :         0

  Partition PD2S01_DR_32_PART: 17 Rows loaded.
  Partition PD2S01_DR_65_PART: 30 Rows loaded.

Bind array size not used in direct path.
Column array  rows :    5000
Stream buffer bytes:  256000
Read   buffer bytes: 1048576

Total logical records skipped:          0
Total logical records read:            47
Total logical records rejected:         0
Total logical records discarded:        0
Total stream buffers loaded by SQL*Loader main thread:        1
Total stream buffers loaded by SQL*Loader load thread:        0

Run began on Thu Jun 01 10:22:34 2023
Run ended on Thu Jun 01 10:22:34 2023

Elapsed time was:     00:00:00.31
CPU time was:         00:00:00.06
----------------------------------------------------

   Execution report of /pdt/CAPGEMINI/OUTIL_CHARGEMENT_IMS/outil_V2/DB2/DMT/DB2/common/load/RunSqlLoader.sh

----------------------------------------------------

SQL*Loader: Release 19.0.0.0.0 - Production on Thu Jun 1 10:22:34 2023
Version 19.3.0.0.0

Copyright (c) 1982, 2019, Oracle and/or its affiliates.  All rights reserved.

Path used:      Direct

Load completed - logical record count 47.

Table PD2S01:
  47 Rows successfully loaded.

Check the log file:
  /pdt/CAPGEMINI/OUTIL_CHARGEMENT_IMS/outil_V2/DB2/DMT/DB2/common/load/log/charge_PD2S0100.log
for more information about the load.

 number of rows inserted not checked 