
SQL*Loader: Release 19.0.0.0.0 - Production on Wed May 31 21:46:10 2023
Version 19.3.0.0.0

Copyright (c) 1982, 2019, Oracle and/or its affiliates.  All rights reserved.

Control File:   /pdt/CAPGEMINI/OUTIL_CHARGEMENT_IMS/outil_V2/DB2/DMT/DB2/common/load/tmp/P0151R_30108.ctl
Data File:      Tab.U.P0151R.DR00.del
  File processing option string: "str '@%@!
'"
  Bad File:     /pdt/CAPGEMINI/OUTIL_CHARGEMENT_IMS/outil_V2/DB2/DMT/DB2/common/load/tmp/charge_P0151R00.bad
  Discard File:  none specified
 
 (Allow all discards)

Number to load: ALL
Number to skip: 0
Errors allowed: 10
Continuation:    none specified
Path used:      Direct

Table P0151R, loaded from every logical record.
Insert option in effect for this table: REPLACE

   Column Name                  Position   Len  Term Encl Datatype
------------------------------ ---------- ----- ---- ---- ---------------------
TSP51R                              FIRST     *   ;  O(") DATETIME YYYYMMDDHH24MISSFF6
NUP51R                               NEXT     *   ;  O(") CHARACTER            
CXALA                                NEXT     *   ;  O(") CHARACTER            
CXASS                                NEXT     3   ;  O(") CHARACTER            
CXIN                                 NEXT     8   ;  O(") CHARACTER            
NZAGDS                               NEXT    10   ;  O(") CHARACTER            
CSAGF                                NEXT     3   ;  O(") CHARACTER            
CDDPI                                NEXT     *   ;  O(") CHARACTER            
DFSJAG                               NEXT     *   ;  O(") DATE YYYYMMDD        
CDAGD9                               NEXT     1   ;  O(") CHARACTER            
CMAGF                                NEXT   160   ;  O(") CHARACTER            
CXAGV                                NEXT    10   ;  O(") CHARACTER            
DATDEI                               NEXT     *   ;  O(") DATE YYYYMMDD        
DIMAJ                                NEXT     *   ;  O(") DATE YYYYMMDD        
CXAGM                                NEXT    10   ;  O(") CHARACTER            
DICRE                                NEXT     *   ;  O(") DATE YYYYMMDD        
CXAGC                                NEXT    10   ;  O(") CHARACTER            
CDACR                                NEXT     3   ;  O(") CHARACTER            
CDAMJ                                NEXT     3   ;  O(") CHARACTER            
NZAGDT                               NEXT    10   ;  O(") CHARACTER            
LNAGDT                               NEXT    44   ;  O(") CHARACTER            
LNAGDR                               NEXT    44   ;  O(") CHARACTER            
LRAGDR                               NEXT    32   ;  O(") CHARACTER            
DDAGDR                               NEXT     8   ;  O(") CHARACTER            
DDAGDT                               NEXT     *   ;  O(") DATE YYYYMMDD        
LLPAGR                               NEXT    30   ;  O(") CHARACTER            
CDPAGT                               NEXT     3   ;  O(") CHARACTER            
LLNIAR                               NEXT    30   ;  O(") CHARACTER            
LLEAGR                               NEXT    30   ;  O(") CHARACTER            
CDSEXG                               NEXT     1   ;  O(") CHARACTER            
CDERAG                               NEXT     1   ;  O(") CHARACTER            
LLMAGR                               NEXT    50   ;  O(") CHARACTER            
LLMAGC                               NEXT   100   ;  O(") CHARACTER            
CCINS                                NEXT     1   ;  O(") CHARACTER            
CDPTTG                               NEXT     3   ;  O(") CHARACTER            
DDSJAR                               NEXT     *   ;  O(") DATE YYYYMMDD        
DFSJAR                               NEXT     *   ;  O(") DATE YYYYMMDD        

The following index(es) on table P0151R were processed:
index RSOV0200.IP0151R1 loaded successfully with 280027 keys
index RSOV0200.XP0151RA loaded successfully with 279542 keys

Table P0151R:
  280027 Rows successfully loaded.
  0 Rows not loaded due to data errors.
  0 Rows not loaded because all WHEN clauses were failed.
  0 Rows not loaded because all fields were null.

  Date conversion cache disabled due to overflow (default size: 1000)

Bind array size not used in direct path.
Column array  rows :    5000
Stream buffer bytes:  256000
Read   buffer bytes: 1048576

Total logical records skipped:          0
Total logical records read:        280027
Total logical records rejected:         0
Total logical records discarded:        0
Total stream buffers loaded by SQL*Loader main thread:      127
Total stream buffers loaded by SQL*Loader load thread:      376

Run began on Wed May 31 21:46:10 2023
Run ended on Wed May 31 21:46:34 2023

Elapsed time was:     00:00:23.33
CPU time was:         00:00:01.40
----------------------------------------------------

   Execution report of /pdt/CAPGEMINI/OUTIL_CHARGEMENT_IMS/outil_V2/DB2/DMT/DB2/common/load/RunSqlLoader.sh

----------------------------------------------------

SQL*Loader: Release 19.0.0.0.0 - Production on Wed May 31 21:46:10 2023
Version 19.3.0.0.0

Copyright (c) 1982, 2019, Oracle and/or its affiliates.  All rights reserved.

Path used:      Direct

Load completed - logical record count 280027.

Table P0151R:
  280027 Rows successfully loaded.

Check the log file:
  /pdt/CAPGEMINI/OUTIL_CHARGEMENT_IMS/outil_V2/DB2/DMT/DB2/common/load/log/charge_P0151R00.log
for more information about the load.

 number of rows inserted not checked 