
SQL*Loader: Release 19.0.0.0.0 - Production on Wed May 31 23:16:41 2023
Version 19.3.0.0.0

Copyright (c) 1982, 2019, Oracle and/or its affiliates.  All rights reserved.

Control File:   /pdt/CAPGEMINI/OUTIL_CHARGEMENT_IMS/outil_V2/DB2/DMT/DB2/common/load/tmp/PT3711_30108.ctl
Data File:      Tab.U.PT3711.DR00.del
  File processing option string: "str '@%@!
'"
  Bad File:     /pdt/CAPGEMINI/OUTIL_CHARGEMENT_IMS/outil_V2/DB2/DMT/DB2/common/load/tmp/charge_PT371100.bad
  Discard File:  none specified
 
 (Allow all discards)

Number to load: ALL
Number to skip: 0
Errors allowed: 10
Continuation:    none specified
Path used:      Direct

Table PT3711, loaded from every logical record.
Insert option in effect for this table: REPLACE

   Column Name                  Position   Len  Term Encl Datatype
------------------------------ ---------- ----- ---- ---- ---------------------
TSP711                              FIRST     *   ;  O(") DATETIME YYYYMMDDHH24MISSFF6
NUP711                               NEXT     *   ;  O(") CHARACTER            
CTMSI                                NEXT     *   ;  O(") DATETIME YYYYMMDDHH24MISSFF6
NOP711                               NEXT     *   ;  O(") CHARACTER            
N1LNG4                               NEXT     *   ;  O(") CHARACTER            
CSLST                                NEXT     1   ;  O(") CHARACTER            
QSLNGL                               NEXT     *   ;  O(") CHARACTER            
GSFLB4                               NEXT  4000   ;  O(") CHARACTER            


Table PT3711:
  0 Rows successfully loaded.
  0 Rows not loaded due to data errors.
  0 Rows not loaded because all WHEN clauses were failed.
  0 Rows not loaded because all fields were null.

Bind array size not used in direct path.
Column array  rows :    5000
Stream buffer bytes:  256000
Read   buffer bytes: 1048576

Total logical records skipped:          0
Total logical records read:             0
Total logical records rejected:         0
Total logical records discarded:        0
Total stream buffers loaded by SQL*Loader main thread:        0
Total stream buffers loaded by SQL*Loader load thread:        0

Run began on Wed May 31 23:16:41 2023
Run ended on Wed May 31 23:16:41 2023

Elapsed time was:     00:00:00.23
CPU time was:         00:00:00.05
----------------------------------------------------

   Execution report of /pdt/CAPGEMINI/OUTIL_CHARGEMENT_IMS/outil_V2/DB2/DMT/DB2/common/load/RunSqlLoader.sh

----------------------------------------------------

SQL*Loader: Release 19.0.0.0.0 - Production on Wed May 31 23:16:41 2023
Version 19.3.0.0.0

Copyright (c) 1982, 2019, Oracle and/or its affiliates.  All rights reserved.

Path used:      Direct

Load completed - logical record count 0.

Table PT3711:
  0 Rows successfully loaded.

Check the log file:
  /pdt/CAPGEMINI/OUTIL_CHARGEMENT_IMS/outil_V2/DB2/DMT/DB2/common/load/log/charge_PT371100.log
for more information about the load.

 number of rows inserted not checked 