
SQL*Loader: Release 19.0.0.0.0 - Production on Thu Jun 1 07:10:54 2023
Version 19.3.0.0.0

Copyright (c) 1982, 2019, Oracle and/or its affiliates.  All rights reserved.

Control File:   /pdt/CAPGEMINI/OUTIL_CHARGEMENT_IMS/outil_V2/DB2/DMT/DB2/common/load/tmp/PD2A01_30108.ctl
Data File:      Tab.U.PD2A01.DR00.del
  File processing option string: "str '@%@!
'"
  Bad File:     /pdt/CAPGEMINI/OUTIL_CHARGEMENT_IMS/outil_V2/DB2/DMT/DB2/common/load/tmp/charge_PD2A0100.bad
  Discard File:  none specified
 
 (Allow all discards)

Number to load: ALL
Number to skip: 0
Errors allowed: 10
Continuation:    none specified
Path used:      Direct

Table PD2A01, loaded from every logical record.
Insert option in effect for this table: REPLACE

   Column Name                  Position   Len  Term Encl Datatype
------------------------------ ---------- ----- ---- ---- ---------------------
CSORG9                              FIRST     *   ;  O(") CHARACTER            
CCIND                                NEXT     8   ;  O(") CHARACTER            
CCBAL9                               NEXT     *   ;  O(") CHARACTER            
CCTEX                                NEXT     2   ;  O(") CHARACTER            
CCMEX                                NEXT     1   ;  O(") CHARACTER            
CCENV                                NEXT     1   ;  O(") CHARACTER            
CCPRO                                NEXT     1   ;  O(") CHARACTER            
DCTRTG                               NEXT     *   ;  O(") DATE YYYYMMDD        
CCPJT                                NEXT     1   ;  O(") CHARACTER            
CCMDL                                NEXT     8   ;  O(") CHARACTER            
CCSES9                               NEXT     *   ;  O(") CHARACTER            
CCBIB                                NEXT     3   ;  O(") CHARACTER            
CCTRAS                               NEXT     4   ;  O(") CHARACTER            
CCUTIS                               NEXT     8   ;  O(") CHARACTER            
DSTRTG                               NEXT     *   ;  O(") DATE YYYYMMDD        
HSTRT9                               NEXT     *   ;  O(") DATE YYYYMMDDHH24MISS
    SQL string for column : "CASE WHEN :HSTRT9 IS NULL THEN NULL WHEN SUBSTR(:HSTRT9,1,2) = '24' THEN '00010102000000' ELSE '00010101' || :HSTRT9 END "
CCTYM                                NEXT     3   ;  O(") CHARACTER            
CCMES                                NEXT     4   ;  O(") CHARACTER            
CSTFE                                NEXT     1   ;  O(") CHARACTER            
CSJOB                                NEXT     8   ;  O(") CHARACTER            
CSSTP                                NEXT     8   ;  O(") CHARACTER            
CSPRG                                NEXT     8   ;  O(") CHARACTER            
CSPGM                                NEXT     6   ;  O(") CHARACTER            
CSABNM                               NEXT     4   ;  O(") CHARACTER            
CSMSG                                NEXT     4   ;  O(") CHARACTER            
LMMSG                                NEXT    80   ;  O(") CHARACTER            
FSDFC                                NEXT     1   ;  O(") CHARACTER            
QSTRC9                               NEXT     *   ;  O(") CHARACTER            
QSTRT9                               NEXT     *   ;  O(") CHARACTER            
QSLIM9                               NEXT     *   ;  O(") CHARACTER            
QSITR9                               NEXT     *   ;  O(") CHARACTER            
FSSIG1                               NEXT     1   ;  O(") CHARACTER            
LGZVA                                NEXT     *   ;  O(") CHARACTER            
ZGDPC                                NEXT  3000   ;  O(") CHARACTER            


Table PD2A01:
  0 Rows successfully loaded.
  0 Rows not loaded due to data errors.
  0 Rows not loaded because all WHEN clauses were failed.
  0 Rows not loaded because all fields were null.

Bind array size not used in direct path.
Column array  rows :    5000
Stream buffer bytes:  256000
Read   buffer bytes: 1048576

Total logical records skipped:          0
Total logical records read:             0
Total logical records rejected:         0
Total logical records discarded:        0
Total stream buffers loaded by SQL*Loader main thread:        0
Total stream buffers loaded by SQL*Loader load thread:        0

Run began on Thu Jun 01 07:10:54 2023
Run ended on Thu Jun 01 07:10:54 2023

Elapsed time was:     00:00:00.27
CPU time was:         00:00:00.06
----------------------------------------------------

   Execution report of /pdt/CAPGEMINI/OUTIL_CHARGEMENT_IMS/outil_V2/DB2/DMT/DB2/common/load/RunSqlLoader.sh

----------------------------------------------------

SQL*Loader: Release 19.0.0.0.0 - Production on Thu Jun 1 07:10:54 2023
Version 19.3.0.0.0

Copyright (c) 1982, 2019, Oracle and/or its affiliates.  All rights reserved.

Path used:      Direct

Load completed - logical record count 0.

Table PD2A01:
  0 Rows successfully loaded.

Check the log file:
  /pdt/CAPGEMINI/OUTIL_CHARGEMENT_IMS/outil_V2/DB2/DMT/DB2/common/load/log/charge_PD2A0100.log
for more information about the load.

 number of rows inserted not checked 