
SQL*Loader: Release 19.0.0.0.0 - Production on Thu Jun 1 08:48:29 2023
Version 19.3.0.0.0

Copyright (c) 1982, 2019, Oracle and/or its affiliates.  All rights reserved.

Control File:   /pdt/CAPGEMINI/OUTIL_CHARGEMENT_IMS/outil_V2/DB2/DMT/DB2/common/load/tmp/PD2M22_30108.ctl
Data File:      Tab.U.PD2M22.DR00.del
  File processing option string: "str '@%@!
'"
  Bad File:     /pdt/CAPGEMINI/OUTIL_CHARGEMENT_IMS/outil_V2/DB2/DMT/DB2/common/load/tmp/charge_PD2M2200.bad
  Discard File:  none specified
 
 (Allow all discards)

Number to load: ALL
Number to skip: 0
Errors allowed: 10
Continuation:    none specified
Path used:      Direct

Table PD2M22, loaded from every logical record.
Insert option in effect for this table: REPLACE

   Column Name                  Position   Len  Term Encl Datatype
------------------------------ ---------- ----- ---- ---- ---------------------
SH2M22                              FIRST     *   ;  O(") DATETIME YYYYMMDDHH24MISSFF6
CSORG9                               NEXT     *   ;  O(") CHARACTER            
CCTYMB                               NEXT     3   ;  O(") CHARACTER            
CCMESB                               NEXT     4   ;  O(") CHARACTER            
CCCRA9                               NEXT     *   ;  O(") CHARACTER            
GCCRI                                NEXT    77   ;  O(") CHARACTER            
IDCOUX                               NEXT    10   ;  O(") CHARACTER            
CCMESX                               NEXT     4   ;  O(") CHARACTER            
DSTRTK                               NEXT     *   ;  O(") DATE YYYYMMDD        
HSTRTK                               NEXT     8   ;  O(") CHARACTER            

The following index(es) on table PD2M22 were processed:
index RSOV0200.IPD2M221 partition PD2M22_DR_17_PART loaded successfully with 46790 keys
index RSOV0200.IPD2M221 partition PD2M22_DR_32_PART loaded successfully with 70384 keys
index RSOV0200.IPD2M221 partition PD2M22_DR_51_PART loaded successfully with 32954 keys
index RSOV0200.IPD2M221 partition PD2M22_DR_65_PART loaded successfully with 9917 keys
index RSOV0200.XPD2M22A partition PD2M22_DR_17_PART loaded successfully with 46790 keys
index RSOV0200.XPD2M22A partition PD2M22_DR_32_PART loaded successfully with 70384 keys
index RSOV0200.XPD2M22A partition PD2M22_DR_51_PART loaded successfully with 32954 keys
index RSOV0200.XPD2M22A partition PD2M22_DR_65_PART loaded successfully with 9917 keys
index RSOV0200.XPD2M22B partition PD2M22_DR_17_PART loaded successfully with 46790 keys
index RSOV0200.XPD2M22B partition PD2M22_DR_32_PART loaded successfully with 70384 keys
index RSOV0200.XPD2M22B partition PD2M22_DR_51_PART loaded successfully with 32954 keys
index RSOV0200.XPD2M22B partition PD2M22_DR_65_PART loaded successfully with 9917 keys

Table PD2M22:
  160045 Rows successfully loaded.
  0 Rows not loaded due to data errors.
  0 Rows not loaded because all WHEN clauses were failed.
  0 Rows not loaded because all fields were null.

  Date conversion cache disabled due to overflow (default size: 1000)

  Partition PD2M22_DR_17_PART: 46790 Rows loaded.
  Partition PD2M22_DR_32_PART: 70384 Rows loaded.
  Partition PD2M22_DR_51_PART: 32954 Rows loaded.
  Partition PD2M22_DR_65_PART: 9917 Rows loaded.

Bind array size not used in direct path.
Column array  rows :    5000
Stream buffer bytes:  256000
Read   buffer bytes: 1048576

Total logical records skipped:          0
Total logical records read:        160045
Total logical records rejected:         0
Total logical records discarded:        0
Total stream buffers loaded by SQL*Loader main thread:       51
Total stream buffers loaded by SQL*Loader load thread:       50

Run began on Thu Jun 01 08:48:29 2023
Run ended on Thu Jun 01 08:48:39 2023

Elapsed time was:     00:00:09.50
CPU time was:         00:00:00.36
----------------------------------------------------

   Execution report of /pdt/CAPGEMINI/OUTIL_CHARGEMENT_IMS/outil_V2/DB2/DMT/DB2/common/load/RunSqlLoader.sh

----------------------------------------------------

SQL*Loader: Release 19.0.0.0.0 - Production on Thu Jun 1 08:48:29 2023
Version 19.3.0.0.0

Copyright (c) 1982, 2019, Oracle and/or its affiliates.  All rights reserved.

Path used:      Direct

Load completed - logical record count 160045.

Table PD2M22:
  160045 Rows successfully loaded.

Check the log file:
  /pdt/CAPGEMINI/OUTIL_CHARGEMENT_IMS/outil_V2/DB2/DMT/DB2/common/load/log/charge_PD2M2200.log
for more information about the load.

 number of rows inserted not checked 