
SQL*Loader: Release 19.0.0.0.0 - Production on Wed May 31 22:54:31 2023
Version 19.3.0.0.0

Copyright (c) 1982, 2019, Oracle and/or its affiliates.  All rights reserved.

Control File:   /pdt/CAPGEMINI/OUTIL_CHARGEMENT_IMS/outil_V2/DB2/DMT/DB2/common/load/tmp/P0171S_30108.ctl
Data File:      Tab.U.P0171S.DR00.del
  File processing option string: "str '@%@!
'"
  Bad File:     /pdt/CAPGEMINI/OUTIL_CHARGEMENT_IMS/outil_V2/DB2/DMT/DB2/common/load/tmp/charge_P0171S00.bad
  Discard File:  none specified
 
 (Allow all discards)

Number to load: ALL
Number to skip: 0
Errors allowed: 10
Continuation:    none specified
Path used:      Direct

Table P0171S, loaded from every logical record.
Insert option in effect for this table: REPLACE

   Column Name                  Position   Len  Term Encl Datatype
------------------------------ ---------- ----- ---- ---- ---------------------
TSP71S                              FIRST     *   ;  O(") DATETIME YYYYMMDDHH24MISSFF6
NUP71S                               NEXT     *   ;  O(") CHARACTER            
CXALA                                NEXT     *   ;  O(") CHARACTER            
CXASS                                NEXT     3   ;  O(") CHARACTER            
CDCRI                                NEXT     2   ;  O(") CHARACTER            
ISCRI                                NEXT    20   ;  O(") CHARACTER            

The following index(es) on table P0171S were processed:
index RSOV0200.IP0171S1 loaded successfully with 683616 keys

Table P0171S:
  683616 Rows successfully loaded.
  0 Rows not loaded due to data errors.
  0 Rows not loaded because all WHEN clauses were failed.
  0 Rows not loaded because all fields were null.

  Date conversion cache disabled due to overflow (default size: 1000)

Bind array size not used in direct path.
Column array  rows :    5000
Stream buffer bytes:  256000
Read   buffer bytes: 1048576

Total logical records skipped:          0
Total logical records read:        683616
Total logical records rejected:         0
Total logical records discarded:        0
Total stream buffers loaded by SQL*Loader main thread:      154
Total stream buffers loaded by SQL*Loader load thread:      103

Run began on Wed May 31 22:54:31 2023
Run ended on Wed May 31 22:54:50 2023

Elapsed time was:     00:00:19.04
CPU time was:         00:00:00.64
----------------------------------------------------

   Execution report of /pdt/CAPGEMINI/OUTIL_CHARGEMENT_IMS/outil_V2/DB2/DMT/DB2/common/load/RunSqlLoader.sh

----------------------------------------------------

SQL*Loader: Release 19.0.0.0.0 - Production on Wed May 31 22:54:31 2023
Version 19.3.0.0.0

Copyright (c) 1982, 2019, Oracle and/or its affiliates.  All rights reserved.

Path used:      Direct

Load completed - logical record count 683616.

Table P0171S:
  683616 Rows successfully loaded.

Check the log file:
  /pdt/CAPGEMINI/OUTIL_CHARGEMENT_IMS/outil_V2/DB2/DMT/DB2/common/load/log/charge_P0171S00.log
for more information about the load.

 number of rows inserted not checked 