
SQL*Loader: Release 19.0.0.0.0 - Production on Wed May 31 22:58:58 2023
Version 19.3.0.0.0

Copyright (c) 1982, 2019, Oracle and/or its affiliates.  All rights reserved.

Control File:   /pdt/CAPGEMINI/OUTIL_CHARGEMENT_IMS/outil_V2/DB2/DMT/DB2/common/load/tmp/P0404Y_30108.ctl
Data File:      Tab.U.P0404Y.DR00.del
  File processing option string: "str '@%@!
'"
  Bad File:     /pdt/CAPGEMINI/OUTIL_CHARGEMENT_IMS/outil_V2/DB2/DMT/DB2/common/load/tmp/charge_P0404Y00.bad
  Discard File:  none specified
 
 (Allow all discards)

Number to load: ALL
Number to skip: 0
Errors allowed: 10
Continuation:    none specified
Path used:      Direct

Table P0404Y, loaded from every logical record.
Insert option in effect for this table: REPLACE

   Column Name                  Position   Len  Term Encl Datatype
------------------------------ ---------- ----- ---- ---- ---------------------
TSP04Y                              FIRST     *   ;  O(") DATETIME YYYYMMDDHH24MISSFF6
NUP04Y                               NEXT     *   ;  O(") CHARACTER            
CDPAYI                               NEXT     2   ;  O(") CHARACTER            
CDIBA                                NEXT    15   ;  O(") CHARACTER            
CDPAYQ                               NEXT     2   ;  O(") CHARACTER            
FISEPA                               NEXT     1   ;  O(") CHARACTER            
CDCODE                               NEXT     8   ;  O(") CHARACTER            
CDCODG                               NEXT     6   ;  O(") CHARACTER            
CDBIC                                NEXT    11   ;  O(") CHARACTER            
LLETBS                               NEXT   105   ;  O(") CHARACTER            
LLGUIS                               NEXT    70   ;  O(") CHARACTER            

The following index(es) on table P0404Y were processed:
index RSOV0200.IP0404Y1 loaded successfully with 180825 keys

Table P0404Y:
  180825 Rows successfully loaded.
  0 Rows not loaded due to data errors.
  0 Rows not loaded because all WHEN clauses were failed.
  0 Rows not loaded because all fields were null.

  Date cache:
   Max Size:      1000
   Entries :         1
   Hits    :    180824
   Misses  :         0

Bind array size not used in direct path.
Column array  rows :    5000
Stream buffer bytes:  256000
Read   buffer bytes: 1048576

Total logical records skipped:          0
Total logical records read:        180825
Total logical records rejected:         0
Total logical records discarded:        0
Total stream buffers loaded by SQL*Loader main thread:       48
Total stream buffers loaded by SQL*Loader load thread:      141

Run began on Wed May 31 22:58:58 2023
Run ended on Wed May 31 22:59:06 2023

Elapsed time was:     00:00:08.10
CPU time was:         00:00:00.31
----------------------------------------------------

   Execution report of /pdt/CAPGEMINI/OUTIL_CHARGEMENT_IMS/outil_V2/DB2/DMT/DB2/common/load/RunSqlLoader.sh

----------------------------------------------------

SQL*Loader: Release 19.0.0.0.0 - Production on Wed May 31 22:58:58 2023
Version 19.3.0.0.0

Copyright (c) 1982, 2019, Oracle and/or its affiliates.  All rights reserved.

Path used:      Direct

Load completed - logical record count 180825.

Table P0404Y:
  180825 Rows successfully loaded.

Check the log file:
  /pdt/CAPGEMINI/OUTIL_CHARGEMENT_IMS/outil_V2/DB2/DMT/DB2/common/load/log/charge_P0404Y00.log
for more information about the load.

 number of rows inserted not checked 