
SQL*Loader: Release 19.0.0.0.0 - Production on Wed May 31 23:16:32 2023
Version 19.3.0.0.0

Copyright (c) 1982, 2019, Oracle and/or its affiliates.  All rights reserved.

Control File:   /pdt/CAPGEMINI/OUTIL_CHARGEMENT_IMS/outil_V2/DB2/DMT/DB2/common/load/tmp/PD2U5D_30108.ctl
Data File:      Tab.U.PD2U5D.DR00.del
  File processing option string: "str '@%@!
'"
  Bad File:     /pdt/CAPGEMINI/OUTIL_CHARGEMENT_IMS/outil_V2/DB2/DMT/DB2/common/load/tmp/charge_PD2U5D00.bad
  Discard File:  none specified
 
 (Allow all discards)

Number to load: ALL
Number to skip: 0
Errors allowed: 10
Continuation:    none specified
Path used:      Direct

Table PD2U5D, loaded from every logical record.
Insert option in effect for this table: REPLACE

   Column Name                  Position   Len  Term Encl Datatype
------------------------------ ---------- ----- ---- ---- ---------------------
SH2U5D                              FIRST     *   ;  O(") DATETIME YYYYMMDDHH24MISSFF6
SH2U5Z                               NEXT     *   ;  O(") DATETIME YYYYMMDDHH24MISSFF6
RSTI                                 NEXT     8   ;  O(") CHARACTER            
CSTIE                                NEXT     2   ;  O(") CHARACTER            
NSTI                                 NEXT     6   ;  O(") CHARACTER            
CMPAI                                NEXT     3   ;  O(") CHARACTER            
RSDB2D                               NEXT     *   ;  O(") CHARACTER            
DDVDTG                               NEXT     *   ;  O(") DATE YYYYMMDD        
DFVDTG                               NEXT     *   ;  O(") DATE YYYYMMDD        
CSMDB3                               NEXT     *   ;  O(") CHARACTER            
CSODB2                               NEXT     5   ;  O(") CHARACTER            
CSRDB2                               NEXT     5   ;  O(") CHARACTER            
NSCDB2                               NEXT    11   ;  O(") CHARACTER            
CSRIB2                               NEXT     2   ;  O(") CHARACTER            
CSPAY2                               NEXT     3   ;  O(") CHARACTER            
LSBAI2                               NEXT    64   ;  O(") CHARACTER            
ASAD6                                NEXT   128   ;  O(") CHARACTER            
RSTIF                                NEXT     8   ;  O(") CHARACTER            
LNTIC                                NEXT    24   ;  O(") CHARACTER            
FSPRIT                               NEXT     1   ;  O(") CHARACTER            
FSPPRT                               NEXT     1   ;  O(") CHARACTER            
DSSPR1                               NEXT     *   ;  O(") DATE YYYYMMDD        
DSDCN1                               NEXT     *   ;  O(") DATE YYYYMMDD        
RSAGT                                NEXT     8   ;  O(") CHARACTER            
DSDMF4                               NEXT     *   ;  O(") DATE YYYYMMDD        
HSDMO1                               NEXT     4   ;  O(") CHARACTER            
CDPIB2                               NEXT     2   ;  O(") CHARACTER            
CDCIBD                               NEXT     *   ;  O(") CHARACTER            
NSCIB2                               NEXT    30   ;  O(") CHARACTER            
CDBIC2                               NEXT    11   ;  O(") CHARACTER            
CDRBI2                               NEXT     3   ;  O(") CHARACTER            

The following index(es) on table PD2U5D were processed:
index RSOV0200.IPD2U5D1 loaded successfully with 464 keys

Table PD2U5D:
  464 Rows successfully loaded.
  0 Rows not loaded due to data errors.
  0 Rows not loaded because all WHEN clauses were failed.
  0 Rows not loaded because all fields were null.

  Date conversion cache disabled due to overflow (default size: 1000)

Bind array size not used in direct path.
Column array  rows :    5000
Stream buffer bytes:  256000
Read   buffer bytes: 1048576

Total logical records skipped:          0
Total logical records read:           464
Total logical records rejected:         0
Total logical records discarded:        0
Total stream buffers loaded by SQL*Loader main thread:        1
Total stream buffers loaded by SQL*Loader load thread:        0

Run began on Wed May 31 23:16:32 2023
Run ended on Wed May 31 23:16:32 2023

Elapsed time was:     00:00:00.37
CPU time was:         00:00:00.04
----------------------------------------------------

   Execution report of /pdt/CAPGEMINI/OUTIL_CHARGEMENT_IMS/outil_V2/DB2/DMT/DB2/common/load/RunSqlLoader.sh

----------------------------------------------------

SQL*Loader: Release 19.0.0.0.0 - Production on Wed May 31 23:16:32 2023
Version 19.3.0.0.0

Copyright (c) 1982, 2019, Oracle and/or its affiliates.  All rights reserved.

Path used:      Direct

Load completed - logical record count 464.

Table PD2U5D:
  464 Rows successfully loaded.

Check the log file:
  /pdt/CAPGEMINI/OUTIL_CHARGEMENT_IMS/outil_V2/DB2/DMT/DB2/common/load/log/charge_PD2U5D00.log
for more information about the load.

 number of rows inserted not checked 