
SQL*Loader: Release 19.0.0.0.0 - Production on Thu Jun 1 08:02:13 2023
Version 19.3.0.0.0

Copyright (c) 1982, 2019, Oracle and/or its affiliates.  All rights reserved.

Control File:   /pdt/CAPGEMINI/OUTIL_CHARGEMENT_IMS/outil_V2/DB2/DMT/DB2/common/load/tmp/PD2M12_30108.ctl
Data File:      Tab.U.PD2M12.DR00.del
  File processing option string: "str '@%@!
'"
  Bad File:     /pdt/CAPGEMINI/OUTIL_CHARGEMENT_IMS/outil_V2/DB2/DMT/DB2/common/load/tmp/charge_PD2M1200.bad
  Discard File:  none specified
 
 (Allow all discards)

Number to load: ALL
Number to skip: 0
Errors allowed: 10
Continuation:    none specified
Path used:      Direct

Table PD2M12, loaded from every logical record.
Insert option in effect for this table: REPLACE

   Column Name                  Position   Len  Term Encl Datatype
------------------------------ ---------- ----- ---- ---- ---------------------
SH2M12                              FIRST     *   ;  O(") DATETIME YYYYMMDDHH24MISSFF6
CSORG9                               NEXT     *   ;  O(") CHARACTER            
CCTYMB                               NEXT     3   ;  O(") CHARACTER            
CCMESB                               NEXT     4   ;  O(") CHARACTER            
CCCRA9                               NEXT     *   ;  O(") CHARACTER            
GCCRI                                NEXT    77   ;  O(") CHARACTER            
CCINDX                               NEXT     8   ;  O(") CHARACTER            
CCMESX                               NEXT     4   ;  O(") CHARACTER            
DSTRTK                               NEXT     *   ;  O(") DATE YYYYMMDD        
HSTRTK                               NEXT     8   ;  O(") CHARACTER            

SQL*Loader-926: OCI error while executing delete/truncate (due to REPLACE/TRUNCATE keyword) for table PD2M12
ORA-30036: unable to extend segment by 8 in undo tablespace 'UNDOTBS'

----------------------------------------------------

   Execution report of /pdt/CAPGEMINI/OUTIL_CHARGEMENT_IMS/outil_V2/DB2/DMT/DB2/common/load/RunSqlLoader.sh

----------------------------------------------------

SQL*Loader: Release 19.0.0.0.0 - Production on Thu Jun 1 08:02:13 2023
Version 19.3.0.0.0

Copyright (c) 1982, 2019, Oracle and/or its affiliates.  All rights reserved.

Path used:      Direct
