
SQL*Loader: Release 19.0.0.0.0 - Production on Thu Jun 1 06:17:23 2023
Version 19.3.0.0.0

Copyright (c) 1982, 2019, Oracle and/or its affiliates.  All rights reserved.

Control File:   /pdt/CAPGEMINI/OUTIL_CHARGEMENT_IMS/outil_V2/DB2/DMT/DB2/common/load/tmp/P2801A_30108.ctl
Data File:      Tab.U.P2801A.DR00.del
  File processing option string: "str '@%@!
'"
  Bad File:     /pdt/CAPGEMINI/OUTIL_CHARGEMENT_IMS/outil_V2/DB2/DMT/DB2/common/load/tmp/charge_P2801A00.bad
  Discard File:  none specified
 
 (Allow all discards)

Number to load: ALL
Number to skip: 0
Errors allowed: 10
Continuation:    none specified
Path used:      Direct

Table P2801A, loaded from every logical record.
Insert option in effect for this table: REPLACE

   Column Name                  Position   Len  Term Encl Datatype
------------------------------ ---------- ----- ---- ---- ---------------------
TSP01A                              FIRST     *   ;  O(") DATETIME YYYYMMDDHH24MISSFF6
NUP01A                               NEXT     *   ;  O(") CHARACTER            
CXAS3                                NEXT     3   ;  O(") CHARACTER            
DIAGC                                NEXT     *   ;  O(") DATE YYYYMMDD        
NIDATC                               NEXT     *   ;  O(") CHARACTER            
CXASS                                NEXT     3   ;  O(") CHARACTER            
CDAPL                                NEXT     1   ;  O(") CHARACTER            
CDDMN                                NEXT     2   ;  O(") CHARACTER            
CDHST                                NEXT     2   ;  O(") CHARACTER            
CDFCT                                NEXT    10   ;  O(") CHARACTER            
CDEVT                                NEXT     3   ;  O(") CHARACTER            
CXTAB                                NEXT     6   ;  O(") CHARACTER            
CXKTAB                               NEXT     *   ;  O(") CHARACTER            
CDIDT                                NEXT     2   ;  O(") CHARACTER            
CXIDT                                NEXT    50   ;  O(") CHARACTER            
CDIDT1                               NEXT     2   ;  O(") CHARACTER            
CXIDT1                               NEXT    50   ;  O(") CHARACTER            
CDIDT2                               NEXT     2   ;  O(") CHARACTER            
CXIDT2                               NEXT    50   ;  O(") CHARACTER            
CDIDT3                               NEXT     2   ;  O(") CHARACTER            
CXIDT3                               NEXT    50   ;  O(") CHARACTER            
CXAGC                                NEXT    10   ;  O(") CHARACTER            
CZORI                                NEXT     2   ;  O(") CHARACTER            
CDMED                                NEXT     2   ;  O(") CHARACTER            
DIARJ                                NEXT     *   ;  O(") DATE YYYYMMDD        
CDJUS                                NEXT     2   ;  O(") CHARACTER            
CDLIE                                NEXT     2   ;  O(") CHARACTER            
CZLIE                                NEXT    50   ;  O(") CHARACTER            
HIAGC                                NEXT     *   ;  O(") CHARACTER            

The following index(es) on table P2801A were processed:
index RSOV0200.IP2801A1 loaded successfully with 16 keys
index RSOV0200.TP2801A1 partition P2801A_DR_32_PART loaded successfully with 9 keys
index RSOV0200.TP2801A1 partition P2801A_DR_65_PART loaded successfully with 7 keys
index RSOV0200.XP2801AA partition P2801A_DR_32_PART loaded successfully with 9 keys
index RSOV0200.XP2801AA partition P2801A_DR_65_PART loaded successfully with 7 keys
index RSOV0200.XP2801AB partition P2801A_DR_32_PART loaded successfully with 9 keys
index RSOV0200.XP2801AB partition P2801A_DR_65_PART loaded successfully with 7 keys

Table P2801A:
  16 Rows successfully loaded.
  0 Rows not loaded due to data errors.
  0 Rows not loaded because all WHEN clauses were failed.
  0 Rows not loaded because all fields were null.

  Date cache:
   Max Size:      1000
   Entries :        23
   Hits    :        25
   Misses  :         0

  Partition P2801A_DR_32_PART: 9 Rows loaded.
  Partition P2801A_DR_65_PART: 7 Rows loaded.

Bind array size not used in direct path.
Column array  rows :    5000
Stream buffer bytes:  256000
Read   buffer bytes: 1048576

Total logical records skipped:          0
Total logical records read:            16
Total logical records rejected:         0
Total logical records discarded:        0
Total stream buffers loaded by SQL*Loader main thread:        1
Total stream buffers loaded by SQL*Loader load thread:        0

Run began on Thu Jun 01 06:17:23 2023
Run ended on Thu Jun 01 06:17:25 2023

Elapsed time was:     00:00:02.06
CPU time was:         00:00:00.05
----------------------------------------------------

   Execution report of /pdt/CAPGEMINI/OUTIL_CHARGEMENT_IMS/outil_V2/DB2/DMT/DB2/common/load/RunSqlLoader.sh

----------------------------------------------------

SQL*Loader: Release 19.0.0.0.0 - Production on Thu Jun 1 06:17:23 2023
Version 19.3.0.0.0

Copyright (c) 1982, 2019, Oracle and/or its affiliates.  All rights reserved.

Path used:      Direct

Load completed - logical record count 16.

Table P2801A:
  16 Rows successfully loaded.

Check the log file:
  /pdt/CAPGEMINI/OUTIL_CHARGEMENT_IMS/outil_V2/DB2/DMT/DB2/common/load/log/charge_P2801A00.log
for more information about the load.

 number of rows inserted not checked 