
SQL*Loader: Release 19.0.0.0.0 - Production on Wed May 31 22:04:35 2023
Version 19.3.0.0.0

Copyright (c) 1982, 2019, Oracle and/or its affiliates.  All rights reserved.

Control File:   /pdt/CAPGEMINI/OUTIL_CHARGEMENT_IMS/outil_V2/DB2/DMT/DB2/common/load/tmp/P0161S_30108.ctl
Data File:      Tab.U.P0161S.DR00.del
  File processing option string: "str '@%@!
'"
  Bad File:     /pdt/CAPGEMINI/OUTIL_CHARGEMENT_IMS/outil_V2/DB2/DMT/DB2/common/load/tmp/charge_P0161S00.bad
  Discard File:  none specified
 
 (Allow all discards)

Number to load: ALL
Number to skip: 0
Errors allowed: 10
Continuation:    none specified
Path used:      Direct

Table P0161S, loaded from every logical record.
Insert option in effect for this table: REPLACE

   Column Name                  Position   Len  Term Encl Datatype
------------------------------ ---------- ----- ---- ---- ---------------------
TSP61S                              FIRST     *   ;  O(") DATETIME YYYYMMDDHH24MISSFF6
NUP61S                               NEXT     *   ;  O(") CHARACTER            
CXALA                                NEXT     *   ;  O(") CHARACTER            
CDCRI                                NEXT     2   ;  O(") CHARACTER            
ISCRI                                NEXT    20   ;  O(") CHARACTER            

The following index(es) on table P0161S were processed:
index RSOV0200.IP0161S1 loaded successfully with 9981189 keys

Table P0161S:
  9981189 Rows successfully loaded.
  0 Rows not loaded due to data errors.
  0 Rows not loaded because all WHEN clauses were failed.
  0 Rows not loaded because all fields were null.

  Date cache:
   Max Size:      1000
   Entries :       192
   Hits    :   9980997
   Misses  :         0

Bind array size not used in direct path.
Column array  rows :    5000
Stream buffer bytes:  256000
Read   buffer bytes: 1048576

Total logical records skipped:          0
Total logical records read:       9981189
Total logical records rejected:         0
Total logical records discarded:        0
Total stream buffers loaded by SQL*Loader main thread:     2079
Total stream buffers loaded by SQL*Loader load thread:     1350

Run began on Wed May 31 22:04:35 2023
Run ended on Wed May 31 22:09:07 2023

Elapsed time was:     00:04:31.22
CPU time was:         00:00:08.11
----------------------------------------------------

   Execution report of /pdt/CAPGEMINI/OUTIL_CHARGEMENT_IMS/outil_V2/DB2/DMT/DB2/common/load/RunSqlLoader.sh

----------------------------------------------------

SQL*Loader: Release 19.0.0.0.0 - Production on Wed May 31 22:04:35 2023
Version 19.3.0.0.0

Copyright (c) 1982, 2019, Oracle and/or its affiliates.  All rights reserved.

Path used:      Direct

Load completed - logical record count 9981189.

Table P0161S:
  9981189 Rows successfully loaded.

Check the log file:
  /pdt/CAPGEMINI/OUTIL_CHARGEMENT_IMS/outil_V2/DB2/DMT/DB2/common/load/log/charge_P0161S00.log
for more information about the load.

 number of rows inserted not checked 