
SQL*Loader: Release 19.0.0.0.0 - Production on Wed May 31 23:16:58 2023
Version 19.3.0.0.0

Copyright (c) 1982, 2019, Oracle and/or its affiliates.  All rights reserved.

Control File:   /pdt/CAPGEMINI/OUTIL_CHARGEMENT_IMS/outil_V2/DB2/DMT/DB2/common/load/tmp/P0141A_30108.ctl
Data File:      Tab.U.P0141A.DR00.del
  File processing option string: "str '@%@!
'"
  Bad File:     /pdt/CAPGEMINI/OUTIL_CHARGEMENT_IMS/outil_V2/DB2/DMT/DB2/common/load/tmp/charge_P0141A00.bad
  Discard File:  none specified
 
 (Allow all discards)

Number to load: ALL
Number to skip: 0
Errors allowed: 10
Continuation:    none specified
Path used:      Direct

Table P0141A, loaded from every logical record.
Insert option in effect for this table: REPLACE

   Column Name                  Position   Len  Term Encl Datatype
------------------------------ ---------- ----- ---- ---- ---------------------
TSP41A                              FIRST     *   ;  O(") DATETIME YYYYMMDDHH24MISSFF6
NUP41A                               NEXT     *   ;  O(") CHARACTER            
CXAS3                                NEXT     3   ;  O(") CHARACTER            
CXALA                                NEXT     *   ;  O(") CHARACTER            
CDTDE                                NEXT     2   ;  O(") CHARACTER            
CIDPR                                NEXT     1   ;  O(") CHARACTER            
DIMAJ                                NEXT     *   ;  O(") DATE YYYYMMDD        
CXAGM                                NEXT    10   ;  O(") CHARACTER            
DICRE                                NEXT     *   ;  O(") DATE YYYYMMDD        
CXAGC                                NEXT    10   ;  O(") CHARACTER            
CDACR                                NEXT     3   ;  O(") CHARACTER            
CDAMJ                                NEXT     3   ;  O(") CHARACTER            
CINCP                                NEXT     1   ;  O(") CHARACTER            

Record 2781367: Rejected - Error on table P0141A.
ORA-14400: inserted partition key does not map to any partition

Record 2781368: Rejected - Error on table P0141A.
ORA-14400: inserted partition key does not map to any partition

Record 2781369: Rejected - Error on table P0141A.
ORA-14400: inserted partition key does not map to any partition

Record 2781370: Rejected - Error on table P0141A.
ORA-14400: inserted partition key does not map to any partition

Record 2781371: Rejected - Error on table P0141A.
ORA-14400: inserted partition key does not map to any partition

Record 2781372: Rejected - Error on table P0141A.
ORA-14400: inserted partition key does not map to any partition

Record 2781373: Rejected - Error on table P0141A.
ORA-14400: inserted partition key does not map to any partition

Record 2781375: Rejected - Error on table P0141A.
ORA-14400: inserted partition key does not map to any partition

Record 2781376: Rejected - Error on table P0141A.
ORA-14400: inserted partition key does not map to any partition

Record 2781377: Rejected - Error on table P0141A.
ORA-14400: inserted partition key does not map to any partition

Record 2781378: Rejected - Error on table P0141A.
ORA-14400: inserted partition key does not map to any partition

Specify SKIP=2781378 when continuing the load.
The following index(es) on table P0141A were processed:
index RSOV0200.IP0141A1 loaded successfully with 2781367 keys

MAXIMUM ERROR COUNT EXCEEDED - Above statistics reflect partial run.

Table P0141A:
  2781367 Rows successfully loaded.
  11 Rows not loaded due to data errors.
  0 Rows not loaded because all WHEN clauses were failed.
  0 Rows not loaded because all fields were null.

  Date conversion cache disabled due to overflow (default size: 1000)

  Partition P0141A_DR_01_PART: 23 Rows loaded.
  Partition P0141A_DR_12_PART: 2 Rows loaded.
  Partition P0141A_DR_13_PART: 16 Rows loaded.
  Partition P0141A_DR_16_PART: 48 Rows loaded.
  Partition P0141A_DR_17_PART: 869277 Rows loaded.
  Partition P0141A_DR_20_PART: 13 Rows loaded.
  Partition P0141A_DR_24_PART: 58 Rows loaded.
  Partition P0141A_DR_25_PART: 32 Rows loaded.
  Partition P0141A_DR_26_PART: 16 Rows loaded.
  Partition P0141A_DR_27_PART: 11 Rows loaded.
  Partition P0141A_DR_31_PART: 32 Rows loaded.
  Partition P0141A_DR_32_PART: 1156837 Rows loaded.
  Partition P0141A_DR_34_PART: 86 Rows loaded.
  Partition P0141A_DR_35_PART: 25 Rows loaded.
  Partition P0141A_DR_39_PART: 14 Rows loaded.
  Partition P0141A_DR_40_PART: 12 Rows loaded.
  Partition P0141A_DR_41_PART: 25 Rows loaded.
  Partition P0141A_DR_44_PART: 23 Rows loaded.
  Partition P0141A_DR_46_PART: 36 Rows loaded.
  Partition P0141A_DR_48_PART: 27 Rows loaded.
  Partition P0141A_DR_49_PART: 49 Rows loaded.
  Partition P0141A_DR_50_PART: 53 Rows loaded.
  Partition P0141A_DR_51_PART: 605248 Rows loaded.
  Partition P0141A_DR_56_PART: 47 Rows loaded.
  Partition P0141A_DR_57_PART: 110 Rows loaded.
  Partition P0141A_DR_61_PART: 81 Rows loaded.
  Partition P0141A_DR_63_PART: 109 Rows loaded.
  Partition P0141A_DR_65_PART: 149022 Rows loaded.
  Partition P0141A_DR_66_PART: 6 Rows loaded.
  Partition P0141A_DR_67_PART: 10 Rows loaded.
  Partition P0141A_DR_68_PART: 13 Rows loaded.
  Partition P0141A_DR_69_PART: 4 Rows loaded.
  Partition P0141A_DR_71_PART: 2 Rows loaded.

Bind array size not used in direct path.
Column array  rows :    5000
Stream buffer bytes:  256000
Read   buffer bytes: 1048576

Total logical records skipped:          0
Total logical records rejected:        11
Total logical records discarded:        0
Total stream buffers loaded by SQL*Loader main thread:      636
Total stream buffers loaded by SQL*Loader load thread:      626

Run began on Wed May 31 23:16:58 2023
Run ended on Wed May 31 23:18:05 2023

Elapsed time was:     00:01:06.67
CPU time was:         00:00:05.42
----------------------------------------------------

   Execution report of /pdt/CAPGEMINI/OUTIL_CHARGEMENT_IMS/outil_V2/DB2/DMT/DB2/common/load/RunSqlLoader.sh

----------------------------------------------------

SQL*Loader: Release 19.0.0.0.0 - Production on Wed May 31 23:16:58 2023
Version 19.3.0.0.0

Copyright (c) 1982, 2019, Oracle and/or its affiliates.  All rights reserved.

Path used:      Direct

Load completed - logical record count 2781504.

Table P0141A:
  2781367 Rows successfully loaded.

Check the log file:
  /pdt/CAPGEMINI/OUTIL_CHARGEMENT_IMS/outil_V2/DB2/DMT/DB2/common/load/log/charge_P0141A00.log
for more information about the load.
