
SQL*Loader: Release 19.0.0.0.0 - Production on Thu Jun 1 10:22:36 2023
Version 19.3.0.0.0

Copyright (c) 1982, 2019, Oracle and/or its affiliates.  All rights reserved.

Control File:   /pdt/CAPGEMINI/OUTIL_CHARGEMENT_IMS/outil_V2/DB2/DMT/DB2/common/load/tmp/PD2S04_30108.ctl
Data File:      Tab.U.PD2S04.DR00.del
  File processing option string: "str '@%@!
'"
  Bad File:     /pdt/CAPGEMINI/OUTIL_CHARGEMENT_IMS/outil_V2/DB2/DMT/DB2/common/load/tmp/charge_PD2S0400.bad
  Discard File:  none specified
 
 (Allow all discards)

Number to load: ALL
Number to skip: 0
Errors allowed: 10
Continuation:    none specified
Path used:      Direct

Table PD2S04, loaded from every logical record.
Insert option in effect for this table: REPLACE

   Column Name                  Position   Len  Term Encl Datatype
------------------------------ ---------- ----- ---- ---- ---------------------
SH2S04                              FIRST     *   ;  O(") DATETIME YYYYMMDDHH24MISSFF6
CXAS3                                NEXT     3   ;  O(") CHARACTER            
CXALAC                               NEXT     *   ;  O(") CHARACTER            
SHEVT                                NEXT     *   ;  O(") DATETIME YYYYMMDDHH24MISSFF6
CDOFX                                NEXT     8   ;  O(") CHARACTER            
NZODE2                               NEXT     *   ;  O(") CHARACTER            
NSFICN                               NEXT     *   ;  O(") CHARACTER            
CXASAG                               NEXT     3   ;  O(") CHARACTER            
CDFLX                                NEXT     6   ;  O(") CHARACTER            
CDDOE                                NEXT     3   ;  O(") CHARACTER            
CDAVI1                               NEXT     5   ;  O(") CHARACTER            
CSACTK                               NEXT     1   ;  O(") CHARACTER            
CXASS                                NEXT     3   ;  O(") CHARACTER            
RSIN                                 NEXT     8   ;  O(") CHARACTER            
GS188                                NEXT   188   ;  O(") CHARACTER            
CSPRG                                NEXT     8   ;  O(") CHARACTER            
GS150A                               NEXT   150   ;  O(") CHARACTER            
GS150B                               NEXT   150   ;  O(") CHARACTER            

The following index(es) on table PD2S04 were processed:
index RSOV0200.IPD2S041 loaded successfully with 3 keys
index RSOV0200.XPD2S04A partition PD2S04_DR_65_PART loaded successfully with 3 keys

Table PD2S04:
  3 Rows successfully loaded.
  0 Rows not loaded due to data errors.
  0 Rows not loaded because all WHEN clauses were failed.
  0 Rows not loaded because all fields were null.

  Date cache:
   Max Size:      1000
   Entries :         6
   Hits    :         0
   Misses  :         0

  Partition PD2S04_DR_65_PART: 3 Rows loaded.

Bind array size not used in direct path.
Column array  rows :    5000
Stream buffer bytes:  256000
Read   buffer bytes: 1048576

Total logical records skipped:          0
Total logical records read:             3
Total logical records rejected:         0
Total logical records discarded:        0
Total stream buffers loaded by SQL*Loader main thread:        1
Total stream buffers loaded by SQL*Loader load thread:        0

Run began on Thu Jun 01 10:22:36 2023
Run ended on Thu Jun 01 10:22:36 2023

Elapsed time was:     00:00:00.23
CPU time was:         00:00:00.04
----------------------------------------------------

   Execution report of /pdt/CAPGEMINI/OUTIL_CHARGEMENT_IMS/outil_V2/DB2/DMT/DB2/common/load/RunSqlLoader.sh

----------------------------------------------------

SQL*Loader: Release 19.0.0.0.0 - Production on Thu Jun 1 10:22:36 2023
Version 19.3.0.0.0

Copyright (c) 1982, 2019, Oracle and/or its affiliates.  All rights reserved.

Path used:      Direct

Load completed - logical record count 3.

Table PD2S04:
  3 Rows successfully loaded.

Check the log file:
  /pdt/CAPGEMINI/OUTIL_CHARGEMENT_IMS/outil_V2/DB2/DMT/DB2/common/load/log/charge_PD2S0400.log
for more information about the load.

 number of rows inserted not checked 