
SQL*Loader: Release 19.0.0.0.0 - Production on Wed May 31 22:55:19 2023
Version 19.3.0.0.0

Copyright (c) 1982, 2019, Oracle and/or its affiliates.  All rights reserved.

Control File:   /pdt/CAPGEMINI/OUTIL_CHARGEMENT_IMS/outil_V2/DB2/DMT/DB2/common/load/tmp/P0404I_30108.ctl
Data File:      Tab.U.P0404I.DR00.del
  File processing option string: "str '@%@!
'"
  Bad File:     /pdt/CAPGEMINI/OUTIL_CHARGEMENT_IMS/outil_V2/DB2/DMT/DB2/common/load/tmp/charge_P0404I00.bad
  Discard File:  none specified
 
 (Allow all discards)

Number to load: ALL
Number to skip: 0
Errors allowed: 10
Continuation:    none specified
Path used:      Direct

Table P0404I, loaded from every logical record.
Insert option in effect for this table: REPLACE

   Column Name                  Position   Len  Term Encl Datatype
------------------------------ ---------- ----- ---- ---- ---------------------
TSP04I                              FIRST     *   ;  O(") DATETIME YYYYMMDDHH24MISSFF6
NUP04I                               NEXT     *   ;  O(") CHARACTER            
CDDPTA                               NEXT     3   ;  O(") CHARACTER            
LLDPT                                NEXT    30   ;  O(") CHARACTER            
CXREG                                NEXT     2   ;  O(") CHARACTER            
LLREG                                NEXT    30   ;  O(") CHARACTER            
CXASS                                NEXT     3   ;  O(") CHARACTER            
LLASS                                NEXT    50   ;  O(") CHARACTER            
DICRE                                NEXT     *   ;  O(") DATE YYYYMMDD        
CXAGC                                NEXT    10   ;  O(") CHARACTER            
CDACR                                NEXT     3   ;  O(") CHARACTER            
DIMAJ                                NEXT     *   ;  O(") DATE YYYYMMDD        
CXAGM                                NEXT    10   ;  O(") CHARACTER            
CDAMJ                                NEXT     3   ;  O(") CHARACTER            

The following index(es) on table P0404I were processed:
index RSOV0200.IP0404I1 loaded successfully with 105 keys

Table P0404I:
  105 Rows successfully loaded.
  0 Rows not loaded due to data errors.
  0 Rows not loaded because all WHEN clauses were failed.
  0 Rows not loaded because all fields were null.

  Date cache:
   Max Size:      1000
   Entries :         9
   Hits    :       274
   Misses  :         0

Bind array size not used in direct path.
Column array  rows :    5000
Stream buffer bytes:  256000
Read   buffer bytes: 1048576

Total logical records skipped:          0
Total logical records read:           105
Total logical records rejected:         0
Total logical records discarded:        0
Total stream buffers loaded by SQL*Loader main thread:        1
Total stream buffers loaded by SQL*Loader load thread:        0

Run began on Wed May 31 22:55:19 2023
Run ended on Wed May 31 22:55:19 2023

Elapsed time was:     00:00:00.32
CPU time was:         00:00:00.03
----------------------------------------------------

   Execution report of /pdt/CAPGEMINI/OUTIL_CHARGEMENT_IMS/outil_V2/DB2/DMT/DB2/common/load/RunSqlLoader.sh

----------------------------------------------------

SQL*Loader: Release 19.0.0.0.0 - Production on Wed May 31 22:55:19 2023
Version 19.3.0.0.0

Copyright (c) 1982, 2019, Oracle and/or its affiliates.  All rights reserved.

Path used:      Direct

Load completed - logical record count 105.

Table P0404I:
  105 Rows successfully loaded.

Check the log file:
  /pdt/CAPGEMINI/OUTIL_CHARGEMENT_IMS/outil_V2/DB2/DMT/DB2/common/load/log/charge_P0404I00.log
for more information about the load.

 number of rows inserted not checked 