
SQL*Loader: Release 19.0.0.0.0 - Production on Wed May 31 22:59:07 2023
Version 19.3.0.0.0

Copyright (c) 1982, 2019, Oracle and/or its affiliates.  All rights reserved.

Control File:   /pdt/CAPGEMINI/OUTIL_CHARGEMENT_IMS/outil_V2/DB2/DMT/DB2/common/load/tmp/P3301B_30108.ctl
Data File:      Tab.U.P3301B.DR00.del
  File processing option string: "str '@%@!
'"
  Bad File:     /pdt/CAPGEMINI/OUTIL_CHARGEMENT_IMS/outil_V2/DB2/DMT/DB2/common/load/tmp/charge_P3301B00.bad
  Discard File:  none specified
 
 (Allow all discards)

Number to load: ALL
Number to skip: 0
Errors allowed: 10
Continuation:    none specified
Path used:      Direct

Table P3301B, loaded from every logical record.
Insert option in effect for this table: REPLACE

   Column Name                  Position   Len  Term Encl Datatype
------------------------------ ---------- ----- ---- ---- ---------------------
TSP01B                              FIRST     *   ;  O(") DATETIME YYYYMMDDHH24MISSFF6
NUP01B                               NEXT     *   ;  O(") CHARACTER            
CXALAE                               NEXT     *   ;  O(") CHARACTER            
FBFNG                                NEXT     1   ;  O(") CHARACTER            
CDFEF                                NEXT     *   ;  O(") CHARACTER            
CDPER                                NEXT     1   ;  O(") CHARACTER            
QKBDAA                               NEXT     *   ;  O(") CHARACTER            
DFBDA                                NEXT     *   ;  O(") DATE YYYYMMDD        
QKBDAP                               NEXT     *   ;  O(") CHARACTER            
DICRE                                NEXT     *   ;  O(") DATE YYYYMMDD        
CXAGC                                NEXT    10   ;  O(") CHARACTER            
CXASS1                               NEXT     3   ;  O(") CHARACTER            
DIMAJ                                NEXT     *   ;  O(") DATE YYYYMMDD        
CXAGM                                NEXT    10   ;  O(") CHARACTER            
CXASS2                               NEXT     3   ;  O(") CHARACTER            

The following index(es) on table P3301B were processed:
index RSOV0200.IP3301B1 loaded successfully with 6328102 keys

Table P3301B:
  6328102 Rows successfully loaded.
  0 Rows not loaded due to data errors.
  0 Rows not loaded because all WHEN clauses were failed.
  0 Rows not loaded because all fields were null.

  Date conversion cache disabled due to overflow (default size: 1000)

Bind array size not used in direct path.
Column array  rows :    5000
Stream buffer bytes:  256000
Read   buffer bytes: 1048576

Total logical records skipped:          0
Total logical records read:       6328102
Total logical records rejected:         0
Total logical records discarded:        0
Total stream buffers loaded by SQL*Loader main thread:     1590
Total stream buffers loaded by SQL*Loader load thread:     1292

Run began on Wed May 31 22:59:07 2023
Run ended on Wed May 31 23:02:15 2023

Elapsed time was:     00:03:08.32
CPU time was:         00:00:12.86
----------------------------------------------------

   Execution report of /pdt/CAPGEMINI/OUTIL_CHARGEMENT_IMS/outil_V2/DB2/DMT/DB2/common/load/RunSqlLoader.sh

----------------------------------------------------

SQL*Loader: Release 19.0.0.0.0 - Production on Wed May 31 22:59:07 2023
Version 19.3.0.0.0

Copyright (c) 1982, 2019, Oracle and/or its affiliates.  All rights reserved.

Path used:      Direct

Load completed - logical record count 6328102.

Table P3301B:
  6328102 Rows successfully loaded.

Check the log file:
  /pdt/CAPGEMINI/OUTIL_CHARGEMENT_IMS/outil_V2/DB2/DMT/DB2/common/load/log/charge_P3301B00.log
for more information about the load.

 number of rows inserted not checked 