Reloading table DARPPP1.P0101N ...
DARPPP1.P0101N;KO;113982;
==========================
Reloading table DARPPP1.P0141A ...
DARPPP1.P0141A;KO;1156837;
==========================
Reloading table DARPPP1.P0141B ...
DARPPP1.P0141B;KO;9204644;
==========================
Reloading table DARPPP1.P0141D ...
DARPPP1.P0141D;OK;571813;571813
==========================
Reloading table DARPPP1.P0151C ...
DARPPP1.P0151C;OK;5139322;5139322
==========================
Reloading table DARPPP1.P0151E ...
DARPPP1.P0151E;OK;2181043;2181043
==========================
Reloading table DARPPP1.P0151F ...
DARPPP1.P0151F;OK;1448178;1448178
==========================
Reloading table DARPPP1.P0151G ...
DARPPP1.P0151G;OK;1150136;1150136
==========================
Reloading table DARPPP1.P0151J ...
DARPPP1.P0151J;OK;1963412;1963412
==========================
Reloading table DARPPP1.P0151S ...
DARPPP1.P0151S;OK;2831810;2831810
==========================
Reloading table DARPPP1.P1140A_ACTIVITE ...
DARPPP1.P1140A_ACTIVITE;OK;12273874;12273874
==========================
Reloading table DARPPP1.P1150A_PER_FNA ...
DARPPP1.P1150A_PER_FNA;OK;32044130;32044130
==========================
Reloading table DARPPP1.P1299B_ATTRIB ...
DARPPP1.P1299B_ATTRIB;OK;2671139;2671139
==========================
Reloading table DARPPP1.P1299C_DECISION ...
DARPPP1.P1299C_DECISION;OK;5147556;5147556
==========================
Reloading table DARPPP1.P1299D_AIDESG ...
DARPPP1.P1299D_AIDESG;OK;175292;175292
==========================
Reloading table DARPPP1.P1299E_AIDESPL ...
DARPPP1.P1299E_AIDESPL;OK;51925;51925
==========================
Reloading table DARPPP1.P2701A ...
DARPPP1.P2701A;OK;0;0
==========================
Reloading table DARPPP1.P2702A ...
DARPPP1.P2702A;OK;55877043;55877043