
SQL*Loader: Release 19.0.0.0.0 - Production on Wed Jun 7 16:22:01 2023
Version 19.3.0.0.0

Copyright (c) 1982, 2019, Oracle and/or its affiliates.  All rights reserved.

Control File:   /pdt/CAPGEMINI/OUTIL_CHARGEMENT_IMS/outil_V2/DL1/DMT/DL1/REL/PA7/tmp/PA7A.ctl
Character Set F8EBCDIC297 specified for all input.

Data File:      PA7A.DR32.BR0.net
  File processing option string: "fix 114"
  Bad File:     /pdt/CAPGEMINI/OUTIL_CHARGEMENT_IMS/outil_V2/DL1/DMT/DL1/REL/PA7/tmp/charge_PA7A320.bad
  Discard File:  none specified
 
 (Allow all discards)

Number to load: ALL
Number to skip: 0
Errors allowed: 10
Continuation:    none specified
Path used:      Direct

Table PA7A, partition PA7A_RG_UL_PART, loaded from every logical record.
Insert option in effect for this partition: REPLACE
TRAILING NULLCOLS option in effect

   Column Name                  Position   Len  Term Encl Datatype
------------------------------ ---------- ----- ---- ---- ---------------------
RG                                    1:2     2           CHARACTER            
    SQL string for column : "CASE :RG WHEN '65' THEN 'UL'
                                     WHEN '01' THEN 'UB'
                                     WHEN '12' THEN 'UB'
                                     WHEN '13' THEN 'UI'
                                     WHEN '16' THEN 'UG'
                                     WHEN '17' THEN 'UF'
                                     WHEN '20' THEN 'UE'
                                     WHEN '24' THEN 'UH'
                                     WHEN '25' THEN 'UJ'
                                     WHEN '26' THEN 'UJ'
                                     WHEN '27' THEN 'UI'
                                     WHEN '31' THEN 'UH'
                                     WHEN '32' THEN 'UL'
                                     WHEN '34' THEN 'UL'
                                     WHEN '35' THEN 'UC'
                                     WHEN '39' THEN 'UB'
                                     WHEN '40' THEN 'UM'
                                     WHEN '41' THEN 'UM'
                                     WHEN '44' THEN 'UC'
                                     WHEN '46' THEN 'UN'
                                     WHEN '48' THEN 'UN'
                                     WHEN '49' THEN 'UJ'
                                     WHEN '50' THEN 'UE'
                                     WHEN '51' THEN 'UF'
                                     WHEN '56' THEN 'UG'
                                     WHEN '57' THEN 'UG'
                                     WHEN '61' THEN 'UG'
                                     WHEN '63' THEN 'UK'
                                     WHEN '65' THEN 'UL'
                                     WHEN '66' THEN 'UZ'
                                     WHEN '67' THEN 'UZ'
                                     WHEN '68' THEN 'UC'
                                     WHEN '69' THEN 'UZ'
                                     WHEN '70' THEN 'UO'
                                     WHEN '71' THEN 'UC'
                            END "
BR                                    3:3     1           CHARACTER            
  (FILLER FIELD)
PA7A_CSDE1                            4:5     2           CHARACTER            
PA7A_NSCOMI                           6:8     3           CHARACTER            
PA7A_CSSUB0                           9:9     1           CHARACTER            
PA7A_LSCOM                          10:41    32           CHARACTER            
PA7A_CSAS0                          42:43     2           CHARACTER            
PA7A_CSAN0                          44:46     3           CHARACTER            
PA7A_RSAL0                          47:51     5           CHARACTER            
PA7A_CSCAN                          52:53     2           CHARACTER            
PA7A_APADR                          54:58     5           CHARACTER            
PA7A_ADADR                          59:84    26           CHARACTER            
PA7A_CDCOA                          85:89     5           CHARACTER            
PA7A_FDDIS                          90:90     1           CHARACTER            
PA7A_FILLER                        91:113    23           CHARACTER            
TMST_SOURCE                          NEXT     1           CHARACTER            
    SQL string for column : "CURRENT_TIMESTAMP"
TMST_CIBLE                           NEXT     1           CHARACTER            
    SQL string for column : "CURRENT_TIMESTAMP"

The following index(es) on table PA7A were processed:
index RSOV0200.PA71 partition PA7A_RG_UL_PART loaded successfully with 39741 keys
index RSOV0200.PA72 partition PA7A_RG_UL_PART loaded successfully with 39741 keys
index RSOV0200.PA73 partition PA7A_RG_UL_PART loaded successfully with 39741 keys
index RSOV0200.PK_PA7A partition PA7A_RG_UL_PART loaded successfully with 39741 keys

Table PA7A, partition PA7A_RG_UL_PART:
  39741 Rows successfully loaded.
  0 Rows not loaded due to data errors.
  0 Rows not loaded because all WHEN clauses were failed.
  0 Rows not loaded because all fields were null.

Bind array size not used in direct path.
Column array  rows :    5000
Stream buffer bytes:  256000
Read   buffer bytes: 1048576

Total logical records skipped:          0
Total logical records read:         39741
Total logical records rejected:         0
Total logical records discarded:        0
Total stream buffers loaded by SQL*Loader main thread:        9
Total stream buffers loaded by SQL*Loader load thread:       21

Run began on Wed Jun 07 16:22:01 2023
Run ended on Wed Jun 07 16:22:04 2023

Elapsed time was:     00:00:03.50
CPU time was:         00:00:00.12
----------------------------------------------------

   Execution report of /pdt/CAPGEMINI/OUTIL_CHARGEMENT_IMS/outil_V2/DL1/DMT/DL1/REL/bin/RunSqlLoader.sh

----------------------------------------------------

SQL*Loader: Release 19.0.0.0.0 - Production on Wed Jun 7 16:22:01 2023
Version 19.3.0.0.0

Copyright (c) 1982, 2019, Oracle and/or its affiliates.  All rights reserved.

Path used:      Direct

Load completed - logical record count 39741.

Table PA7A, partition PA7A_RG_UL_PART:
  39741 Rows successfully loaded.

Check the log file:
  /pdt/CAPGEMINI/OUTIL_CHARGEMENT_IMS/outil_V2/DL1/DMT/DL1/REL/PA7/log/charge_PA7A320.log
for more information about the load.

 number of rows inserted not checked 