Convert P0141A default tools using conv table-297-to-P1
Target DB set to 'ORACLE'
NL_Protector set to '@%@!'
directing outputs to /pdt/CAPGEMINI/COPY_FROM_NAS_V2/DB2_LINUXDATA/
Data file format NAS !
QUALIFICATION REPORT For Table P0141A:

Reporting of interesting characters per categories:
case  0: basic printable characters    : nb chars = 89407126
case  1: 00 Low value character        : nb chars = 127
case  2: 25 (LF --> 0A on target)      : nb chars = 0
case  3: chars below 40, may be ok     : nb chars = 0
case  4: chars below 40, problematic   : nb chars = 0
case  5: Pb du High Value FF           : nb chars = 0
case  6: 9F: Currency sign or Euro     : nb chars = 0
case  7: Risque d'overpunch (C0 D0)    : nb chars = 0

Reporting per column, the number of interesting chars:
Column_Name                   ;      case  0;      case  1;      case  2;      case  3;      case  4;      case  5;      case  6;      case  7
CDACR                         ;      8340269;          127;            0;            0;            0;            0;            0;            0

Reporting the number of occurences of interesting char (table level):
char <<0>> nb occurences: 127
nb rec processed: 2781504
END of QUALIFICATION REPORT
nb recs read   : 2781504 
nb recs written: 2781504 
Max input rec Len: 99 
Max Output rec Len(including LF): 120 
Elapsed Time: 4 seconds
DARPPP1.P0141A;OK;2781504;2781504
