Convert P0141D default tools using conv table-297-to-P1
Target DB set to 'ORACLE'
NL_Protector set to '@%@!'
directing outputs to /pdt/CAPGEMINI/COPY_FROM_NAS_V2/DB2_LINUXDATA/
Data file format NAS !
QUALIFICATION REPORT For Table P0141D:

Reporting of interesting characters per categories:
case  0: basic printable characters    : nb chars = 83193370
case  1: 00 Low value character        : nb chars = 20
case  2: 25 (LF --> 0A on target)      : nb chars = 0
case  3: chars below 40, may be ok     : nb chars = 0
case  4: chars below 40, problematic   : nb chars = 0
case  5: Pb du High Value FF           : nb chars = 0
case  6: 9F: Currency sign or Euro     : nb chars = 0
case  7: Risque d'overpunch (C0 D0)    : nb chars = 0

Reporting per column, the number of interesting chars:
Column_Name                   ;      case  0;      case  1;      case  2;      case  3;      case  4;      case  5;      case  6;      case  7
CXAGC                         ;     13630110;           20;            0;            0;            0;            0;            0;            0

Reporting the number of occurences of interesting char (table level):
char <<0>> nb occurences: 20
nb rec processed: 1390626
END of QUALIFICATION REPORT
nb recs read   : 1390626 
nb recs written: 1390626 
Max input rec Len: 149 
Max Output rec Len(including LF): 174 
Elapsed Time: 2 seconds
DARPPP1.P0141D;OK;1390626;1390626
