Convert P0151J default tools using conv table-297-to-P1
Target DB set to 'ORACLE'
NL_Protector set to '@%@!'
directing outputs to /pdt/CAPGEMINI/COPY_FROM_NAS_V2/DB2_LINUXDATA/
Data file format NAS !
QUALIFICATION REPORT For Table P0151J:

Reporting of interesting characters per categories:
case  0: basic printable characters    : nb chars = 2235773402
case  1: 00 Low value character        : nb chars = 49
case  2: 25 (LF --> 0A on target)      : nb chars = 0
case  3: chars below 40, may be ok     : nb chars = 0
case  4: chars below 40, problematic   : nb chars = 0
case  5: Pb du High Value FF           : nb chars = 0
case  6: 9F: Currency sign or Euro     : nb chars = 0
case  7: Risque d'overpunch (C0 D0)    : nb chars = 0

Reporting per column, the number of interesting chars:
Column_Name                   ;      case  0;      case  1;      case  2;      case  3;      case  4;      case  5;      case  6;      case  7
AOPOS                         ;     25318380;           10;            0;            0;            0;            0;            0;            0
LRCOR                         ;    127553036;           39;            0;            0;            0;            0;            0;            0

Reporting the number of occurences of interesting char (table level):
char <<0>> nb occurences: 49
nb rec processed: 5133427
END of QUALIFICATION REPORT
nb recs read   : 5133427 
nb recs written: 5133427 
Max input rec Len: 653 
Max Output rec Len(including LF): 735 
Elapsed Time: 35 seconds
DARPPP1.P0151J;OK;5133427;5133427
