Convert P0161F default tools using conv table-297-to-P1
Target DB set to 'ORACLE'
NL_Protector set to '@%@!'
directing outputs to /pdt/CAPGEMINI/COPY_FROM_NAS_V2/DB2_LINUXDATA/
Data file format NAS !
QUALIFICATION REPORT For Table P0161F:

Reporting of interesting characters per categories:
case  0: basic printable characters    : nb chars = 118913528
case  1: 00 Low value character        : nb chars = 0
case  2: 25 (LF --> 0A on target)      : nb chars = 0
case  3: chars below 40, may be ok     : nb chars = 0
case  4: chars below 40, problematic   : nb chars = 0
case  5: Pb du High Value FF           : nb chars = 0
case  6: 9F: Currency sign or Euro     : nb chars = 0
case  7: Risque d'overpunch (C0 D0)    : nb chars = 550

Reporting per column, the number of interesting chars:
Column_Name                   ;      case  0;      case  1;      case  2;      case  3;      case  4;      case  5;      case  6;      case  7
LNIND1                        ;     35414837;            0;            0;            0;            0;            0;            0;          523
LNPIN                         ;       821474;            0;            0;            0;            0;            0;            0;           26
CDURS                         ;     20111921;            0;            0;            0;            0;            0;            0;            1

Reporting the number of occurences of interesting char (table level):
char <<0xc0>> nb occurences: 460
char <<0xd0>> nb occurences: 90
nb rec processed: 1180512
END of QUALIFICATION REPORT
nb recs read   : 1180512 
nb recs written: 1180512 
Max input rec Len: 495 
Max Output rec Len(including LF): 227 
Elapsed Time: 3 seconds
DARPPP1.P0161F;OK;1180512;1180512
