Convert P0161S default tools using conv table-297-to-P1
Target DB set to 'ORACLE'
NL_Protector set to '@%@!'
directing outputs to /pdt/CAPGEMINI/COPY_FROM_NAS_V2/DB2_LINUXDATA/
Data file format NAS !
QUALIFICATION REPORT For Table P0161S:

Reporting of interesting characters per categories:
case  0: basic printable characters    : nb chars = 219586156
case  1: 00 Low value character        : nb chars = 0
case  2: 25 (LF --> 0A on target)      : nb chars = 0
case  3: chars below 40, may be ok     : nb chars = 0
case  4: chars below 40, problematic   : nb chars = 0
case  5: Pb du High Value FF           : nb chars = 0
case  6: 9F: Currency sign or Euro     : nb chars = 0
case  7: Risque d'overpunch (C0 D0)    : nb chars = 2

Reporting per column, the number of interesting chars:
Column_Name                   ;      case  0;      case  1;      case  2;      case  3;      case  4;      case  5;      case  6;      case  7
ISCRI                         ;    199623778;            0;            0;            0;            0;            0;            0;            2

Reporting the number of occurences of interesting char (table level):
char <<0xc0>> nb occurences: 2
nb rec processed: 9981189
END of QUALIFICATION REPORT
nb recs read   : 9981189 
nb recs written: 9981189 
Max input rec Len: 59 
Max Output rec Len(including LF): 75 
Elapsed Time: 9 seconds
DARPPP1.P0161S;OK;9981189;9981189
