Convert P0161A default tools using conv table-297-to-P1
Target DB set to 'ORACLE'
NL_Protector set to '@%@!'
directing outputs to /pdt/CAPGEMINI/COPY_FROM_NAS_V2/DB2_LINUXDATA/
Data file format NAS !
QUALIFICATION REPORT For Table P0161A:

Reporting of interesting characters per categories:
case  0: basic printable characters    : nb chars = 660139402
case  1: 00 Low value character        : nb chars = 5010
case  2: 25 (LF --> 0A on target)      : nb chars = 1
case  3: chars below 40, may be ok     : nb chars = 14
case  4: chars below 40, problematic   : nb chars = 0
case  5: Pb du High Value FF           : nb chars = 0
case  6: 9F: Currency sign or Euro     : nb chars = 0
case  7: Risque d'overpunch (C0 D0)    : nb chars = 3112

Reporting per column, the number of interesting chars:
Column_Name                   ;      case  0;      case  1;      case  2;      case  3;      case  4;      case  5;      case  6;      case  7
LNRS1                         ;    275664319;         4794;            1;           14;            0;            0;            0;         3112
LJGLO                         ;    275456744;          216;            0;            0;            0;            0;            0;            0

Reporting the number of occurences of interesting char (table level):
char <<0>> nb occurences: 5010
char <<0x10>> nb occurences: 2
char <<0x25>> nb occurences: 1
char <<0x3f>> nb occurences: 12
char <<0xc0>> nb occurences: 2549
char <<0xd0>> nb occurences: 563
nb rec processed: 8072905
END of QUALIFICATION REPORT
nb recs read   : 8072905 
nb recs written: 8072905 
Max input rec Len: 379 
Max Output rec Len(including LF): 228 
Elapsed Time: 16 seconds
DARPPP1.P0161A;OK;8072905;8072905
