Convert P1150A_PER_FNA default tools using conv table-297-to-P1
Target DB set to 'ORACLE'
NL_Protector set to '@%@!'
directing outputs to /pdt/CAPGEMINI/COPY_FROM_NAS_V2/DB2_LINUXDATA/
Data file format NAS !
QUALIFICATION REPORT For Table P1150A_PER_FNA:

Reporting of interesting characters per categories:
case  0: basic printable characters    : nb chars = 1927796259
case  1: 00 Low value character        : nb chars = 0
case  2: 25 (LF --> 0A on target)      : nb chars = 0
case  3: chars below 40, may be ok     : nb chars = 0
case  4: chars below 40, problematic   : nb chars = 0
case  5: Pb du High Value FF           : nb chars = 0
case  6: 9F: Currency sign or Euro     : nb chars = 0
case  7: Risque d'overpunch (C0 D0)    : nb chars = 5

Reporting per column, the number of interesting chars:
Column_Name                   ;      case  0;      case  1;      case  2;      case  3;      case  4;      case  5;      case  6;      case  7
NSOBJ                         ;     27755387;            0;            0;            0;            0;            0;            0;            1
IDEXT                         ;      6123221;            0;            0;            0;            0;            0;            0;            4

Reporting the number of occurences of interesting char (table level):
char <<0xc0>> nb occurences: 3
char <<0xd0>> nb occurences: 2
nb rec processed: 80243713
END of QUALIFICATION REPORT
nb recs read   : 80243713 
nb recs written: 80243713 
Max input rec Len: 444 
Max Output rec Len(including LF): 448 
Elapsed Time: 228 seconds
DARPPP1.P1150A_PER_FNA;OK;80243713;80243713
