Convert P1299D_AIDESG default tools using conv table-297-to-P1
Target DB set to 'ORACLE'
NL_Protector set to '@%@!'
directing outputs to /pdt/CAPGEMINI/COPY_FROM_NAS_V2/DB2_LINUXDATA/
Data file format NAS !
QUALIFICATION REPORT For Table P1299D_AIDESG:

Reporting of interesting characters per categories:
case  0: basic printable characters    : nb chars = 18636814
case  1: 00 Low value character        : nb chars = 0
case  2: 25 (LF --> 0A on target)      : nb chars = 0
case  3: chars below 40, may be ok     : nb chars = 0
case  4: chars below 40, problematic   : nb chars = 0
case  5: Pb du High Value FF           : nb chars = 0
case  6: 9F: Currency sign or Euro     : nb chars = 0
case  7: Risque d'overpunch (C0 D0)    : nb chars = 1324

Reporting per column, the number of interesting chars:
Column_Name                   ;      case  0;      case  1;      case  2;      case  3;      case  4;      case  5;      case  6;      case  7
QMATL                         ;       274165;            0;            0;            0;            0;            0;            0;          875
LGARA                         ;       374718;            0;            0;            0;            0;            0;            0;          132
LGARD                         ;       374533;            0;            0;            0;            0;            0;            0;          317

Reporting the number of occurences of interesting char (table level):
char <<0xc0>> nb occurences: 1157
char <<0xd0>> nb occurences: 167
nb rec processed: 589909
END of QUALIFICATION REPORT
nb recs read   : 589909 
nb recs written: 589909 
Max input rec Len: 475 
Max Output rec Len(including LF): 557 
Elapsed Time: 1 seconds
DARPPP1.P1299D_AIDESG;OK;589909;589909
