Convert P7101B default tools using conv table-297-to-P1
Target DB set to 'ORACLE'
NL_Protector set to '@%@!'
directing outputs to /pdt/CAPGEMINI/COPY_FROM_NAS_V2/DB2_LINUXDATA/
Data file format NAS !
QUALIFICATION REPORT For Table P7101B:

Reporting of interesting characters per categories:
case  0: basic printable characters    : nb chars = 2973314387
case  1: 00 Low value character        : nb chars = 0
case  2: 25 (LF --> 0A on target)      : nb chars = 0
case  3: chars below 40, may be ok     : nb chars = 0
case  4: chars below 40, problematic   : nb chars = 0
case  5: Pb du High Value FF           : nb chars = 0
case  6: 9F: Currency sign or Euro     : nb chars = 0
case  7: Risque d'overpunch (C0 D0)    : nb chars = 3098791

Reporting per column, the number of interesting chars:
Column_Name                   ;      case  0;      case  1;      case  2;      case  3;      case  4;      case  5;      case  6;      case  7
LLTRA1                        ;    825325908;            0;            0;            0;            0;            0;            0;       139080
LLSAL1                        ;    210761873;            0;            0;            0;            0;            0;            0;      2382103
LLHOR1                        ;     73888284;            0;            0;            0;            0;            0;            0;       577608

Reporting the number of occurences of interesting char (table level):
char <<0xc0>> nb occurences: 2976002
char <<0xd0>> nb occurences: 122789
nb rec processed: 24278382
END of QUALIFICATION REPORT
nb recs read   : 24278382 
nb recs written: 24278382 
Max input rec Len: 332 
Max Output rec Len(including LF): 387 
Elapsed Time: 82 seconds
DARPPP1.P7101B;OK;24278382;24278382
