Convert PD2I2F default tools using conv table-297-to-P1
Target DB set to 'ORACLE'
NL_Protector set to '@%@!'
directing outputs to /pdt/CAPGEMINI/COPY_FROM_NAS_V2/DB2_LINUXDATA/
Data file format NAS !
QUALIFICATION REPORT For Table PD2I2F:

Reporting of interesting characters per categories:
case  0: basic printable characters    : nb chars = 2831097260
case  1: 00 Low value character        : nb chars = 20
case  2: 25 (LF --> 0A on target)      : nb chars = 0
case  3: chars below 40, may be ok     : nb chars = 9
case  4: chars below 40, problematic   : nb chars = 2
case  5: Pb du High Value FF           : nb chars = 0
case  6: 9F: Currency sign or Euro     : nb chars = 12
case  7: Risque d'overpunch (C0 D0)    : nb chars = 286908

Reporting per column, the number of interesting chars:
Column_Name                   ;      case  0;      case  1;      case  2;      case  3;      case  4;      case  5;      case  6;      case  7
CSROM2                        ;     14827219;            0;            0;            1;            0;            0;            0;            0
LNENTH                        ;     77056556;            0;            0;            2;            0;            0;            1;        44985
LNENTI                        ;     77072448;            0;            0;            2;            0;            0;            0;        29094
LLEMPA                        ;     76974604;            0;            0;            0;            0;            0;            8;       126932
LLEMPB                        ;     77015643;            0;            0;            1;            0;            0;            3;        85897
RSTIAP                        ;     23723495;           20;            0;            3;            2;            0;            0;            0

Reporting the number of occurences of interesting char (table level):
char <<0>> nb occurences: 20
char <<0x1>> nb occurences: 1
char <<0x4>> nb occurences: 1
char <<0x5>> nb occurences: 5
char <<0xc>> nb occurences: 1
char <<0x11>> nb occurences: 1
char <<0x24>> nb occurences: 2
char <<0x9f>> nb occurences: 12
char <<0xc0>> nb occurences: 255489
char <<0xd0>> nb occurences: 31419
nb rec processed: 2965444
END of QUALIFICATION REPORT
nb recs read   : 2965444 
nb recs written: 2965444 
Max input rec Len: 1568 
Max Output rec Len(including LF): 1740 
Elapsed Time: 62 seconds
DARPPP1.PD2I2F;OK;2965444;2965444
