
SQL*Loader: Release 19.0.0.0.0 - Production on Thu Jun 8 10:37:26 2023
Version 19.3.0.0.0

Copyright (c) 1982, 2019, Oracle and/or its affiliates.  All rights reserved.

Control File:   /pdt/CAPGEMINI/OUTIL_CHARGEMENT_IMS/outil_V2/DL1/DMT/DL1/REL/PK3/tmp/PK3C.ctl
Character Set F8EBCDIC297 specified for all input.

Data File:      PK3C.DR32.BR0.net
  File processing option string: "fix 70"
  Bad File:     /pdt/CAPGEMINI/OUTIL_CHARGEMENT_IMS/outil_V2/DL1/DMT/DL1/REL/PK3/tmp/charge_PK3C320.bad
  Discard File:  none specified
 
 (Allow all discards)

Number to load: ALL
Number to skip: 0
Errors allowed: 10
Continuation:    none specified
Path used:      Direct

Table PK3C, partition PK3C_DR_32_PART, loaded from every logical record.
Insert option in effect for this partition: REPLACE
TRAILING NULLCOLS option in effect

   Column Name                  Position   Len  Term Encl Datatype
------------------------------ ---------- ----- ---- ---- ---------------------
DR                                    1:2     2           CHARACTER            
BR                                    3:3     1           CHARACTER            
  (FILLER FIELD)
PK3A_RSUT                            4:11     8           CHARACTER            
PK3B_RSUR                           12:19     8           CHARACTER            
PK3C_CSTPG                          20:21     2           CHARACTER            
PK3C_DFPE3C                         22:29     8           CHARACTER            
PK3C_HFPE3C                         30:33     4           CHARACTER            
PK3C_DDPE3C                         34:41     8           CHARACTER            
PK3C_HDPE3C                         42:45     4           CHARACTER            
PK3C_RSFL1                          46:50     5           CHARACTER            
PK3C_CSNPH                          51:51     1           CHARACTER            
PK3C_FILLER                         52:59     8           CHARACTER            
PK3C_FILLER_1                       60:69    10           CHARACTER            
TMST_SOURCE                          NEXT     1           CHARACTER            
    SQL string for column : "CURRENT_TIMESTAMP"
TMST_CIBLE                           NEXT     1           CHARACTER            
    SQL string for column : "CURRENT_TIMESTAMP"

The following index(es) on table PK3C were processed:
index RSOV0200.PK_PK3C partition PK3C_DR_32_PART loaded successfully with 1844 keys

Table PK3C, partition PK3C_DR_32_PART:
  1844 Rows successfully loaded.
  0 Rows not loaded due to data errors.
  0 Rows not loaded because all WHEN clauses were failed.
  0 Rows not loaded because all fields were null.

Bind array size not used in direct path.
Column array  rows :    5000
Stream buffer bytes:  256000
Read   buffer bytes: 1048576

Total logical records skipped:          0
Total logical records read:          1844
Total logical records rejected:         0
Total logical records discarded:        0
Total stream buffers loaded by SQL*Loader main thread:        1
Total stream buffers loaded by SQL*Loader load thread:        0

Run began on Thu Jun 08 10:37:26 2023
Run ended on Thu Jun 08 10:37:27 2023

Elapsed time was:     00:00:00.31
CPU time was:         00:00:00.04
----------------------------------------------------

   Execution report of /pdt/CAPGEMINI/OUTIL_CHARGEMENT_IMS/outil_V2/DL1/DMT/DL1/REL/bin/RunSqlLoader.sh

----------------------------------------------------

SQL*Loader: Release 19.0.0.0.0 - Production on Thu Jun 8 10:37:26 2023
Version 19.3.0.0.0

Copyright (c) 1982, 2019, Oracle and/or its affiliates.  All rights reserved.

Path used:      Direct

Load completed - logical record count 1844.

Table PK3C, partition PK3C_DR_32_PART:
  1844 Rows successfully loaded.

Check the log file:
  /pdt/CAPGEMINI/OUTIL_CHARGEMENT_IMS/outil_V2/DL1/DMT/DL1/REL/PK3/log/charge_PK3C320.log
for more information about the load.

 number of rows inserted not checked 