
SQL*Loader: Release 19.0.0.0.0 - Production on Wed Jun 7 16:40:36 2023
Version 19.3.0.0.0

Copyright (c) 1982, 2019, Oracle and/or its affiliates.  All rights reserved.

Control File:   /pdt/CAPGEMINI/OUTIL_CHARGEMENT_IMS/outil_V2/DL1/DMT/DL1/REL/PK3/tmp/PK3B.ctl
Character Set F8EBCDIC297 specified for all input.

Data File:      PK3B.DR65.BR0.net
  File processing option string: "fix 52"
  Bad File:     /pdt/CAPGEMINI/OUTIL_CHARGEMENT_IMS/outil_V2/DL1/DMT/DL1/REL/PK3/tmp/charge_PK3B650.bad
  Discard File:  none specified
 
 (Allow all discards)

Number to load: ALL
Number to skip: 0
Errors allowed: 10
Continuation:    none specified
Path used:      Direct

Table PK3B, partition PK3B_DR_65_PART, loaded from every logical record.
Insert option in effect for this partition: REPLACE
TRAILING NULLCOLS option in effect

   Column Name                  Position   Len  Term Encl Datatype
------------------------------ ---------- ----- ---- ---- ---------------------
DR                                    1:2     2           CHARACTER            
BR                                    3:3     1           CHARACTER            
  (FILLER FIELD)
PK3A_RSUT                            4:11     8           CHARACTER            
PK3B_CSTIE3                          NEXT     2           CHARACTER            
PK3B_NSTI3                           NEXT     6           CHARACTER            
PK3B_CSFRE                           NEXT     1           CHARACTER            
PK3B_QSMAX                           NEXT     3           CHARACTER            
PK3B_PSPRE                           NEXT     2           CHARACTER            
PK3B_PSENV                           NEXT     2           CHARACTER            
PK3B_CSNSM                           NEXT     4           CHARACTER            
PK3B_DSRC                            NEXT     8           CHARACTER            
PK3B_NSOCP                           NEXT     3           CHARACTER            
PK3B_NSUNCP                          NEXT     2           CHARACTER            
PK3B_PSECHS                          NEXT     3           CHARACTER            
PK3B_PJINV                           NEXT     2           CHARACTER            
PK3B_FILLER                          NEXT     2           CHARACTER            
TMST_SOURCE                          NEXT     1           CHARACTER            
    SQL string for column : "CURRENT_TIMESTAMP"
TMST_CIBLE                           NEXT     1           CHARACTER            
    SQL string for column : "CURRENT_TIMESTAMP"

The following index(es) on table PK3B were processed:
index RSOV0200.PK_PK3B partition PK3B_DR_65_PART loaded successfully with 138 keys

Table PK3B, partition PK3B_DR_65_PART:
  138 Rows successfully loaded.
  0 Rows not loaded due to data errors.
  0 Rows not loaded because all WHEN clauses were failed.
  0 Rows not loaded because all fields were null.

Bind array size not used in direct path.
Column array  rows :    5000
Stream buffer bytes:  256000
Read   buffer bytes: 1048576

Total logical records skipped:          0
Total logical records read:           138
Total logical records rejected:         0
Total logical records discarded:        0
Total stream buffers loaded by SQL*Loader main thread:        1
Total stream buffers loaded by SQL*Loader load thread:        0

Run began on Wed Jun 07 16:40:36 2023
Run ended on Wed Jun 07 16:40:37 2023

Elapsed time was:     00:00:00.31
CPU time was:         00:00:00.03
----------------------------------------------------

   Execution report of /pdt/CAPGEMINI/OUTIL_CHARGEMENT_IMS/outil_V2/DL1/DMT/DL1/REL/bin/RunSqlLoader.sh

----------------------------------------------------

SQL*Loader: Release 19.0.0.0.0 - Production on Wed Jun 7 16:40:36 2023
Version 19.3.0.0.0

Copyright (c) 1982, 2019, Oracle and/or its affiliates.  All rights reserved.

Path used:      Direct

Load completed - logical record count 138.

Table PK3B, partition PK3B_DR_65_PART:
  138 Rows successfully loaded.

Check the log file:
  /pdt/CAPGEMINI/OUTIL_CHARGEMENT_IMS/outil_V2/DL1/DMT/DL1/REL/PK3/log/charge_PK3B650.log
for more information about the load.

 number of rows inserted not checked 