
SQL*Loader: Release 19.0.0.0.0 - Production on Wed Jun 7 16:24:01 2023
Version 19.3.0.0.0

Copyright (c) 1982, 2019, Oracle and/or its affiliates.  All rights reserved.

Control File:   /pdt/CAPGEMINI/OUTIL_CHARGEMENT_IMS/outil_V2/DL1/DMT/DL1/REL/PB6/tmp/PB6G.ctl
Character Set F8EBCDIC297 specified for all input.

Data File:      PB6G.DR32.BR0.net
  File processing option string: "fix 302"
  Bad File:     /pdt/CAPGEMINI/OUTIL_CHARGEMENT_IMS/outil_V2/DL1/DMT/DL1/REL/PB6/tmp/charge_PB6G320.bad
  Discard File:  none specified
 
 (Allow all discards)

Number to load: ALL
Number to skip: 0
Errors allowed: 10
Continuation:    none specified
Path used:      Direct

Table PB6G, partition PB6G_DR_32_PART, loaded from every logical record.
Insert option in effect for this partition: REPLACE
TRAILING NULLCOLS option in effect

   Column Name                  Position   Len  Term Encl Datatype
------------------------------ ---------- ----- ---- ---- ---------------------
DR                                    1:2     2           CHARACTER            
BR                                    3:3     1           CHARACTER            
  (FILLER FIELD)
PB6A_RSCV                            4:11     8           CHARACTER            
PB6G_RSB6G                          12:13     2           CHARACTER            
PB6G_CDCOE                          14:16     3           CHARACTER            
PB6G_PMCOE                          17:18     2           ZONED DECIMAL (2, 0) 
PB6G_CDRM3O                         19:23     5           CHARACTER            
PB6G_CDAR3O                         24:29     6           CHARACTER            
PB6G_QSTEO                          30:34     5           ZONED DECIMAL (5, 0) 
PB6G_CDEMB_1                        35:38     4           CHARACTER            
PB6G_QSEMO_1                        39:43     5           ZONED DECIMAL (5, 0) 
PB6G_CDEMB_2                        44:47     4           CHARACTER            
PB6G_QSEMO_2                        48:52     5           ZONED DECIMAL (5, 0) 
PB6G_CDEMB_3                        53:56     4           CHARACTER            
PB6G_QSEMO_3                        57:61     5           ZONED DECIMAL (5, 0) 
PB6G_CDEMB_4                        62:65     4           CHARACTER            
PB6G_QSEMO_4                        66:70     5           ZONED DECIMAL (5, 0) 
PB6G_CDEMB_5                        71:74     4           CHARACTER            
PB6G_QSEMO_5                        75:79     5           ZONED DECIMAL (5, 0) 
PB6G_CDEMB_6                        80:83     4           CHARACTER            
PB6G_QSEMO_6                        84:88     5           ZONED DECIMAL (5, 0) 
PB6G_CDEMB_7                        89:92     4           CHARACTER            
PB6G_QSEMO_7                        93:97     5           ZONED DECIMAL (5, 0) 
PB6G_CDEMB_8                       98:101     4           CHARACTER            
PB6G_QSEMO_8                      102:106     5           ZONED DECIMAL (5, 0) 
PB6G_CDEMB_9                      107:110     4           CHARACTER            
PB6G_QSEMO_9                      111:115     5           ZONED DECIMAL (5, 0) 
PB6G_CDEMB_10                     116:119     4           CHARACTER            
PB6G_QSEMO_10                     120:124     5           ZONED DECIMAL (5, 0) 
PB6G_CDEMB_11                     125:128     4           CHARACTER            
PB6G_QSEMO_11                     129:133     5           ZONED DECIMAL (5, 0) 
PB6G_CDEMB_12                     134:137     4           CHARACTER            
PB6G_QSEMO_12                     138:142     5           ZONED DECIMAL (5, 0) 
PB6G_CDEMB_13                     143:146     4           CHARACTER            
PB6G_QSEMO_13                     147:151     5           ZONED DECIMAL (5, 0) 
PB6G_CDEMB_14                     152:155     4           CHARACTER            
PB6G_QSEMO_14                     156:160     5           ZONED DECIMAL (5, 0) 
PB6G_CDEMB_15                     161:164     4           CHARACTER            
PB6G_QSEMO_15                     165:169     5           ZONED DECIMAL (5, 0) 
PB6G_QSTEN                        170:174     5           ZONED DECIMAL (5, 0) 
PB6G_CMEMN_1                      175:176     2           CHARACTER            
PB6G_QSEMN_1                      177:181     5           ZONED DECIMAL (5, 0) 
PB6G_CMEMN_2                      182:183     2           CHARACTER            
PB6G_QSEMN_2                      184:188     5           ZONED DECIMAL (5, 0) 
PB6G_CMEMN_3                      189:190     2           CHARACTER            
PB6G_QSEMN_3                      191:195     5           ZONED DECIMAL (5, 0) 
PB6G_CMEMN_4                      196:197     2           CHARACTER            
PB6G_QSEMN_4                      198:202     5           ZONED DECIMAL (5, 0) 
PB6G_CMEMN_5                      203:204     2           CHARACTER            
PB6G_QSEMN_5                      205:209     5           ZONED DECIMAL (5, 0) 
PB6G_CMEMN_6                      210:211     2           CHARACTER            
PB6G_QSEMN_6                      212:216     5           ZONED DECIMAL (5, 0) 
PB6G_CMEMN_7                      217:218     2           CHARACTER            
PB6G_QSEMN_7                      219:223     5           ZONED DECIMAL (5, 0) 
PB6G_CMEMN_8                      224:225     2           CHARACTER            
PB6G_QSEMN_8                      226:230     5           ZONED DECIMAL (5, 0) 
PB6G_CMEMN_9                      231:232     2           CHARACTER            
PB6G_QSEMN_9                      233:237     5           ZONED DECIMAL (5, 0) 
PB6G_CMEMN_10                     238:239     2           CHARACTER            
PB6G_QSEMN_10                     240:244     5           ZONED DECIMAL (5, 0) 
PB6G_FILLER                       245:251     7           ZONED DECIMAL (7, 0) 
PB6G_FILLER_1                     252:261    10           ZONED DECIMAL (10, 0)
PB6G_FILLER_2                     262:271    10           ZONED DECIMAL (10, 0)
PB6G_FILLER_3                     272:281    10           ZONED DECIMAL (10, 0)
PB6G_FILLER_4                     282:291    10           ZONED DECIMAL (10, 0)
PB6G_FILLER_5                     292:301    10           ZONED DECIMAL (10, 0)
TMST_SOURCE                          NEXT     1           CHARACTER            
    SQL string for column : "CURRENT_TIMESTAMP"
TMST_CIBLE                           NEXT     1           CHARACTER            
    SQL string for column : "CURRENT_TIMESTAMP"

The following index(es) on table PB6G were processed:
index RSOV0200.PK_PB6G partition PB6G_DR_32_PART loaded successfully with 20487 keys

Table PB6G, partition PB6G_DR_32_PART:
  20487 Rows successfully loaded.
  0 Rows not loaded due to data errors.
  0 Rows not loaded because all WHEN clauses were failed.
  0 Rows not loaded because all fields were null.

Bind array size not used in direct path.
Column array  rows :    5000
Stream buffer bytes:  256000
Read   buffer bytes: 1048576

Total logical records skipped:          0
Total logical records read:         20487
Total logical records rejected:         0
Total logical records discarded:        0
Total stream buffers loaded by SQL*Loader main thread:        6
Total stream buffers loaded by SQL*Loader load thread:       12

Run began on Wed Jun 07 16:24:01 2023
Run ended on Wed Jun 07 16:24:04 2023

Elapsed time was:     00:00:02.58
CPU time was:         00:00:00.31
----------------------------------------------------

   Execution report of /pdt/CAPGEMINI/OUTIL_CHARGEMENT_IMS/outil_V2/DL1/DMT/DL1/REL/bin/RunSqlLoader.sh

----------------------------------------------------

SQL*Loader: Release 19.0.0.0.0 - Production on Wed Jun 7 16:24:01 2023
Version 19.3.0.0.0

Copyright (c) 1982, 2019, Oracle and/or its affiliates.  All rights reserved.

Path used:      Direct

Load completed - logical record count 20487.

Table PB6G, partition PB6G_DR_32_PART:
  20487 Rows successfully loaded.

Check the log file:
  /pdt/CAPGEMINI/OUTIL_CHARGEMENT_IMS/outil_V2/DL1/DMT/DL1/REL/PB6/log/charge_PB6G320.log
for more information about the load.

 number of rows inserted not checked 