
SQL*Loader: Release 19.0.0.0.0 - Production on Wed Jun 7 16:23:37 2023
Version 19.3.0.0.0

Copyright (c) 1982, 2019, Oracle and/or its affiliates.  All rights reserved.

Control File:   /pdt/CAPGEMINI/OUTIL_CHARGEMENT_IMS/outil_V2/DL1/DMT/DL1/REL/PB6/tmp/PB6B.ctl
Character Set F8EBCDIC297 specified for all input.

Data File:      PB6B.DR32.BR0.net
  File processing option string: "fix 52"
  Bad File:     /pdt/CAPGEMINI/OUTIL_CHARGEMENT_IMS/outil_V2/DL1/DMT/DL1/REL/PB6/tmp/charge_PB6B320.bad
  Discard File:  none specified
 
 (Allow all discards)

Number to load: ALL
Number to skip: 0
Errors allowed: 10
Continuation:    none specified
Path used:      Direct

Table PB6B, partition PB6B_DR_32_PART, loaded from every logical record.
Insert option in effect for this partition: REPLACE
TRAILING NULLCOLS option in effect

   Column Name                  Position   Len  Term Encl Datatype
------------------------------ ---------- ----- ---- ---- ---------------------
DR                                    1:2     2           CHARACTER            
BR                                    3:3     1           CHARACTER            
  (FILLER FIELD)
PB6A_RSCV                            4:11     8           CHARACTER            
PB6B_CSTIDC                         12:13     2           CHARACTER            
PB6B_ISDIVC                         14:33    20           CHARACTER            
PB6B_CSIDXC                         34:34     1           CHARACTER            
PB6B_FILLER                         35:41    17           ZONED DECIMAL (17, 0)
TMST_SOURCE                          NEXT     1           CHARACTER            
    SQL string for column : "CURRENT_TIMESTAMP"
TMST_CIBLE                           NEXT     1           CHARACTER            
    SQL string for column : "CURRENT_TIMESTAMP"

The following index(es) on table PB6B were processed:
index RSOV0200.PB62 partition PB6B_DR_32_PART loaded successfully with 147004 keys
index RSOV0200.PK_PB6B partition PB6B_DR_32_PART loaded successfully with 147004 keys

Table PB6B, partition PB6B_DR_32_PART:
  147004 Rows successfully loaded.
  0 Rows not loaded due to data errors.
  0 Rows not loaded because all WHEN clauses were failed.
  0 Rows not loaded because all fields were null.

Bind array size not used in direct path.
Column array  rows :    5000
Stream buffer bytes:  256000
Read   buffer bytes: 1048576

Total logical records skipped:          0
Total logical records read:        147004
Total logical records rejected:         0
Total logical records discarded:        0
Total stream buffers loaded by SQL*Loader main thread:       37
Total stream buffers loaded by SQL*Loader load thread:        0

Run began on Wed Jun 07 16:23:37 2023
Run ended on Wed Jun 07 16:23:46 2023

Elapsed time was:     00:00:09.10
CPU time was:         00:00:00.23
----------------------------------------------------

   Execution report of /pdt/CAPGEMINI/OUTIL_CHARGEMENT_IMS/outil_V2/DL1/DMT/DL1/REL/bin/RunSqlLoader.sh

----------------------------------------------------

SQL*Loader: Release 19.0.0.0.0 - Production on Wed Jun 7 16:23:37 2023
Version 19.3.0.0.0

Copyright (c) 1982, 2019, Oracle and/or its affiliates.  All rights reserved.

Path used:      Direct

Load completed - logical record count 147004.

Table PB6B, partition PB6B_DR_32_PART:
  147004 Rows successfully loaded.

Check the log file:
  /pdt/CAPGEMINI/OUTIL_CHARGEMENT_IMS/outil_V2/DL1/DMT/DL1/REL/PB6/log/charge_PB6B320.log
for more information about the load.

 number of rows inserted not checked 