
SQL*Loader: Release 19.0.0.0.0 - Production on Wed Jun 7 11:56:59 2023
Version 19.3.0.0.0

Copyright (c) 1982, 2019, Oracle and/or its affiliates.  All rights reserved.

Control File:   /pdt/CAPGEMINI/OUTIL_CHARGEMENT_IMS/outil_V2/DL1/DMT/DL1/REL/PA4/tmp/PA4J.ctl
Character Set F8EBCDIC297 specified for all input.

Data File:      PA4J.DR65.BR0.net
  File processing option string: "fix 212"
  Bad File:     /pdt/CAPGEMINI/OUTIL_CHARGEMENT_IMS/outil_V2/DL1/DMT/DL1/REL/PA4/tmp/charge_PA4J650.bad
  Discard File:  none specified
 
 (Allow all discards)

Number to load: ALL
Number to skip: 0
Errors allowed: 10
Continuation:    none specified
Path used:      Direct

Table PA4J, partition PA4J_DR_65_PART, loaded from every logical record.
Insert option in effect for this partition: REPLACE
TRAILING NULLCOLS option in effect

   Column Name                  Position   Len  Term Encl Datatype
------------------------------ ---------- ----- ---- ---- ---------------------
DR                                    1:2     2           CHARACTER            
BR                                    3:3     1           CHARACTER            
  (FILLER FIELD)
PA4A_CSTIE                            4:5     2           CHARACTER            
PA4A_NSTI                            6:11     6           CHARACTER            
PA4J_CSDEPT                         12:13     2           CHARACTER            
PA4J_DTEAM                          14:19     6           CHARACTER            
PA4J_TSDEF                          20:21     2           CHARACTER            
PA4J_NBQSF1                         22:27     6           CHARACTER            
PA4J_NBQSF2                         28:33     6           CHARACTER            
PA4J_NBQSF3                         34:39     6           CHARACTER            
PA4J_NBQSF4                         40:45     6           CHARACTER            
PA4J_NBQAF1                         46:51     6           CHARACTER            
PA4J_NBQAF2                         52:57     6           CHARACTER            
PA4J_NBQAF3                         58:63     6           CHARACTER            
PA4J_NBQAF4                         64:69     6           CHARACTER            
PA4J_NBJSE                          70:71     2           CHARACTER            
PA4J_NBQSFA                         72:75     4           CHARACTER            
PA4J_NBQSFB                         76:79     4           CHARACTER            
PA4J_NBQSFC                         80:83     4           CHARACTER            
PA4J_NBQSFD                         84:87     4           CHARACTER            
PA4J_NBQAFA                         88:91     4           CHARACTER            
PA4J_NBQAFB                         92:95     4           CHARACTER            
PA4J_NBQAFC                         96:99     4           CHARACTER            
PA4J_NBQAFD                       100:103     4           CHARACTER            
PA4J_NBJSE1                       104:105     2           CHARACTER            
PA4J_FILLER                       106:111     6           CHARACTER            
PA4J_FILLER_1                     112:121    10           CHARACTER            
PA4J_FILLER_2                     122:131    10           CHARACTER            
PA4J_FILLER_3                     132:141    10           CHARACTER            
PA4J_FILLER_4                     142:151    10           CHARACTER            
PA4J_FILLER_5                     152:161    10           CHARACTER            
PA4J_FILLER_6                     162:171    10           CHARACTER            
PA4J_FILLER_7                     172:181    10           CHARACTER            
PA4J_FILLER_8                     182:191    10           CHARACTER            
PA4J_FILLER_9                     192:201    10           CHARACTER            
PA4J_FILLER_10                    202:211    10           CHARACTER            
TMST_SOURCE                          NEXT     1           CHARACTER            
    SQL string for column : "CURRENT_TIMESTAMP"
TMST_CIBLE                           NEXT     1           CHARACTER            
    SQL string for column : "CURRENT_TIMESTAMP"

The following index(es) on table PA4J were processed:
index RSOV0200.PK_PA4J partition PA4J_DR_65_PART loaded successfully with 96 keys

Table PA4J, partition PA4J_DR_65_PART:
  96 Rows successfully loaded.
  0 Rows not loaded due to data errors.
  0 Rows not loaded because all WHEN clauses were failed.
  0 Rows not loaded because all fields were null.

Bind array size not used in direct path.
Column array  rows :    5000
Stream buffer bytes:  256000
Read   buffer bytes: 1048576

Total logical records skipped:          0
Total logical records read:            96
Total logical records rejected:         0
Total logical records discarded:        0
Total stream buffers loaded by SQL*Loader main thread:        1
Total stream buffers loaded by SQL*Loader load thread:        0

Run began on Wed Jun 07 11:56:59 2023
Run ended on Wed Jun 07 11:56:59 2023

Elapsed time was:     00:00:00.34
CPU time was:         00:00:00.03
----------------------------------------------------

   Execution report of /pdt/CAPGEMINI/OUTIL_CHARGEMENT_IMS/outil_V2/DL1/DMT/DL1/REL/bin/RunSqlLoader.sh

----------------------------------------------------

SQL*Loader: Release 19.0.0.0.0 - Production on Wed Jun 7 11:56:59 2023
Version 19.3.0.0.0

Copyright (c) 1982, 2019, Oracle and/or its affiliates.  All rights reserved.

Path used:      Direct

Load completed - logical record count 96.

Table PA4J, partition PA4J_DR_65_PART:
  96 Rows successfully loaded.

Check the log file:
  /pdt/CAPGEMINI/OUTIL_CHARGEMENT_IMS/outil_V2/DL1/DMT/DL1/REL/PA4/log/charge_PA4J650.log
for more information about the load.

 number of rows inserted not checked 