
SQL*Loader: Release 19.0.0.0.0 - Production on Wed Jun 7 16:28:28 2023
Version 19.3.0.0.0

Copyright (c) 1982, 2019, Oracle and/or its affiliates.  All rights reserved.

Control File:   /pdt/CAPGEMINI/OUTIL_CHARGEMENT_IMS/outil_V2/DL1/DMT/DL1/REL/PA4/tmp/PA4G.ctl
Character Set F8EBCDIC297 specified for all input.

Data File:      PA4G.DR32.BR0.net
  File processing option string: "fix 132"
  Bad File:     /pdt/CAPGEMINI/OUTIL_CHARGEMENT_IMS/outil_V2/DL1/DMT/DL1/REL/PA4/tmp/charge_PA4G320.bad
  Discard File:  none specified
 
 (Allow all discards)

Number to load: ALL
Number to skip: 0
Errors allowed: 10
Continuation:    none specified
Path used:      Direct

Table PA4G, partition PA4G_DR_32_PART, loaded from every logical record.
Insert option in effect for this partition: REPLACE
TRAILING NULLCOLS option in effect

   Column Name                  Position   Len  Term Encl Datatype
------------------------------ ---------- ----- ---- ---- ---------------------
DR                                    1:2     2           CHARACTER            
BR                                    3:3     1           CHARACTER            
  (FILLER FIELD)
PA4A_CSTIE                            4:5     2           CHARACTER            
PA4A_NSTI                            6:11     6           CHARACTER            
PA4G_CSTCM                          12:13     2           CHARACTER            
PA4G_NSCOTI                         14:15     2           CHARACTER            
PA4G_DEDBNT                         16:23     8           CHARACTER            
PA4G_LSCH                          24:102    79           CHARACTER            
PA4G_FILLER                       103:111     9           CHARACTER            
PA4G_FILLER_1                     112:121    10           CHARACTER            
PA4G_FILLER_2                     122:131    10           CHARACTER            
TMST_SOURCE                          NEXT     1           CHARACTER            
    SQL string for column : "CURRENT_TIMESTAMP"
TMST_CIBLE                           NEXT     1           CHARACTER            
    SQL string for column : "CURRENT_TIMESTAMP"

The following index(es) on table PA4G were processed:
index RSOV0200.PK_PA4G partition PA4G_DR_32_PART loaded successfully with 516 keys

Table PA4G, partition PA4G_DR_32_PART:
  516 Rows successfully loaded.
  0 Rows not loaded due to data errors.
  0 Rows not loaded because all WHEN clauses were failed.
  0 Rows not loaded because all fields were null.

Bind array size not used in direct path.
Column array  rows :    5000
Stream buffer bytes:  256000
Read   buffer bytes: 1048576

Total logical records skipped:          0
Total logical records read:           516
Total logical records rejected:         0
Total logical records discarded:        0
Total stream buffers loaded by SQL*Loader main thread:        1
Total stream buffers loaded by SQL*Loader load thread:        0

Run began on Wed Jun 07 16:28:28 2023
Run ended on Wed Jun 07 16:28:28 2023

Elapsed time was:     00:00:00.26
CPU time was:         00:00:00.03
----------------------------------------------------

   Execution report of /pdt/CAPGEMINI/OUTIL_CHARGEMENT_IMS/outil_V2/DL1/DMT/DL1/REL/bin/RunSqlLoader.sh

----------------------------------------------------

SQL*Loader: Release 19.0.0.0.0 - Production on Wed Jun 7 16:28:28 2023
Version 19.3.0.0.0

Copyright (c) 1982, 2019, Oracle and/or its affiliates.  All rights reserved.

Path used:      Direct

Load completed - logical record count 516.

Table PA4G, partition PA4G_DR_32_PART:
  516 Rows successfully loaded.

Check the log file:
  /pdt/CAPGEMINI/OUTIL_CHARGEMENT_IMS/outil_V2/DL1/DMT/DL1/REL/PA4/log/charge_PA4G320.log
for more information about the load.

 number of rows inserted not checked 