
SQL*Loader: Release 19.0.0.0.0 - Production on Wed Jun 7 11:55:41 2023
Version 19.3.0.0.0

Copyright (c) 1982, 2019, Oracle and/or its affiliates.  All rights reserved.

Control File:   /pdt/CAPGEMINI/OUTIL_CHARGEMENT_IMS/outil_V2/DL1/DMT/DL1/REL/PA4/tmp/PA4B.ctl
Character Set F8EBCDIC297 specified for all input.

Data File:      PA4B.DR65.BR0.net
  File processing option string: "fix 292"
  Bad File:     /pdt/CAPGEMINI/OUTIL_CHARGEMENT_IMS/outil_V2/DL1/DMT/DL1/REL/PA4/tmp/charge_PA4B650.bad
  Discard File:  none specified
 
 (Allow all discards)

Number to load: ALL
Number to skip: 0
Errors allowed: 10
Continuation:    none specified
Path used:      Direct

Table PA4B, partition PA4B_DR_65_PART, loaded from every logical record.
Insert option in effect for this partition: REPLACE
TRAILING NULLCOLS option in effect

   Column Name                  Position   Len  Term Encl Datatype
------------------------------ ---------- ----- ---- ---- ---------------------
DR                                    1:2     2           CHARACTER            
BR                                    3:3     1           CHARACTER            
  (FILLER FIELD)
PA4A_CSTIE                            4:5     2           CHARACTER            
PA4A_NSTI                            6:11     6           CHARACTER            
PA4B_CSNAT1                         12:12     1           CHARACTER            
PA4B_CSTIE                          13:14     2           CHARACTER            
PA4B_DDADT                          15:22     8           CHARACTER            
PA4B_DFADT                          23:30     8           CHARACTER            
PA4B_LSPTI                          31:62    32           CHARACTER            
PA4B_ACADR1                         63:94    32           CHARACTER            
PA4B_AVADR1                        95:126    32           CHARACTER            
PA4B_NSTL1                        127:137    11           CHARACTER            
PA4B_CSDE2                        138:139     2           CHARACTER            
PA4B_NSCOMT                       140:142     3           CHARACTER            
PA4B_CSSUB1                       143:143     1           CHARACTER            
PA4B_CSPAY1                       144:146     3           CHARACTER            
PA4B_LSCOM4                       147:166    20           CHARACTER            
PA4B_FSHA4B                       167:167     1           CHARACTER            
PA4B_CSCED                        168:169     2           CHARACTER            
PA4B_CSCEX                        170:174     5           CHARACTER            
PA4B_NSTF1                        175:185    11           CHARACTER            
PA4B_CDEMA                        186:245    60           CHARACTER            
PA4B_FSMDT                        246:246     1           CHARACTER            
PA4B_FIRLC                        247:247     1           CHARACTER            
PA4B_FILLER                       248:251     4           CHARACTER            
PA4B_FILLER_1                     252:261    10           CHARACTER            
PA4B_FILLER_2                     262:271    10           CHARACTER            
PA4B_FILLER_3                     272:281    10           CHARACTER            
PA4B_FILLER_4                     282:291    10           CHARACTER            
TMST_SOURCE                          NEXT     1           CHARACTER            
    SQL string for column : "CURRENT_TIMESTAMP"
TMST_CIBLE                           NEXT     1           CHARACTER            
    SQL string for column : "CURRENT_TIMESTAMP"

The following index(es) on table PA4B were processed:
index RSOV0200.PA42 partition PA4B_DR_65_PART loaded successfully with 428135 keys
index RSOV0200.PK_PA4B partition PA4B_DR_65_PART loaded successfully with 428135 keys

Table PA4B, partition PA4B_DR_65_PART:
  428135 Rows successfully loaded.
  0 Rows not loaded due to data errors.
  0 Rows not loaded because all WHEN clauses were failed.
  0 Rows not loaded because all fields were null.

Bind array size not used in direct path.
Column array  rows :    5000
Stream buffer bytes:  256000
Read   buffer bytes: 1048576

Total logical records skipped:          0
Total logical records read:        428135
Total logical records rejected:         0
Total logical records discarded:        0
Total stream buffers loaded by SQL*Loader main thread:      120
Total stream buffers loaded by SQL*Loader load thread:      357

Run began on Wed Jun 07 11:55:41 2023
Run ended on Wed Jun 07 11:56:17 2023

Elapsed time was:     00:00:35.66
CPU time was:         00:00:01.84
----------------------------------------------------

   Execution report of /pdt/CAPGEMINI/OUTIL_CHARGEMENT_IMS/outil_V2/DL1/DMT/DL1/REL/bin/RunSqlLoader.sh

----------------------------------------------------

SQL*Loader: Release 19.0.0.0.0 - Production on Wed Jun 7 11:55:41 2023
Version 19.3.0.0.0

Copyright (c) 1982, 2019, Oracle and/or its affiliates.  All rights reserved.

Path used:      Direct

Load completed - logical record count 428135.

Table PA4B, partition PA4B_DR_65_PART:
  428135 Rows successfully loaded.

Check the log file:
  /pdt/CAPGEMINI/OUTIL_CHARGEMENT_IMS/outil_V2/DL1/DMT/DL1/REL/PA4/log/charge_PA4B650.log
for more information about the load.

 number of rows inserted not checked 