
SQL*Loader: Release 19.0.0.0.0 - Production on Wed Jun 7 11:57:04 2023
Version 19.3.0.0.0

Copyright (c) 1982, 2019, Oracle and/or its affiliates.  All rights reserved.

Control File:   /pdt/CAPGEMINI/OUTIL_CHARGEMENT_IMS/outil_V2/DL1/DMT/DL1/REL/PA4/tmp/PA4K.ctl
Character Set F8EBCDIC297 specified for all input.

Data File:      PA4K.DR65.BR0.net
  File processing option string: "fix 212"
  Bad File:     /pdt/CAPGEMINI/OUTIL_CHARGEMENT_IMS/outil_V2/DL1/DMT/DL1/REL/PA4/tmp/charge_PA4K650.bad
  Discard File:  none specified
 
 (Allow all discards)

Number to load: ALL
Number to skip: 0
Errors allowed: 10
Continuation:    none specified
Path used:      Direct

Table PA4K, partition PA4K_DR_65_PART, loaded from every logical record.
Insert option in effect for this partition: REPLACE
TRAILING NULLCOLS option in effect

   Column Name                  Position   Len  Term Encl Datatype
------------------------------ ---------- ----- ---- ---- ---------------------
DR                                    1:2     2           CHARACTER            
BR                                    3:3     1           CHARACTER            
  (FILLER FIELD)
PA4A_CSTIE                            4:5     2           CHARACTER            
PA4A_NSTI                            6:11     6           CHARACTER            
PA4K_CDTQS                          12:12     1           CHARACTER            
PA4K_DTEAM1                         13:18     6           CHARACTER            
PA4K_CSPRQ                          19:19     1           CHARACTER            
PA4K_FSSQT                          20:20     1           CHARACTER            
PA4K_QSDDEP                         21:28     8           CHARACTER            
PA4K_QSDDEQ                         29:36     8           CHARACTER            
PA4K_QSDDE1                         37:44     8           CHARACTER            
PA4K_LIBCRI                        45:119    75           CHARACTER            
PA4K_FILLER                       120:134    15           CHARACTER            
PA4K_FILLER_1                     135:144    10           CHARACTER            
PA4K_FILLER_2                     145:159    15           CHARACTER            
PA4K_FILLER_3                     160:174    15           CHARACTER            
PA4K_FILLER_4                     175:189    15           CHARACTER            
PA4K_FILLER_5                     190:204    15           CHARACTER            
PA4K_FILLER_6                     205:211     7           CHARACTER            
TMST_SOURCE                          NEXT     1           CHARACTER            
    SQL string for column : "CURRENT_TIMESTAMP"
TMST_CIBLE                           NEXT     1           CHARACTER            
    SQL string for column : "CURRENT_TIMESTAMP"

The following index(es) on table PA4K were processed:
index RSOV0200.PK_PA4K partition PA4K_DR_65_PART loaded successfully with 29849 keys

Table PA4K, partition PA4K_DR_65_PART:
  29849 Rows successfully loaded.
  0 Rows not loaded due to data errors.
  0 Rows not loaded because all WHEN clauses were failed.
  0 Rows not loaded because all fields were null.

Bind array size not used in direct path.
Column array  rows :    5000
Stream buffer bytes:  256000
Read   buffer bytes: 1048576

Total logical records skipped:          0
Total logical records read:         29849
Total logical records rejected:         0
Total logical records discarded:        0
Total stream buffers loaded by SQL*Loader main thread:        7
Total stream buffers loaded by SQL*Loader load thread:       12

Run began on Wed Jun 07 11:57:04 2023
Run ended on Wed Jun 07 11:57:06 2023

Elapsed time was:     00:00:02.05
CPU time was:         00:00:00.10
----------------------------------------------------

   Execution report of /pdt/CAPGEMINI/OUTIL_CHARGEMENT_IMS/outil_V2/DL1/DMT/DL1/REL/bin/RunSqlLoader.sh

----------------------------------------------------

SQL*Loader: Release 19.0.0.0.0 - Production on Wed Jun 7 11:57:04 2023
Version 19.3.0.0.0

Copyright (c) 1982, 2019, Oracle and/or its affiliates.  All rights reserved.

Path used:      Direct

Load completed - logical record count 29849.

Table PA4K, partition PA4K_DR_65_PART:
  29849 Rows successfully loaded.

Check the log file:
  /pdt/CAPGEMINI/OUTIL_CHARGEMENT_IMS/outil_V2/DL1/DMT/DL1/REL/PA4/log/charge_PA4K650.log
for more information about the load.

 number of rows inserted not checked 