
SQL*Loader: Release 19.0.0.0.0 - Production on Fri Jun 9 18:59:19 2023
Version 19.3.0.0.0

Copyright (c) 1982, 2019, Oracle and/or its affiliates.  All rights reserved.

Control File:   /pdt/CAPGEMINI/OUTIL_CHARGEMENT_IMS/outil_V2/DL1/DMT/DL1/REL/PE1/tmp/PE1L.ctl
Character Set F8EBCDIC297 specified for all input.

Data File:      PE1L.DR65.BR3.net
  File processing option string: "fix 145"
  Bad File:     /pdt/CAPGEMINI/OUTIL_CHARGEMENT_IMS/outil_V2/DL1/DMT/DL1/REL/PE1/tmp/charge_PE1L653.bad
  Discard File:  none specified
 
 (Allow all discards)

Number to load: ALL
Number to skip: 0
Errors allowed: 10
Continuation:    none specified
Path used:      Direct

Table PE1L, subpartition PE1L_DR_65_BR3_PART, loaded from every logical record.
Insert option in effect for this subpartition: REPLACE
TRAILING NULLCOLS option in effect

   Column Name                  Position   Len  Term Encl Datatype
------------------------------ ---------- ----- ---- ---- ---------------------
DR                                    1:2     2           CHARACTER            
BR                                                        CONSTANT
    Value is '3'
PE1A_RSIN                            4:11     8           CHARACTER            
PE1H_RSOD                           12:14     3           CHARACTER            
PE1L_CSNDU                          15:15     1           CHARACTER            
PE1L_CSSND                          16:16     1           CHARACTER            
PE1L_CSAAJ2                         17:21     5           CHARACTER            
PE1L_CSRANG                         22:24     3           CHARACTER            
PE1L_FSNDU                          25:25     1           CHARACTER            
PE1L_CSODU                          26:26     1           CHARACTER            
PE1L_DFACD                          27:34     8           CHARACTER            
PE1L_PSDEB                          35:38     4           CHARACTER            
PE1L_DFEPD                          39:46     8           CHARACTER            
PE1L_PSFIN                          47:50     4           CHARACTER            
PE1L_CSFCA3                         51:53     3           CHARACTER            
PE1L_RSBCA3                         54:55     2           CHARACTER            
PE1L_CSFCA4                         56:58     3           CHARACTER            
PE1L_RSBCA4                         59:60     2           CHARACTER            
PE1L_PSDEC8                         61:62     2           CHARACTER            
PE1L_FILLER                         63:76    14           CHARACTER            
PE1L_FILLER_1                       77:93    17           CHARACTER            
PE1L_FILLER_2                      94:110    17           CHARACTER            
PE1L_FILLER_3                     111:127    17           CHARACTER            
PE1L_FILLER_4                     128:144    17           CHARACTER            
TMST_SOURCE                          NEXT     1           CHARACTER            
    SQL string for column : "CURRENT_TIMESTAMP"
TMST_CIBLE                           NEXT     1           CHARACTER            
    SQL string for column : "CURRENT_TIMESTAMP"

The following index(es) on table PE1L were processed:
index RSOV0200.PK_PE1L partition PE1L_DR_65_BR3_PART loaded successfully with 275057 keys

Table PE1L, subpartition PE1L_DR_65_BR3_PART:
  275057 Rows successfully loaded.
  0 Rows not loaded due to data errors.
  0 Rows not loaded because all WHEN clauses were failed.
  0 Rows not loaded because all fields were null.

Bind array size not used in direct path.
Column array  rows :    5000
Stream buffer bytes:  256000
Read   buffer bytes: 1048576

Total logical records skipped:          0
Total logical records read:        275057
Total logical records rejected:         0
Total logical records discarded:        0
Total stream buffers loaded by SQL*Loader main thread:       77
Total stream buffers loaded by SQL*Loader load thread:       38

Run began on Fri Jun 09 18:59:19 2023
Run ended on Fri Jun 09 18:59:23 2023

Elapsed time was:     00:00:03.82
CPU time was:         00:00:00.97
----------------------------------------------------

   Execution report of /pdt/CAPGEMINI/OUTIL_CHARGEMENT_IMS/outil_V2/DL1/DMT/DL1/REL/bin/RunSqlLoader.sh

----------------------------------------------------

SQL*Loader: Release 19.0.0.0.0 - Production on Fri Jun 9 18:59:19 2023
Version 19.3.0.0.0

Copyright (c) 1982, 2019, Oracle and/or its affiliates.  All rights reserved.

Path used:      Direct

Load completed - logical record count 275057.

Table PE1L, subpartition PE1L_DR_65_BR3_PART:
  275057 Rows successfully loaded.

Check the log file:
  /pdt/CAPGEMINI/OUTIL_CHARGEMENT_IMS/outil_V2/DL1/DMT/DL1/REL/PE1/log/charge_PE1L653.log
for more information about the load.

 number of rows inserted not checked 