
SQL*Loader: Release 19.0.0.0.0 - Production on Fri Jun 9 23:01:19 2023
Version 19.3.0.0.0

Copyright (c) 1982, 2019, Oracle and/or its affiliates.  All rights reserved.

Control File:   /pdt/CAPGEMINI/OUTIL_CHARGEMENT_IMS/outil_V2/DL1/DMT/DL1/REL/PE1/tmp/PE1Q.ctl
Character Set F8EBCDIC297 specified for all input.

Data File:      PE1Q.DR32.BR3.net
  File processing option string: "fix 112"
  Bad File:     /pdt/CAPGEMINI/OUTIL_CHARGEMENT_IMS/outil_V2/DL1/DMT/DL1/REL/PE1/tmp/charge_PE1Q323.bad
  Discard File:  none specified
 
 (Allow all discards)

Number to load: ALL
Number to skip: 0
Errors allowed: 10
Continuation:    none specified
Path used:      Direct

Table PE1Q, subpartition PE1Q_DR_32_BR3_PART, loaded from every logical record.
Insert option in effect for this subpartition: REPLACE
TRAILING NULLCOLS option in effect

   Column Name                  Position   Len  Term Encl Datatype
------------------------------ ---------- ----- ---- ---- ---------------------
DR                                    1:2     2           CHARACTER            
BR                                                        CONSTANT
    Value is '3'
PE1A_RSIN                            4:11     8           CHARACTER            
PE1Q_DEVAV                          12:19     8           CHARACTER            
PE1Q_CSAVV_1                        20:20     1           CHARACTER            
PE1Q_CSAVV_2                        21:21     1           CHARACTER            
PE1Q_CSAVV_3                        22:22     1           CHARACTER            
PE1Q_CSAVV_4                        23:23     1           CHARACTER            
PE1Q_QMAV_1                         24:30     7           ZONED DECIMAL (7, 2) 
PE1Q_QMAV_2                         31:37     7           ZONED DECIMAL (7, 2) 
PE1Q_QMAV_3                         38:44     7           ZONED DECIMAL (7, 2) 
PE1Q_QMAV_4                         45:51     7           ZONED DECIMAL (7, 2) 
PE1Q_CSESG1                         52:52     1           CHARACTER            
PE1Q_DMSEG1                         53:60     8           CHARACTER            
PE1Q_FSPRL_1                        61:61     1           CHARACTER            
PE1Q_FSPRL_2                        62:62     1           CHARACTER            
PE1Q_FSPRL_3                        63:63     1           CHARACTER            
PE1Q_FSPRL_4                        64:64     1           CHARACTER            
PE1Q_CSQAV_1                        65:65     1           CHARACTER            
PE1Q_CSQAV_2                        66:66     1           CHARACTER            
PE1Q_CSQAV_3                        67:67     1           CHARACTER            
PE1Q_CSQAV_4                        68:68     1           CHARACTER            
PE1Q_DFAV                           69:76     8           CHARACTER            
PE1Q_CYAV_1                         77:77     1           CHARACTER            
PE1Q_CYAV_2                         78:78     1           CHARACTER            
PE1Q_CYAV_3                         79:79     1           CHARACTER            
PE1Q_CYAV_4                         80:80     1           CHARACTER            
PE1Q_FSAVRA                         81:81     1           CHARACTER            
PE1Q_FILLER                         82:86     5           CHARACTER            
PE1Q_FILLER_1                       87:96    10           CHARACTER            
PE1Q_FILLER_2                      97:111    15           CHARACTER            
TMST_SOURCE                          NEXT     1           CHARACTER            
    SQL string for column : "CURRENT_TIMESTAMP"
TMST_CIBLE                           NEXT     1           CHARACTER            
    SQL string for column : "CURRENT_TIMESTAMP"

The following index(es) on table PE1Q were processed:
index RSOV0200.PK_PE1Q partition PE1Q_DR_32_BR3_PART loaded successfully with 1445 keys

Table PE1Q, subpartition PE1Q_DR_32_BR3_PART:
  1445 Rows successfully loaded.
  0 Rows not loaded due to data errors.
  0 Rows not loaded because all WHEN clauses were failed.
  0 Rows not loaded because all fields were null.

Bind array size not used in direct path.
Column array  rows :    5000
Stream buffer bytes:  256000
Read   buffer bytes: 1048576

Total logical records skipped:          0
Total logical records read:          1445
Total logical records rejected:         0
Total logical records discarded:        0
Total stream buffers loaded by SQL*Loader main thread:        1
Total stream buffers loaded by SQL*Loader load thread:        0

Run began on Fri Jun 09 23:01:19 2023
Run ended on Fri Jun 09 23:01:19 2023

Elapsed time was:     00:00:00.31
CPU time was:         00:00:00.04
----------------------------------------------------

   Execution report of /pdt/CAPGEMINI/OUTIL_CHARGEMENT_IMS/outil_V2/DL1/DMT/DL1/REL/bin/RunSqlLoader.sh

----------------------------------------------------

SQL*Loader: Release 19.0.0.0.0 - Production on Fri Jun 9 23:01:19 2023
Version 19.3.0.0.0

Copyright (c) 1982, 2019, Oracle and/or its affiliates.  All rights reserved.

Path used:      Direct

Load completed - logical record count 1445.

Table PE1Q, subpartition PE1Q_DR_32_BR3_PART:
  1445 Rows successfully loaded.

Check the log file:
  /pdt/CAPGEMINI/OUTIL_CHARGEMENT_IMS/outil_V2/DL1/DMT/DL1/REL/PE1/log/charge_PE1Q323.log
for more information about the load.

 number of rows inserted not checked 