
SQL*Loader: Release 19.0.0.0.0 - Production on Fri Jun 9 19:11:58 2023
Version 19.3.0.0.0

Copyright (c) 1982, 2019, Oracle and/or its affiliates.  All rights reserved.

Control File:   /pdt/CAPGEMINI/OUTIL_CHARGEMENT_IMS/outil_V2/DL1/DMT/DL1/REL/PE1/tmp/PE1N.ctl
Character Set F8EBCDIC297 specified for all input.

Data File:      PE1N.DR65.BR4.net
  File processing option string: "fix 115"
  Bad File:     /pdt/CAPGEMINI/OUTIL_CHARGEMENT_IMS/outil_V2/DL1/DMT/DL1/REL/PE1/tmp/charge_PE1N654.bad
  Discard File:  none specified
 
 (Allow all discards)

Number to load: ALL
Number to skip: 0
Errors allowed: 10
Continuation:    none specified
Path used:      Direct

Table PE1N, subpartition PE1N_DR_65_BR4_PART, loaded from every logical record.
Insert option in effect for this subpartition: REPLACE
TRAILING NULLCOLS option in effect

   Column Name                  Position   Len  Term Encl Datatype
------------------------------ ---------- ----- ---- ---- ---------------------
DR                                    1:2     2           CHARACTER            
BR                                                        CONSTANT
    Value is '4'
PE1A_RSIN                            4:11     8           CHARACTER            
PE1H_RSOD                           12:14     3           CHARACTER            
PE1N_RSRP2                          15:17     3           CHARACTER            
PE1N_CSPNI                          18:18     1           CHARACTER            
PE1N_RSPS                           19:20     2           CHARACTER            
PE1N_DEPS                           21:28     8           CHARACTER            
PE1N_DFPNI                          29:36     8           CHARACTER            
PE1N_DDPS                           37:40     4           CHARACTER            
PE1N_DFPS                           41:44     4           CHARACTER            
PE1N_PSJSU                          45:47     3           CHARACTER            
PE1N_PSJFO                          48:50     3           CHARACTER            
PE1N_CSTFO                          51:51     1           CHARACTER            
PE1N_CSUCC                          52:52     1           CHARACTER            
PE1N_CSMCC                          53:54     2           CHARACTER            
PE1N_CSONI                          55:55     1           CHARACTER            
PE1N_PSHFI                          56:60     5           CHARACTER            
PE1N_PSJFD                          61:63     3           CHARACTER            
PE1N_QMISL                          64:73    10           ZONED DECIMAL (10, 2)
PE1N_DDPNIN                         74:81     8           CHARACTER            
PE1N_DFPNIN                         82:89     8           CHARACTER            
PE1N_CDDSD1                         90:93     4           ZONED DECIMAL (4, 0) 
PE1N_FILLER                        94:102     9           CHARACTER            
PE1N_FILLER_1                     103:114    12           CHARACTER            
TMST_SOURCE                          NEXT     1           CHARACTER            
    SQL string for column : "CURRENT_TIMESTAMP"
TMST_CIBLE                           NEXT     1           CHARACTER            
    SQL string for column : "CURRENT_TIMESTAMP"

The following index(es) on table PE1N were processed:
index RSOV0200.PK_PE1N partition PE1N_DR_65_BR4_PART loaded successfully with 53652 keys

Table PE1N, subpartition PE1N_DR_65_BR4_PART:
  53652 Rows successfully loaded.
  0 Rows not loaded due to data errors.
  0 Rows not loaded because all WHEN clauses were failed.
  0 Rows not loaded because all fields were null.

Bind array size not used in direct path.
Column array  rows :    5000
Stream buffer bytes:  256000
Read   buffer bytes: 1048576

Total logical records skipped:          0
Total logical records read:         53652
Total logical records rejected:         0
Total logical records discarded:        0
Total stream buffers loaded by SQL*Loader main thread:       12
Total stream buffers loaded by SQL*Loader load thread:       12

Run began on Fri Jun 09 19:11:58 2023
Run ended on Fri Jun 09 19:11:59 2023

Elapsed time was:     00:00:00.77
CPU time was:         00:00:00.21
----------------------------------------------------

   Execution report of /pdt/CAPGEMINI/OUTIL_CHARGEMENT_IMS/outil_V2/DL1/DMT/DL1/REL/bin/RunSqlLoader.sh

----------------------------------------------------

SQL*Loader: Release 19.0.0.0.0 - Production on Fri Jun 9 19:11:58 2023
Version 19.3.0.0.0

Copyright (c) 1982, 2019, Oracle and/or its affiliates.  All rights reserved.

Path used:      Direct

Load completed - logical record count 53652.

Table PE1N, subpartition PE1N_DR_65_BR4_PART:
  53652 Rows successfully loaded.

Check the log file:
  /pdt/CAPGEMINI/OUTIL_CHARGEMENT_IMS/outil_V2/DL1/DMT/DL1/REL/PE1/log/charge_PE1N654.log
for more information about the load.

 number of rows inserted not checked 