
SQL*Loader: Release 19.0.0.0.0 - Production on Fri Jun 9 21:03:17 2023
Version 19.3.0.0.0

Copyright (c) 1982, 2019, Oracle and/or its affiliates.  All rights reserved.

Control File:   /pdt/CAPGEMINI/OUTIL_CHARGEMENT_IMS/outil_V2/DL1/DMT/DL1/REL/PE1/tmp/PE1F.ctl
Character Set F8EBCDIC297 specified for all input.

Data File:      PE1F.DR32.BR2.net
  File processing option string: "fix 159"
  Bad File:     /pdt/CAPGEMINI/OUTIL_CHARGEMENT_IMS/outil_V2/DL1/DMT/DL1/REL/PE1/tmp/charge_PE1F322.bad
  Discard File:  none specified
 
 (Allow all discards)

Number to load: ALL
Number to skip: 0
Errors allowed: 10
Continuation:    none specified
Path used:      Direct

Table PE1F, subpartition PE1F_DR_32_BR2_PART, loaded from every logical record.
Insert option in effect for this subpartition: REPLACE
TRAILING NULLCOLS option in effect

   Column Name                  Position   Len  Term Encl Datatype
------------------------------ ---------- ----- ---- ---- ---------------------
DR                                    1:2     2           CHARACTER            
BR                                                        CONSTANT
    Value is '2'
PE1A_RSIN                            4:11     8           CHARACTER            
PE1D_RSPEC2                         12:15     4           CHARACTER            
PE1D_NSDAL                          16:18     3           CHARACTER            
PE1F_NSEMB                          19:20     2           CHARACTER            
PE1F_LNINDK                         21:45    25           CHARACTER            
PE1F_LNPINB                         46:58    13           CHARACTER            
PE1F_ISNIRH                         59:73    15           CHARACTER            
PE1F_CSCTT                          74:74     1           CHARACTER            
PE1F_DSEMB                          75:82     8           CHARACTER            
PE1F_DFCTG                          83:90     8           CHARACTER            
PE1F_PIHOR                          91:95     5           ZONED DECIMAL (5, 2) 
PE1F_CSQCA2                         96:96     1           CHARACTER            
PE1F_DSSAT                         97:104     8           CHARACTER            
PE1F_RSEN7                        105:112     8           CHARACTER            
PE1F_FILLER                       113:122    10           CHARACTER            
PE1F_FILLER_1                     123:132    10           CHARACTER            
PE1F_FILLER_2                     133:142    10           CHARACTER            
PE1F_FILLER_3                     143:158    16           CHARACTER            
TMST_SOURCE                          NEXT     1           CHARACTER            
    SQL string for column : "CURRENT_TIMESTAMP"
TMST_CIBLE                           NEXT     1           CHARACTER            
    SQL string for column : "CURRENT_TIMESTAMP"

The following index(es) on table PE1F were processed:
index RSOV0200.PK_PE1F partition PE1F_DR_32_BR2_PART loaded successfully with 275 keys

Table PE1F, subpartition PE1F_DR_32_BR2_PART:
  275 Rows successfully loaded.
  0 Rows not loaded due to data errors.
  0 Rows not loaded because all WHEN clauses were failed.
  0 Rows not loaded because all fields were null.

Bind array size not used in direct path.
Column array  rows :    5000
Stream buffer bytes:  256000
Read   buffer bytes: 1048576

Total logical records skipped:          0
Total logical records read:           275
Total logical records rejected:         0
Total logical records discarded:        0
Total stream buffers loaded by SQL*Loader main thread:        1
Total stream buffers loaded by SQL*Loader load thread:        0

Run began on Fri Jun 09 21:03:17 2023
Run ended on Fri Jun 09 21:03:17 2023

Elapsed time was:     00:00:00.20
CPU time was:         00:00:00.03
----------------------------------------------------

   Execution report of /pdt/CAPGEMINI/OUTIL_CHARGEMENT_IMS/outil_V2/DL1/DMT/DL1/REL/bin/RunSqlLoader.sh

----------------------------------------------------

SQL*Loader: Release 19.0.0.0.0 - Production on Fri Jun 9 21:03:17 2023
Version 19.3.0.0.0

Copyright (c) 1982, 2019, Oracle and/or its affiliates.  All rights reserved.

Path used:      Direct

Load completed - logical record count 275.

Table PE1F, subpartition PE1F_DR_32_BR2_PART:
  275 Rows successfully loaded.

Check the log file:
  /pdt/CAPGEMINI/OUTIL_CHARGEMENT_IMS/outil_V2/DL1/DMT/DL1/REL/PE1/log/charge_PE1F322.log
for more information about the load.

 number of rows inserted not checked 