
SQL*Loader: Release 19.0.0.0.0 - Production on Wed Jun 7 11:58:41 2023
Version 19.3.0.0.0

Copyright (c) 1982, 2019, Oracle and/or its affiliates.  All rights reserved.

Control File:   /pdt/CAPGEMINI/OUTIL_CHARGEMENT_IMS/outil_V2/DL1/DMT/DL1/REL/PA2/tmp/PA2Y.ctl
Character Set F8EBCDIC297 specified for all input.

Data File:      PA2Y.DR65.BR1.net
  File processing option string: "fix 62"
  Bad File:     /pdt/CAPGEMINI/OUTIL_CHARGEMENT_IMS/outil_V2/DL1/DMT/DL1/REL/PA2/tmp/charge_PA2Y651.bad
  Discard File:  none specified
 
 (Allow all discards)

Number to load: ALL
Number to skip: 0
Errors allowed: 10
Continuation:    none specified
Path used:      Direct

Table PA2Y, subpartition PA2Y_DR_65_BR1_PART, loaded from every logical record.
Insert option in effect for this subpartition: REPLACE
TRAILING NULLCOLS option in effect

   Column Name                  Position   Len  Term Encl Datatype
------------------------------ ---------- ----- ---- ---- ---------------------
DR                                    1:2     2           CHARACTER            
BR                                                        CONSTANT
    Value is '1'
PA2A_RSIN                            4:11     8           CHARACTER            
PA2Y_DSAASS                         12:15     4           CHARACTER            
PA2Y_DSMA                           16:17     2           CHARACTER            
PA2Y_FSMPP                          18:18     1           CHARACTER            
PA2Y_FSNAC                          19:19     1           CHARACTER            
PA2Y_CSRETU                         20:20     1           CHARACTER            
PA2Y_FSMPF                          21:21     1           CHARACTER            
PA2Y_DPPDCL                         22:29     8           CHARACTER            
PA2Y_FIAMS                          30:30     1           CHARACTER            
PA2Y_FFCOH                          31:31     1           CHARACTER            
PA2Y_FIESM                          32:32     1           CHARACTER            
PA2Y_FILLER                         33:41     9           CHARACTER            
PA2Y_FILLER_1                       42:51    10           CHARACTER            
PA2Y_FILLER_2                       52:61    10           CHARACTER            
TMST_SOURCE                          NEXT     1           CHARACTER            
    SQL string for column : "CURRENT_TIMESTAMP"
TMST_CIBLE                           NEXT     1           CHARACTER            
    SQL string for column : "CURRENT_TIMESTAMP"

The following index(es) on table PA2Y were processed:
index RSOV0200.PK_PA2Y partition PA2Y_DR_65_BR1_PART loaded successfully with 757361 keys

Table PA2Y, subpartition PA2Y_DR_65_BR1_PART:
  757361 Rows successfully loaded.
  0 Rows not loaded due to data errors.
  0 Rows not loaded because all WHEN clauses were failed.
  0 Rows not loaded because all fields were null.

Bind array size not used in direct path.
Column array  rows :    5000
Stream buffer bytes:  256000
Read   buffer bytes: 1048576

Total logical records skipped:          0
Total logical records read:        757361
Total logical records rejected:         0
Total logical records discarded:        0
Total stream buffers loaded by SQL*Loader main thread:      179
Total stream buffers loaded by SQL*Loader load thread:      134

Run began on Wed Jun 07 11:58:41 2023
Run ended on Wed Jun 07 11:59:15 2023

Elapsed time was:     00:00:34.49
CPU time was:         00:00:01.71
----------------------------------------------------

   Execution report of /pdt/CAPGEMINI/OUTIL_CHARGEMENT_IMS/outil_V2/DL1/DMT/DL1/REL/bin/RunSqlLoader.sh

----------------------------------------------------

SQL*Loader: Release 19.0.0.0.0 - Production on Wed Jun 7 11:58:41 2023
Version 19.3.0.0.0

Copyright (c) 1982, 2019, Oracle and/or its affiliates.  All rights reserved.

Path used:      Direct

Load completed - logical record count 757361.

Table PA2Y, subpartition PA2Y_DR_65_BR1_PART:
  757361 Rows successfully loaded.

Check the log file:
  /pdt/CAPGEMINI/OUTIL_CHARGEMENT_IMS/outil_V2/DL1/DMT/DL1/REL/PA2/log/charge_PA2Y651.log
for more information about the load.

 number of rows inserted not checked 