
SQL*Loader: Release 19.0.0.0.0 - Production on Wed Jun 7 14:15:15 2023
Version 19.3.0.0.0

Copyright (c) 1982, 2019, Oracle and/or its affiliates.  All rights reserved.

Control File:   /pdt/CAPGEMINI/OUTIL_CHARGEMENT_IMS/outil_V2/DL1/DMT/DL1/REL/PA2/tmp/PA2C.ctl
Character Set F8EBCDIC297 specified for all input.

Data File:      PA2C.DR32.BR3.net
  File processing option string: "fix 112"
  Bad File:     /pdt/CAPGEMINI/OUTIL_CHARGEMENT_IMS/outil_V2/DL1/DMT/DL1/REL/PA2/tmp/charge_PA2C323.bad
  Discard File:  none specified
 
 (Allow all discards)

Number to load: ALL
Number to skip: 0
Errors allowed: 10
Continuation:    none specified
Path used:      Direct

Table PA2C, subpartition PA2C_DR_32_BR3_PART, loaded from every logical record.
Insert option in effect for this subpartition: REPLACE
TRAILING NULLCOLS option in effect

   Column Name                  Position   Len  Term Encl Datatype
------------------------------ ---------- ----- ---- ---- ---------------------
DR                                    1:2     2           CHARACTER            
BR                                                        CONSTANT
    Value is '3'
PA2A_RSIN                            4:11     8           CHARACTER            
PA2C_CSFIL                          12:13     2           CHARACTER            
PA2C_RLOBJ                          14:28    15           CHARACTER            
PA2C_CSPOS                          29:30     2           CHARACTER            
PA2C_DDPOS                          31:38     8           CHARACTER            
PA2C_DFPOS                          39:46     8           CHARACTER            
PA2C_DIPF                           47:54     8           CHARACTER            
PA2C_CCMES                          55:58     4           CHARACTER            
PA2C_FSNEPA                         59:59     1           CHARACTER            
PA2C_FSDPC                          60:60     1           CHARACTER            
PA2C_FSDLO                          61:62     2           CHARACTER            
PA2C_CSOCR                          63:72    10           CHARACTER            
PA2C_CSINEA                         73:73     1           CHARACTER            
PA2C_DEACT7                         74:79     6           CHARACTER            
PA2C_DECOU                          80:87     8           CHARACTER            
PA2C_DEACT                          88:93     6           CHARACTER            
PA2C_CSOSP5                         94:94     1           CHARACTER            
PA2C_CSRTY                          95:95     1           CHARACTER            
PA2C_CSRMA                          96:96     1           CHARACTER            
PA2C_CSRNT                          97:97     1           CHARACTER            
PA2C_CSRDD                          98:98     1           CHARACTER            
PA2C_CSPTN                          99:99     1           CHARACTER            
PA2C_CSERS                        100:100     1           CHARACTER            
PA2C_FILLER                       101:108     8           CHARACTER            
PA2C_FILLER_1                     109:111     3           CHARACTER            
TMST_SOURCE                          NEXT     1           CHARACTER            
    SQL string for column : "CURRENT_TIMESTAMP"
TMST_CIBLE                           NEXT     1           CHARACTER            
    SQL string for column : "CURRENT_TIMESTAMP"

The following index(es) on table PA2C were processed:
index RSOV0200.PK_PA2C partition PA2C_DR_32_BR3_PART loaded successfully with 1719182 keys

Table PA2C, subpartition PA2C_DR_32_BR3_PART:
  1719182 Rows successfully loaded.
  0 Rows not loaded due to data errors.
  0 Rows not loaded because all WHEN clauses were failed.
  0 Rows not loaded because all fields were null.

Bind array size not used in direct path.
Column array  rows :    5000
Stream buffer bytes:  256000
Read   buffer bytes: 1048576

Total logical records skipped:          0
Total logical records read:       1719182
Total logical records rejected:         0
Total logical records discarded:        0
Total stream buffers loaded by SQL*Loader main thread:      368
Total stream buffers loaded by SQL*Loader load thread:      734

Run began on Wed Jun 07 14:15:15 2023
Run ended on Wed Jun 07 14:17:13 2023

Elapsed time was:     00:01:58.24
CPU time was:         00:00:07.14
----------------------------------------------------

   Execution report of /pdt/CAPGEMINI/OUTIL_CHARGEMENT_IMS/outil_V2/DL1/DMT/DL1/REL/bin/RunSqlLoader.sh

----------------------------------------------------

SQL*Loader: Release 19.0.0.0.0 - Production on Wed Jun 7 14:15:15 2023
Version 19.3.0.0.0

Copyright (c) 1982, 2019, Oracle and/or its affiliates.  All rights reserved.

Path used:      Direct

Load completed - logical record count 1719182.

Table PA2C, subpartition PA2C_DR_32_BR3_PART:
  1719182 Rows successfully loaded.

Check the log file:
  /pdt/CAPGEMINI/OUTIL_CHARGEMENT_IMS/outil_V2/DL1/DMT/DL1/REL/PA2/log/charge_PA2C323.log
for more information about the load.

 number of rows inserted not checked 