
SQL*Loader: Release 19.0.0.0.0 - Production on Wed Jun 7 12:13:56 2023
Version 19.3.0.0.0

Copyright (c) 1982, 2019, Oracle and/or its affiliates.  All rights reserved.

Control File:   /pdt/CAPGEMINI/OUTIL_CHARGEMENT_IMS/outil_V2/DL1/DMT/DL1/REL/PA2/tmp/PA2V.ctl
Character Set F8EBCDIC297 specified for all input.

Data File:      PA2V.DR65.BR3.net
  File processing option string: "fix 148"
  Bad File:     /pdt/CAPGEMINI/OUTIL_CHARGEMENT_IMS/outil_V2/DL1/DMT/DL1/REL/PA2/tmp/charge_PA2V653.bad
  Discard File:  none specified
 
 (Allow all discards)

Number to load: ALL
Number to skip: 0
Errors allowed: 10
Continuation:    none specified
Path used:      Direct

Table PA2V, subpartition PA2V_DR_65_BR3_PART, loaded from every logical record.
Insert option in effect for this subpartition: REPLACE
TRAILING NULLCOLS option in effect

   Column Name                  Position   Len  Term Encl Datatype
------------------------------ ---------- ----- ---- ---- ---------------------
DR                                    1:2     2           CHARACTER            
BR                                                        CONSTANT
    Value is '3'
PA2A_RSIN                            4:11     8           CHARACTER            
PA2U_NSAID                          12:13     2           CHARACTER            
PA2V_NSIDM                          14:15     2           CHARACTER            
PA2V_CXIDM                          16:17     2           CHARACTER            
PA2V_QMINE                          18:26     9           ZONED DECIMAL (9, 2) 
PA2V_CYMIE                          27:27     1           CHARACTER            
PA2V_QMINP                          28:36     9           ZONED DECIMAL (9, 2) 
PA2V_CYMIP                          37:37     1           CHARACTER            
PA2V_CXBEN                          38:38     1           CHARACTER            
PA2V_RSTINA                         39:46     8           CHARACTER            
PA2V_NKECH                          47:48     2           CHARACTER            
PA2V_NBJAI                          49:52     4           CHARACTER            
PA2V_NBJAC                          53:56     4           CHARACTER            
PA2V_QSHTRE                         57:60     4           ZONED DECIMAL (4, 2) 
PA2V_QSHTRA                         61:64     4           ZONED DECIMAL (4, 2) 
PA2V_QMPKA                          65:73     9           ZONED DECIMAL (9, 2) 
PA2V_QMJNA                          74:80     7           ZONED DECIMAL (7, 2) 
PA2V_TSTPA                          81:85     5           ZONED DECIMAL (5, 4) 
PA2V_DSFMA                          86:93     8           CHARACTER            
PA2V_QMBEMV                        94:100     7           ZONED DECIMAL (7, 2) 
PA2V_DSEMBV                       101:108     8           CHARACTER            
PA2V_DFCTGV                       109:116     8           CHARACTER            
PA2V_FILLER                       117:122     6           CHARACTER            
PA2V_FILLER_1                     123:132    10           CHARACTER            
PA2V_FILLER_2                     133:142    10           CHARACTER            
PA2V_FILLER_3                     143:147     5           CHARACTER            
TMST_SOURCE                          NEXT     1           CHARACTER            
    SQL string for column : "CURRENT_TIMESTAMP"
TMST_CIBLE                           NEXT     1           CHARACTER            
    SQL string for column : "CURRENT_TIMESTAMP"

The following index(es) on table PA2V were processed:
index RSOV0200.PK_PA2V partition PA2V_DR_65_BR3_PART loaded successfully with 2257 keys

Table PA2V, subpartition PA2V_DR_65_BR3_PART:
  2257 Rows successfully loaded.
  0 Rows not loaded due to data errors.
  0 Rows not loaded because all WHEN clauses were failed.
  0 Rows not loaded because all fields were null.

Bind array size not used in direct path.
Column array  rows :    5000
Stream buffer bytes:  256000
Read   buffer bytes: 1048576

Total logical records skipped:          0
Total logical records read:          2257
Total logical records rejected:         0
Total logical records discarded:        0
Total stream buffers loaded by SQL*Loader main thread:        1
Total stream buffers loaded by SQL*Loader load thread:        0

Run began on Wed Jun 07 12:13:56 2023
Run ended on Wed Jun 07 12:13:56 2023

Elapsed time was:     00:00:00.59
CPU time was:         00:00:00.04
----------------------------------------------------

   Execution report of /pdt/CAPGEMINI/OUTIL_CHARGEMENT_IMS/outil_V2/DL1/DMT/DL1/REL/bin/RunSqlLoader.sh

----------------------------------------------------

SQL*Loader: Release 19.0.0.0.0 - Production on Wed Jun 7 12:13:56 2023
Version 19.3.0.0.0

Copyright (c) 1982, 2019, Oracle and/or its affiliates.  All rights reserved.

Path used:      Direct

Load completed - logical record count 2257.

Table PA2V, subpartition PA2V_DR_65_BR3_PART:
  2257 Rows successfully loaded.

Check the log file:
  /pdt/CAPGEMINI/OUTIL_CHARGEMENT_IMS/outil_V2/DL1/DMT/DL1/REL/PA2/log/charge_PA2V653.log
for more information about the load.

 number of rows inserted not checked 