
SQL*Loader: Release 19.0.0.0.0 - Production on Wed Jun 7 12:05:10 2023
Version 19.3.0.0.0

Copyright (c) 1982, 2019, Oracle and/or its affiliates.  All rights reserved.

Control File:   /pdt/CAPGEMINI/OUTIL_CHARGEMENT_IMS/outil_V2/DL1/DMT/DL1/REL/PA2/tmp/PA2E.ctl
Character Set F8EBCDIC297 specified for all input.

Data File:      PA2E.DR32.BR1.net
  File processing option string: "fix 162"
  Bad File:     /pdt/CAPGEMINI/OUTIL_CHARGEMENT_IMS/outil_V2/DL1/DMT/DL1/REL/PA2/tmp/charge_PA2E321.bad
  Discard File:  none specified
 
 (Allow all discards)

Number to load: ALL
Number to skip: 0
Errors allowed: 10
Continuation:    none specified
Path used:      Direct

Table PA2E, subpartition PA2E_DR_32_BR1_PART, loaded from every logical record.
Insert option in effect for this subpartition: REPLACE
TRAILING NULLCOLS option in effect

   Column Name                  Position   Len  Term Encl Datatype
------------------------------ ---------- ----- ---- ---- ---------------------
DR                                    1:2     2           CHARACTER            
BR                                                        CONSTANT
    Value is '1'
PA2A_RSIN                            4:11     8           CHARACTER            
PA2E_DFIDP                          12:19     8           CHARACTER            
PA2E_DDIDP                          20:27     8           CHARACTER            
PA2E_RSIDP                          28:29     2           CHARACTER            
PA2E_CMIDP                          30:30     1           CHARACTER            
PA2E_DIIDP                          31:38     8           CHARACTER            
PA2E_DMIDP                          39:46     8           CHARACTER            
PA2E_CDIDP                          47:50     4           CHARACTER            
PA2E_RSPECE                         51:54     4           CHARACTER            
PA2E_DCEXP                          55:62     8           CHARACTER            
PA2E_HCEXP                          63:70     8           CHARACTER            
PA2E_CXPSE2                         71:72     2           CHARACTER            
PA2E_CCA8Z1                         73:74     2           CHARACTER            
PA2E_FILLER                         75:81     7           CHARACTER            
PA2E_FILLER_1                       82:91    10           CHARACTER            
PA2E_FILLER_2                      92:101    10           CHARACTER            
PA2E_FILLER_3                     102:111    10           CHARACTER            
PA2E_FILLER_4                     112:121    10           CHARACTER            
PA2E_FILLER_5                     122:131    10           CHARACTER            
PA2E_FILLER_6                     132:141    10           CHARACTER            
PA2E_FILLER_7                     142:151    10           CHARACTER            
PA2E_FILLER_8                     152:161    10           CHARACTER            
TMST_SOURCE                          NEXT     1           CHARACTER            
    SQL string for column : "CURRENT_TIMESTAMP"
TMST_CIBLE                           NEXT     1           CHARACTER            
    SQL string for column : "CURRENT_TIMESTAMP"

The following index(es) on table PA2E were processed:
index RSOV0200.PK_PA2E partition PA2E_DR_32_BR1_PART loaded successfully with 187849 keys

Table PA2E, subpartition PA2E_DR_32_BR1_PART:
  187849 Rows successfully loaded.
  0 Rows not loaded due to data errors.
  0 Rows not loaded because all WHEN clauses were failed.
  0 Rows not loaded because all fields were null.

Bind array size not used in direct path.
Column array  rows :    5000
Stream buffer bytes:  256000
Read   buffer bytes: 1048576

Total logical records skipped:          0
Total logical records read:        187849
Total logical records rejected:         0
Total logical records discarded:        0
Total stream buffers loaded by SQL*Loader main thread:       59
Total stream buffers loaded by SQL*Loader load thread:       58

Run began on Wed Jun 07 12:05:10 2023
Run ended on Wed Jun 07 12:05:22 2023

Elapsed time was:     00:00:11.83
CPU time was:         00:00:00.59
----------------------------------------------------

   Execution report of /pdt/CAPGEMINI/OUTIL_CHARGEMENT_IMS/outil_V2/DL1/DMT/DL1/REL/bin/RunSqlLoader.sh

----------------------------------------------------

SQL*Loader: Release 19.0.0.0.0 - Production on Wed Jun 7 12:05:10 2023
Version 19.3.0.0.0

Copyright (c) 1982, 2019, Oracle and/or its affiliates.  All rights reserved.

Path used:      Direct

Load completed - logical record count 187849.

Table PA2E, subpartition PA2E_DR_32_BR1_PART:
  187849 Rows successfully loaded.

Check the log file:
  /pdt/CAPGEMINI/OUTIL_CHARGEMENT_IMS/outil_V2/DL1/DMT/DL1/REL/PA2/log/charge_PA2E321.log
for more information about the load.

 number of rows inserted not checked 