
SQL*Loader: Release 19.0.0.0.0 - Production on Wed Jun 7 12:23:23 2023
Version 19.3.0.0.0

Copyright (c) 1982, 2019, Oracle and/or its affiliates.  All rights reserved.

Control File:   /pdt/CAPGEMINI/OUTIL_CHARGEMENT_IMS/outil_V2/DL1/DMT/DL1/REL/PA2/tmp/PA2K.ctl
Character Set F8EBCDIC297 specified for all input.

Data File:      PA2K.DR32.BR1.net
  File processing option string: "fix 242"
  Bad File:     /pdt/CAPGEMINI/OUTIL_CHARGEMENT_IMS/outil_V2/DL1/DMT/DL1/REL/PA2/tmp/charge_PA2K321.bad
  Discard File:  none specified
 
 (Allow all discards)

Number to load: ALL
Number to skip: 0
Errors allowed: 10
Continuation:    none specified
Path used:      Direct

Table PA2K, subpartition PA2K_DR_32_BR1_PART, loaded from every logical record.
Insert option in effect for this subpartition: REPLACE
TRAILING NULLCOLS option in effect

   Column Name                  Position   Len  Term Encl Datatype
------------------------------ ---------- ----- ---- ---- ---------------------
DR                                    1:2     2           CHARACTER            
BR                                                        CONSTANT
    Value is '1'
PA2A_RSIN                            4:11     8           CHARACTER            
PA2K_DSAASS                         12:15     4           CHARACTER            
PA2K_DSMA                           16:17     2           CHARACTER            
PA2K_PSHAR                          18:20     3           CHARACTER            
PA2K_QMBAR                          21:27     7           ZONED DECIMAL (7, 2) 
PA2K_DIARE                          28:35     8           CHARACTER            
PA2K_DMARE                          36:43     8           CHARACTER            
PA2K_CSITT                          44:44     1           CHARACTER            
PA2K_CSMME                          45:45     1           CHARACTER            
PA2K_RSEN5                          46:53     8           CHARACTER            
PA2K_FSHA2K                         54:54     1           CHARACTER            
PA2K_PSJDE                          55:56     2           CHARACTER            
PA2K_PSJDC                          57:58     2           CHARACTER            
PA2K_PSDEC6                         59:60     2           CHARACTER            
PA2K_FSMAC                          61:61     1           CHARACTER            
PA2K_CSCER1                         62:62     1           CHARACTER            
PA2K_LNENT6                         63:89    27           CHARACTER            
PA2K_CSCP                           90:90     1           CHARACTER            
PA2K_PSCAR                          91:93     3           CHARACTER            
PA2K_PSCAR1                         94:96     3           CHARACTER            
PA2K_PSDEC7                         97:98     2           CHARACTER            
PA2K_FSMAI                          99:99     1           CHARACTER            
PA2K_CSNBH                        100:100     1           CHARACTER            
PA2K_PSHAR6                       101:103     3           CHARACTER            
PA2K_PSHAR7                       104:106     3           CHARACTER            
PA2K_PSHAR8                       107:109     3           ZONED DECIMAL (3, 0) 
PA2K_PSHAR9                       110:112     3           ZONED DECIMAL (3, 0) 
PA2K_PSHARA                       113:115     3           ZONED DECIMAL (3, 0) 
PA2K_FSDSI1                       116:116     1           CHARACTER            
PA2K_FSDSI2                       117:117     1           CHARACTER            
PA2K_FSDSI3                       118:118     1           CHARACTER            
PA2K_CSDMSA                       119:119     1           CHARACTER            
PA2K_FSMJUS                       120:120     1           CHARACTER            
PA2K_DIJUSM                       121:128     8           CHARACTER            
PA2K_FSDUCE                       129:129     1           CHARACTER            
PA2K_FSPRJU                       130:130     1           CHARACTER            
PA2K_QMBARD                       131:137     7           ZONED DECIMAL (7, 2) 
PA2K_PSHARD                       138:140     3           CHARACTER            
PA2K_CSINCF                       141:141     1           CHARACTER            
PA2K_CSINCM                       142:142     1           CHARACTER            
PA2K_CSINCT                       143:143     1           CHARACTER            
PA2K_CSINCR                       144:144     1           CHARACTER            
PA2K_CSINCI                       145:145     1           CHARACTER            
PA2K_CSINCG                       146:146     1           CHARACTER            
PA2K_FSDPCE                       147:147     1           CHARACTER            
PA2K_QMBARM                       148:154     7           ZONED DECIMAL (7, 2) 
PA2K_QMBARJ                       155:161     7           ZONED DECIMAL (7, 2) 
PA2K_FSGRC                        162:162     1           CHARACTER            
PA2K_PSHARJ                       163:165     3           CHARACTER            
PA2K_PSHARM                       166:168     3           CHARACTER            
PA2K_CYBARD                       169:169     1           CHARACTER            
PA2K_CYBARJ                       170:170     1           CHARACTER            
PA2K_CYBARM                       171:171     1           CHARACTER            
PA2K_CSFRS                        172:172     1           CHARACTER            
PA2K_FSMAC3                       173:173     1           CHARACTER            
PA2K_QMBARP                       174:180     7           ZONED DECIMAL (7, 2) 
PA2K_QMBPND                       181:187     7           ZONED DECIMAL (7, 2) 
PA2K_FILLER                       188:188     1           CHARACTER            
PA2K_PSDECP                       189:190     2           CHARACTER            
PA2K_QMJSSP                       191:199     9           ZONED DECIMAL (9, 2) 
PA2K_FSNETT                       200:200     1           CHARACTER            
PA2K_FSMJU                        201:201     1           CHARACTER            
PA2K_QMBADR                       202:208     7           ZONED DECIMAL (7, 2) 
PA2K_QMICP1                       209:214     6           CHARACTER            
PA2K_FSDNJ                        215:215     1           CHARACTER            
PA2K_FIUDCB                       216:216     1           CHARACTER            
PA2K_QMNAR1                       217:225     9           ZONED DECIMAL (9, 2) 
PA2K_PSTARA                       226:229     4           CHARACTER            
PA2K_QMMRP1                       230:238     9           ZONED DECIMAL (9, 2) 
PA2K_FSRFO1                       239:239     1           CHARACTER            
PA2K_FILLER_1                     240:241     2           CHARACTER            
TMST_SOURCE                          NEXT     1           CHARACTER            
    SQL string for column : "CURRENT_TIMESTAMP"
TMST_CIBLE                           NEXT     1           CHARACTER            
    SQL string for column : "CURRENT_TIMESTAMP"

The following index(es) on table PA2K were processed:
index RSOV0200.PK_PA2K partition PA2K_DR_32_BR1_PART loaded successfully with 1391762 keys

Table PA2K, subpartition PA2K_DR_32_BR1_PART:
  1391762 Rows successfully loaded.
  0 Rows not loaded due to data errors.
  0 Rows not loaded because all WHEN clauses were failed.
  0 Rows not loaded because all fields were null.

Bind array size not used in direct path.
Column array  rows :    5000
Stream buffer bytes:  256000
Read   buffer bytes: 1048576

Total logical records skipped:          0
Total logical records read:       1391762
Total logical records rejected:         0
Total logical records discarded:        0
Total stream buffers loaded by SQL*Loader main thread:      322
Total stream buffers loaded by SQL*Loader load thread:      964

Run began on Wed Jun 07 12:23:23 2023
Run ended on Wed Jun 07 12:25:49 2023

Elapsed time was:     00:02:26.09
CPU time was:         00:00:14.83
----------------------------------------------------

   Execution report of /pdt/CAPGEMINI/OUTIL_CHARGEMENT_IMS/outil_V2/DL1/DMT/DL1/REL/bin/RunSqlLoader.sh

----------------------------------------------------

SQL*Loader: Release 19.0.0.0.0 - Production on Wed Jun 7 12:23:23 2023
Version 19.3.0.0.0

Copyright (c) 1982, 2019, Oracle and/or its affiliates.  All rights reserved.

Path used:      Direct

Load completed - logical record count 1391762.

Table PA2K, subpartition PA2K_DR_32_BR1_PART:
  1391762 Rows successfully loaded.

Check the log file:
  /pdt/CAPGEMINI/OUTIL_CHARGEMENT_IMS/outil_V2/DL1/DMT/DL1/REL/PA2/log/charge_PA2K321.log
for more information about the load.

 number of rows inserted not checked 