
SQL*Loader: Release 19.0.0.0.0 - Production on Wed Jun 7 12:11:26 2023
Version 19.3.0.0.0

Copyright (c) 1982, 2019, Oracle and/or its affiliates.  All rights reserved.

Control File:   /pdt/CAPGEMINI/OUTIL_CHARGEMENT_IMS/outil_V2/DL1/DMT/DL1/REL/PA2/tmp/PA2O.ctl
Character Set F8EBCDIC297 specified for all input.

Data File:      PA2O.DR65.BR3.net
  File processing option string: "fix 222"
  Bad File:     /pdt/CAPGEMINI/OUTIL_CHARGEMENT_IMS/outil_V2/DL1/DMT/DL1/REL/PA2/tmp/charge_PA2O653.bad
  Discard File:  none specified
 
 (Allow all discards)

Number to load: ALL
Number to skip: 0
Errors allowed: 10
Continuation:    none specified
Path used:      Direct

Table PA2O, subpartition PA2O_DR_65_BR3_PART, loaded from every logical record.
Insert option in effect for this subpartition: REPLACE
TRAILING NULLCOLS option in effect

   Column Name                  Position   Len  Term Encl Datatype
------------------------------ ---------- ----- ---- ---- ---------------------
DR                                    1:2     2           CHARACTER            
BR                                                        CONSTANT
    Value is '3'
PA2A_RSIN                            4:11     8           CHARACTER            
PA2O_RSBN1                          12:12     1           CHARACTER            
PA2O_RSBN2                          13:13     1           CHARACTER            
PA2O_DEDBN                          14:21     8           CHARACTER            
PA2O_LSBNO_1                       22:100    79           CHARACTER            
PA2O_LSBNO_2                      101:179    79           CHARACTER            
PA2O_RSAGP                        180:187     8           CHARACTER            
PA2O_FILLER                       188:197    10           CHARACTER            
PA2O_FILLER_1                     198:209    12           CHARACTER            
PA2O_FILLER_2                     210:221    12           CHARACTER            
TMST_SOURCE                          NEXT     1           CHARACTER            
    SQL string for column : "CURRENT_TIMESTAMP"
TMST_CIBLE                           NEXT     1           CHARACTER            
    SQL string for column : "CURRENT_TIMESTAMP"

The following index(es) on table PA2O were processed:
index RSOV0200.PK_PA2O partition PA2O_DR_65_BR3_PART loaded successfully with 1272231 keys

Table PA2O, subpartition PA2O_DR_65_BR3_PART:
  1272231 Rows successfully loaded.
  0 Rows not loaded due to data errors.
  0 Rows not loaded because all WHEN clauses were failed.
  0 Rows not loaded because all fields were null.

Bind array size not used in direct path.
Column array  rows :    5000
Stream buffer bytes:  256000
Read   buffer bytes: 1048576

Total logical records skipped:          0
Total logical records read:       1272231
Total logical records rejected:         0
Total logical records discarded:        0
Total stream buffers loaded by SQL*Loader main thread:      270
Total stream buffers loaded by SQL*Loader load thread:      808

Run began on Wed Jun 07 12:11:26 2023
Run ended on Wed Jun 07 12:12:55 2023

Elapsed time was:     00:01:28.50
CPU time was:         00:00:02.81
----------------------------------------------------

   Execution report of /pdt/CAPGEMINI/OUTIL_CHARGEMENT_IMS/outil_V2/DL1/DMT/DL1/REL/bin/RunSqlLoader.sh

----------------------------------------------------

SQL*Loader: Release 19.0.0.0.0 - Production on Wed Jun 7 12:11:26 2023
Version 19.3.0.0.0

Copyright (c) 1982, 2019, Oracle and/or its affiliates.  All rights reserved.

Path used:      Direct

Load completed - logical record count 1272231.

Table PA2O, subpartition PA2O_DR_65_BR3_PART:
  1272231 Rows successfully loaded.

Check the log file:
  /pdt/CAPGEMINI/OUTIL_CHARGEMENT_IMS/outil_V2/DL1/DMT/DL1/REL/PA2/log/charge_PA2O653.log
for more information about the load.

 number of rows inserted not checked 