
SQL*Loader: Release 19.0.0.0.0 - Production on Wed Jun 7 15:40:33 2023
Version 19.3.0.0.0

Copyright (c) 1982, 2019, Oracle and/or its affiliates.  All rights reserved.

Control File:   /pdt/CAPGEMINI/OUTIL_CHARGEMENT_IMS/outil_V2/DL1/DMT/DL1/REL/PA2/tmp/PA2J.ctl
Character Set F8EBCDIC297 specified for all input.

Data File:      PA2J.DR32.BR4.net
  File processing option string: "fix 112"
  Bad File:     /pdt/CAPGEMINI/OUTIL_CHARGEMENT_IMS/outil_V2/DL1/DMT/DL1/REL/PA2/tmp/charge_PA2J324.bad
  Discard File:  none specified
 
 (Allow all discards)

Number to load: ALL
Number to skip: 0
Errors allowed: 10
Continuation:    none specified
Path used:      Direct

Table PA2J, subpartition PA2J_DR_32_BR4_PART, loaded from every logical record.
Insert option in effect for this subpartition: REPLACE
TRAILING NULLCOLS option in effect

   Column Name                  Position   Len  Term Encl Datatype
------------------------------ ---------- ----- ---- ---- ---------------------
DR                                    1:2     2           CHARACTER            
BR                                                        CONSTANT
    Value is '4'
PA2A_RSIN                            4:11     8           CHARACTER            
PA2J_CSBPA                          12:13     2           CHARACTER            
PA2J_NSBPA                          14:15     2           CHARACTER            
PA2J_DSDSM                          16:23     8           CHARACTER            
PA2J_DDMAC                          24:31     8           CHARACTER            
PA2J_DEBPA                          32:39     8           CHARACTER            
PA2J_DABPA                          40:47     8           CHARACTER            
PA2J_FILLER                         48:53     6           CHARACTER            
PA2J_FILLER_1                       54:68    15           CHARACTER            
PA2J_FILLER_2                       69:83    15           CHARACTER            
PA2J_FILLER_3                       84:98    15           CHARACTER            
PA2J_FILLER_4                      99:111    13           CHARACTER            
TMST_SOURCE                          NEXT     1           CHARACTER            
    SQL string for column : "CURRENT_TIMESTAMP"
TMST_CIBLE                           NEXT     1           CHARACTER            
    SQL string for column : "CURRENT_TIMESTAMP"

The following index(es) on table PA2J were processed:
index RSOV0200.PK_PA2J partition PA2J_DR_32_BR4_PART loaded successfully with 52205 keys

Table PA2J, subpartition PA2J_DR_32_BR4_PART:
  52205 Rows successfully loaded.
  0 Rows not loaded due to data errors.
  0 Rows not loaded because all WHEN clauses were failed.
  0 Rows not loaded because all fields were null.

Bind array size not used in direct path.
Column array  rows :    5000
Stream buffer bytes:  256000
Read   buffer bytes: 1048576

Total logical records skipped:          0
Total logical records read:         52205
Total logical records rejected:         0
Total logical records discarded:        0
Total stream buffers loaded by SQL*Loader main thread:       12
Total stream buffers loaded by SQL*Loader load thread:       11

Run began on Wed Jun 07 15:40:33 2023
Run ended on Wed Jun 07 15:40:36 2023

Elapsed time was:     00:00:02.21
CPU time was:         00:00:00.13
----------------------------------------------------

   Execution report of /pdt/CAPGEMINI/OUTIL_CHARGEMENT_IMS/outil_V2/DL1/DMT/DL1/REL/bin/RunSqlLoader.sh

----------------------------------------------------

SQL*Loader: Release 19.0.0.0.0 - Production on Wed Jun 7 15:40:33 2023
Version 19.3.0.0.0

Copyright (c) 1982, 2019, Oracle and/or its affiliates.  All rights reserved.

Path used:      Direct

Load completed - logical record count 52205.

Table PA2J, subpartition PA2J_DR_32_BR4_PART:
  52205 Rows successfully loaded.

Check the log file:
  /pdt/CAPGEMINI/OUTIL_CHARGEMENT_IMS/outil_V2/DL1/DMT/DL1/REL/PA2/log/charge_PA2J324.log
for more information about the load.

 number of rows inserted not checked 