
SQL*Loader: Release 19.0.0.0.0 - Production on Wed Jun 7 12:52:44 2023
Version 19.3.0.0.0

Copyright (c) 1982, 2019, Oracle and/or its affiliates.  All rights reserved.

Control File:   /pdt/CAPGEMINI/OUTIL_CHARGEMENT_IMS/outil_V2/DL1/DMT/DL1/REL/PA2/tmp/PA2W.ctl
Character Set F8EBCDIC297 specified for all input.

Data File:      PA2W.DR32.BR1.net
  File processing option string: "fix 86"
  Bad File:     /pdt/CAPGEMINI/OUTIL_CHARGEMENT_IMS/outil_V2/DL1/DMT/DL1/REL/PA2/tmp/charge_PA2W321.bad
  Discard File:  none specified
 
 (Allow all discards)

Number to load: ALL
Number to skip: 0
Errors allowed: 10
Continuation:    none specified
Path used:      Direct

Table PA2W, subpartition PA2W_DR_32_BR1_PART, loaded from every logical record.
Insert option in effect for this subpartition: REPLACE
TRAILING NULLCOLS option in effect

   Column Name                  Position   Len  Term Encl Datatype
------------------------------ ---------- ----- ---- ---- ---------------------
DR                                    1:2     2           CHARACTER            
BR                                                        CONSTANT
    Value is '1'
PA2A_RSIN                            4:11     8           CHARACTER            
PA2U_NSAID                          12:13     2           CHARACTER            
PA2V_NSIDM                          14:15     2           CHARACTER            
PA2W_NSECH                          16:17     2           CHARACTER            
PA2W_DHAID                          18:25     8           CHARACTER            
PA2W_QMECE                          26:34     9           ZONED DECIMAL (9, 2) 
PA2W_CYMEE                          35:35     1           CHARACTER            
PA2W_QMECP                          36:44     9           ZONED DECIMAL (9, 2) 
PA2W_CYMEP                          45:45     1           CHARACTER            
PA2W_RSODFN                         46:48     3           CHARACTER            
PA2W_FILLER                         49:55     7           CHARACTER            
PA2W_FILLER_1                       56:65    10           CHARACTER            
PA2W_FILLER_2                       66:75    10           CHARACTER            
PA2W_FILLER_3                       76:85    10           CHARACTER            
TMST_SOURCE                          NEXT     1           CHARACTER            
    SQL string for column : "CURRENT_TIMESTAMP"
TMST_CIBLE                           NEXT     1           CHARACTER            
    SQL string for column : "CURRENT_TIMESTAMP"

The following index(es) on table PA2W were processed:
index RSOV0200.PK_PA2W partition PA2W_DR_32_BR1_PART loaded successfully with 17954 keys

Table PA2W, subpartition PA2W_DR_32_BR1_PART:
  17954 Rows successfully loaded.
  0 Rows not loaded due to data errors.
  0 Rows not loaded because all WHEN clauses were failed.
  0 Rows not loaded because all fields were null.

Bind array size not used in direct path.
Column array  rows :    5000
Stream buffer bytes:  256000
Read   buffer bytes: 1048576

Total logical records skipped:          0
Total logical records read:         17954
Total logical records rejected:         0
Total logical records discarded:        0
Total stream buffers loaded by SQL*Loader main thread:        5
Total stream buffers loaded by SQL*Loader load thread:        3

Run began on Wed Jun 07 12:52:44 2023
Run ended on Wed Jun 07 12:52:45 2023

Elapsed time was:     00:00:01.12
CPU time was:         00:00:00.07
----------------------------------------------------

   Execution report of /pdt/CAPGEMINI/OUTIL_CHARGEMENT_IMS/outil_V2/DL1/DMT/DL1/REL/bin/RunSqlLoader.sh

----------------------------------------------------

SQL*Loader: Release 19.0.0.0.0 - Production on Wed Jun 7 12:52:44 2023
Version 19.3.0.0.0

Copyright (c) 1982, 2019, Oracle and/or its affiliates.  All rights reserved.

Path used:      Direct

Load completed - logical record count 17954.

Table PA2W, subpartition PA2W_DR_32_BR1_PART:
  17954 Rows successfully loaded.

Check the log file:
  /pdt/CAPGEMINI/OUTIL_CHARGEMENT_IMS/outil_V2/DL1/DMT/DL1/REL/PA2/log/charge_PA2W321.log
for more information about the load.

 number of rows inserted not checked 