
SQL*Loader: Release 19.0.0.0.0 - Production on Wed Jun 7 15:03:16 2023
Version 19.3.0.0.0

Copyright (c) 1982, 2019, Oracle and/or its affiliates.  All rights reserved.

Control File:   /pdt/CAPGEMINI/OUTIL_CHARGEMENT_IMS/outil_V2/DL1/DMT/DL1/REL/PA2/tmp/PA2R.ctl
Character Set F8EBCDIC297 specified for all input.

Data File:      PA2R.DR32.BR3.net
  File processing option string: "fix 166"
  Bad File:     /pdt/CAPGEMINI/OUTIL_CHARGEMENT_IMS/outil_V2/DL1/DMT/DL1/REL/PA2/tmp/charge_PA2R323.bad
  Discard File:  none specified
 
 (Allow all discards)

Number to load: ALL
Number to skip: 0
Errors allowed: 10
Continuation:    none specified
Path used:      Direct

Table PA2R, subpartition PA2R_DR_32_BR3_PART, loaded from every logical record.
Insert option in effect for this subpartition: REPLACE
TRAILING NULLCOLS option in effect

   Column Name                  Position   Len  Term Encl Datatype
------------------------------ ---------- ----- ---- ---- ---------------------
DR                                    1:2     2           CHARACTER            
BR                                                        CONSTANT
    Value is '3'
PA2A_RSIN                            4:11     8           CHARACTER            
PA2P_RSF3                           12:13     2           CHARACTER            
PA2Q_NSSTA                          14:15     2           CHARACTER            
PA2R_DDITH                          16:23     8           CHARACTER            
PA2R_CSITH                          24:25     2           CHARACTER            
PA2R_DFITH                          26:33     8           CHARACTER            
PA2R_PSITH                          34:37     4           CHARACTER            
PA2R_QMITH                          38:44     7           ZONED DECIMAL (7, 2) 
PA2R_CSNDI                          45:46     2           CHARACTER            
PA2R_CYITH                          47:47     1           CHARACTER            
PA2R_NSAID1                         48:49     2           CHARACTER            
PA2R_QMITR                          50:56     7           ZONED DECIMAL (7, 2) 
PA2R_QMIHR                          57:63     7           ZONED DECIMAL (7, 2) 
PA2R_LIFORR                         64:93    30           CHARACTER            
PA2R_QSNBAR                         94:96     3           CHARACTER            
PA2R_QSJOFO                         97:99     3           CHARACTER            
PA2R_QMCUH                        100:104     5           ZONED DECIMAL (5, 2) 
PA2R_QMCUR                        105:109     5           ZONED DECIMAL (5, 2) 
PA2R_QMIRP                        110:116     7           ZONED DECIMAL (7, 2) 
PA2R_FIPLF                        117:117     1           CHARACTER            
PA2R_QMHJU                        118:123     6           ZONED DECIMAL (6, 2) 
PA2R_CSHBGT                       124:124     1           CHARACTER            
PA2R_QMNUIT                       125:130     6           ZONED DECIMAL (6, 2) 
PA2R_FILLER                       131:135     5           CHARACTER            
PA2R_FILLER_1                     136:145    10           CHARACTER            
PA2R_FILLER_2                     146:155    10           CHARACTER            
PA2R_FILLER_3                     156:165    10           CHARACTER            
TMST_SOURCE                          NEXT     1           CHARACTER            
    SQL string for column : "CURRENT_TIMESTAMP"
TMST_CIBLE                           NEXT     1           CHARACTER            
    SQL string for column : "CURRENT_TIMESTAMP"

The following index(es) on table PA2R were processed:
index RSOV0200.PK_PA2R partition PA2R_DR_32_BR3_PART loaded successfully with 11515 keys

Table PA2R, subpartition PA2R_DR_32_BR3_PART:
  11515 Rows successfully loaded.
  0 Rows not loaded due to data errors.
  0 Rows not loaded because all WHEN clauses were failed.
  0 Rows not loaded because all fields were null.

Bind array size not used in direct path.
Column array  rows :    5000
Stream buffer bytes:  256000
Read   buffer bytes: 1048576

Total logical records skipped:          0
Total logical records read:         11515
Total logical records rejected:         0
Total logical records discarded:        0
Total stream buffers loaded by SQL*Loader main thread:        4
Total stream buffers loaded by SQL*Loader load thread:        4

Run began on Wed Jun 07 15:03:16 2023
Run ended on Wed Jun 07 15:03:17 2023

Elapsed time was:     00:00:01.07
CPU time was:         00:00:00.09
----------------------------------------------------

   Execution report of /pdt/CAPGEMINI/OUTIL_CHARGEMENT_IMS/outil_V2/DL1/DMT/DL1/REL/bin/RunSqlLoader.sh

----------------------------------------------------

SQL*Loader: Release 19.0.0.0.0 - Production on Wed Jun 7 15:03:16 2023
Version 19.3.0.0.0

Copyright (c) 1982, 2019, Oracle and/or its affiliates.  All rights reserved.

Path used:      Direct

Load completed - logical record count 11515.

Table PA2R, subpartition PA2R_DR_32_BR3_PART:
  11515 Rows successfully loaded.

Check the log file:
  /pdt/CAPGEMINI/OUTIL_CHARGEMENT_IMS/outil_V2/DL1/DMT/DL1/REL/PA2/log/charge_PA2R323.log
for more information about the load.

 number of rows inserted not checked 