
SQL*Loader: Release 19.0.0.0.0 - Production on Wed Jun 7 12:13:54 2023
Version 19.3.0.0.0

Copyright (c) 1982, 2019, Oracle and/or its affiliates.  All rights reserved.

Control File:   /pdt/CAPGEMINI/OUTIL_CHARGEMENT_IMS/outil_V2/DL1/DMT/DL1/REL/PA2/tmp/PA2U.ctl
Character Set F8EBCDIC297 specified for all input.

Data File:      PA2U.DR65.BR3.net
  File processing option string: "fix 262"
  Bad File:     /pdt/CAPGEMINI/OUTIL_CHARGEMENT_IMS/outil_V2/DL1/DMT/DL1/REL/PA2/tmp/charge_PA2U653.bad
  Discard File:  none specified
 
 (Allow all discards)

Number to load: ALL
Number to skip: 0
Errors allowed: 10
Continuation:    none specified
Path used:      Direct

Table PA2U, subpartition PA2U_DR_65_BR3_PART, loaded from every logical record.
Insert option in effect for this subpartition: REPLACE
TRAILING NULLCOLS option in effect

   Column Name                  Position   Len  Term Encl Datatype
------------------------------ ---------- ----- ---- ---- ---------------------
DR                                    1:2     2           CHARACTER            
BR                                                        CONSTANT
    Value is '3'
PA2A_RSIN                            4:11     8           CHARACTER            
PA2U_NSAID                          12:13     2           ZONED DECIMAL (2, 0) 
PA2U_CXAID                          14:16     3           CHARACTER            
PA2U_QKAIE                          17:25     9           ZONED DECIMAL (9, 2) 
PA2U_CYAID                          26:26     1           CHARACTER            
PA2U_QKAIP                          27:35     9           ZONED DECIMAL (9, 2) 
PA2U_CYAIP                          36:36     1           CHARACTER            
PA2U_RSF3A                          37:38     2           ZONED DECIMAL (2, 0) 
PA2U_NSSTAA                         39:40     2           RAW                  
PA2U_CIAID                          41:41     1           CHARACTER            
PA2U_RSEQU                          42:44     3           ZONED DECIMAL (3, 0) 
PA2U_DIAID                          45:52     8           CHARACTER            
PA2U_NKAID                          53:54     2           ZONED DECIMAL (2, 0) 
PA2U_RSCV8                          55:62     8           CHARACTER            
PA2U_LSAID                         63:112    50           CHARACTER            
PA2U_CDAID                        113:114     2           CHARACTER            
PA2U_DIVAN                        115:122     8           CHARACTER            
PA2U_DIVAS                        123:130     8           CHARACTER            
PA2U_QMSFR2                       131:137     7           ZONED DECIMAL (7, 2) 
PA2U_QMSFR                        138:144     7           ZONED DECIMAL (7, 2) 
PA2U_CSAID                        145:145     1           CHARACTER            
PA2U_PIHOR6                       146:148     3           ZONED DECIMAL (3, 0) 
PA2U_FSTPLA                       149:149     1           CHARACTER            
PA2U_TSCRE                        150:154     5           ZONED DECIMAL (5, 4) 
PA2U_NBJAR                        155:158     4           ZONED DECIMAL (4, 0) 
PA2U_CSNAI                        159:159     1           CHARACTER            
PA2U_DSEMBP                       160:167     8           CHARACTER            
PA2U_DSEMBC                       168:175     8           CHARACTER            
PA2U_FSCOT3                       176:178     3           CHARACTER            
PA2U_DFCTG                        179:186     8           CHARACTER            
PA2U_CSQLD                        187:188     2           ZONED DECIMAL (2, 0) 
PA2U_PIHOR4                       189:191     3           ZONED DECIMAL (3, 0) 
PA2U_QMBEM                        192:198     7           ZONED DECIMAL (7, 2) 
PA2U_DFCT2                        199:206     8           CHARACTER            
PA2U_NSBUL                        207:214     8           CHARACTER            
PA2U_CXBUL                        215:215     1           CHARACTER            
PA2U_DSASS                        216:223     8           CHARACTER            
PA2U_QMSFRA                       224:230     7           ZONED DECIMAL (7, 2) 
PA2U_RSEN                         231:238     8           CHARACTER            
PA2U_QKAIJ                        239:247     9           ZONED DECIMAL (9, 2) 
PA2U_DSAAD                        248:251     4           ZONED DECIMAL (4, 0) 
PA2U_QMODR                        252:260     9           ZONED DECIMAL (9, 2) 
PA2U_FILLER                       261:261     1           CHARACTER            
TMST_SOURCE                          NEXT     1           CHARACTER            
    SQL string for column : "CURRENT_TIMESTAMP"
TMST_CIBLE                           NEXT     1           CHARACTER            
    SQL string for column : "CURRENT_TIMESTAMP"

The following index(es) on table PA2U were processed:
index RSOV0200.PK_PA2U partition PA2U_DR_65_BR3_PART loaded successfully with 1185 keys

Table PA2U, subpartition PA2U_DR_65_BR3_PART:
  1185 Rows successfully loaded.
  0 Rows not loaded due to data errors.
  0 Rows not loaded because all WHEN clauses were failed.
  0 Rows not loaded because all fields were null.

Bind array size not used in direct path.
Column array  rows :    5000
Stream buffer bytes:  256000
Read   buffer bytes: 1048576

Total logical records skipped:          0
Total logical records read:          1185
Total logical records rejected:         0
Total logical records discarded:        0
Total stream buffers loaded by SQL*Loader main thread:        1
Total stream buffers loaded by SQL*Loader load thread:        1

Run began on Wed Jun 07 12:13:54 2023
Run ended on Wed Jun 07 12:13:55 2023

Elapsed time was:     00:00:00.62
CPU time was:         00:00:00.04
----------------------------------------------------

   Execution report of /pdt/CAPGEMINI/OUTIL_CHARGEMENT_IMS/outil_V2/DL1/DMT/DL1/REL/bin/RunSqlLoader.sh

----------------------------------------------------

SQL*Loader: Release 19.0.0.0.0 - Production on Wed Jun 7 12:13:54 2023
Version 19.3.0.0.0

Copyright (c) 1982, 2019, Oracle and/or its affiliates.  All rights reserved.

Path used:      Direct

Load completed - logical record count 1185.

Table PA2U, subpartition PA2U_DR_65_BR3_PART:
  1185 Rows successfully loaded.

Check the log file:
  /pdt/CAPGEMINI/OUTIL_CHARGEMENT_IMS/outil_V2/DL1/DMT/DL1/REL/PA2/log/charge_PA2U653.log
for more information about the load.

 number of rows inserted not checked 