
SQL*Loader: Release 19.0.0.0.0 - Production on Wed Jun 7 15:48:17 2023
Version 19.3.0.0.0

Copyright (c) 1982, 2019, Oracle and/or its affiliates.  All rights reserved.

Control File:   /pdt/CAPGEMINI/OUTIL_CHARGEMENT_IMS/outil_V2/DL1/DMT/DL1/REL/PA2/tmp/PA2M.ctl
Character Set F8EBCDIC297 specified for all input.

Data File:      PA2M.DR32.BR4.net
  File processing option string: "fix 92"
  Bad File:     /pdt/CAPGEMINI/OUTIL_CHARGEMENT_IMS/outil_V2/DL1/DMT/DL1/REL/PA2/tmp/charge_PA2M324.bad
  Discard File:  none specified
 
 (Allow all discards)

Number to load: ALL
Number to skip: 0
Errors allowed: 10
Continuation:    none specified
Path used:      Direct

Table PA2M, subpartition PA2M_DR_32_BR4_PART, loaded from every logical record.
Insert option in effect for this subpartition: REPLACE
TRAILING NULLCOLS option in effect

   Column Name                  Position   Len  Term Encl Datatype
------------------------------ ---------- ----- ---- ---- ---------------------
DR                                    1:2     2           CHARACTER            
BR                                                        CONSTANT
    Value is '4'
PA2A_RSIN                            4:11     8           CHARACTER            
PA2M_CSTIV                          12:13     2           CHARACTER            
PA2M_DINIV                          14:21     8           CHARACTER            
PA2M_DFNIV                          22:29     8           CHARACTER            
PA2M_RSTIA                          30:37     8           CHARACTER            
PA2M_QSNCR                          38:39     2           CHARACTER            
PA2M_RSTL                           40:44     5           CHARACTER            
PA2M_RSEN2                          45:52     8           CHARACTER            
PA2M_FSHA2M                         53:53     1           CHARACTER            
PA2M_FILLER                         54:63    10           CHARACTER            
PA2M_FILLER_1                       64:77    14           CHARACTER            
PA2M_FILLER_2                       78:91    14           CHARACTER            
TMST_SOURCE                          NEXT     1           CHARACTER            
    SQL string for column : "CURRENT_TIMESTAMP"
TMST_CIBLE                           NEXT     1           CHARACTER            
    SQL string for column : "CURRENT_TIMESTAMP"

The following index(es) on table PA2M were processed:
index RSOV0200.PK_PA2M partition PA2M_DR_32_BR4_PART loaded successfully with 3864 keys

Table PA2M, subpartition PA2M_DR_32_BR4_PART:
  3864 Rows successfully loaded.
  0 Rows not loaded due to data errors.
  0 Rows not loaded because all WHEN clauses were failed.
  0 Rows not loaded because all fields were null.

Bind array size not used in direct path.
Column array  rows :    5000
Stream buffer bytes:  256000
Read   buffer bytes: 1048576

Total logical records skipped:          0
Total logical records read:          3864
Total logical records rejected:         0
Total logical records discarded:        0
Total stream buffers loaded by SQL*Loader main thread:        1
Total stream buffers loaded by SQL*Loader load thread:        1

Run began on Wed Jun 07 15:48:17 2023
Run ended on Wed Jun 07 15:48:18 2023

Elapsed time was:     00:00:00.51
CPU time was:         00:00:00.04
----------------------------------------------------

   Execution report of /pdt/CAPGEMINI/OUTIL_CHARGEMENT_IMS/outil_V2/DL1/DMT/DL1/REL/bin/RunSqlLoader.sh

----------------------------------------------------

SQL*Loader: Release 19.0.0.0.0 - Production on Wed Jun 7 15:48:17 2023
Version 19.3.0.0.0

Copyright (c) 1982, 2019, Oracle and/or its affiliates.  All rights reserved.

Path used:      Direct

Load completed - logical record count 3864.

Table PA2M, subpartition PA2M_DR_32_BR4_PART:
  3864 Rows successfully loaded.

Check the log file:
  /pdt/CAPGEMINI/OUTIL_CHARGEMENT_IMS/outil_V2/DL1/DMT/DL1/REL/PA2/log/charge_PA2M324.log
for more information about the load.

 number of rows inserted not checked 