log.A2.DR32.BR1
log.A2.DR32.BR2
log.A2.DR32.BR3
log.A2.DR32.BR4
log.A2.DR65.BR1
log.A2.DR65.BR2
log.A2.DR65.BR3
log.A2.DR65.BR4
log.A4.DR32.BR0
log.A4.DR65.BR0
log.A7.DR32.BR0
log.B6.DR32.BR0
log.B6.DR65.BR0
log.E1.DR32.BR1
log.E1.DR32.BR2
log.E1.DR32.BR3
log.E1.DR32.BR4
log.E1.DR65.BR1
log.E1.DR65.BR2
log.E1.DR65.BR3
log.E1.DR65.BR4
log.E2.DR32.BR1
log.E2.DR32.BR2
log.E2.DR32.BR3
log.E2.DR32.BR4
log.E2.DR65.BR1
log.E2.DR65.BR2
log.E2.DR65.BR3
log.E2.DR65.BR4
log.F1.DR32.BR1
log.F1.DR32.BR2
log.F1.DR32.BR3
log.F1.DR32.BR4
log.F1.DR65.BR1
log.F1.DR65.BR2
log.F1.DR65.BR3
log.F1.DR65.BR4
log.H1.DR32.BR1
log.H1.DR32.BR2
log.H1.DR32.BR3
log.H1.DR32.BR4
log.H1.DR65.BR1
log.H1.DR65.BR2
log.H1.DR65.BR3
log.H1.DR65.BR4
log.I1.DR32.BR1
log.I1.DR32.BR2
log.I1.DR32.BR3
log.I1.DR32.BR4
log.I1.DR65.BR1
log.I1.DR65.BR2
log.I1.DR65.BR3
log.I1.DR65.BR4
log.I2.DR32.BR1
log.I2.DR32.BR2
log.I2.DR32.BR3
log.I2.DR32.BR4
log.I2.DR65.BR1
log.I2.DR65.BR2
log.I2.DR65.BR3
log.I2.DR65.BR4
log.I3.DR32.BR1
log.I3.DR32.BR2
log.I3.DR32.BR3
log.I3.DR32.BR4
log.I3.DR65.BR1
log.I3.DR65.BR2
log.I3.DR65.BR3
log.I3.DR65.BR4
log.I4.DR32.BR1
log.I4.DR32.BR2
log.I4.DR32.BR3
log.I4.DR32.BR4
log.I4.DR65.BR1
log.I4.DR65.BR2
log.I4.DR65.BR3
log.I4.DR65.BR4
log.J1.DR32.BR1
log.J1.DR32.BR2
log.J1.DR32.BR3
log.J1.DR32.BR4
log.J1.DR65.BR1
log.J1.DR65.BR2
log.J1.DR65.BR3
log.J1.DR65.BR4
log.K1.DR32.BR1
log.K1.DR32.BR2
log.K1.DR32.BR3
log.K1.DR32.BR4
log.K1.DR65.BR1
log.K1.DR65.BR2
log.K1.DR65.BR3
log.K1.DR65.BR4
log.K2.DR32.BR0
log.K2.DR65.BR0
log.K3.DR32.BR0
log.K3.DR65.BR0
log.N1.DR32.BR1
log.N1.DR32.BR2
log.N1.DR32.BR3
log.N1.DR32.BR4
log.N1.DR65.BR1
log.N1.DR65.BR2
log.N1.DR65.BR3
log.N1.DR65.BR4
log.R3.DR32.BR0
log.R3.DR65.BR0
log.R4.DR32.BR0
log.R4.DR65.BR0
log.T1.DR32.BR0
log.T1.DR65.BR0
log.T2.DR32.BR0
log.T2.DR65.BR0
log.T3.DR32.BR0
log.T3.DR65.BR0
log.W1.DR32.BR1
log.W1.DR32.BR2
log.W1.DR32.BR3
log.W1.DR32.BR4
log.W1.DR65.BR1
log.W1.DR65.BR2
log.W1.DR65.BR3
log.W1.DR65.BR4
