PA2A.DR32.BR1
PA2A.DR32.BR2
PA2A.DR32.BR3
PA2A.DR32.BR4
PA2A.DR65.BR1
PA2A.DR65.BR2
PA2A.DR65.BR3
PA2A.DR65.BR4
PA2C.DR32.BR1
PA2C.DR32.BR2
PA2C.DR32.BR3
PA2C.DR32.BR4
PA2C.DR65.BR1
PA2C.DR65.BR2
PA2C.DR65.BR3
PA2C.DR65.BR4
PA2D.DR32.BR1
PA2D.DR32.BR2
PA2D.DR32.BR3
PA2D.DR32.BR4
PA2D.DR65.BR1
PA2D.DR65.BR2
PA2D.DR65.BR3
PA2D.DR65.BR4
PA2E.DR32.BR1
PA2E.DR32.BR2
PA2E.DR32.BR3
PA2E.DR32.BR4
PA2E.DR65.BR1
PA2E.DR65.BR2
PA2E.DR65.BR3
PA2E.DR65.BR4
PA2G.DR32.BR1
PA2G.DR32.BR2
PA2G.DR32.BR3
PA2G.DR32.BR4
PA2G.DR65.BR1
PA2G.DR65.BR2
PA2G.DR65.BR3
PA2G.DR65.BR4
PA2H.DR32.BR1
PA2H.DR32.BR2
PA2H.DR32.BR3
PA2H.DR32.BR4
PA2H.DR65.BR1
PA2H.DR65.BR2
PA2H.DR65.BR3
PA2H.DR65.BR4
PA2I.DR32.BR1
PA2I.DR32.BR2
PA2I.DR32.BR3
PA2I.DR32.BR4
PA2I.DR65.BR1
PA2I.DR65.BR2
PA2I.DR65.BR3
PA2I.DR65.BR4
PA2J.DR32.BR1
PA2J.DR32.BR2
PA2J.DR32.BR3
PA2J.DR32.BR4
PA2J.DR65.BR1
PA2J.DR65.BR2
PA2J.DR65.BR3
PA2J.DR65.BR4
PA2K.DR32.BR1
PA2K.DR32.BR2
PA2K.DR32.BR3
PA2K.DR32.BR4
PA2K.DR65.BR1
PA2K.DR65.BR2
PA2K.DR65.BR3
PA2K.DR65.BR4
PA2M.DR32.BR1
PA2M.DR32.BR2
PA2M.DR32.BR3
PA2M.DR32.BR4
PA2M.DR65.BR1
PA2M.DR65.BR2
PA2M.DR65.BR3
PA2M.DR65.BR4
PA2O.DR32.BR1
PA2O.DR32.BR2
PA2O.DR32.BR3
PA2O.DR32.BR4
PA2O.DR65.BR1
PA2O.DR65.BR2
PA2O.DR65.BR3
PA2O.DR65.BR4
PA2P.DR32.BR1
PA2P.DR32.BR2
PA2P.DR32.BR3
PA2P.DR32.BR4
PA2P.DR65.BR1
PA2P.DR65.BR2
PA2P.DR65.BR3
PA2P.DR65.BR4
PA2Q.DR32.BR1
PA2Q.DR32.BR2
PA2Q.DR32.BR3
PA2Q.DR32.BR4
PA2Q.DR65.BR1
PA2Q.DR65.BR2
PA2Q.DR65.BR3
PA2Q.DR65.BR4
PA2R.DR32.BR1
PA2R.DR32.BR2
PA2R.DR32.BR3
PA2R.DR32.BR4
PA2R.DR65.BR1
PA2R.DR65.BR2
PA2R.DR65.BR3
PA2R.DR65.BR4
PA2S.DR32.BR1
PA2S.DR32.BR2
PA2S.DR32.BR3
PA2S.DR32.BR4
PA2S.DR65.BR1
PA2S.DR65.BR2
PA2S.DR65.BR3
PA2S.DR65.BR4
PA2T.DR32.BR1
PA2T.DR32.BR2
PA2T.DR32.BR3
PA2T.DR32.BR4
PA2T.DR65.BR1
PA2T.DR65.BR2
PA2T.DR65.BR3
PA2T.DR65.BR4
PA2U.DR32.BR1
PA2U.DR32.BR2
PA2U.DR32.BR3
PA2U.DR32.BR4
PA2U.DR65.BR1
PA2U.DR65.BR2
PA2U.DR65.BR3
PA2U.DR65.BR4
PA2V.DR32.BR1
PA2V.DR32.BR2
PA2V.DR32.BR3
PA2V.DR32.BR4
PA2V.DR65.BR1
PA2V.DR65.BR2
PA2V.DR65.BR3
PA2V.DR65.BR4
PA2W.DR32.BR1
PA2W.DR32.BR2
PA2W.DR32.BR3
PA2W.DR32.BR4
PA2W.DR65.BR1
PA2W.DR65.BR2
PA2W.DR65.BR3
PA2W.DR65.BR4
PA2X.DR32.BR1
PA2X.DR32.BR2
PA2X.DR32.BR3
PA2X.DR32.BR4
PA2X.DR65.BR1
PA2X.DR65.BR2
PA2X.DR65.BR3
PA2X.DR65.BR4
PA2Y.DR32.BR1
PA2Y.DR32.BR2
PA2Y.DR32.BR3
PA2Y.DR32.BR4
PA2Y.DR65.BR1
PA2Y.DR65.BR2
PA2Y.DR65.BR3
PA2Y.DR65.BR4
PA4A.DR32.BR0
PA4A.DR65.BR0
PA4B.DR32.BR0
PA4B.DR65.BR0
PA4D.DR32.BR0
PA4D.DR65.BR0
PA4F.DR32.BR0
PA4F.DR65.BR0
PA4G.DR32.BR0
PA4G.DR65.BR0
PA4H.DR32.BR0
PA4H.DR65.BR0
PA4J.DR32.BR0
PA4J.DR65.BR0
PA4K.DR32.BR0
PA4K.DR65.BR0
PA7A.DR32.BR0
PB6A.DR32.BR0
PB6A.DR65.BR0
PB6B.DR32.BR0
PB6B.DR65.BR0
PB6C.DR32.BR0
PB6C.DR65.BR0
PB6D.DR32.BR0
PB6D.DR65.BR0
PB6F.DR32.BR0
PB6F.DR65.BR0
PB6G.DR32.BR0
PB6G.DR65.BR0
PE1A.DR32.BR1
PE1A.DR32.BR2
PE1A.DR32.BR3
PE1A.DR32.BR4
PE1A.DR65.BR1
PE1A.DR65.BR2
PE1A.DR65.BR3
PE1A.DR65.BR4
PE1B.DR32.BR1
PE1B.DR32.BR2
PE1B.DR32.BR3
PE1B.DR32.BR4
PE1B.DR65.BR1
PE1B.DR65.BR2
PE1B.DR65.BR3
PE1B.DR65.BR4
PE1C.DR32.BR1
PE1C.DR32.BR2
PE1C.DR32.BR3
PE1C.DR32.BR4
PE1C.DR65.BR1
PE1C.DR65.BR2
PE1C.DR65.BR3
PE1C.DR65.BR4
PE1D.DR32.BR1
PE1D.DR32.BR2
PE1D.DR32.BR3
PE1D.DR32.BR4
PE1D.DR65.BR1
PE1D.DR65.BR2
PE1D.DR65.BR3
PE1D.DR65.BR4
PE1E.DR32.BR1
PE1E.DR32.BR2
PE1E.DR32.BR3
PE1E.DR32.BR4
PE1E.DR65.BR1
PE1E.DR65.BR2
PE1E.DR65.BR3
PE1E.DR65.BR4
PE1F.DR32.BR1
PE1F.DR32.BR2
PE1F.DR32.BR3
PE1F.DR32.BR4
PE1F.DR65.BR1
PE1F.DR65.BR2
PE1F.DR65.BR3
PE1F.DR65.BR4
PE1G.DR32.BR1
PE1G.DR32.BR2
PE1G.DR32.BR3
PE1G.DR32.BR4
PE1G.DR65.BR1
PE1G.DR65.BR2
PE1G.DR65.BR3
PE1G.DR65.BR4
PE1H.DR32.BR1
PE1H.DR32.BR2
PE1H.DR32.BR3
PE1H.DR32.BR4
PE1H.DR65.BR1
PE1H.DR65.BR2
PE1H.DR65.BR3
PE1H.DR65.BR4
PE1I.DR32.BR1
PE1I.DR32.BR2
PE1I.DR32.BR3
PE1I.DR32.BR4
PE1I.DR65.BR1
PE1I.DR65.BR2
PE1I.DR65.BR3
PE1I.DR65.BR4
PE1J.DR32.BR1
PE1J.DR32.BR2
PE1J.DR32.BR3
PE1J.DR32.BR4
PE1J.DR65.BR1
PE1J.DR65.BR2
PE1J.DR65.BR3
PE1J.DR65.BR4
PE1K.DR32.BR1
PE1K.DR32.BR2
PE1K.DR32.BR3
PE1K.DR32.BR4
PE1K.DR65.BR1
PE1K.DR65.BR2
PE1K.DR65.BR3
PE1K.DR65.BR4
PE1L.DR32.BR1
PE1L.DR32.BR2
PE1L.DR32.BR3
PE1L.DR32.BR4
PE1L.DR65.BR1
PE1L.DR65.BR2
PE1L.DR65.BR3
PE1L.DR65.BR4
PE1M.DR32.BR1
PE1M.DR32.BR2
PE1M.DR32.BR3
PE1M.DR32.BR4
PE1M.DR65.BR1
PE1M.DR65.BR2
PE1M.DR65.BR3
PE1M.DR65.BR4
PE1N.DR32.BR1
PE1N.DR32.BR2
PE1N.DR32.BR3
PE1N.DR32.BR4
PE1N.DR65.BR1
PE1N.DR65.BR2
PE1N.DR65.BR3
PE1N.DR65.BR4
PE1O.DR32.BR1
PE1O.DR32.BR2
PE1O.DR32.BR3
PE1O.DR32.BR4
PE1O.DR65.BR1
PE1O.DR65.BR2
PE1O.DR65.BR3
PE1O.DR65.BR4
PE1P.DR32.BR1
PE1P.DR32.BR2
PE1P.DR32.BR3
PE1P.DR32.BR4
PE1P.DR65.BR1
PE1P.DR65.BR2
PE1P.DR65.BR3
PE1P.DR65.BR4
PE1Q.DR32.BR1
PE1Q.DR32.BR2
PE1Q.DR32.BR3
PE1Q.DR32.BR4
PE1Q.DR65.BR1
PE1Q.DR65.BR2
PE1Q.DR65.BR3
PE1Q.DR65.BR4
PE1R.DR32.BR1
PE1R.DR32.BR2
PE1R.DR32.BR3
PE1R.DR32.BR4
PE1R.DR65.BR1
PE1R.DR65.BR2
PE1R.DR65.BR3
PE1R.DR65.BR4
PE1U.DR32.BR1
PE1U.DR32.BR2
PE1U.DR32.BR3
PE1U.DR32.BR4
PE1U.DR65.BR1
PE1U.DR65.BR2
PE1U.DR65.BR3
PE1U.DR65.BR4
PE1V.DR32.BR1
PE1V.DR32.BR2
PE1V.DR32.BR3
PE1V.DR32.BR4
PE1V.DR65.BR1
PE1V.DR65.BR2
PE1V.DR65.BR3
PE1V.DR65.BR4
PE1X.DR32.BR1
PE1X.DR32.BR2
PE1X.DR32.BR3
PE1X.DR32.BR4
PE1X.DR65.BR1
PE1X.DR65.BR2
PE1X.DR65.BR3
PE1X.DR65.BR4
PE1Y.DR32.BR1
PE1Y.DR32.BR2
PE1Y.DR32.BR3
PE1Y.DR32.BR4
PE1Y.DR65.BR1
PE1Y.DR65.BR2
PE1Y.DR65.BR3
PE1Y.DR65.BR4
PE2T.DR32.BR1
PE2T.DR32.BR2
PE2T.DR32.BR3
PE2T.DR32.BR4
PE2T.DR65.BR1
PE2T.DR65.BR2
PE2T.DR65.BR3
PE2T.DR65.BR4
PF1A.DR32.BR1
PF1A.DR32.BR2
PF1A.DR32.BR3
PF1A.DR32.BR4
PF1A.DR65.BR1
PF1A.DR65.BR2
PF1A.DR65.BR3
PF1A.DR65.BR4
PF1B.DR32.BR1
PF1B.DR32.BR2
PF1B.DR32.BR3
PF1B.DR32.BR4
PF1B.DR65.BR1
PF1B.DR65.BR2
PF1B.DR65.BR3
PF1B.DR65.BR4
PF1C.DR32.BR1
PF1C.DR32.BR2
PF1C.DR32.BR3
PF1C.DR32.BR4
PF1C.DR65.BR1
PF1C.DR65.BR2
PF1C.DR65.BR3
PF1C.DR65.BR4
PF1D.DR32.BR1
PF1D.DR32.BR2
PF1D.DR32.BR3
PF1D.DR32.BR4
PF1D.DR65.BR1
PF1D.DR65.BR2
PF1D.DR65.BR3
PF1D.DR65.BR4
PF1E.DR32.BR1
PF1E.DR32.BR2
PF1E.DR32.BR3
PF1E.DR32.BR4
PF1E.DR65.BR1
PF1E.DR65.BR2
PF1E.DR65.BR3
PF1E.DR65.BR4
PF1F.DR32.BR1
PF1F.DR32.BR2
PF1F.DR32.BR3
PF1F.DR32.BR4
PF1F.DR65.BR1
PF1F.DR65.BR2
PF1F.DR65.BR3
PF1F.DR65.BR4
PF1G.DR32.BR1
PF1G.DR32.BR2
PF1G.DR32.BR3
PF1G.DR32.BR4
PF1G.DR65.BR1
PF1G.DR65.BR2
PF1G.DR65.BR3
PF1G.DR65.BR4
PH1A.DR32.BR1
PH1A.DR32.BR2
PH1A.DR32.BR3
PH1A.DR32.BR4
PH1A.DR65.BR1
PH1A.DR65.BR2
PH1A.DR65.BR3
PH1A.DR65.BR4
PH1B.DR32.BR1
PH1B.DR32.BR2
PH1B.DR32.BR3
PH1B.DR32.BR4
PH1B.DR65.BR1
PH1B.DR65.BR2
PH1B.DR65.BR3
PH1B.DR65.BR4
PH1C.DR32.BR1
PH1C.DR32.BR2
PH1C.DR32.BR3
PH1C.DR32.BR4
PH1C.DR65.BR1
PH1C.DR65.BR2
PH1C.DR65.BR3
PH1C.DR65.BR4
PH1D.DR32.BR1
PH1D.DR32.BR2
PH1D.DR32.BR3
PH1D.DR32.BR4
PH1D.DR65.BR1
PH1D.DR65.BR2
PH1D.DR65.BR3
PH1D.DR65.BR4
PH1E.DR32.BR1
PH1E.DR32.BR2
PH1E.DR32.BR3
PH1E.DR32.BR4
PH1E.DR65.BR1
PH1E.DR65.BR2
PH1E.DR65.BR3
PH1E.DR65.BR4
PH1F.DR32.BR1
PH1F.DR32.BR2
PH1F.DR32.BR3
PH1F.DR32.BR4
PH1F.DR65.BR1
PH1F.DR65.BR2
PH1F.DR65.BR3
PH1F.DR65.BR4
PH1G.DR32.BR1
PH1G.DR32.BR2
PH1G.DR32.BR3
PH1G.DR32.BR4
PH1G.DR65.BR1
PH1G.DR65.BR2
PH1G.DR65.BR3
PH1G.DR65.BR4
PH1H.DR32.BR1
PH1H.DR32.BR2
PH1H.DR32.BR3
PH1H.DR32.BR4
PH1H.DR65.BR1
PH1H.DR65.BR2
PH1H.DR65.BR3
PH1H.DR65.BR4
PH1I.DR32.BR1
PH1I.DR32.BR2
PH1I.DR32.BR3
PH1I.DR32.BR4
PH1I.DR65.BR1
PH1I.DR65.BR2
PH1I.DR65.BR3
PH1I.DR65.BR4
PH1J.DR32.BR1
PH1J.DR32.BR2
PH1J.DR32.BR3
PH1J.DR32.BR4
PH1J.DR65.BR1
PH1J.DR65.BR2
PH1J.DR65.BR3
PH1J.DR65.BR4
PH1K.DR32.BR1
PH1K.DR32.BR2
PH1K.DR32.BR3
PH1K.DR32.BR4
PH1K.DR65.BR1
PH1K.DR65.BR2
PH1K.DR65.BR3
PH1K.DR65.BR4
PH1L.DR32.BR1
PH1L.DR32.BR2
PH1L.DR32.BR3
PH1L.DR32.BR4
PH1L.DR65.BR1
PH1L.DR65.BR2
PH1L.DR65.BR3
PH1L.DR65.BR4
PI1A.DR32.BR1
PI1A.DR32.BR2
PI1A.DR32.BR3
PI1A.DR32.BR4
PI1A.DR65.BR1
PI1A.DR65.BR2
PI1A.DR65.BR3
PI1A.DR65.BR4
PI1B.DR32.BR1
PI1B.DR32.BR2
PI1B.DR32.BR3
PI1B.DR32.BR4
PI1B.DR65.BR1
PI1B.DR65.BR2
PI1B.DR65.BR3
PI1B.DR65.BR4
PI1C.DR32.BR1
PI1C.DR32.BR2
PI1C.DR32.BR3
PI1C.DR32.BR4
PI1C.DR65.BR1
PI1C.DR65.BR2
PI1C.DR65.BR3
PI1C.DR65.BR4
PI1D.DR32.BR1
PI1D.DR32.BR2
PI1D.DR32.BR3
PI1D.DR32.BR4
PI1D.DR65.BR1
PI1D.DR65.BR2
PI1D.DR65.BR3
PI1D.DR65.BR4
PI2A.DR32.BR1
PI2A.DR32.BR2
PI2A.DR32.BR3
PI2A.DR32.BR4
PI2A.DR65.BR1
PI2A.DR65.BR2
PI2A.DR65.BR3
PI2A.DR65.BR4
PI2B.DR32.BR1
PI2B.DR32.BR2
PI2B.DR32.BR3
PI2B.DR32.BR4
PI2B.DR65.BR1
PI2B.DR65.BR2
PI2B.DR65.BR3
PI2B.DR65.BR4
PI2C.DR32.BR1
PI2C.DR32.BR2
PI2C.DR32.BR3
PI2C.DR32.BR4
PI2C.DR65.BR1
PI2C.DR65.BR2
PI2C.DR65.BR3
PI2C.DR65.BR4
PI2D.DR32.BR1
PI2D.DR32.BR2
PI2D.DR32.BR3
PI2D.DR32.BR4
PI2D.DR65.BR1
PI2D.DR65.BR2
PI2D.DR65.BR3
PI2D.DR65.BR4
PI3A.DR32.BR1
PI3A.DR32.BR2
PI3A.DR32.BR3
PI3A.DR32.BR4
PI3A.DR65.BR1
PI3A.DR65.BR2
PI3A.DR65.BR3
PI3A.DR65.BR4
PI3B.DR32.BR1
PI3B.DR32.BR2
PI3B.DR32.BR3
PI3B.DR32.BR4
PI3B.DR65.BR1
PI3B.DR65.BR2
PI3B.DR65.BR3
PI3B.DR65.BR4
PI3C.DR32.BR1
PI3C.DR32.BR2
PI3C.DR32.BR3
PI3C.DR32.BR4
PI3C.DR65.BR1
PI3C.DR65.BR2
PI3C.DR65.BR3
PI3C.DR65.BR4
PI3D.DR32.BR1
PI3D.DR32.BR2
PI3D.DR32.BR3
PI3D.DR32.BR4
PI3D.DR65.BR1
PI3D.DR65.BR2
PI3D.DR65.BR3
PI3D.DR65.BR4
PI4A.DR32.BR1
PI4A.DR32.BR2
PI4A.DR32.BR3
PI4A.DR32.BR4
PI4A.DR65.BR1
PI4A.DR65.BR2
PI4A.DR65.BR3
PI4A.DR65.BR4
PI4B.DR32.BR1
PI4B.DR32.BR2
PI4B.DR32.BR3
PI4B.DR32.BR4
PI4B.DR65.BR1
PI4B.DR65.BR2
PI4B.DR65.BR3
PI4B.DR65.BR4
PI4C.DR32.BR1
PI4C.DR32.BR2
PI4C.DR32.BR3
PI4C.DR32.BR4
PI4C.DR65.BR1
PI4C.DR65.BR2
PI4C.DR65.BR3
PI4C.DR65.BR4
PI4D.DR32.BR1
PI4D.DR32.BR2
PI4D.DR32.BR3
PI4D.DR32.BR4
PI4D.DR65.BR1
PI4D.DR65.BR2
PI4D.DR65.BR3
PI4D.DR65.BR4
PJ1A.DR32.BR1
PJ1A.DR32.BR2
PJ1A.DR32.BR3
PJ1A.DR32.BR4
PJ1A.DR65.BR1
PJ1A.DR65.BR2
PJ1A.DR65.BR3
PJ1A.DR65.BR4
PJ1E.DR32.BR1
PJ1E.DR32.BR2
PJ1E.DR32.BR3
PJ1E.DR32.BR4
PJ1E.DR65.BR1
PJ1E.DR65.BR2
PJ1E.DR65.BR3
PJ1E.DR65.BR4
PJ1F.DR32.BR1
PJ1F.DR32.BR2
PJ1F.DR32.BR3
PJ1F.DR32.BR4
PJ1F.DR65.BR1
PJ1F.DR65.BR2
PJ1F.DR65.BR3
PJ1F.DR65.BR4
PK1A.DR32.BR1
PK1A.DR32.BR2
PK1A.DR32.BR3
PK1A.DR32.BR4
PK1A.DR65.BR1
PK1A.DR65.BR2
PK1A.DR65.BR3
PK1A.DR65.BR4
PK1B.DR32.BR1
PK1B.DR32.BR2
PK1B.DR32.BR3
PK1B.DR32.BR4
PK1B.DR65.BR1
PK1B.DR65.BR2
PK1B.DR65.BR3
PK1B.DR65.BR4
PK1C.DR32.BR1
PK1C.DR32.BR2
PK1C.DR32.BR3
PK1C.DR32.BR4
PK1C.DR65.BR1
PK1C.DR65.BR2
PK1C.DR65.BR3
PK1C.DR65.BR4
PK1D.DR32.BR1
PK1D.DR32.BR2
PK1D.DR32.BR3
PK1D.DR32.BR4
PK1D.DR65.BR1
PK1D.DR65.BR2
PK1D.DR65.BR3
PK1D.DR65.BR4
PK1E.DR32.BR1
PK1E.DR32.BR2
PK1E.DR32.BR3
PK1E.DR32.BR4
PK1E.DR65.BR1
PK1E.DR65.BR2
PK1E.DR65.BR3
PK1E.DR65.BR4
PK1I.DR32.BR1
PK1I.DR32.BR2
PK1I.DR32.BR3
PK1I.DR32.BR4
PK1I.DR65.BR1
PK1I.DR65.BR2
PK1I.DR65.BR3
PK1I.DR65.BR4
PK1J.DR32.BR1
PK1J.DR32.BR2
PK1J.DR32.BR3
PK1J.DR32.BR4
PK1J.DR65.BR1
PK1J.DR65.BR2
PK1J.DR65.BR3
PK1J.DR65.BR4
PK1K.DR32.BR1
PK1K.DR32.BR2
PK1K.DR32.BR3
PK1K.DR32.BR4
PK1K.DR65.BR1
PK1K.DR65.BR2
PK1K.DR65.BR3
PK1K.DR65.BR4
PK1L.DR32.BR1
PK1L.DR32.BR2
PK1L.DR32.BR3
PK1L.DR32.BR4
PK1L.DR65.BR1
PK1L.DR65.BR2
PK1L.DR65.BR3
PK1L.DR65.BR4
PK1M.DR32.BR1
PK1M.DR32.BR2
PK1M.DR32.BR3
PK1M.DR32.BR4
PK1M.DR65.BR1
PK1M.DR65.BR2
PK1M.DR65.BR3
PK1M.DR65.BR4
PK1N.DR32.BR1
PK1N.DR32.BR2
PK1N.DR32.BR3
PK1N.DR32.BR4
PK1N.DR65.BR1
PK1N.DR65.BR2
PK1N.DR65.BR3
PK1N.DR65.BR4
PK1O.DR32.BR1
PK1O.DR32.BR2
PK1O.DR32.BR3
PK1O.DR32.BR4
PK1O.DR65.BR1
PK1O.DR65.BR2
PK1O.DR65.BR3
PK1O.DR65.BR4
PK1P.DR32.BR1
PK1P.DR32.BR2
PK1P.DR32.BR3
PK1P.DR32.BR4
PK1P.DR65.BR1
PK1P.DR65.BR2
PK1P.DR65.BR3
PK1P.DR65.BR4
PK1Q.DR32.BR1
PK1Q.DR32.BR2
PK1Q.DR32.BR3
PK1Q.DR32.BR4
PK1Q.DR65.BR1
PK1Q.DR65.BR2
PK1Q.DR65.BR3
PK1Q.DR65.BR4
PK1R.DR32.BR1
PK1R.DR32.BR2
PK1R.DR32.BR3
PK1R.DR32.BR4
PK1R.DR65.BR1
PK1R.DR65.BR2
PK1R.DR65.BR3
PK1R.DR65.BR4
PK2A.DR32.BR0
PK2A.DR65.BR0
PK2B.DR32.BR0
PK2B.DR65.BR0
PK3A.DR32.BR0
PK3A.DR65.BR0
PK3B.DR32.BR0
PK3B.DR65.BR0
PK3C.DR32.BR0
PK3C.DR65.BR0
PK3D.DR32.BR0
PK3D.DR65.BR0
PK3E.DR32.BR0
PK3E.DR65.BR0
PK3F.DR32.BR0
PK3F.DR65.BR0
PN1A.DR32.BR1
PN1A.DR32.BR2
PN1A.DR32.BR3
PN1A.DR32.BR4
PN1A.DR65.BR1
PN1A.DR65.BR2
PN1A.DR65.BR3
PN1A.DR65.BR4
PN1B.DR32.BR1
PN1B.DR32.BR2
PN1B.DR32.BR3
PN1B.DR32.BR4
PN1B.DR65.BR1
PN1B.DR65.BR2
PN1B.DR65.BR3
PN1B.DR65.BR4
PN1C.DR32.BR1
PN1C.DR32.BR2
PN1C.DR32.BR3
PN1C.DR32.BR4
PN1C.DR65.BR1
PN1C.DR65.BR2
PN1C.DR65.BR3
PN1C.DR65.BR4
PR3A.DR32.BR0
PR3A.DR65.BR0
PR3B.DR32.BR0
PR3B.DR65.BR0
PR4A.DR32.BR0
PR4A.DR65.BR0
PT1A.DR32.BR0
PT1A.DR65.BR0
PT1B.DR32.BR0
PT1B.DR65.BR0
PT1C.DR32.BR0
PT1C.DR65.BR0
PT2A.DR32.BR0
PT2A.DR65.BR0
PT2B.DR32.BR0
PT2B.DR65.BR0
PT3A.DR32.BR0
PT3A.DR65.BR0
PT3B.DR32.BR0
PT3B.DR65.BR0
PT3C.DR32.BR0
PT3C.DR65.BR0
PW1A.DR32.BR1
PW1A.DR32.BR2
PW1A.DR32.BR3
PW1A.DR32.BR4
PW1A.DR65.BR1
PW1A.DR65.BR2
PW1A.DR65.BR3
PW1A.DR65.BR4