
SQL*Loader: Release 19.0.0.0.0 - Production on Thu Jun 8 00:40:05 2023
Version 19.3.0.0.0

Copyright (c) 1982, 2019, Oracle and/or its affiliates.  All rights reserved.

Control File:   /pdt/CAPGEMINI/OUTIL_CHARGEMENT_IMS/outil_V2/DL1/DMT/DL1/REL/PH1/tmp/PH1A.ctl
Character Set F8EBCDIC297 specified for all input.

Data File:      PH1A.DR32.BR4.net
  File processing option string: "fix 94"
  Bad File:     /pdt/CAPGEMINI/OUTIL_CHARGEMENT_IMS/outil_V2/DL1/DMT/DL1/REL/PH1/tmp/charge_PH1A324.bad
  Discard File:  none specified
 
 (Allow all discards)

Number to load: ALL
Number to skip: 0
Errors allowed: 10
Continuation:    none specified
Path used:      Direct

Table PH1A, subpartition PH1A_DR_32_BR4_PART, loaded from every logical record.
Insert option in effect for this subpartition: REPLACE
TRAILING NULLCOLS option in effect

   Column Name                  Position   Len  Term Encl Datatype
------------------------------ ---------- ----- ---- ---- ---------------------
DR                                    1:2     2           CHARACTER            
BR                                                        CONSTANT
    Value is '4'
PH1A_RSTIN                           4:11     8           CHARACTER            
PH1A_QSESF                          12:13     2           ZONED DECIMAL (2, 0) 
PH1A_DDVSF                          14:21     8           CHARACTER            
PH1A_FSHH1A                         22:22     1           CHARACTER            
PH1A_CSMVF                          23:23     1           CHARACTER            
PH1A_QSFNIP                         24:26     3           ZONED DECIMAL (3, 0) 
PH1A_DDVRMI                         27:34     8           CHARACTER            
PH1A_FSRRMI                         35:35     1           CHARACTER            
PH1A_QMRMI                          36:44     9           ZONED DECIMAL (9, 2) 
PH1A_QSPSF                          45:46     2           ZONED DECIMAL (2, 0) 
PH1A_CSSCO                          47:47     1           CHARACTER            
PH1A_CISEN                          48:48     1           CHARACTER            
PH1A_FILLER                         49:53     5           ZONED DECIMAL (5, 0) 
PH1A_FILLER_1                       54:63    10           ZONED DECIMAL (10, 0)
PH1A_FILLER_2                       64:73    10           ZONED DECIMAL (10, 0)
PH1A_FILLER_3                       74:83    10           ZONED DECIMAL (10, 0)
PH1A_FILLER_4                       84:93    10           ZONED DECIMAL (10, 0)
TMST_SOURCE                          NEXT     1           CHARACTER            
    SQL string for column : "CURRENT_TIMESTAMP"
TMST_CIBLE                           NEXT     1           CHARACTER            
    SQL string for column : "CURRENT_TIMESTAMP"

The following index(es) on table PH1A were processed:
index RSOV0200.PK_PH1A partition PH1A_DR_32_BR4_PART loaded successfully with 137738 keys

Table PH1A, subpartition PH1A_DR_32_BR4_PART:
  137738 Rows successfully loaded.
  0 Rows not loaded due to data errors.
  0 Rows not loaded because all WHEN clauses were failed.
  0 Rows not loaded because all fields were null.

Bind array size not used in direct path.
Column array  rows :    5000
Stream buffer bytes:  256000
Read   buffer bytes: 1048576

Total logical records skipped:          0
Total logical records read:        137738
Total logical records rejected:         0
Total logical records discarded:        0
Total stream buffers loaded by SQL*Loader main thread:       37
Total stream buffers loaded by SQL*Loader load thread:       25

Run began on Thu Jun 08 00:40:05 2023
Run ended on Thu Jun 08 00:40:11 2023

Elapsed time was:     00:00:06.00
CPU time was:         00:00:00.45
----------------------------------------------------

   Execution report of /pdt/CAPGEMINI/OUTIL_CHARGEMENT_IMS/outil_V2/DL1/DMT/DL1/REL/bin/RunSqlLoader.sh

----------------------------------------------------

SQL*Loader: Release 19.0.0.0.0 - Production on Thu Jun 8 00:40:05 2023
Version 19.3.0.0.0

Copyright (c) 1982, 2019, Oracle and/or its affiliates.  All rights reserved.

Path used:      Direct

Load completed - logical record count 137738.

Table PH1A, subpartition PH1A_DR_32_BR4_PART:
  137738 Rows successfully loaded.

Check the log file:
  /pdt/CAPGEMINI/OUTIL_CHARGEMENT_IMS/outil_V2/DL1/DMT/DL1/REL/PH1/log/charge_PH1A324.log
for more information about the load.

 number of rows inserted not checked 