
SQL*Loader: Release 19.0.0.0.0 - Production on Wed Jun 7 13:12:45 2023
Version 19.3.0.0.0

Copyright (c) 1982, 2019, Oracle and/or its affiliates.  All rights reserved.

Control File:   /pdt/CAPGEMINI/OUTIL_CHARGEMENT_IMS/outil_V2/DL1/DMT/DL1/REL/PH1/tmp/PH1J.ctl
Character Set F8EBCDIC297 specified for all input.

Data File:      PH1J.DR65.BR1.net
  File processing option string: "fix 115"
  Bad File:     /pdt/CAPGEMINI/OUTIL_CHARGEMENT_IMS/outil_V2/DL1/DMT/DL1/REL/PH1/tmp/charge_PH1J651.bad
  Discard File:  none specified
 
 (Allow all discards)

Number to load: ALL
Number to skip: 0
Errors allowed: 10
Continuation:    none specified
Path used:      Direct

Table PH1J, subpartition PH1J_DR_65_BR1_PART, loaded from every logical record.
Insert option in effect for this subpartition: REPLACE
TRAILING NULLCOLS option in effect

   Column Name                  Position   Len  Term Encl Datatype
------------------------------ ---------- ----- ---- ---- ---------------------
DR                                    1:2     2           CHARACTER            
BR                                                        CONSTANT
    Value is '1'
PH1A_RSTIN                           4:11     8           CHARACTER            
PH1H_CSTPS                          12:12     1           CHARACTER            
PH1H_NSSPS                          13:14     2           ZONED DECIMAL (2, 0) 
PH1J_NSCRE                          15:16     2           ZONED DECIMAL (2, 0) 
PH1J_DDEFF                          17:24     8           CHARACTER            
PH1J_RSTI6                          25:32     8           CHARACTER            
PH1J_RSTI5                          33:40     8           CHARACTER            
PH1J_CCINDC                         41:48     8           CHARACTER            
PH1J_RSTID                          49:56     8           CHARACTER            
PH1J_FSMCR                          57:57     1           CHARACTER            
PH1J_DDVDB                          58:65     8           CHARACTER            
PH1J_FILLER                         66:78    13           ZONED DECIMAL (13, 0)
PH1J_FILLER_1                       79:96    18           ZONED DECIMAL (18, 0)
PH1J_FILLER_2                      97:114    18           ZONED DECIMAL (18, 0)
TMST_SOURCE                          NEXT     1           CHARACTER            
    SQL string for column : "CURRENT_TIMESTAMP"
TMST_CIBLE                           NEXT     1           CHARACTER            
    SQL string for column : "CURRENT_TIMESTAMP"

The following index(es) on table PH1J were processed:
index RSOV0200.PK_PH1J partition PH1J_DR_65_BR1_PART loaded successfully with 2959 keys

Table PH1J, subpartition PH1J_DR_65_BR1_PART:
  2959 Rows successfully loaded.
  0 Rows not loaded due to data errors.
  0 Rows not loaded because all WHEN clauses were failed.
  0 Rows not loaded because all fields were null.

Bind array size not used in direct path.
Column array  rows :    5000
Stream buffer bytes:  256000
Read   buffer bytes: 1048576

Total logical records skipped:          0
Total logical records read:          2959
Total logical records rejected:         0
Total logical records discarded:        0
Total stream buffers loaded by SQL*Loader main thread:        1
Total stream buffers loaded by SQL*Loader load thread:        1

Run began on Wed Jun 07 13:12:45 2023
Run ended on Wed Jun 07 13:12:45 2023

Elapsed time was:     00:00:00.58
CPU time was:         00:00:00.04
----------------------------------------------------

   Execution report of /pdt/CAPGEMINI/OUTIL_CHARGEMENT_IMS/outil_V2/DL1/DMT/DL1/REL/bin/RunSqlLoader.sh

----------------------------------------------------

SQL*Loader: Release 19.0.0.0.0 - Production on Wed Jun 7 13:12:45 2023
Version 19.3.0.0.0

Copyright (c) 1982, 2019, Oracle and/or its affiliates.  All rights reserved.

Path used:      Direct

Load completed - logical record count 2959.

Table PH1J, subpartition PH1J_DR_65_BR1_PART:
  2959 Rows successfully loaded.

Check the log file:
  /pdt/CAPGEMINI/OUTIL_CHARGEMENT_IMS/outil_V2/DL1/DMT/DL1/REL/PH1/log/charge_PH1J651.log
for more information about the load.

 number of rows inserted not checked 