
SQL*Loader: Release 19.0.0.0.0 - Production on Thu Jun 8 00:33:31 2023
Version 19.3.0.0.0

Copyright (c) 1982, 2019, Oracle and/or its affiliates.  All rights reserved.

Control File:   /pdt/CAPGEMINI/OUTIL_CHARGEMENT_IMS/outil_V2/DL1/DMT/DL1/REL/PH1/tmp/PH1K.ctl
Character Set F8EBCDIC297 specified for all input.

Data File:      PH1K.DR32.BR2.net
  File processing option string: "fix 162"
  Bad File:     /pdt/CAPGEMINI/OUTIL_CHARGEMENT_IMS/outil_V2/DL1/DMT/DL1/REL/PH1/tmp/charge_PH1K322.bad
  Discard File:  none specified
 
 (Allow all discards)

Number to load: ALL
Number to skip: 0
Errors allowed: 10
Continuation:    none specified
Path used:      Direct

Table PH1K, subpartition PH1K_DR_32_BR2_PART, loaded from every logical record.
Insert option in effect for this subpartition: REPLACE
TRAILING NULLCOLS option in effect

   Column Name                  Position   Len  Term Encl Datatype
------------------------------ ---------- ----- ---- ---- ---------------------
DR                                    1:2     2           CHARACTER            
BR                                                        CONSTANT
    Value is '2'
PH1A_RSTIN                           4:11     8           CHARACTER            
PH1K_CCOIP                          12:12     1           CHARACTER            
PH1K_RCOIP                          13:23    11           CHARACTER            
PH1K_NCOIP                          24:25     2           ZONED DECIMAL (2, 0) 
PH1K_DSHIS                          26:33     8           CHARACTER            
PH1K_LCOIP                         34:112    79           CHARACTER            
PH1K_FILLER                       113:122    10           ZONED DECIMAL (10, 0)
PH1K_FILLER_1                     123:132    10           ZONED DECIMAL (10, 0)
PH1K_FILLER_2                     133:142    10           ZONED DECIMAL (10, 0)
PH1K_FILLER_3                     143:152    10           ZONED DECIMAL (10, 0)
PH1K_FILLER_4                     153:161     9           ZONED DECIMAL (9, 0) 
TMST_SOURCE                          NEXT     1           CHARACTER            
    SQL string for column : "CURRENT_TIMESTAMP"
TMST_CIBLE                           NEXT     1           CHARACTER            
    SQL string for column : "CURRENT_TIMESTAMP"

The following index(es) on table PH1K were processed:
index RSOV0200.PK_PH1K partition PH1K_DR_32_BR2_PART loaded successfully with 14036 keys

Table PH1K, subpartition PH1K_DR_32_BR2_PART:
  14036 Rows successfully loaded.
  0 Rows not loaded due to data errors.
  0 Rows not loaded because all WHEN clauses were failed.
  0 Rows not loaded because all fields were null.

Bind array size not used in direct path.
Column array  rows :    5000
Stream buffer bytes:  256000
Read   buffer bytes: 1048576

Total logical records skipped:          0
Total logical records read:         14036
Total logical records rejected:         0
Total logical records discarded:        0
Total stream buffers loaded by SQL*Loader main thread:        5
Total stream buffers loaded by SQL*Loader load thread:        4

Run began on Thu Jun 08 00:33:31 2023
Run ended on Thu Jun 08 00:33:32 2023

Elapsed time was:     00:00:01.16
CPU time was:         00:00:00.07
----------------------------------------------------

   Execution report of /pdt/CAPGEMINI/OUTIL_CHARGEMENT_IMS/outil_V2/DL1/DMT/DL1/REL/bin/RunSqlLoader.sh

----------------------------------------------------

SQL*Loader: Release 19.0.0.0.0 - Production on Thu Jun 8 00:33:31 2023
Version 19.3.0.0.0

Copyright (c) 1982, 2019, Oracle and/or its affiliates.  All rights reserved.

Path used:      Direct

Load completed - logical record count 14036.

Table PH1K, subpartition PH1K_DR_32_BR2_PART:
  14036 Rows successfully loaded.

Check the log file:
  /pdt/CAPGEMINI/OUTIL_CHARGEMENT_IMS/outil_V2/DL1/DMT/DL1/REL/PH1/log/charge_PH1K322.log
for more information about the load.

 number of rows inserted not checked 