
SQL*Loader: Release 19.0.0.0.0 - Production on Thu Jun 8 00:44:57 2023
Version 19.3.0.0.0

Copyright (c) 1982, 2019, Oracle and/or its affiliates.  All rights reserved.

Control File:   /pdt/CAPGEMINI/OUTIL_CHARGEMENT_IMS/outil_V2/DL1/DMT/DL1/REL/PH1/tmp/PH1F.ctl
Character Set F8EBCDIC297 specified for all input.

Data File:      PH1F.DR32.BR4.net
  File processing option string: "fix 103"
  Bad File:     /pdt/CAPGEMINI/OUTIL_CHARGEMENT_IMS/outil_V2/DL1/DMT/DL1/REL/PH1/tmp/charge_PH1F324.bad
  Discard File:  none specified
 
 (Allow all discards)

Number to load: ALL
Number to skip: 0
Errors allowed: 10
Continuation:    none specified
Path used:      Direct

Table PH1F, subpartition PH1F_DR_32_BR4_PART, loaded from every logical record.
Insert option in effect for this subpartition: REPLACE
TRAILING NULLCOLS option in effect

   Column Name                  Position   Len  Term Encl Datatype
------------------------------ ---------- ----- ---- ---- ---------------------
DR                                    1:2     2           CHARACTER            
BR                                                        CONSTANT
    Value is '4'
PH1A_RSTIN                           4:11     8           CHARACTER            
PH1D_DSCI                           12:19     8           CHARACTER            
PH1D_CSTCR                          20:20     1           CHARACTER            
PH1D_NSCRE                          21:22     2           ZONED DECIMAL (2, 0) 
PH1F_DSPDC                          23:30     8           CHARACTER            
PH1F_NSDEC1                         31:31     1           ZONED DECIMAL (1, 0) 
PH1F_CSNDB                          32:33     2           CHARACTER            
PH1F_CSOD1                          34:35     2           CHARACTER            
PH1F_NSACT6                         36:37     2           ZONED DECIMAL (2, 0) 
PH1F_RSDEC5                         38:46     9           CHARACTER            
PH1F_QMCRE                          47:55     9           ZONED DECIMAL (9, 2) 
PH1F_CSACN                          56:57     2           CHARACTER            
PH1F_RSJUS6                         58:69    12           CHARACTER            
PH1F_FILLER                         70:85    16           ZONED DECIMAL (16, 0)
PH1F_FILLER_1                      86:102    17           ZONED DECIMAL (17, 0)
TMST_SOURCE                          NEXT     1           CHARACTER            
    SQL string for column : "CURRENT_TIMESTAMP"
TMST_CIBLE                           NEXT     1           CHARACTER            
    SQL string for column : "CURRENT_TIMESTAMP"

The following index(es) on table PH1F were processed:
index RSOV0200.PK_PH1F partition PH1F_DR_32_BR4_PART loaded successfully with 189542 keys

Table PH1F, subpartition PH1F_DR_32_BR4_PART:
  189542 Rows successfully loaded.
  0 Rows not loaded due to data errors.
  0 Rows not loaded because all WHEN clauses were failed.
  0 Rows not loaded because all fields were null.

Bind array size not used in direct path.
Column array  rows :    5000
Stream buffer bytes:  256000
Read   buffer bytes: 1048576

Total logical records skipped:          0
Total logical records read:        189542
Total logical records rejected:         0
Total logical records discarded:        0
Total stream buffers loaded by SQL*Loader main thread:       56
Total stream buffers loaded by SQL*Loader load thread:       37

Run began on Thu Jun 08 00:44:57 2023
Run ended on Thu Jun 08 00:45:08 2023

Elapsed time was:     00:00:11.22
CPU time was:         00:00:00.59
----------------------------------------------------

   Execution report of /pdt/CAPGEMINI/OUTIL_CHARGEMENT_IMS/outil_V2/DL1/DMT/DL1/REL/bin/RunSqlLoader.sh

----------------------------------------------------

SQL*Loader: Release 19.0.0.0.0 - Production on Thu Jun 8 00:44:57 2023
Version 19.3.0.0.0

Copyright (c) 1982, 2019, Oracle and/or its affiliates.  All rights reserved.

Path used:      Direct

Load completed - logical record count 189542.

Table PH1F, subpartition PH1F_DR_32_BR4_PART:
  189542 Rows successfully loaded.

Check the log file:
  /pdt/CAPGEMINI/OUTIL_CHARGEMENT_IMS/outil_V2/DL1/DMT/DL1/REL/PH1/log/charge_PH1F324.log
for more information about the load.

 number of rows inserted not checked 