
SQL*Loader: Release 19.0.0.0.0 - Production on Thu Jun 8 00:45:39 2023
Version 19.3.0.0.0

Copyright (c) 1982, 2019, Oracle and/or its affiliates.  All rights reserved.

Control File:   /pdt/CAPGEMINI/OUTIL_CHARGEMENT_IMS/outil_V2/DL1/DMT/DL1/REL/PH1/tmp/PH1H.ctl
Character Set F8EBCDIC297 specified for all input.

Data File:      PH1H.DR32.BR4.net
  File processing option string: "fix 232"
  Bad File:     /pdt/CAPGEMINI/OUTIL_CHARGEMENT_IMS/outil_V2/DL1/DMT/DL1/REL/PH1/tmp/charge_PH1H324.bad
  Discard File:  none specified
 
 (Allow all discards)

Number to load: ALL
Number to skip: 0
Errors allowed: 10
Continuation:    none specified
Path used:      Direct

Table PH1H, subpartition PH1H_DR_32_BR4_PART, loaded from every logical record.
Insert option in effect for this subpartition: REPLACE
TRAILING NULLCOLS option in effect

   Column Name                  Position   Len  Term Encl Datatype
------------------------------ ---------- ----- ---- ---- ---------------------
DR                                    1:2     2           CHARACTER            
BR                                                        CONSTANT
    Value is '4'
PH1A_RSTIN                           4:11     8           CHARACTER            
PH1H_CSTPS                          12:12     1           CHARACTER            
PH1H_NSSPS                          13:14     2           ZONED DECIMAL (2, 0) 
PH1H_CSTPA                          15:15     1           CHARACTER            
PH1H_CSNSA                          16:16     1           CHARACTER            
PH1H_CSAPS                          17:17     1           CHARACTER            
PH1H_CSPSA                          18:18     1           ZONED DECIMAL (1, 0) 
PH1H_CSDFS                          19:19     1           CHARACTER            
PH1H_CSARA                          20:20     1           CHARACTER            
PH1H_DAPA                           21:28     8           CHARACTER            
PH1H_TSREC                          29:33     5           ZONED DECIMAL (5, 2) 
PH1H_QMDSA                          34:43    10           ZONED DECIMAL (10, 2)
PH1H_QMMFF                          44:50     7           ZONED DECIMAL (7, 2) 
PH1H_QMCAV                          51:60    10           ZONED DECIMAL (10, 2)
PH1H_QMIFH                          61:69     9           ZONED DECIMAL (9, 2) 
PH1H_QMRFH                          70:78     9           ZONED DECIMAL (9, 2) 
PH1H_QMRPL                          79:85     7           ZONED DECIMAL (7, 2) 
PH1H_QMRPL1                         86:94     9           ZONED DECIMAL (9, 2) 
PH1H_QMSMO                         95:104    10           ZONED DECIMAL (10, 2)
PH1H_QMSMO2                       105:114    10           ZONED DECIMAL (10, 2)
PH1H_QMSSA                        115:124    10           ZONED DECIMAL (10, 2)
PH1H_PSRPA                        125:126     2           ZONED DECIMAL (2, 0) 
PH1H_CSTRM                        127:127     1           CHARACTER            
PH1H_DERPA                        128:133     6           CHARACTER            
PH1H_DSTHV                        134:141     8           CHARACTER            
PH1H_DSVER                        142:149     8           CHARACTER            
PH1H_MX008A                       150:157     8           CHARACTER            
PH1H_MX008B                       158:165     8           CHARACTER            
PH1H_MX008C                       166:173     8           CHARACTER            
PH1H_DSDPSS                       174:181     8           CHARACTER            
PH1H_NSDEC3                       182:182     1           ZONED DECIMAL (1, 0) 
PH1H_QSNDS                        183:183     1           ZONED DECIMAL (1, 0) 
PH1H_DERPA1                       184:189     6           CHARACTER            
PH1H_FILLER                       190:199    10           ZONED DECIMAL (10, 0)
PH1H_FILLER_1                     200:209    10           ZONED DECIMAL (10, 0)
PH1H_FILLER_2                     210:219    10           ZONED DECIMAL (10, 0)
PH1H_FILLER_3                     220:231    12           ZONED DECIMAL (12, 0)
TMST_SOURCE                          NEXT     1           CHARACTER            
    SQL string for column : "CURRENT_TIMESTAMP"
TMST_CIBLE                           NEXT     1           CHARACTER            
    SQL string for column : "CURRENT_TIMESTAMP"

The following index(es) on table PH1H were processed:
index RSOV0200.PK_PH1H partition PH1H_DR_32_BR4_PART loaded successfully with 45416 keys

Table PH1H, subpartition PH1H_DR_32_BR4_PART:
  45416 Rows successfully loaded.
  0 Rows not loaded due to data errors.
  0 Rows not loaded because all WHEN clauses were failed.
  0 Rows not loaded because all fields were null.

Bind array size not used in direct path.
Column array  rows :    5000
Stream buffer bytes:  256000
Read   buffer bytes: 1048576

Total logical records skipped:          0
Total logical records read:         45416
Total logical records rejected:         0
Total logical records discarded:        0
Total stream buffers loaded by SQL*Loader main thread:       11
Total stream buffers loaded by SQL*Loader load thread:       20

Run began on Thu Jun 08 00:45:39 2023
Run ended on Thu Jun 08 00:45:42 2023

Elapsed time was:     00:00:02.93
CPU time was:         00:00:00.35
----------------------------------------------------

   Execution report of /pdt/CAPGEMINI/OUTIL_CHARGEMENT_IMS/outil_V2/DL1/DMT/DL1/REL/bin/RunSqlLoader.sh

----------------------------------------------------

SQL*Loader: Release 19.0.0.0.0 - Production on Thu Jun 8 00:45:39 2023
Version 19.3.0.0.0

Copyright (c) 1982, 2019, Oracle and/or its affiliates.  All rights reserved.

Path used:      Direct

Load completed - logical record count 45416.

Table PH1H, subpartition PH1H_DR_32_BR4_PART:
  45416 Rows successfully loaded.

Check the log file:
  /pdt/CAPGEMINI/OUTIL_CHARGEMENT_IMS/outil_V2/DL1/DMT/DL1/REL/PH1/log/charge_PH1H324.log
for more information about the load.

 number of rows inserted not checked 