
SQL*Loader: Release 19.0.0.0.0 - Production on Thu Jun 8 00:39:08 2023
Version 19.3.0.0.0

Copyright (c) 1982, 2019, Oracle and/or its affiliates.  All rights reserved.

Control File:   /pdt/CAPGEMINI/OUTIL_CHARGEMENT_IMS/outil_V2/DL1/DMT/DL1/REL/PH1/tmp/PH1G.ctl
Character Set F8EBCDIC297 specified for all input.

Data File:      PH1G.DR32.BR3.net
  File processing option string: "fix 93"
  Bad File:     /pdt/CAPGEMINI/OUTIL_CHARGEMENT_IMS/outil_V2/DL1/DMT/DL1/REL/PH1/tmp/charge_PH1G323.bad
  Discard File:  none specified
 
 (Allow all discards)

Number to load: ALL
Number to skip: 0
Errors allowed: 10
Continuation:    none specified
Path used:      Direct

Table PH1G, subpartition PH1G_DR_32_BR3_PART, loaded from every logical record.
Insert option in effect for this subpartition: REPLACE
TRAILING NULLCOLS option in effect

   Column Name                  Position   Len  Term Encl Datatype
------------------------------ ---------- ----- ---- ---- ---------------------
DR                                    1:2     2           CHARACTER            
BR                                                        CONSTANT
    Value is '3'
PH1A_RSTIN                           4:11     8           CHARACTER            
PH1D_DSCI                           12:19     8           CHARACTER            
PH1D_CSTCR                          20:20     1           CHARACTER            
PH1D_NSCRE                          21:22     2           ZONED DECIMAL (2, 0) 
PH1G_DFER                           23:30     8           CHARACTER            
PH1G_NSRB                           31:31     1           ZONED DECIMAL (1, 0) 
PH1G_DSSEC                          32:39     8           CHARACTER            
PH1G_QMECI                          40:48     9           ZONED DECIMAL (9, 2) 
PH1G_RSJUS3                         49:60    12           CHARACTER            
PH1G_QMSEC                          61:69     9           ZONED DECIMAL (9, 2) 
PH1G_CSTEPR                         70:70     1           CHARACTER            
PH1G_RSDBP                          71:72     2           ZONED DECIMAL (2, 0) 
PH1G_CDREJG                         73:76     4           CHARACTER            
PH1G_FILLER                         77:82     6           ZONED DECIMAL (6, 0) 
PH1G_FILLER_1                       83:92    10           ZONED DECIMAL (10, 0)
TMST_SOURCE                          NEXT     1           CHARACTER            
    SQL string for column : "CURRENT_TIMESTAMP"
TMST_CIBLE                           NEXT     1           CHARACTER            
    SQL string for column : "CURRENT_TIMESTAMP"

The following index(es) on table PH1G were processed:
index RSOV0200.PK_PH1G partition PH1G_DR_32_BR3_PART loaded successfully with 199687 keys

Table PH1G, subpartition PH1G_DR_32_BR3_PART:
  199687 Rows successfully loaded.
  0 Rows not loaded due to data errors.
  0 Rows not loaded because all WHEN clauses were failed.
  0 Rows not loaded because all fields were null.

Bind array size not used in direct path.
Column array  rows :    5000
Stream buffer bytes:  256000
Read   buffer bytes: 1048576

Total logical records skipped:          0
Total logical records read:        199687
Total logical records rejected:         0
Total logical records discarded:        0
Total stream buffers loaded by SQL*Loader main thread:       53
Total stream buffers loaded by SQL*Loader load thread:       36

Run began on Thu Jun 08 00:39:08 2023
Run ended on Thu Jun 08 00:39:18 2023

Elapsed time was:     00:00:09.42
CPU time was:         00:00:00.62
----------------------------------------------------

   Execution report of /pdt/CAPGEMINI/OUTIL_CHARGEMENT_IMS/outil_V2/DL1/DMT/DL1/REL/bin/RunSqlLoader.sh

----------------------------------------------------

SQL*Loader: Release 19.0.0.0.0 - Production on Thu Jun 8 00:39:08 2023
Version 19.3.0.0.0

Copyright (c) 1982, 2019, Oracle and/or its affiliates.  All rights reserved.

Path used:      Direct

Load completed - logical record count 199687.

Table PH1G, subpartition PH1G_DR_32_BR3_PART:
  199687 Rows successfully loaded.

Check the log file:
  /pdt/CAPGEMINI/OUTIL_CHARGEMENT_IMS/outil_V2/DL1/DMT/DL1/REL/PH1/log/charge_PH1G323.log
for more information about the load.

 number of rows inserted not checked 