
SQL*Loader: Release 19.0.0.0.0 - Production on Thu Jun 8 00:31:37 2023
Version 19.3.0.0.0

Copyright (c) 1982, 2019, Oracle and/or its affiliates.  All rights reserved.

Control File:   /pdt/CAPGEMINI/OUTIL_CHARGEMENT_IMS/outil_V2/DL1/DMT/DL1/REL/PH1/tmp/PH1E.ctl
Character Set F8EBCDIC297 specified for all input.

Data File:      PH1E.DR32.BR2.net
  File processing option string: "fix 83"
  Bad File:     /pdt/CAPGEMINI/OUTIL_CHARGEMENT_IMS/outil_V2/DL1/DMT/DL1/REL/PH1/tmp/charge_PH1E322.bad
  Discard File:  none specified
 
 (Allow all discards)

Number to load: ALL
Number to skip: 0
Errors allowed: 10
Continuation:    none specified
Path used:      Direct

Table PH1E, subpartition PH1E_DR_32_BR2_PART, loaded from every logical record.
Insert option in effect for this subpartition: REPLACE
TRAILING NULLCOLS option in effect

   Column Name                  Position   Len  Term Encl Datatype
------------------------------ ---------- ----- ---- ---- ---------------------
DR                                    1:2     2           CHARACTER            
BR                                                        CONSTANT
    Value is '2'
PH1A_RSTIN                           4:11     8           CHARACTER            
PH1D_DSCI                           12:19     8           CHARACTER            
PH1D_CSTCR                          20:20     1           CHARACTER            
PH1D_NSCRE                          21:22     2           ZONED DECIMAL (2, 0) 
PH1E_DSECX                          23:30     8           CHARACTER            
PH1E_CSTCX                          31:32     2           CHARACTER            
PH1E_DFRCX                          33:40     8           CHARACTER            
PH1E_LSACX                          41:42     2           CHARACTER            
PH1E_CSPCX                          43:44     2           CHARACTER            
PH1E_DSRCX                          45:52     8           CHARACTER            
PH1E_QMSIMD                         53:61     9           ZONED DECIMAL (9, 2) 
PH1E_FILLER                         62:67     6           ZONED DECIMAL (6, 0) 
PH1E_FILLER_1                       68:81    15           ZONED DECIMAL (15, 0)
TMST_SOURCE                          NEXT     1           CHARACTER            
    SQL string for column : "CURRENT_TIMESTAMP"
TMST_CIBLE                           NEXT     1           CHARACTER            
    SQL string for column : "CURRENT_TIMESTAMP"

The following index(es) on table PH1E were processed:
index RSOV0200.PK_PH1E partition PH1E_DR_32_BR2_PART loaded successfully with 599175 keys

Table PH1E, subpartition PH1E_DR_32_BR2_PART:
  599175 Rows successfully loaded.
  0 Rows not loaded due to data errors.
  0 Rows not loaded because all WHEN clauses were failed.
  0 Rows not loaded because all fields were null.

Bind array size not used in direct path.
Column array  rows :    5000
Stream buffer bytes:  256000
Read   buffer bytes: 1048576

Total logical records skipped:          0
Total logical records read:        599175
Total logical records rejected:         0
Total logical records discarded:        0
Total stream buffers loaded by SQL*Loader main thread:      143
Total stream buffers loaded by SQL*Loader load thread:       95

Run began on Thu Jun 08 00:31:37 2023
Run ended on Thu Jun 08 00:32:10 2023

Elapsed time was:     00:00:32.47
CPU time was:         00:00:01.54
----------------------------------------------------

   Execution report of /pdt/CAPGEMINI/OUTIL_CHARGEMENT_IMS/outil_V2/DL1/DMT/DL1/REL/bin/RunSqlLoader.sh

----------------------------------------------------

SQL*Loader: Release 19.0.0.0.0 - Production on Thu Jun 8 00:31:37 2023
Version 19.3.0.0.0

Copyright (c) 1982, 2019, Oracle and/or its affiliates.  All rights reserved.

Path used:      Direct

Load completed - logical record count 599175.

Table PH1E, subpartition PH1E_DR_32_BR2_PART:
  599175 Rows successfully loaded.

Check the log file:
  /pdt/CAPGEMINI/OUTIL_CHARGEMENT_IMS/outil_V2/DL1/DMT/DL1/REL/PH1/log/charge_PH1E322.log
for more information about the load.

 number of rows inserted not checked 