
SQL*Loader: Release 19.0.0.0.0 - Production on Thu Jun 8 00:27:16 2023
Version 19.3.0.0.0

Copyright (c) 1982, 2019, Oracle and/or its affiliates.  All rights reserved.

Control File:   /pdt/CAPGEMINI/OUTIL_CHARGEMENT_IMS/outil_V2/DL1/DMT/DL1/REL/PH1/tmp/PH1B.ctl
Character Set F8EBCDIC297 specified for all input.

Data File:      PH1B.DR32.BR2.net
  File processing option string: "fix 152"
  Bad File:     /pdt/CAPGEMINI/OUTIL_CHARGEMENT_IMS/outil_V2/DL1/DMT/DL1/REL/PH1/tmp/charge_PH1B322.bad
  Discard File:  none specified
 
 (Allow all discards)

Number to load: ALL
Number to skip: 0
Errors allowed: 10
Continuation:    none specified
Path used:      Direct

Table PH1B, subpartition PH1B_DR_32_BR2_PART, loaded from every logical record.
Insert option in effect for this subpartition: REPLACE
TRAILING NULLCOLS option in effect

   Column Name                  Position   Len  Term Encl Datatype
------------------------------ ---------- ----- ---- ---- ---------------------
DR                                    1:2     2           CHARACTER            
BR                                                        CONSTANT
    Value is '2'
PH1A_RSTIN                           4:11     8           CHARACTER            
PH1B_NSETP2                         12:22    11           CHARACTER            
PH1B_QMTP                           23:31     9           ZONED DECIMAL (9, 2) 
PH1B_CSNTP1                         32:32     1           CHARACTER            
PH1B_CSMRT1                         33:33     1           CHARACTER            
PH1B_NSETP1                         34:44    11           CHARACTER            
PH1B_CSST_1                         45:45     1           CHARACTER            
PH1B_DEST_1                         46:53     8           CHARACTER            
PH1B_CSST_2                         54:54     1           CHARACTER            
PH1B_DEST_2                         55:62     8           CHARACTER            
PH1B_CSST_3                         63:63     1           CHARACTER            
PH1B_DEST_3                         64:71     8           CHARACTER            
PH1B_CSST_4                         72:72     1           CHARACTER            
PH1B_DEST_4                         73:80     8           CHARACTER            
PH1B_CSST_5                         81:81     1           CHARACTER            
PH1B_DEST_5                         82:89     8           CHARACTER            
PH1B_CCINDB                         90:97     8           CHARACTER            
PH1B_CCINDC                        98:105     8           CHARACTER            
PH1B_NSETPC                       106:116    11           CHARACTER            
PH1B_RSAL9                        117:121     5           CHARACTER            
PH1B_DSPPO                        122:129     8           CHARACTER            
PH1B_FILLER                       130:139    10           ZONED DECIMAL (10, 0)
PH1B_FILLER_1                     140:149    10           ZONED DECIMAL (10, 0)
PH1B_FILLER_2                     150:151     2           ZONED DECIMAL (2, 0) 
TMST_SOURCE                          NEXT     1           CHARACTER            
    SQL string for column : "CURRENT_TIMESTAMP"
TMST_CIBLE                           NEXT     1           CHARACTER            
    SQL string for column : "CURRENT_TIMESTAMP"

The following index(es) on table PH1B were processed:
index RSOV0200.PK_PH1B partition PH1B_DR_32_BR2_PART loaded successfully with 47772 keys

Table PH1B, subpartition PH1B_DR_32_BR2_PART:
  47772 Rows successfully loaded.
  0 Rows not loaded due to data errors.
  0 Rows not loaded because all WHEN clauses were failed.
  0 Rows not loaded because all fields were null.

Bind array size not used in direct path.
Column array  rows :    5000
Stream buffer bytes:  256000
Read   buffer bytes: 1048576

Total logical records skipped:          0
Total logical records read:         47772
Total logical records rejected:         0
Total logical records discarded:        0
Total stream buffers loaded by SQL*Loader main thread:       14
Total stream buffers loaded by SQL*Loader load thread:       27

Run began on Thu Jun 08 00:27:16 2023
Run ended on Thu Jun 08 00:27:19 2023

Elapsed time was:     00:00:02.97
CPU time was:         00:00:00.23
----------------------------------------------------

   Execution report of /pdt/CAPGEMINI/OUTIL_CHARGEMENT_IMS/outil_V2/DL1/DMT/DL1/REL/bin/RunSqlLoader.sh

----------------------------------------------------

SQL*Loader: Release 19.0.0.0.0 - Production on Thu Jun 8 00:27:16 2023
Version 19.3.0.0.0

Copyright (c) 1982, 2019, Oracle and/or its affiliates.  All rights reserved.

Path used:      Direct

Load completed - logical record count 47772.

Table PH1B, subpartition PH1B_DR_32_BR2_PART:
  47772 Rows successfully loaded.

Check the log file:
  /pdt/CAPGEMINI/OUTIL_CHARGEMENT_IMS/outil_V2/DL1/DMT/DL1/REL/PH1/log/charge_PH1B322.log
for more information about the load.

 number of rows inserted not checked 