
SQL*Loader: Release 19.0.0.0.0 - Production on Sat Jun 10 13:31:40 2023
Version 19.3.0.0.0

Copyright (c) 1982, 2019, Oracle and/or its affiliates.  All rights reserved.

Control File:   /pdt/CAPGEMINI/OUTIL_CHARGEMENT_IMS/outil_V2/DL1/DMT/DL1/REL/PI2/tmp/PI2A.ctl
Character Set F8EBCDIC297 specified for all input.

Data File:      PI2A.DR32.BR3.net
  File processing option string: "fix 24"
  Bad File:     /pdt/CAPGEMINI/OUTIL_CHARGEMENT_IMS/outil_V2/DL1/DMT/DL1/REL/PI2/tmp/charge_PI2A323.bad
  Discard File:  none specified
 
 (Allow all discards)

Number to load: ALL
Number to skip: 0
Errors allowed: 10
Continuation:    none specified
Path used:      Direct

Table PI2A, subpartition PI2A_DR_32_BR3_PART, loaded from every logical record.
Insert option in effect for this subpartition: REPLACE
TRAILING NULLCOLS option in effect

   Column Name                  Position   Len  Term Encl Datatype
------------------------------ ---------- ----- ---- ---- ---------------------
DR                                    1:2     2           CHARACTER            
BR                                                        CONSTANT
    Value is '3'
PI2A_CCIND                           4:11     8           CHARACTER            
PI2A_FILLER                         12:23    12           CHARACTER            
TMST_SOURCE                          NEXT     1           CHARACTER            
    SQL string for column : "CURRENT_TIMESTAMP"
TMST_CIBLE                           NEXT     1           CHARACTER            
    SQL string for column : "CURRENT_TIMESTAMP"

The following index(es) on table PI2A were processed:
index RSOV0200.PK_PI2A partition PI2A_DR_32_BR3_PART loaded successfully with 484469 keys

Table PI2A, subpartition PI2A_DR_32_BR3_PART:
  484469 Rows successfully loaded.
  0 Rows not loaded due to data errors.
  0 Rows not loaded because all WHEN clauses were failed.
  0 Rows not loaded because all fields were null.

Bind array size not used in direct path.
Column array  rows :    5000
Stream buffer bytes:  256000
Read   buffer bytes: 1048576

Total logical records skipped:          0
Total logical records read:        484469
Total logical records rejected:         0
Total logical records discarded:        0
Total stream buffers loaded by SQL*Loader main thread:      100
Total stream buffers loaded by SQL*Loader load thread:        0

Run began on Sat Jun 10 13:31:40 2023
Run ended on Sat Jun 10 13:31:43 2023

Elapsed time was:     00:00:03.80
CPU time was:         00:00:00.45
----------------------------------------------------

   Execution report of /pdt/CAPGEMINI/OUTIL_CHARGEMENT_IMS/outil_V2/DL1/DMT/DL1/REL/bin/RunSqlLoader.sh

----------------------------------------------------

SQL*Loader: Release 19.0.0.0.0 - Production on Sat Jun 10 13:31:40 2023
Version 19.3.0.0.0

Copyright (c) 1982, 2019, Oracle and/or its affiliates.  All rights reserved.

Path used:      Direct

Load completed - logical record count 484469.

Table PI2A, subpartition PI2A_DR_32_BR3_PART:
  484469 Rows successfully loaded.

Check the log file:
  /pdt/CAPGEMINI/OUTIL_CHARGEMENT_IMS/outil_V2/DL1/DMT/DL1/REL/PI2/log/charge_PI2A323.log
for more information about the load.

 number of rows inserted not checked 