
SQL*Loader: Release 19.0.0.0.0 - Production on Fri Jun 9 02:14:29 2023
Version 19.3.0.0.0

Copyright (c) 1982, 2019, Oracle and/or its affiliates.  All rights reserved.

Control File:   /pdt/CAPGEMINI/OUTIL_CHARGEMENT_IMS/outil_V2/DL1/DMT/DL1/REL/PK1/tmp/PK1M.ctl
Character Set F8EBCDIC297 specified for all input.

Data File:      PK1M.DR32.BR4.net
  File processing option string: "fix 92"
  Bad File:     /pdt/CAPGEMINI/OUTIL_CHARGEMENT_IMS/outil_V2/DL1/DMT/DL1/REL/PK1/tmp/charge_PK1M324.bad
  Discard File:  none specified
 
 (Allow all discards)

Number to load: ALL
Number to skip: 0
Errors allowed: 10
Continuation:    none specified
Path used:      Direct

Table PK1M, subpartition PK1M_DR_32_BR4_PART, loaded from every logical record.
Insert option in effect for this subpartition: REPLACE
TRAILING NULLCOLS option in effect

   Column Name                  Position   Len  Term Encl Datatype
------------------------------ ---------- ----- ---- ---- ---------------------
DR                                    1:2     2           CHARACTER            
BR                                                        CONSTANT
    Value is '4'
PK1A_RSIN                            4:11     8           CHARACTER            
PK1M_CXSRE                          12:13     2           CHARACTER            
PK1M_CDSRE                          14:16     3           CHARACTER            
PK1M_DDSRE                          17:24     8           CHARACTER            
PK1M_DFSRE                          25:32     8           CHARACTER            
PK1M_RSEQF                          33:35     3           CHARACTER            
PK1M_RSPECA                         36:39     4           CHARACTER            
PK1M_DECFP                          40:47     8           CHARACTER            
PK1M_CXSREP                         48:49     2           CHARACTER            
PK1M_FILLER                         50:51     2           CHARACTER            
PK1M_FILLER_1                       52:61    10           CHARACTER            
PK1M_FILLER_2                       62:71    10           CHARACTER            
PK1M_FILLER_3                       72:81    10           CHARACTER            
PK1M_FILLER_4                       82:91    10           CHARACTER            
TMST_SOURCE                          NEXT     1           CHARACTER            
    SQL string for column : "CURRENT_TIMESTAMP"
TMST_CIBLE                           NEXT     1           CHARACTER            
    SQL string for column : "CURRENT_TIMESTAMP"

The following index(es) on table PK1M were processed:
index RSOV0200.PK_PK1M partition PK1M_DR_32_BR4_PART loaded successfully with 407891 keys

Table PK1M, subpartition PK1M_DR_32_BR4_PART:
  407891 Rows successfully loaded.
  0 Rows not loaded due to data errors.
  0 Rows not loaded because all WHEN clauses were failed.
  0 Rows not loaded because all fields were null.

Bind array size not used in direct path.
Column array  rows :    5000
Stream buffer bytes:  256000
Read   buffer bytes: 1048576

Total logical records skipped:          0
Total logical records read:        407891
Total logical records rejected:         0
Total logical records discarded:        0
Total stream buffers loaded by SQL*Loader main thread:      107
Total stream buffers loaded by SQL*Loader load thread:       72

Run began on Fri Jun 09 02:14:29 2023
Run ended on Fri Jun 09 02:14:45 2023

Elapsed time was:     00:00:15.44
CPU time was:         00:00:00.96
----------------------------------------------------

   Execution report of /pdt/CAPGEMINI/OUTIL_CHARGEMENT_IMS/outil_V2/DL1/DMT/DL1/REL/bin/RunSqlLoader.sh

----------------------------------------------------

SQL*Loader: Release 19.0.0.0.0 - Production on Fri Jun 9 02:14:29 2023
Version 19.3.0.0.0

Copyright (c) 1982, 2019, Oracle and/or its affiliates.  All rights reserved.

Path used:      Direct

Load completed - logical record count 407891.

Table PK1M, subpartition PK1M_DR_32_BR4_PART:
  407891 Rows successfully loaded.

Check the log file:
  /pdt/CAPGEMINI/OUTIL_CHARGEMENT_IMS/outil_V2/DL1/DMT/DL1/REL/PK1/log/charge_PK1M324.log
for more information about the load.

 number of rows inserted not checked 