
SQL*Loader: Release 19.0.0.0.0 - Production on Wed Jun 7 16:38:25 2023
Version 19.3.0.0.0

Copyright (c) 1982, 2019, Oracle and/or its affiliates.  All rights reserved.

Control File:   /pdt/CAPGEMINI/OUTIL_CHARGEMENT_IMS/outil_V2/DL1/DMT/DL1/REL/PK1/tmp/PK1J.ctl
Character Set F8EBCDIC297 specified for all input.

Data File:      PK1J.DR65.BR4.net
  File processing option string: "fix 127"
  Bad File:     /pdt/CAPGEMINI/OUTIL_CHARGEMENT_IMS/outil_V2/DL1/DMT/DL1/REL/PK1/tmp/charge_PK1J654.bad
  Discard File:  none specified
 
 (Allow all discards)

Number to load: ALL
Number to skip: 0
Errors allowed: 10
Continuation:    none specified
Path used:      Direct

Table PK1J, subpartition PK1J_DR_65_BR4_PART, loaded from every logical record.
Insert option in effect for this subpartition: REPLACE
TRAILING NULLCOLS option in effect

   Column Name                  Position   Len  Term Encl Datatype
------------------------------ ---------- ----- ---- ---- ---------------------
DR                                    1:2     2           CHARACTER            
BR                                                        CONSTANT
    Value is '4'
PK1A_RSIN                            4:11     8           CHARACTER            
PK1B_RSEQ                           12:14     3           CHARACTER            
PK1I_NSACT                          15:16     2           CHARACTER            
PK1J_RSDP                           17:18     2           CHARACTER            
PK1J_CSNDP                          19:21     3           CHARACTER            
PK1J_DSRTP                          22:29     8           CHARACTER            
PK1J_CSFDP                          30:30     1           CHARACTER            
PK1J_LSCDP                         31:108    78           CHARACTER            
PK1J_CXUPI                        109:120    12           CHARACTER            
PK1J_FILLER                       121:126     6           CHARACTER            
TMST_SOURCE                          NEXT     1           CHARACTER            
    SQL string for column : "CURRENT_TIMESTAMP"
TMST_CIBLE                           NEXT     1           CHARACTER            
    SQL string for column : "CURRENT_TIMESTAMP"

The following index(es) on table PK1J were processed:
index RSOV0200.PK_PK1J partition PK1J_DR_65_BR4_PART loaded successfully with 204273 keys

Table PK1J, subpartition PK1J_DR_65_BR4_PART:
  204273 Rows successfully loaded.
  0 Rows not loaded due to data errors.
  0 Rows not loaded because all WHEN clauses were failed.
  0 Rows not loaded because all fields were null.

Bind array size not used in direct path.
Column array  rows :    5000
Stream buffer bytes:  256000
Read   buffer bytes: 1048576

Total logical records skipped:          0
Total logical records read:        204273
Total logical records rejected:         0
Total logical records discarded:        0
Total stream buffers loaded by SQL*Loader main thread:       50
Total stream buffers loaded by SQL*Loader load thread:       74

Run began on Wed Jun 07 16:38:25 2023
Run ended on Wed Jun 07 16:38:36 2023

Elapsed time was:     00:00:11.02
CPU time was:         00:00:00.41
----------------------------------------------------

   Execution report of /pdt/CAPGEMINI/OUTIL_CHARGEMENT_IMS/outil_V2/DL1/DMT/DL1/REL/bin/RunSqlLoader.sh

----------------------------------------------------

SQL*Loader: Release 19.0.0.0.0 - Production on Wed Jun 7 16:38:25 2023
Version 19.3.0.0.0

Copyright (c) 1982, 2019, Oracle and/or its affiliates.  All rights reserved.

Path used:      Direct

Load completed - logical record count 204273.

Table PK1J, subpartition PK1J_DR_65_BR4_PART:
  204273 Rows successfully loaded.

Check the log file:
  /pdt/CAPGEMINI/OUTIL_CHARGEMENT_IMS/outil_V2/DL1/DMT/DL1/REL/PK1/log/charge_PK1J654.log
for more information about the load.

 number of rows inserted not checked 