
SQL*Loader: Release 19.0.0.0.0 - Production on Wed Jun 7 15:19:08 2023
Version 19.3.0.0.0

Copyright (c) 1982, 2019, Oracle and/or its affiliates.  All rights reserved.

Control File:   /pdt/CAPGEMINI/OUTIL_CHARGEMENT_IMS/outil_V2/DL1/DMT/DL1/REL/PK1/tmp/PK1E.ctl
Character Set F8EBCDIC297 specified for all input.

Data File:      PK1E.DR65.BR2.net
  File processing option string: "fix 65"
  Bad File:     /pdt/CAPGEMINI/OUTIL_CHARGEMENT_IMS/outil_V2/DL1/DMT/DL1/REL/PK1/tmp/charge_PK1E652.bad
  Discard File:  none specified
 
 (Allow all discards)

Number to load: ALL
Number to skip: 0
Errors allowed: 10
Continuation:    none specified
Path used:      Direct

Table PK1E, subpartition PK1E_DR_65_BR2_PART, loaded from every logical record.
Insert option in effect for this subpartition: REPLACE
TRAILING NULLCOLS option in effect

   Column Name                  Position   Len  Term Encl Datatype
------------------------------ ---------- ----- ---- ---- ---------------------
DR                                    1:2     2           CHARACTER            
BR                                                        CONSTANT
    Value is '2'
PK1A_RSIN                            4:11     8           CHARACTER            
PK1B_RSEQ                           12:14     3           CHARACTER            
PK1E_CSTMF                          15:15     1           CHARACTER            
PK1E_CSDET                          16:17     2           CHARACTER            
PK1E_CSBEN                          18:18     1           CHARACTER            
PK1E_QMDET                          19:25     7           ZONED DECIMAL (7, 2) 
PK1E_DDDET                          26:33     8           CHARACTER            
PK1E_DFDET                          34:41     8           CHARACTER            
PK1E_LSRED                          42:51    10           CHARACTER            
PK1E_CYDET                          52:52     1           CHARACTER            
PK1E_FILLER                         53:64    12           CHARACTER            
TMST_SOURCE                          NEXT     1           CHARACTER            
    SQL string for column : "CURRENT_TIMESTAMP"
TMST_CIBLE                           NEXT     1           CHARACTER            
    SQL string for column : "CURRENT_TIMESTAMP"

The following index(es) on table PK1E were processed:
index RSOV0200.PK_PK1E partition PK1E_DR_65_BR2_PART loaded successfully with 6688 keys

Table PK1E, subpartition PK1E_DR_65_BR2_PART:
  6688 Rows successfully loaded.
  0 Rows not loaded due to data errors.
  0 Rows not loaded because all WHEN clauses were failed.
  0 Rows not loaded because all fields were null.

Bind array size not used in direct path.
Column array  rows :    5000
Stream buffer bytes:  256000
Read   buffer bytes: 1048576

Total logical records skipped:          0
Total logical records read:          6688
Total logical records rejected:         0
Total logical records discarded:        0
Total stream buffers loaded by SQL*Loader main thread:        2
Total stream buffers loaded by SQL*Loader load thread:        1

Run began on Wed Jun 07 15:19:08 2023
Run ended on Wed Jun 07 15:19:11 2023

Elapsed time was:     00:00:02.80
CPU time was:         00:00:00.04
----------------------------------------------------

   Execution report of /pdt/CAPGEMINI/OUTIL_CHARGEMENT_IMS/outil_V2/DL1/DMT/DL1/REL/bin/RunSqlLoader.sh

----------------------------------------------------

SQL*Loader: Release 19.0.0.0.0 - Production on Wed Jun 7 15:19:08 2023
Version 19.3.0.0.0

Copyright (c) 1982, 2019, Oracle and/or its affiliates.  All rights reserved.

Path used:      Direct

Load completed - logical record count 6688.

Table PK1E, subpartition PK1E_DR_65_BR2_PART:
  6688 Rows successfully loaded.

Check the log file:
  /pdt/CAPGEMINI/OUTIL_CHARGEMENT_IMS/outil_V2/DL1/DMT/DL1/REL/PK1/log/charge_PK1E652.log
for more information about the load.

 number of rows inserted not checked 