
SQL*Loader: Release 19.0.0.0.0 - Production on Wed Jun 7 15:44:10 2023
Version 19.3.0.0.0

Copyright (c) 1982, 2019, Oracle and/or its affiliates.  All rights reserved.

Control File:   /pdt/CAPGEMINI/OUTIL_CHARGEMENT_IMS/outil_V2/DL1/DMT/DL1/REL/PK1/tmp/PK1N.ctl
Character Set F8EBCDIC297 specified for all input.

Data File:      PK1N.DR65.BR2.net
  File processing option string: "fix 134"
  Bad File:     /pdt/CAPGEMINI/OUTIL_CHARGEMENT_IMS/outil_V2/DL1/DMT/DL1/REL/PK1/tmp/charge_PK1N652.bad
  Discard File:  none specified
 
 (Allow all discards)

Number to load: ALL
Number to skip: 0
Errors allowed: 10
Continuation:    none specified
Path used:      Direct

Table PK1N, subpartition PK1N_DR_65_BR2_PART, loaded from every logical record.
Insert option in effect for this subpartition: REPLACE
TRAILING NULLCOLS option in effect

   Column Name                  Position   Len  Term Encl Datatype
------------------------------ ---------- ----- ---- ---- ---------------------
DR                                    1:2     2           CHARACTER            
BR                                                        CONSTANT
    Value is '2'
PK1A_RSIN                            4:11     8           CHARACTER            
PK1M_CXSRE                          12:13     2           CHARACTER            
PK1N_CXPRC                          14:15     2           CHARACTER            
PK1N_CDPRC                          16:18     3           CHARACTER            
PK1N_CIPRC                          19:20     2           CHARACTER            
PK1N_CKPRC                          21:22     2           CHARACTER            
PK1N_CSTIEK                         23:24     2           CHARACTER            
PK1N_NSTIK                          25:30     6           CHARACTER            
PK1N_DIPRC                          31:38     8           CHARACTER            
PK1N_PJPRC                          39:42     4           CHARACTER            
PK1N_DFPRC                          43:50     8           CHARACTER            
PK1N_CFPRC                          51:52     2           CHARACTER            
PK1N_QSPRL                          53:53     1           CHARACTER            
PK1N_DIPRL                          54:61     8           CHARACTER            
PK1N_DIMAT1                         62:69     8           CHARACTER            
PK1N_CDDMT                          70:71     2           CHARACTER            
PK1N_DRINT                          72:79     8           CHARACTER            
PK1N_CDGLO                          80:82     3           CHARACTER            
PK1N_DDGLO                          83:90     8           CHARACTER            
PK1N_DFGLO                          91:98     8           CHARACTER            
PK1N_CKFSE                          99:99     1           CHARACTER            
PK1N_CDEXH                        100:102     3           CHARACTER            
PK1N_DDEXH                        103:110     8           CHARACTER            
PK1N_DFEXH                        111:118     8           CHARACTER            
PK1N_FILLER                       119:123     5           CHARACTER            
PK1N_FILLER_1                     124:133    10           CHARACTER            
TMST_SOURCE                          NEXT     1           CHARACTER            
    SQL string for column : "CURRENT_TIMESTAMP"
TMST_CIBLE                           NEXT     1           CHARACTER            
    SQL string for column : "CURRENT_TIMESTAMP"

The following index(es) on table PK1N were processed:
index RSOV0200.PK_PK1N partition PK1N_DR_65_BR2_PART loaded successfully with 103281 keys

Table PK1N, subpartition PK1N_DR_65_BR2_PART:
  103281 Rows successfully loaded.
  0 Rows not loaded due to data errors.
  0 Rows not loaded because all WHEN clauses were failed.
  0 Rows not loaded because all fields were null.

Bind array size not used in direct path.
Column array  rows :    5000
Stream buffer bytes:  256000
Read   buffer bytes: 1048576

Total logical records skipped:          0
Total logical records read:        103281
Total logical records rejected:         0
Total logical records discarded:        0
Total stream buffers loaded by SQL*Loader main thread:       27
Total stream buffers loaded by SQL*Loader load thread:       52

Run began on Wed Jun 07 15:44:10 2023
Run ended on Wed Jun 07 15:44:15 2023

Elapsed time was:     00:00:05.38
CPU time was:         00:00:00.43
----------------------------------------------------

   Execution report of /pdt/CAPGEMINI/OUTIL_CHARGEMENT_IMS/outil_V2/DL1/DMT/DL1/REL/bin/RunSqlLoader.sh

----------------------------------------------------

SQL*Loader: Release 19.0.0.0.0 - Production on Wed Jun 7 15:44:10 2023
Version 19.3.0.0.0

Copyright (c) 1982, 2019, Oracle and/or its affiliates.  All rights reserved.

Path used:      Direct

Load completed - logical record count 103281.

Table PK1N, subpartition PK1N_DR_65_BR2_PART:
  103281 Rows successfully loaded.

Check the log file:
  /pdt/CAPGEMINI/OUTIL_CHARGEMENT_IMS/outil_V2/DL1/DMT/DL1/REL/PK1/log/charge_PK1N652.log
for more information about the load.

 number of rows inserted not checked 