
SQL*Loader: Release 19.0.0.0.0 - Production on Thu Jun 8 22:27:19 2023
Version 19.3.0.0.0

Copyright (c) 1982, 2019, Oracle and/or its affiliates.  All rights reserved.

Control File:   /pdt/CAPGEMINI/OUTIL_CHARGEMENT_IMS/outil_V2/DL1/DMT/DL1/REL/PK1/tmp/PK1A.ctl
Character Set F8EBCDIC297 specified for all input.

Data File:      PK1A.DR32.BR4.net
  File processing option string: "fix 44"
  Bad File:     /pdt/CAPGEMINI/OUTIL_CHARGEMENT_IMS/outil_V2/DL1/DMT/DL1/REL/PK1/tmp/charge_PK1A324.bad
  Discard File:  none specified
 
 (Allow all discards)

Number to load: ALL
Number to skip: 0
Errors allowed: 10
Continuation:    none specified
Path used:      Direct

Table PK1A, subpartition PK1A_DR_32_BR4_PART, loaded from every logical record.
Insert option in effect for this subpartition: REPLACE
TRAILING NULLCOLS option in effect

   Column Name                  Position   Len  Term Encl Datatype
------------------------------ ---------- ----- ---- ---- ---------------------
DR                                    1:2     2           CHARACTER            
BR                                                        CONSTANT
    Value is '4'
PK1A_RSIN                            4:11     8           CHARACTER            
PK1A_NSJUS2                         12:13     2           ZONED DECIMAL (2, 0) 
PK1A_RSEQ1                          14:16     3           ZONED DECIMAL (3, 0) 
PK1A_NSDEC7                         17:19     3           ZONED DECIMAL (3, 0) 
PK1A_QTDDO                          20:22     3           ZONED DECIMAL (3, 0) 
PK1A_QTDDO1                         23:25     3           ZONED DECIMAL (3, 0) 
PK1A_QTDDO2                         26:28     3           ZONED DECIMAL (3, 0) 
PK1A_QTDDO3                         29:31     3           ZONED DECIMAL (3, 0) 
PK1A_QTDDO4                         32:34     3           ZONED DECIMAL (3, 0) 
PK1A_RSEQ5                          35:37     3           ZONED DECIMAL (3, 0) 
PK1A_FILLER                         38:43     6           ZONED DECIMAL (6, 0) 
TMST_SOURCE                          NEXT     1           CHARACTER            
    SQL string for column : "CURRENT_TIMESTAMP"
TMST_CIBLE                           NEXT     1           CHARACTER            
    SQL string for column : "CURRENT_TIMESTAMP"

The following index(es) on table PK1A were processed:
index RSOV0200.PK_PK1A partition PK1A_DR_32_BR4_PART loaded successfully with 316285 keys

Table PK1A, subpartition PK1A_DR_32_BR4_PART:
  316285 Rows successfully loaded.
  0 Rows not loaded due to data errors.
  0 Rows not loaded because all WHEN clauses were failed.
  0 Rows not loaded because all fields were null.

Bind array size not used in direct path.
Column array  rows :    5000
Stream buffer bytes:  256000
Read   buffer bytes: 1048576

Total logical records skipped:          0
Total logical records read:        316285
Total logical records rejected:         0
Total logical records discarded:        0
Total stream buffers loaded by SQL*Loader main thread:       67
Total stream buffers loaded by SQL*Loader load thread:        0

Run began on Thu Jun 08 22:27:19 2023
Run ended on Thu Jun 08 22:27:35 2023

Elapsed time was:     00:00:16.25
CPU time was:         00:00:00.83
----------------------------------------------------

   Execution report of /pdt/CAPGEMINI/OUTIL_CHARGEMENT_IMS/outil_V2/DL1/DMT/DL1/REL/bin/RunSqlLoader.sh

----------------------------------------------------

SQL*Loader: Release 19.0.0.0.0 - Production on Thu Jun 8 22:27:19 2023
Version 19.3.0.0.0

Copyright (c) 1982, 2019, Oracle and/or its affiliates.  All rights reserved.

Path used:      Direct

Load completed - logical record count 316285.

Table PK1A, subpartition PK1A_DR_32_BR4_PART:
  316285 Rows successfully loaded.

Check the log file:
  /pdt/CAPGEMINI/OUTIL_CHARGEMENT_IMS/outil_V2/DL1/DMT/DL1/REL/PK1/log/charge_PK1A324.log
for more information about the load.

 number of rows inserted not checked 