
SQL*Loader: Release 19.0.0.0.0 - Production on Thu Jun 8 18:32:52 2023
Version 19.3.0.0.0

Copyright (c) 1982, 2019, Oracle and/or its affiliates.  All rights reserved.

Control File:   /pdt/CAPGEMINI/OUTIL_CHARGEMENT_IMS/outil_V2/DL1/DMT/DL1/REL/PK1/tmp/PK1O.ctl
Character Set F8EBCDIC297 specified for all input.

Data File:      PK1O.DR32.BR2.net
  File processing option string: "fix 106"
  Bad File:     /pdt/CAPGEMINI/OUTIL_CHARGEMENT_IMS/outil_V2/DL1/DMT/DL1/REL/PK1/tmp/charge_PK1O322.bad
  Discard File:  none specified
 
 (Allow all discards)

Number to load: ALL
Number to skip: 0
Errors allowed: 10
Continuation:    none specified
Path used:      Direct

Table PK1O, subpartition PK1O_DR_32_BR2_PART, loaded from every logical record.
Insert option in effect for this subpartition: REPLACE
TRAILING NULLCOLS option in effect

   Column Name                  Position   Len  Term Encl Datatype
------------------------------ ---------- ----- ---- ---- ---------------------
DR                                    1:2     2           CHARACTER            
BR                                                        CONSTANT
    Value is '2'
PK1A_RSIN                            4:11     8           CHARACTER            
PK1M_CXSRE                          12:13     2           CHARACTER            
PK1N_CXPRC                          14:15     2           CHARACTER            
PK1O_CSTIEP                         16:17     2           CHARACTER            
PK1O_CXCTC                          18:20     3           CHARACTER            
PK1O_NICTC                          21:23     3           CHARACTER            
PK1O_NIREL                          24:25     2           CHARACTER            
PK1O_RSEQG                          26:28     3           CHARACTER            
PK1O_NSACTZ                         29:30     2           CHARACTER            
PK1O_CDMOD                          31:32     2           CHARACTER            
PK1O_CDOBJ                          33:34     2           CHARACTER            
PK1O_DECTC                          35:42     8           CHARACTER            
PK1O_CICTC                          43:44     2           CHARACTER            
PK1O_PJCTC                          45:47     3           CHARACTER            
PK1O_DMCTC                          48:55     8           CHARACTER            
PK1O_CDCSUP                         56:56     1           CHARACTER            
PK1O_CDPOP                          57:59     3           CHARACTER            
PK1O_CDTSU                          60:61     2           CHARACTER            
PK1O_CXCTCE                         62:64     3           CHARACTER            
PK1O_CDPIM                          65:65     1           CHARACTER            
PK1O_CSTIEK                         66:67     2           CHARACTER            
PK1O_NSTIK                          68:73     6           CHARACTER            
PK1O_CDMTF                          74:75     2           CHARACTER            
PK1O_FILLER                         76:85    10           CHARACTER            
PK1O_FILLER_1                       86:95    10           CHARACTER            
PK1O_FILLER_2                      96:105    10           CHARACTER            
TMST_SOURCE                          NEXT     1           CHARACTER            
    SQL string for column : "CURRENT_TIMESTAMP"
TMST_CIBLE                           NEXT     1           CHARACTER            
    SQL string for column : "CURRENT_TIMESTAMP"

The following index(es) on table PK1O were processed:
index RSOV0200.PK_PK1O partition PK1O_DR_32_BR2_PART loaded successfully with 627264 keys

Table PK1O, subpartition PK1O_DR_32_BR2_PART:
  627264 Rows successfully loaded.
  0 Rows not loaded due to data errors.
  0 Rows not loaded because all WHEN clauses were failed.
  0 Rows not loaded because all fields were null.

Bind array size not used in direct path.
Column array  rows :    5000
Stream buffer bytes:  256000
Read   buffer bytes: 1048576

Total logical records skipped:          0
Total logical records read:        627264
Total logical records rejected:         0
Total logical records discarded:        0
Total stream buffers loaded by SQL*Loader main thread:      127
Total stream buffers loaded by SQL*Loader load thread:      190

Run began on Thu Jun 08 18:32:52 2023
Run ended on Thu Jun 08 18:33:24 2023

Elapsed time was:     00:00:32.05
CPU time was:         00:00:02.39
----------------------------------------------------

   Execution report of /pdt/CAPGEMINI/OUTIL_CHARGEMENT_IMS/outil_V2/DL1/DMT/DL1/REL/bin/RunSqlLoader.sh

----------------------------------------------------

SQL*Loader: Release 19.0.0.0.0 - Production on Thu Jun 8 18:32:52 2023
Version 19.3.0.0.0

Copyright (c) 1982, 2019, Oracle and/or its affiliates.  All rights reserved.

Path used:      Direct

Load completed - logical record count 627264.

Table PK1O, subpartition PK1O_DR_32_BR2_PART:
  627264 Rows successfully loaded.

Check the log file:
  /pdt/CAPGEMINI/OUTIL_CHARGEMENT_IMS/outil_V2/DL1/DMT/DL1/REL/PK1/log/charge_PK1O322.log
for more information about the load.

 number of rows inserted not checked 