
SQL*Loader: Release 19.0.0.0.0 - Production on Thu Jun 8 22:21:55 2023
Version 19.3.0.0.0

Copyright (c) 1982, 2019, Oracle and/or its affiliates.  All rights reserved.

Control File:   /pdt/CAPGEMINI/OUTIL_CHARGEMENT_IMS/outil_V2/DL1/DMT/DL1/REL/PK1/tmp/PK1L.ctl
Character Set F8EBCDIC297 specified for all input.

Data File:      PK1L.DR32.BR3.net
  File processing option string: "fix 57"
  Bad File:     /pdt/CAPGEMINI/OUTIL_CHARGEMENT_IMS/outil_V2/DL1/DMT/DL1/REL/PK1/tmp/charge_PK1L323.bad
  Discard File:  none specified
 
 (Allow all discards)

Number to load: ALL
Number to skip: 0
Errors allowed: 10
Continuation:    none specified
Path used:      Direct

Table PK1L, subpartition PK1L_DR_32_BR3_PART, loaded from every logical record.
Insert option in effect for this subpartition: REPLACE
TRAILING NULLCOLS option in effect

   Column Name                  Position   Len  Term Encl Datatype
------------------------------ ---------- ----- ---- ---- ---------------------
DR                                    1:2     2           CHARACTER            
BR                                                        CONSTANT
    Value is '3'
PK1A_RSIN                            4:11     8           CHARACTER            
PK1B_RSEQ                           12:14     3           CHARACTER            
PK1I_NSACT                          15:16     2           CHARACTER            
PK1L_RSMV                           17:18     2           CHARACTER            
PK1L_DFPRE                          19:26     8           CHARACTER            
PK1L_CSNEC                          27:27     1           CHARACTER            
PK1L_CSPER                          28:29     2           CHARACTER            
PK1L_QMONT                          30:36     7           ZONED DECIMAL (7, 2) 
PK1L_QSNBE                          37:38     2           CHARACTER            
PK1L_QSPAY                          39:40     2           CHARACTER            
PK1L_RSTI7                          41:48     8           CHARACTER            
PK1L_FSPMPF                         49:49     1           CHARACTER            
PK1L_CYONT                          50:50     1           CHARACTER            
PK1L_FILLER                         51:56     6           CHARACTER            
TMST_SOURCE                          NEXT     1           CHARACTER            
    SQL string for column : "CURRENT_TIMESTAMP"
TMST_CIBLE                           NEXT     1           CHARACTER            
    SQL string for column : "CURRENT_TIMESTAMP"

The following index(es) on table PK1L were processed:
index RSOV0200.PK_PK1L partition PK1L_DR_32_BR3_PART loaded successfully with 35407 keys

Table PK1L, subpartition PK1L_DR_32_BR3_PART:
  35407 Rows successfully loaded.
  0 Rows not loaded due to data errors.
  0 Rows not loaded because all WHEN clauses were failed.
  0 Rows not loaded because all fields were null.

Bind array size not used in direct path.
Column array  rows :    5000
Stream buffer bytes:  256000
Read   buffer bytes: 1048576

Total logical records skipped:          0
Total logical records read:         35407
Total logical records rejected:         0
Total logical records discarded:        0
Total stream buffers loaded by SQL*Loader main thread:        8
Total stream buffers loaded by SQL*Loader load thread:        6

Run began on Thu Jun 08 22:21:55 2023
Run ended on Thu Jun 08 22:21:57 2023

Elapsed time was:     00:00:01.73
CPU time was:         00:00:00.12
----------------------------------------------------

   Execution report of /pdt/CAPGEMINI/OUTIL_CHARGEMENT_IMS/outil_V2/DL1/DMT/DL1/REL/bin/RunSqlLoader.sh

----------------------------------------------------

SQL*Loader: Release 19.0.0.0.0 - Production on Thu Jun 8 22:21:55 2023
Version 19.3.0.0.0

Copyright (c) 1982, 2019, Oracle and/or its affiliates.  All rights reserved.

Path used:      Direct

Load completed - logical record count 35407.

Table PK1L, subpartition PK1L_DR_32_BR3_PART:
  35407 Rows successfully loaded.

Check the log file:
  /pdt/CAPGEMINI/OUTIL_CHARGEMENT_IMS/outil_V2/DL1/DMT/DL1/REL/PK1/log/charge_PK1L323.log
for more information about the load.

 number of rows inserted not checked 