
SQL*Loader: Release 19.0.0.0.0 - Production on Sat Jun 10 05:57:36 2023
Version 19.3.0.0.0

Copyright (c) 1982, 2019, Oracle and/or its affiliates.  All rights reserved.

Control File:   /pdt/CAPGEMINI/OUTIL_CHARGEMENT_IMS/outil_V2/DL1/DMT/DL1/REL/PI1/tmp/PI1C.ctl
Character Set F8EBCDIC297 specified for all input.

Data File:      PI1C.DR32.BR3.net
  File processing option string: "fix 238"
  Bad File:     /pdt/CAPGEMINI/OUTIL_CHARGEMENT_IMS/outil_V2/DL1/DMT/DL1/REL/PI1/tmp/charge_PI1C323.bad
  Discard File:  none specified
 
 (Allow all discards)

Number to load: ALL
Number to skip: 0
Errors allowed: 10
Continuation:    none specified
Path used:      Direct

Table PI1C, subpartition PI1C_DR_32_BR3_PART, loaded from every logical record.
Insert option in effect for this subpartition: REPLACE
TRAILING NULLCOLS option in effect

   Column Name                  Position   Len  Term Encl Datatype
------------------------------ ---------- ----- ---- ---- ---------------------
DR                                    1:2     2           CHARACTER            
BR                                                        CONSTANT
    Value is '3'
PI1A_CCIND                           4:11     8           CHARACTER            
PI1B_CCMES                          12:15     4           CHARACTER            
PI1B_DSTRTS                         16:23     8           CHARACTER            
PI1B_HSTRTS                         24:31     8           CHARACTER            
PI1C_CCCRA                          32:33     2           ZONED DECIMAL (2, 0) 
PI1C_CCTYMB                         34:36     3           CHARACTER            
PI1C_CCMESB                         37:40     4           CHARACTER            
PI1C_GCCRI                         41:117    77           CHARACTER            
PI1C_CCINDX                       118:125     8           CHARACTER            
PI1C_CCMESX                       126:129     4           CHARACTER            
PI1C_DSTRTX                       130:137     8           CHARACTER            
PI1C_HSTRTX                       138:145     8           ZONED DECIMAL (8, 0) 
PI1C_FILLER                       146:237    92           CHARACTER            
TMST_SOURCE                          NEXT     1           CHARACTER            
    SQL string for column : "CURRENT_TIMESTAMP"
TMST_CIBLE                           NEXT     1           CHARACTER            
    SQL string for column : "CURRENT_TIMESTAMP"

The following index(es) on table PI1C were processed:
index RSOV0200.PI11 partition PI1C_DR_32_BR3_PART loaded successfully with 8606023 keys
index RSOV0200.PK_PI1C partition PI1C_DR_32_BR3_PART loaded successfully with 8606023 keys

Table PI1C, subpartition PI1C_DR_32_BR3_PART:
  8606023 Rows successfully loaded.
  0 Rows not loaded due to data errors.
  0 Rows not loaded because all WHEN clauses were failed.
  0 Rows not loaded because all fields were null.

Bind array size not used in direct path.
Column array  rows :    5000
Stream buffer bytes:  256000
Read   buffer bytes: 1048576

Total logical records skipped:          0
Total logical records read:       8606023
Total logical records rejected:         0
Total logical records discarded:        0
Total stream buffers loaded by SQL*Loader main thread:     1954
Total stream buffers loaded by SQL*Loader load thread:     7815

Run began on Sat Jun 10 05:57:36 2023
Run ended on Sat Jun 10 06:00:14 2023

Elapsed time was:     00:02:37.49
CPU time was:         00:00:24.31
----------------------------------------------------

   Execution report of /pdt/CAPGEMINI/OUTIL_CHARGEMENT_IMS/outil_V2/DL1/DMT/DL1/REL/bin/RunSqlLoader.sh

----------------------------------------------------

SQL*Loader: Release 19.0.0.0.0 - Production on Sat Jun 10 05:57:36 2023
Version 19.3.0.0.0

Copyright (c) 1982, 2019, Oracle and/or its affiliates.  All rights reserved.

Path used:      Direct

Load completed - logical record count 8606023.

Table PI1C, subpartition PI1C_DR_32_BR3_PART:
  8606023 Rows successfully loaded.

Check the log file:
  /pdt/CAPGEMINI/OUTIL_CHARGEMENT_IMS/outil_V2/DL1/DMT/DL1/REL/PI1/log/charge_PI1C323.log
for more information about the load.

 number of rows inserted not checked 